  INFO root [0x0000198c] [2018-06-26 15:46:02,259] - 
  INFO root [0x0000198c] [2018-06-26 15:46:02,316] - -----------------------------------------------------------------------------------------


  INFO root [0x0000198c] [2018-06-26 15:46:04,307] - Resmgr::initialize: KBE_ROOT=C:/Users/Public/Documents/workspace/kbe/kbengine-kbengine-v1.0.0/kbengine/
  INFO root [0x0000198c] [2018-06-26 15:46:04,308] - Resmgr::initialize: KBE_RES_PATH=C:/Users/Public/Documents/workspace/kbe/kbengine-kbengine-v1.0.0/kbengine/kbe/res/;C:/Users/Public/Documents/workspace/kbe/kbengine-kbengine-v1.0.0/kbengine/assets/;C:/Users/Public/Documents/workspace/kbe/kbengine-kbengine-v1.0.0/kbengine/assets/scripts/;C:/Users/Public/Documents/workspace/kbe/kbengine-kbengine-v1.0.0/kbengine/assets/res/
  INFO root [0x0000198c] [2018-06-26 15:46:04,309] - Resmgr::initialize: KBE_BIN_PATH=C:/Users/Public/Documents/workspace/kbe/kbengine-kbengine-v1.0.0/kbengine/kbe/bin/server/
  INFO root [0x0000198c] [2018-06-26 15:46:04,821] - NetworkInterface::recreateListeningSocket(INTERNAL): bound to all interfaces with default route interface on 192.168.31.56 ( 192.168.31.56:13766 )
  INFO root [0x0000198c] [2018-06-26 15:46:04,873] - NetworkInterface::recreateListeningSocket(INTERNAL): address 192.168.31.56:13766, SOMAXCONN=5.
  INFO root [0x0000198c] [2018-06-26 15:46:04,873] - server-configs:
  INFO root [0x0000198c] [2018-06-26 15:46:04,873] - 	gameUpdateHertz : 10
  INFO root [0x0000198c] [2018-06-26 15:46:04,969] - 	defaultAoIRadius : 80
  INFO root [0x0000198c] [2018-06-26 15:46:04,969] - 	defaultAoIHysteresisArea : 5
  INFO root [0x0000198c] [2018-06-26 15:46:04,969] - 	entryScriptFile : kbemain
  INFO root [0x0000198c] [2018-06-26 15:46:04,969] - 	internalAddr : 192.168.31.56:13766
  INFO root [0x0000198c] [2018-06-26 15:46:04,969] - 	componentID : 8001
  INFO root [0x0000198c] [2018-06-26 15:46:05,212] - ---- cellapp Version: 1.0.0. ScriptVersion: 0.1.0. Protocol: D25B4E16028C33EB467B7BE2F3500426. Config: Debug X86. Built: 23:20:13 Jun 15 2018. AppID: 8001. UID: 32642. PID: 6824 ----
  INFO root [0x0000198c] [2018-06-26 15:46:05,213] - Server :        Intel(R) Core(TM) i5-2415M CPU @ 2.30GHz with 4194303kB RAM
  INFO root [0x0000198c] [2018-06-26 15:46:05,261] - ThreadPool::createThreadPool: creating  threadpool...
  INFO root [0x0000198c] [2018-06-26 15:46:05,262] - ThreadPool::createThreadPool: successfully(2), newThreadCount=1, normalMaxThreadCount=2, maxThreadCount=8
 DEBUG root [0x0000198c] [2018-06-26 15:46:11,836] - Script::install_py_dlls(): PyInit_pyexpat
 DEBUG root [0x0000198c] [2018-06-26 15:46:11,987] - Script::install_py_dlls(): PyInit__socket
 DEBUG root [0x0000198c] [2018-06-26 15:46:12,122] - Script::install_py_dlls(): PyInit__ssl
 DEBUG root [0x0000198c] [2018-06-26 15:46:13,599] - Script::install_py_dlls(): PyInit__hashlib
 DEBUG root [0x0000198c] [2018-06-26 15:46:13,716] - Script::install_py_dlls(): PyInit_select
 DEBUG root [0x0000198c] [2018-06-26 15:46:13,832] - Script::install_py_dlls(): PyInit__ctypes
 DEBUG root [0x0000198c] [2018-06-26 15:46:13,906] - Script::install_py_dlls(): PyInit__elementtree
 DEBUG root [0x0000198c] [2018-06-26 15:46:14,817] - Script::install_py_dlls(): PyInit_unicodedata
  INFO root [0x0000198c] [2018-06-26 15:46:16,404] - Script::install(): is successfully, Python=(3.4.2 (default, Jun 15 2018, 23:17:57) [MSC v.1913 32 bit (Intel)])!
  INFO root [0x0000198c] [2018-06-26 15:46:16,405] - Script::install(): KBExtra is successfully!
  INFO root [0x0000198c] [2018-06-26 15:46:16,786] - TelnetServer server is running on port 50000
  INFO root [0x0000198c] [2018-06-26 15:46:18,124] - ---- cellapp is running ----
 DEBUG root [0x0000198c] [2018-06-26 15:46:18,228] - Components::process(): Request for the process of identity...
  WARN root [0x0000198c] [2018-06-26 15:46:24,368] - EntityApp::checkTickPeriod: tick took 6243% (6.24 seconds)!
  INFO root [0x0000198c] [2018-06-26 15:46:25,518] - Components::findComponents: find logger(1)...
  INFO root [0x0000198c] [2018-06-26 15:46:25,548] - Components::findComponents: found logger, addr:192.168.31.56:13756
  INFO root [0x0000198c] [2018-06-26 15:46:25,549] - Components::addComponent: reset orderLog, uid=32642!
  INFO root [0x0000198c] [2018-06-26 15:46:25,550] - Components::addComponent[logger], uid=32642, componentID=2000, globalorderid=1, grouporderid=1, totalcount=1
  INFO root [0x0000198c] [2018-06-26 15:46:25,588] - Components::findComponents: find dbmgr(2)...
  INFO root [0x0000198c] [2018-06-26 15:46:25,654] - Components::findComponents: found dbmgr, addr:192.168.31.56:13763
  INFO root [0x0000198c] [2018-06-26 15:46:25,655] - Components::addComponent: reset orderLog, uid=32642!
  INFO root [0x0000198c] [2018-06-26 15:46:25,655] - Components::addComponent[dbmgr], uid=32642, componentID=4000, globalorderid=1, grouporderid=1, totalcount=1
  INFO root [0x0000198c] [2018-06-26 15:46:25,656] - Components::findComponents: found dbmgr, addr:192.168.31.56:13763
  WARN root [0x0000198c] [2018-06-26 15:46:26,668] - Forwarding logs to logger[192.168.31.56:13756/0/0/0]...
 ERROR root [0x0000198c] [2018-06-26 15:50:10,261] - Components::removeComponentByChannel: logger : 2000, Abnormal exit! errorno=10054
  INFO root [0x0000198c] [2018-06-26 15:50:10,268] - The following logs sent to logger failed:
  WARN root [0x0000198c] [2018-06-26 15:50:10,269] - ==> [2018-06-26 15:50:10 258] TCPPacketReceiver::processPendingEvents(192.168.31.56:13756): Throwing REASON_GENERAL_NETWORK - WSAECONNRESET
 ERROR root [0x0000198c] [2018-06-26 15:50:10,270] - ==> [2018-06-26 15:50:10 262] Components::removeComponentByChannel: logger : 2000, Abnormal exit! errorno=10054
  WARN root [0x0000198c] [2018-06-26 15:50:10,364] - TCPPacketReceiver::processPendingEvents(192.168.31.56:13763): Throwing REASON_GENERAL_NETWORK - WSAECONNRESET
 ERROR root [0x0000198c] [2018-06-26 15:50:10,368] - Components::removeComponentByChannel: dbmgr : 4000, Abnormal exit! errorno=10054
  INFO root [0x0000198c] [2018-06-26 15:50:10,390] - Shutdowner::onShutdownBegin: shutting down(period=0, tickPeriod=1)
  INFO root [0x0000198c] [2018-06-26 15:50:10,391] - Shutdowner::onShutdown: shutting down
  INFO root [0x0000198c] [2018-06-26 15:50:10,391] - Shutdowner::onShutdownEnd: shutting down
 DEBUG root [0x0000198c] [2018-06-26 15:50:10,448] - EntityRef::destroyObjPool(): size 0.
 DEBUG root [0x0000198c] [2018-06-26 15:50:10,449] - Witness::destroyObjPool(): size 0.
 DEBUG root [0x0000198c] [2018-06-26 15:50:10,545] - Script::uninstall_py_dlls(): PyInit_pyexpat
 DEBUG root [0x0000198c] [2018-06-26 15:50:10,545] - Script::uninstall_py_dlls(): PyInit__socket
 DEBUG root [0x0000198c] [2018-06-26 15:50:10,545] - Script::uninstall_py_dlls(): PyInit__ssl
 DEBUG root [0x0000198c] [2018-06-26 15:50:10,546] - Script::uninstall_py_dlls(): PyInit__hashlib
 DEBUG root [0x0000198c] [2018-06-26 15:50:10,546] - Script::uninstall_py_dlls(): PyInit_select
 DEBUG root [0x0000198c] [2018-06-26 15:50:10,546] - Script::uninstall_py_dlls(): PyInit__ctypes
 DEBUG root [0x0000198c] [2018-06-26 15:50:10,546] - Script::uninstall_py_dlls(): PyInit__elementtree
 DEBUG root [0x0000198c] [2018-06-26 15:50:10,546] - Script::uninstall_py_dlls(): PyInit_unicodedata
  INFO root [0x0000198c] [2018-06-26 15:50:10,588] - Script::uninstall(): is successfully!
 DEBUG root [0x0000198c] [2018-06-26 15:50:10,588] - ThreadPool::destroy(): starting size 2.
  INFO root [0x000021f8] [2018-06-26 16:04:27,734] - 
  INFO root [0x000021f8] [2018-06-26 16:04:27,736] - -----------------------------------------------------------------------------------------


  INFO root [0x000021f8] [2018-06-26 16:04:27,738] - Resmgr::initialize: KBE_ROOT=C:/Users/Public/Documents/workspace/kbe/kbengine-kbengine-v1.0.0/kbengine/
  INFO root [0x000021f8] [2018-06-26 16:04:27,739] - Resmgr::initialize: KBE_RES_PATH=C:/Users/Public/Documents/workspace/kbe/kbengine-kbengine-v1.0.0/kbengine/kbe/res/;C:/Users/Public/Documents/workspace/kbe/kbengine-kbengine-v1.0.0/kbengine/assets/;C:/Users/Public/Documents/workspace/kbe/kbengine-kbengine-v1.0.0/kbengine/assets/scripts/;C:/Users/Public/Documents/workspace/kbe/kbengine-kbengine-v1.0.0/kbengine/assets/res/
  INFO root [0x000021f8] [2018-06-26 16:04:27,740] - Resmgr::initialize: KBE_BIN_PATH=C:/Users/Public/Documents/workspace/kbe/kbengine-kbengine-v1.0.0/kbengine/kbe/bin/server/
  INFO root [0x000021f8] [2018-06-26 16:04:27,758] - NetworkInterface::recreateListeningSocket(INTERNAL): bound to all interfaces with default route interface on 192.168.31.56 ( 192.168.31.56:15026 )
  INFO root [0x000021f8] [2018-06-26 16:04:27,758] - NetworkInterface::recreateListeningSocket(INTERNAL): address 192.168.31.56:15026, SOMAXCONN=5.
  INFO root [0x000021f8] [2018-06-26 16:04:27,759] - server-configs:
  INFO root [0x000021f8] [2018-06-26 16:04:27,759] - 	gameUpdateHertz : 10
  INFO root [0x000021f8] [2018-06-26 16:04:27,759] - 	defaultAoIRadius : 80
  INFO root [0x000021f8] [2018-06-26 16:04:27,760] - 	defaultAoIHysteresisArea : 5
  INFO root [0x000021f8] [2018-06-26 16:04:27,760] - 	entryScriptFile : kbemain
  INFO root [0x000021f8] [2018-06-26 16:04:27,760] - 	internalAddr : 192.168.31.56:15026
  INFO root [0x000021f8] [2018-06-26 16:04:27,761] - 	componentID : 8001
  INFO root [0x000021f8] [2018-06-26 16:04:29,275] - ---- cellapp Version: 1.0.0. ScriptVersion: 0.1.0. Protocol: D25B4E16028C33EB467B7BE2F3500426. Config: Debug X86. Built: 23:20:13 Jun 15 2018. AppID: 8001. UID: 3548. PID: 6804 ----
  INFO root [0x000021f8] [2018-06-26 16:04:29,277] - Server :        Intel(R) Core(TM) i5-2415M CPU @ 2.30GHz with 4194303kB RAM
  INFO root [0x000021f8] [2018-06-26 16:04:29,278] - ThreadPool::createThreadPool: creating  threadpool...
  INFO root [0x000021f8] [2018-06-26 16:04:29,279] - ThreadPool::createThreadPool: successfully(2), newThreadCount=1, normalMaxThreadCount=2, maxThreadCount=8
 DEBUG root [0x000021f8] [2018-06-26 16:04:29,567] - Script::install_py_dlls(): PyInit_pyexpat
 DEBUG root [0x000021f8] [2018-06-26 16:04:29,568] - Script::install_py_dlls(): PyInit__socket
 DEBUG root [0x000021f8] [2018-06-26 16:04:29,569] - Script::install_py_dlls(): PyInit__ssl
 DEBUG root [0x000021f8] [2018-06-26 16:04:29,580] - Script::install_py_dlls(): PyInit__hashlib
 DEBUG root [0x000021f8] [2018-06-26 16:04:29,581] - Script::install_py_dlls(): PyInit_select
 DEBUG root [0x000021f8] [2018-06-26 16:04:29,582] - Script::install_py_dlls(): PyInit__ctypes
 DEBUG root [0x000021f8] [2018-06-26 16:04:29,584] - Script::install_py_dlls(): PyInit__elementtree
 DEBUG root [0x000021f8] [2018-06-26 16:04:29,835] - Script::install_py_dlls(): PyInit_unicodedata
  INFO root [0x000021f8] [2018-06-26 16:04:29,928] - Script::install(): is successfully, Python=(3.4.2 (default, Jun 15 2018, 23:17:57) [MSC v.1913 32 bit (Intel)])!
  INFO root [0x000021f8] [2018-06-26 16:04:29,929] - Script::install(): KBExtra is successfully!
  INFO root [0x000021f8] [2018-06-26 16:04:29,971] - TelnetServer server is running on port 50000
  INFO root [0x000021f8] [2018-06-26 16:04:31,808] - ---- cellapp is running ----
 DEBUG root [0x000021f8] [2018-06-26 16:04:31,810] - Components::process(): Request for the process of identity...
  WARN root [0x000021f8] [2018-06-26 16:04:37,972] - EntityApp::checkTickPeriod: tick took 6163% (6.16 seconds)!
  INFO root [0x000021f8] [2018-06-26 16:04:39,010] - Components::findComponents: find logger(1)...
  INFO root [0x000021f8] [2018-06-26 16:04:39,073] - Components::findComponents: found logger, addr:192.168.31.56:15024
  INFO root [0x000021f8] [2018-06-26 16:04:39,073] - Components::addComponent: reset orderLog, uid=3548!
  INFO root [0x000021f8] [2018-06-26 16:04:39,073] - Components::addComponent[logger], uid=3548, componentID=2000, globalorderid=1, grouporderid=1, totalcount=1
  INFO root [0x000021f8] [2018-06-26 16:04:39,076] - Components::findComponents: find dbmgr(2)...
  INFO root [0x000021f8] [2018-06-26 16:04:39,190] - Components::findComponents: found dbmgr, addr:192.168.31.56:15021
  INFO root [0x000021f8] [2018-06-26 16:04:39,191] - Components::addComponent: reset orderLog, uid=3548!
  INFO root [0x000021f8] [2018-06-26 16:04:39,191] - Components::addComponent[dbmgr], uid=3548, componentID=4000, globalorderid=1, grouporderid=1, totalcount=1
  INFO root [0x000021f8] [2018-06-26 16:04:39,193] - Components::findComponents: found dbmgr, addr:192.168.31.56:15021
  WARN root [0x000021f8] [2018-06-26 16:04:40,193] - EntityApp::checkTickPeriod: tick took 1283% (1.28 seconds)!
  WARN root [0x000021f8] [2018-06-26 16:04:40,194] - Forwarding logs to logger[192.168.31.56:15024/0/0/0]...
