  INFO root [2018-06-26 15:45:59,286] - 
  INFO root [2018-06-26 15:45:59,347] - -----------------------------------------------------------------------------------------


  INFO root [2018-06-26 15:46:01,969] - Resmgr::initialize: KBE_ROOT=C:/Users/Public/Documents/workspace/kbe/kbengine-kbengine-v1.0.0/kbengine/
  INFO root [2018-06-26 15:46:01,970] - Resmgr::initialize: KBE_RES_PATH=C:/Users/Public/Documents/workspace/kbe/kbengine-kbengine-v1.0.0/kbengine/kbe/res/;C:/Users/Public/Documents/workspace/kbe/kbengine-kbengine-v1.0.0/kbengine/assets/;C:/Users/Public/Documents/workspace/kbe/kbengine-kbengine-v1.0.0/kbengine/assets/scripts/;C:/Users/Public/Documents/workspace/kbe/kbengine-kbengine-v1.0.0/kbengine/assets/res/
  INFO root [2018-06-26 15:46:01,970] - Resmgr::initialize: KBE_BIN_PATH=C:/Users/Public/Documents/workspace/kbe/kbengine-kbengine-v1.0.0/kbengine/kbe/bin/server/
  INFO root [2018-06-26 15:46:02,398] - NetworkInterface::recreateListeningSocket(INTERNAL): bound to all interfaces with default route interface on 192.168.31.56 ( 192.168.31.56:13763 )
  INFO root [2018-06-26 15:46:02,398] - NetworkInterface::recreateListeningSocket(INTERNAL): address 192.168.31.56:13763, SOMAXCONN=5.
  INFO root [2018-06-26 15:46:02,398] - server-configs:
  INFO root [2018-06-26 15:46:02,398] - 	internalAddr : 192.168.31.56:13763
  INFO root [2018-06-26 15:46:02,399] - 	componentID : 4000
  INFO root [2018-06-26 15:46:02,619] - ---- dbmgr Version: 1.0.0. ScriptVersion: 0.1.0. Protocol: 253D45E587CB031BFD545E02866042FC. Config: Debug X86. Built: 23:15:53 Jun 15 2018. AppID: 4000. UID: 32642. PID: 2824 ----
  INFO root [2018-06-26 15:46:02,620] - Server :        Intel(R) Core(TM) i5-2415M CPU @ 2.30GHz with 4194303kB RAM
  INFO root [2018-06-26 15:46:02,838] - ThreadPool::createThreadPool: creating  threadpool...
  INFO root [2018-06-26 15:46:02,838] - ThreadPool::createThreadPool: successfully(2), newThreadCount=1, normalMaxThreadCount=2, maxThreadCount=8
 DEBUG root [2018-06-26 15:46:08,952] - Script::install_py_dlls(): PyInit_pyexpat
 DEBUG root [2018-06-26 15:46:09,156] - Script::install_py_dlls(): PyInit__socket
 DEBUG root [2018-06-26 15:46:09,269] - Script::install_py_dlls(): PyInit__ssl
 DEBUG root [2018-06-26 15:46:10,908] - Script::install_py_dlls(): PyInit__hashlib
 DEBUG root [2018-06-26 15:46:11,075] - Script::install_py_dlls(): PyInit_select
 DEBUG root [2018-06-26 15:46:11,179] - Script::install_py_dlls(): PyInit__ctypes
 DEBUG root [2018-06-26 15:46:11,311] - Script::install_py_dlls(): PyInit__elementtree
 DEBUG root [2018-06-26 15:46:12,023] - Script::install_py_dlls(): PyInit_unicodedata
  INFO root [2018-06-26 15:46:14,803] - Script::install(): is successfully, Python=(3.4.2 (default, Jun 15 2018, 23:15:28) [MSC v.1913 32 bit (Intel)])!
  INFO root [2018-06-26 15:46:14,804] - Script::install(): KBExtra is successfully!
  INFO root [2018-06-26 15:46:16,253] - Dbmgr::initializeEnd: digest(98F82AC461515530D2BE72963465F5D5)
S_INFO root [2018-06-26 15:46:16,286] - onDBMgrReady: bootstrapGroupIndex=0, bootstrapGlobalIndex=0
  INFO root [2018-06-26 15:46:16,316] - TelnetServer server is running on port 32000
  INFO root [2018-06-26 15:46:16,344] - Dbmgr::initInterfacesHandler: interfaces addr(127.0.0.1:30099), accountType:(interfaces), chargeType:(interfaces).
  WARN root [2018-06-26 15:46:17,326] - DBUtil::initialize: db(default) password is not encrypted!
please use password(rsa):
EAB4A4DDB0DAE01FB267D66187177B63A0D858CC70961C955DC9FF06BCA1D9C0416A7ED16536D0A4067456DE20A3D3639E3637847BD53A98F507104282E578063B74DCEAD7769AA07D6CB2D6DB65D871E53DD8B9FDC355005DA0E7F1F99DB6B0018C46930E54FB69618DD3BE4171EBE581DA5BD0442B088484C4D7A2AB45D62C
 DEBUG root [2018-06-26 15:46:17,439] - DBInterfaceMysql::attach: connect: localhost:3306 starting...
 DEBUG root [2018-06-26 15:46:17,687] - DBInterfaceMysql::attach: successfully! addr: localhost:3306
  INFO root [2018-06-26 15:46:17,687] - DBUtil::createInterface[0x1cf2f8]: interface=default, dbtype=mysql, ip=localhost, port=3306, currdatabase=kbe1, username=kbe, connected=yes.

  INFO root [2018-06-26 15:46:17,711] - ThreadPool::createThreadPool: creating  threadpool...
 DEBUG root [2018-06-26 15:46:17,711] - DBInterfaceMysql::attach: connect: localhost:3306 starting...
 DEBUG root [2018-06-26 15:46:17,712] - DBInterfaceMysql::attach: connect: localhost:3306 starting...
  INFO root [2018-06-26 15:46:17,712] - ThreadPool::createThreadPool: successfully(5), newThreadCount=5, normalMaxThreadCount=5, maxThreadCount=5
 DEBUG root [2018-06-26 15:46:17,713] - DBInterfaceMysql::attach: connect: localhost:3306 starting...
 DEBUG root [2018-06-26 15:46:17,713] - DBInterfaceMysql::attach: connect: localhost:3306 starting...
 DEBUG root [2018-06-26 15:46:17,713] - DBInterfaceMysql::attach: connect: localhost:3306 starting...
 DEBUG root [2018-06-26 15:46:17,719] - DBInterfaceMysql::attach: successfully! addr: localhost:3306
 DEBUG root [2018-06-26 15:46:17,720] - DBInterfaceMysql::attach: successfully! addr: localhost:3306
 DEBUG root [2018-06-26 15:46:17,720] - DBThread::onStart(): 0x493428!
 DEBUG root [2018-06-26 15:46:17,721] - DBThread::onStart(): 0x4934b0!
 DEBUG root [2018-06-26 15:46:17,723] - DBInterfaceMysql::attach: successfully! addr: localhost:3306
 DEBUG root [2018-06-26 15:46:17,724] - DBThread::onStart(): 0x493538!
 DEBUG root [2018-06-26 15:46:17,724] - DBInterfaceMysql::attach: successfully! addr: localhost:3306
 DEBUG root [2018-06-26 15:46:17,724] - DBThread::onStart(): 0x4935c0!
 DEBUG root [2018-06-26 15:46:17,726] - DBInterfaceMysql::attach: successfully! addr: localhost:3306
 DEBUG root [2018-06-26 15:46:17,726] - DBThread::onStart(): 0x4933a0!
  INFO root [2018-06-26 15:46:17,882] - DBInterfaceMysql::query: successfully!
  INFO root [2018-06-26 15:46:17,921] - DBInterfaceMysql::query: successfully!
  INFO root [2018-06-26 15:46:18,110] - DBInterfaceMysql::query: successfully!
  INFO root [2018-06-26 15:46:18,110] - DBInterfaceMysql::query: successfully!
  INFO root [2018-06-26 15:46:18,111] - DBInterfaceMysql::query: successfully!
  INFO root [2018-06-26 15:46:18,237] - DBInterfaceMysql::query: successfully!
  INFO root [2018-06-26 15:46:18,396] - DBInterfaceMysql::query: successfully!
  INFO root [2018-06-26 15:46:18,397] - DBInterfaceMysql::query: successfully!
  INFO root [2018-06-26 15:46:18,397] - DBInterfaceMysql::query: successfully!
  INFO root [2018-06-26 15:46:18,398] - DBInterfaceMysql::query: successfully!
  WARN root [2018-06-26 15:46:18,437] - DBTask::process(): took 0.48 seconds
sql:(delete from kbe_email_verification where logtime<1529995578 and type=3)
  WARN root [2018-06-26 15:46:18,478] - DBTask::process(): took 0.47 seconds
sql:(delete from kbe_entitylog where logger in (4000))
  WARN root [2018-06-26 15:46:18,491] - DBTask::process(): took 0.37 seconds
sql:(show index from tbl_Account_AvatarList)
  WARN root [2018-06-26 15:46:18,491] - DBTask::process(): took 0.56 seconds
sql:(show index from tbl_Account_AvatarList_cardList)
  WARN root [2018-06-26 15:46:18,668] - DBTask::process(): took 0.75 seconds
sql:(insert into kbe_serverlog (heartbeatTime, logger) values(1529999178,4000) ON DUPLICATE KEY UPDATE heartbeatTime=1529999178)
  WARN root [2018-06-26 15:46:18,693] - DBTask::process(): took 0.20 seconds
sql:(show index from tbl_Hall)
  WARN root [2018-06-26 15:46:18,761] - DBTask::process(): took 0.28 seconds
sql:(show index from tbl_Account_CardList)
  WARN root [2018-06-26 15:46:18,762] - DBTask::process(): took 0.28 seconds
sql:(show index from tbl_Account)
  WARN root [2018-06-26 15:46:18,783] - c:\users\public\documents\workspace\kbe\kbengine-kbengine-v1.0.0\kbengine\kbe\src\server\dbmgr\dbmgr.cpp:293: Profile scriptCall took 2.53 seconds
  INFO root [2018-06-26 15:46:19,473] - ---- dbmgr is running ----
 DEBUG root [2018-06-26 15:46:19,474] - Components::process(): Request for the process of identity...
  INFO root [2018-06-26 15:46:25,661] - ServerApp::onRegisterNewApp: uid:32642, username:, componentType:cellappmgr, componentID:6000, globalorderID=-1, grouporderID=-1, intaddr:192.168.31.56, intport:13762, extaddr:nonsupport, extport:0,  from 192.168.31.56:13795/0/0/0.
  INFO root [2018-06-26 15:46:25,661] - Components::addComponent: reset orderLog, uid=32642!
  INFO root [2018-06-26 15:46:25,662] - Components::addComponent[cellappmgr], uid=32642, componentID=6000, globalorderid=1, grouporderid=1, totalcount=1
  INFO root [2018-06-26 15:46:26,653] - Components::findComponents: find logger(1)...
  INFO root [2018-06-26 15:46:26,657] - Components::findComponents: found logger, addr:192.168.31.56:13756
  INFO root [2018-06-26 15:46:26,658] - Components::addComponent[logger], uid=32642, componentID=2000, globalorderid=2, grouporderid=1, totalcount=1
  INFO root [2018-06-26 15:46:26,685] - Components::process(): Found all the components!
  WARN root [2018-06-26 15:46:26,685] - Forwarding logs to logger[192.168.31.56:13756/0/0/0]...
 ERROR root [2018-06-26 15:50:10,261] - Components::removeComponentByChannel: logger : 2000, Abnormal exit! errorno=10054
  INFO root [2018-06-26 15:50:10,265] - The following logs sent to logger failed:
  WARN root [2018-06-26 15:50:10,282] - ==> [2018-06-26 15:50:10 258] TCPPacketReceiver::processPendingEvents(192.168.31.56:13756): Throwing REASON_GENERAL_NETWORK - WSAECONNRESET
 ERROR root [2018-06-26 15:50:10,283] - ==> [2018-06-26 15:50:10 261] Components::removeComponentByChannel: logger : 2000, Abnormal exit! errorno=10054
  INFO root [2018-06-26 16:04:27,482] - 
  INFO root [2018-06-26 16:04:27,483] - -----------------------------------------------------------------------------------------


  INFO root [2018-06-26 16:04:27,484] - Resmgr::initialize: KBE_ROOT=C:/Users/Public/Documents/workspace/kbe/kbengine-kbengine-v1.0.0/kbengine/
  INFO root [2018-06-26 16:04:27,487] - Resmgr::initialize: KBE_RES_PATH=C:/Users/Public/Documents/workspace/kbe/kbengine-kbengine-v1.0.0/kbengine/kbe/res/;C:/Users/Public/Documents/workspace/kbe/kbengine-kbengine-v1.0.0/kbengine/assets/;C:/Users/Public/Documents/workspace/kbe/kbengine-kbengine-v1.0.0/kbengine/assets/scripts/;C:/Users/Public/Documents/workspace/kbe/kbengine-kbengine-v1.0.0/kbengine/assets/res/
  INFO root [2018-06-26 16:04:27,488] - Resmgr::initialize: KBE_BIN_PATH=C:/Users/Public/Documents/workspace/kbe/kbengine-kbengine-v1.0.0/kbengine/kbe/bin/server/
  INFO root [2018-06-26 16:04:27,503] - NetworkInterface::recreateListeningSocket(INTERNAL): bound to all interfaces with default route interface on 192.168.31.56 ( 192.168.31.56:15021 )
  INFO root [2018-06-26 16:04:27,504] - NetworkInterface::recreateListeningSocket(INTERNAL): address 192.168.31.56:15021, SOMAXCONN=5.
  INFO root [2018-06-26 16:04:27,504] - server-configs:
  INFO root [2018-06-26 16:04:27,504] - 	internalAddr : 192.168.31.56:15021
  INFO root [2018-06-26 16:04:27,504] - 	componentID : 4000
  INFO root [2018-06-26 16:04:29,015] - ---- dbmgr Version: 1.0.0. ScriptVersion: 0.1.0. Protocol: 253D45E587CB031BFD545E02866042FC. Config: Debug X86. Built: 23:15:53 Jun 15 2018. AppID: 4000. UID: 3548. PID: 5964 ----
  INFO root [2018-06-26 16:04:29,016] - Server :        Intel(R) Core(TM) i5-2415M CPU @ 2.30GHz with 4194303kB RAM
  INFO root [2018-06-26 16:04:29,016] - ThreadPool::createThreadPool: creating  threadpool...
  INFO root [2018-06-26 16:04:29,017] - ThreadPool::createThreadPool: successfully(2), newThreadCount=1, normalMaxThreadCount=2, maxThreadCount=8
 DEBUG root [2018-06-26 16:04:29,220] - Script::install_py_dlls(): PyInit_pyexpat
 DEBUG root [2018-06-26 16:04:29,221] - Script::install_py_dlls(): PyInit__socket
 DEBUG root [2018-06-26 16:04:29,225] - Script::install_py_dlls(): PyInit__ssl
 DEBUG root [2018-06-26 16:04:29,234] - Script::install_py_dlls(): PyInit__hashlib
 DEBUG root [2018-06-26 16:04:29,235] - Script::install_py_dlls(): PyInit_select
 DEBUG root [2018-06-26 16:04:29,236] - Script::install_py_dlls(): PyInit__ctypes
 DEBUG root [2018-06-26 16:04:29,239] - Script::install_py_dlls(): PyInit__elementtree
 DEBUG root [2018-06-26 16:04:29,449] - Script::install_py_dlls(): PyInit_unicodedata
  INFO root [2018-06-26 16:04:29,695] - Script::install(): is successfully, Python=(3.4.2 (default, Jun 15 2018, 23:15:28) [MSC v.1913 32 bit (Intel)])!
  INFO root [2018-06-26 16:04:29,696] - Script::install(): KBExtra is successfully!
  INFO root [2018-06-26 16:04:29,760] - Dbmgr::initializeEnd: digest(98F82AC461515530D2BE72963465F5D5)
S_INFO root [2018-06-26 16:04:29,760] - onDBMgrReady: bootstrapGroupIndex=0, bootstrapGlobalIndex=0
  INFO root [2018-06-26 16:04:29,761] - TelnetServer server is running on port 32000
  INFO root [2018-06-26 16:04:29,762] - Dbmgr::initInterfacesHandler: interfaces addr(127.0.0.1:30099), accountType:(interfaces), chargeType:(interfaces).
  WARN root [2018-06-26 16:04:30,914] - DBUtil::initialize: db(default) password is not encrypted!
please use password(rsa):
D97C9325531048AE310A8CBD084FDD89A7AE92AE7EAA7F4FC783C73B37B3EC072E0FAB3BD65EF9AAF1EDC4CBDF9BD000A55D2D543DF3245E0CE245B38B1144AFD34D10F2CD1B851866F0307D8F7231FBDA096224AE65D4805CF3C872FBCE4D6D017F2FC6F27254EB23796CD1ED3129DA509CE7646FFA4A25A12229A6A7A39EE6
 DEBUG root [2018-06-26 16:04:30,924] - DBInterfaceMysql::attach: connect: localhost:3306 starting...
 DEBUG root [2018-06-26 16:04:30,973] - DBInterfaceMysql::attach: successfully! addr: localhost:3306
  INFO root [2018-06-26 16:04:30,974] - DBUtil::createInterface[0x2bf4cc]: interface=default, dbtype=mysql, ip=localhost, port=3306, currdatabase=kbe1, username=kbe, connected=yes.

  INFO root [2018-06-26 16:04:30,974] - ThreadPool::createThreadPool: creating  threadpool...
  INFO root [2018-06-26 16:04:30,975] - ThreadPool::createThreadPool: successfully(5), newThreadCount=5, normalMaxThreadCount=5, maxThreadCount=5
 DEBUG root [2018-06-26 16:04:31,000] - DBInterfaceMysql::attach: connect: localhost:3306 starting...
 DEBUG root [2018-06-26 16:04:31,005] - DBInterfaceMysql::attach: connect: localhost:3306 starting...
 DEBUG root [2018-06-26 16:04:31,005] - DBInterfaceMysql::attach: connect: localhost:3306 starting...
 DEBUG root [2018-06-26 16:04:31,006] - DBInterfaceMysql::attach: connect: localhost:3306 starting...
 DEBUG root [2018-06-26 16:04:31,027] - DBInterfaceMysql::attach: connect: localhost:3306 starting...
  INFO root [2018-06-26 16:04:31,085] - DBInterfaceMysql::query: successfully!
  INFO root [2018-06-26 16:04:31,091] - DBInterfaceMysql::query: successfully!
 DEBUG root [2018-06-26 16:04:31,113] - DBInterfaceMysql::attach: successfully! addr: localhost:3306
 DEBUG root [2018-06-26 16:04:31,113] - DBThread::onStart(): 0x7c9628!
  INFO root [2018-06-26 16:04:31,116] - DBInterfaceMysql::query: successfully!
  INFO root [2018-06-26 16:04:31,117] - DBInterfaceMysql::query: successfully!
  INFO root [2018-06-26 16:04:31,118] - DBInterfaceMysql::query: successfully!
  INFO root [2018-06-26 16:04:31,119] - DBInterfaceMysql::query: successfully!
 DEBUG root [2018-06-26 16:04:31,129] - DBInterfaceMysql::attach: successfully! addr: localhost:3306
 DEBUG root [2018-06-26 16:04:31,129] - DBThread::onStart(): 0x7c95a0!
  INFO root [2018-06-26 16:04:31,132] - DBInterfaceMysql::query: successfully!
 DEBUG root [2018-06-26 16:04:31,135] - DBInterfaceMysql::attach: successfully! addr: localhost:3306
 DEBUG root [2018-06-26 16:04:31,136] - DBThread::onStart(): 0x7c96b0!
 DEBUG root [2018-06-26 16:04:31,140] - DBInterfaceMysql::attach: successfully! addr: localhost:3306
 DEBUG root [2018-06-26 16:04:31,140] - DBThread::onStart(): 0x7c9518!
 DEBUG root [2018-06-26 16:04:31,142] - DBInterfaceMysql::attach: successfully! addr: localhost:3306
 DEBUG root [2018-06-26 16:04:31,142] - DBThread::onStart(): 0x7c9490!
  INFO root [2018-06-26 16:04:31,144] - DBInterfaceMysql::query: successfully!
  INFO root [2018-06-26 16:04:31,145] - DBInterfaceMysql::query: successfully!
  INFO root [2018-06-26 16:04:31,147] - DBInterfaceMysql::query: successfully!
  WARN root [2018-06-26 16:04:31,188] - c:\users\public\documents\workspace\kbe\kbengine-kbengine-v1.0.0\kbengine\kbe\src\server\dbmgr\dbmgr.cpp:293: Profile scriptCall took 1.43 seconds
  INFO root [2018-06-26 16:04:32,437] - ---- dbmgr is running ----
 DEBUG root [2018-06-26 16:04:32,438] - Components::process(): Request for the process of identity...
  INFO root [2018-06-26 16:04:39,621] - Components::findComponents: find logger(1)...
  WARN root [2018-06-26 16:04:39,932] - BundleBroadcast::BundleBroadcast: Cannot bind to port 20847, errorno=10048
  INFO root [2018-06-26 16:04:40,941] - Components::findComponents: find logger(2)...
  INFO root [2018-06-26 16:04:41,019] - Components::findComponents: found logger, addr:192.168.31.56:15024
  INFO root [2018-06-26 16:04:41,020] - Components::addComponent: reset orderLog, uid=3548!
  INFO root [2018-06-26 16:04:41,020] - Components::addComponent[logger], uid=3548, componentID=2000, globalorderid=1, grouporderid=1, totalcount=1
  WARN root [2018-06-26 16:04:41,023] - Forwarding logs to logger[192.168.31.56:15024/0/0/0]...
 ERROR root [2018-06-26 16:55:53,379] - Components::removeComponentByChannel: logger : 2000, Abnormal exit! errorno=10054
  INFO root [2018-06-26 16:55:53,392] - The following logs sent to logger failed:
  WARN root [2018-06-26 16:55:53,393] - ==> [2018-06-26 16:55:53 374] TCPPacketReceiver::processPendingEvents(192.168.31.56:15024): Throwing REASON_GENERAL_NETWORK - WSAECONNRESET
 ERROR root [2018-06-26 16:55:53,394] - ==> [2018-06-26 16:55:53 379] Components::removeComponentByChannel: logger : 2000, Abnormal exit! errorno=10054
