  INFO root [2018-06-30 19:02:10,580] - 
  INFO root [2018-06-30 19:02:10,581] - -----------------------------------------------------------------------------------------


  INFO root [2018-06-30 19:02:10,585] - Resmgr::initialize: KBE_ROOT=C:/Users/Public/Documents/workspace/kbe/kbengine-kbengine-v1.0.0/kbengine/
  INFO root [2018-06-30 19:02:10,586] - Resmgr::initialize: KBE_RES_PATH=C:/Users/Public/Documents/workspace/kbe/kbengine-kbengine-v1.0.0/kbengine/kbe/res/;C:/Users/Public/Documents/workspace/kbe/kbengine-kbengine-v1.0.0/kbengine/assets/;C:/Users/Public/Documents/workspace/kbe/kbengine-kbengine-v1.0.0/kbengine/assets/scripts/;C:/Users/Public/Documents/workspace/kbe/kbengine-kbengine-v1.0.0/kbengine/assets/res/
  INFO root [2018-06-30 19:02:10,587] - Resmgr::initialize: KBE_BIN_PATH=C:/Users/Public/Documents/workspace/kbe/kbengine-kbengine-v1.0.0/kbengine/kbe/bin/server/
  INFO root [2018-06-30 19:02:10,679] - NetworkInterface::recreateListeningSocket(INTERNAL): bound to all interfaces with default route interface on 192.168.31.56 ( 192.168.31.56:18293 )
  INFO root [2018-06-30 19:02:10,680] - NetworkInterface::recreateListeningSocket(INTERNAL): address 192.168.31.56:18293, SOMAXCONN=5.
  INFO root [2018-06-30 19:02:10,680] - server-configs:
  INFO root [2018-06-30 19:02:10,680] - 	internalAddr : 192.168.31.56:18293
  INFO root [2018-06-30 19:02:10,681] - 	componentID : 4000
  INFO root [2018-06-30 19:02:12,196] - ---- dbmgr Version: 1.0.0. ScriptVersion: 0.1.0. Protocol: 253D45E587CB031BFD545E02866042FC. Config: Debug X86. Built: 23:15:53 Jun 15 2018. AppID: 4000. UID: 20073. PID: 9752 ----
  INFO root [2018-06-30 19:02:12,197] - Server :        Intel(R) Core(TM) i5-2415M CPU @ 2.30GHz with 4194303kB RAM
  INFO root [2018-06-30 19:02:12,198] - ThreadPool::createThreadPool: creating  threadpool...
  INFO root [2018-06-30 19:02:12,198] - ThreadPool::createThreadPool: successfully(2), newThreadCount=1, normalMaxThreadCount=2, maxThreadCount=8
 DEBUG root [2018-06-30 19:02:12,381] - Script::install_py_dlls(): PyInit_pyexpat
 DEBUG root [2018-06-30 19:02:12,382] - Script::install_py_dlls(): PyInit__socket
 DEBUG root [2018-06-30 19:02:12,383] - Script::install_py_dlls(): PyInit__ssl
 DEBUG root [2018-06-30 19:02:12,391] - Script::install_py_dlls(): PyInit__hashlib
 DEBUG root [2018-06-30 19:02:12,392] - Script::install_py_dlls(): PyInit_select
 DEBUG root [2018-06-30 19:02:12,392] - Script::install_py_dlls(): PyInit__ctypes
 DEBUG root [2018-06-30 19:02:12,394] - Script::install_py_dlls(): PyInit__elementtree
 DEBUG root [2018-06-30 19:02:12,466] - Script::install_py_dlls(): PyInit_unicodedata
  INFO root [2018-06-30 19:02:12,550] - Script::install(): is successfully, Python=(3.4.2 (default, Jun 15 2018, 23:15:28) [MSC v.1913 32 bit (Intel)])!
  INFO root [2018-06-30 19:02:12,551] - Script::install(): KBExtra is successfully!
  INFO root [2018-06-30 19:02:12,667] - Dbmgr::initializeEnd: digest(D83ADB1A7AC1302E807E36F0AD174A02)
S_INFO root [2018-06-30 19:02:12,667] - onDBMgrReady: bootstrapGroupIndex=0, bootstrapGlobalIndex=0
  INFO root [2018-06-30 19:02:12,669] - TelnetServer server is running on port 32000
  INFO root [2018-06-30 19:02:12,670] - Dbmgr::initInterfacesHandler: interfaces addr(127.0.0.1:30099), accountType:(interfaces), chargeType:(interfaces).
  WARN root [2018-06-30 19:02:13,792] - DBUtil::initialize: db(default) password is not encrypted!
please use password(rsa):
706DBD900D609A415F302D8610FF25BA7610C73DE81B2FDC21E0FE8077B193361BE8A4557E38D983CC90B69FD4BCAA2B031460324359FE831E7B60413E5CC6B0020E22AE412DF2F2EDEBF00E6648BB26DBEDB9BBD53EBC5FEE5562DFD2F2DA17E2796C94B0A2C5B3BBF17F0E929B26BBBC11A3820BA494BB586B89F86182C290
 DEBUG root [2018-06-30 19:02:13,797] - DBInterfaceMysql::attach: connect: localhost:3306 starting...
 DEBUG root [2018-06-30 19:02:13,825] - DBInterfaceMysql::attach: successfully! addr: localhost:3306
  INFO root [2018-06-30 19:02:13,826] - DBUtil::createInterface[0x32f234]: interface=default, dbtype=mysql, ip=localhost, port=3306, currdatabase=kbe1, username=kbe, connected=yes.

  INFO root [2018-06-30 19:02:13,826] - ThreadPool::createThreadPool: creating  threadpool...
 DEBUG root [2018-06-30 19:02:13,827] - DBInterfaceMysql::attach: connect: localhost:3306 starting...
  INFO root [2018-06-30 19:02:13,828] - ThreadPool::createThreadPool: successfully(5), newThreadCount=5, normalMaxThreadCount=5, maxThreadCount=5
 DEBUG root [2018-06-30 19:02:13,829] - DBInterfaceMysql::attach: connect: localhost:3306 starting...
 DEBUG root [2018-06-30 19:02:13,831] - DBInterfaceMysql::attach: connect: localhost:3306 starting...
 DEBUG root [2018-06-30 19:02:13,840] - DBInterfaceMysql::attach: connect: localhost:3306 starting...
 DEBUG root [2018-06-30 19:02:13,842] - DBInterfaceMysql::attach: connect: localhost:3306 starting...
 DEBUG root [2018-06-30 19:02:13,847] - DBInterfaceMysql::attach: successfully! addr: localhost:3306
 DEBUG root [2018-06-30 19:02:13,847] - DBThread::onStart(): 0x439278!
 DEBUG root [2018-06-30 19:02:13,848] - DBInterfaceMysql::attach: successfully! addr: localhost:3306
 DEBUG root [2018-06-30 19:02:13,849] - DBInterfaceMysql::attach: successfully! addr: localhost:3306
 DEBUG root [2018-06-30 19:02:13,849] - DBThread::onStart(): 0x439498!
 DEBUG root [2018-06-30 19:02:13,850] - DBThread::onStart(): 0x439388!
 DEBUG root [2018-06-30 19:02:13,851] - DBInterfaceMysql::attach: successfully! addr: localhost:3306
 DEBUG root [2018-06-30 19:02:13,852] - DBThread::onStart(): 0x439300!
 DEBUG root [2018-06-30 19:02:13,853] - DBInterfaceMysql::attach: successfully! addr: localhost:3306
 DEBUG root [2018-06-30 19:02:13,854] - DBThread::onStart(): 0x439410!
  INFO root [2018-06-30 19:02:13,933] - DBInterfaceMysql::query: successfully!
  INFO root [2018-06-30 19:02:13,939] - DBInterfaceMysql::query: successfully!
  INFO root [2018-06-30 19:02:13,940] - DBInterfaceMysql::query: successfully!
  INFO root [2018-06-30 19:02:13,941] - DBInterfaceMysql::query: successfully!
  INFO root [2018-06-30 19:02:13,941] - DBInterfaceMysql::query: successfully!
  INFO root [2018-06-30 19:02:13,942] - DBInterfaceMysql::query: successfully!
  INFO root [2018-06-30 19:02:13,942] - DBInterfaceMysql::query: successfully!
  INFO root [2018-06-30 19:02:13,943] - DBInterfaceMysql::query: successfully!
  INFO root [2018-06-30 19:02:13,944] - DBInterfaceMysql::query: successfully!
  INFO root [2018-06-30 19:02:13,945] - DBInterfaceMysql::query: successfully!
  WARN root [2018-06-30 19:02:14,090] - c:\users\public\documents\workspace\kbe\kbengine-kbengine-v1.0.0\kbengine\kbe\src\server\dbmgr\dbmgr.cpp:293: Profile scriptCall took 1.42 seconds
  INFO root [2018-06-30 19:02:15,061] - ---- dbmgr is running ----
 DEBUG root [2018-06-30 19:02:15,062] - Components::process(): Request for the process of identity...
  INFO root [2018-06-30 19:02:22,187] - Components::findComponents: find logger(1)...
  INFO root [2018-06-30 19:02:22,283] - Components::findComponents: found logger, addr:192.168.31.56:18291
  INFO root [2018-06-30 19:02:22,284] - Components::addComponent: reset orderLog, uid=20073!
  INFO root [2018-06-30 19:02:22,284] - Components::addComponent[logger], uid=20073, componentID=2000, globalorderid=1, grouporderid=1, totalcount=1
  WARN root [2018-06-30 19:02:22,285] - Forwarding logs to logger[192.168.31.56:18291/0/0/0]...
 ERROR root [2018-06-30 20:18:17,579] - Components::removeComponentByChannel: logger : 2000, Abnormal exit! errorno=10054
  INFO root [2018-06-30 20:18:17,591] - The following logs sent to logger failed:
  WARN root [2018-06-30 20:18:17,591] - ==> [2018-06-30 20:18:17 574] TCPPacketReceiver::processPendingEvents(192.168.31.56:18291): Throwing REASON_GENERAL_NETWORK - WSAECONNRESET
 ERROR root [2018-06-30 20:18:17,592] - ==> [2018-06-30 20:18:17 581] Components::removeComponentByChannel: logger : 2000, Abnormal exit! errorno=10054
  INFO root [2018-06-30 20:18:50,650] - 
  INFO root [2018-06-30 20:18:50,651] - -----------------------------------------------------------------------------------------


  INFO root [2018-06-30 20:18:50,654] - Resmgr::initialize: KBE_ROOT=C:/Users/Public/Documents/workspace/kbe/kbengine-kbengine-v1.0.0/kbengine/
  INFO root [2018-06-30 20:18:50,655] - Resmgr::initialize: KBE_RES_PATH=C:/Users/Public/Documents/workspace/kbe/kbengine-kbengine-v1.0.0/kbengine/kbe/res/;C:/Users/Public/Documents/workspace/kbe/kbengine-kbengine-v1.0.0/kbengine/assets/;C:/Users/Public/Documents/workspace/kbe/kbengine-kbengine-v1.0.0/kbengine/assets/scripts/;C:/Users/Public/Documents/workspace/kbe/kbengine-kbengine-v1.0.0/kbengine/assets/res/
  INFO root [2018-06-30 20:18:50,655] - Resmgr::initialize: KBE_BIN_PATH=C:/Users/Public/Documents/workspace/kbe/kbengine-kbengine-v1.0.0/kbengine/kbe/bin/server/
  INFO root [2018-06-30 20:18:50,667] - NetworkInterface::recreateListeningSocket(INTERNAL): bound to all interfaces with default route interface on 192.168.31.56 ( 192.168.31.56:20619 )
  INFO root [2018-06-30 20:18:50,668] - NetworkInterface::recreateListeningSocket(INTERNAL): address 192.168.31.56:20619, SOMAXCONN=5.
  INFO root [2018-06-30 20:18:50,668] - server-configs:
  INFO root [2018-06-30 20:18:50,669] - 	internalAddr : 192.168.31.56:20619
  INFO root [2018-06-30 20:18:50,669] - 	componentID : 4000
  INFO root [2018-06-30 20:18:52,183] - ---- dbmgr Version: 1.0.0. ScriptVersion: 0.1.0. Protocol: 253D45E587CB031BFD545E02866042FC. Config: Debug X86. Built: 23:15:53 Jun 15 2018. AppID: 4000. UID: 2326. PID: 5596 ----
  INFO root [2018-06-30 20:18:52,184] - Server :        Intel(R) Core(TM) i5-2415M CPU @ 2.30GHz with 4194303kB RAM
  INFO root [2018-06-30 20:18:52,185] - ThreadPool::createThreadPool: creating  threadpool...
  INFO root [2018-06-30 20:18:52,186] - ThreadPool::createThreadPool: successfully(2), newThreadCount=1, normalMaxThreadCount=2, maxThreadCount=8
 DEBUG root [2018-06-30 20:18:52,384] - Script::install_py_dlls(): PyInit_pyexpat
 DEBUG root [2018-06-30 20:18:52,385] - Script::install_py_dlls(): PyInit__socket
 DEBUG root [2018-06-30 20:18:52,386] - Script::install_py_dlls(): PyInit__ssl
 DEBUG root [2018-06-30 20:18:52,395] - Script::install_py_dlls(): PyInit__hashlib
 DEBUG root [2018-06-30 20:18:52,396] - Script::install_py_dlls(): PyInit_select
 DEBUG root [2018-06-30 20:18:52,397] - Script::install_py_dlls(): PyInit__ctypes
 DEBUG root [2018-06-30 20:18:52,398] - Script::install_py_dlls(): PyInit__elementtree
 DEBUG root [2018-06-30 20:18:52,535] - Script::install_py_dlls(): PyInit_unicodedata
  INFO root [2018-06-30 20:18:52,620] - Script::install(): is successfully, Python=(3.4.2 (default, Jun 15 2018, 23:15:28) [MSC v.1913 32 bit (Intel)])!
  INFO root [2018-06-30 20:18:52,621] - Script::install(): KBExtra is successfully!
  INFO root [2018-06-30 20:18:52,723] - Dbmgr::initializeEnd: digest(D83ADB1A7AC1302E807E36F0AD174A02)
S_INFO root [2018-06-30 20:18:52,723] - onDBMgrReady: bootstrapGroupIndex=0, bootstrapGlobalIndex=0
  INFO root [2018-06-30 20:18:52,725] - TelnetServer server is running on port 32000
  INFO root [2018-06-30 20:18:52,726] - Dbmgr::initInterfacesHandler: interfaces addr(127.0.0.1:30099), accountType:(interfaces), chargeType:(interfaces).
  WARN root [2018-06-30 20:18:53,704] - DBUtil::initialize: db(default) password is not encrypted!
please use password(rsa):
44FFE571F99A3DDAC843C2A04ADDA212C6F0B86F0C1852C40F0B142D88B3357869A9082AD7F1DCC65745277E326D7083EF4EE83800ABB9735AA71B79943F000B567B53350D1D063222B481400057574B20E163E7DE0998326D285B146B7A5EA404F9CB14F5B11F2503CEC2DF8EBD89A87D6A733375B6BA3C205FF92E30ADA121
 DEBUG root [2018-06-30 20:18:53,709] - DBInterfaceMysql::attach: connect: localhost:3306 starting...
 DEBUG root [2018-06-30 20:18:53,729] - DBInterfaceMysql::attach: successfully! addr: localhost:3306
  INFO root [2018-06-30 20:18:53,730] - DBUtil::createInterface[0x32eed0]: interface=default, dbtype=mysql, ip=localhost, port=3306, currdatabase=kbe1, username=kbe, connected=yes.

  INFO root [2018-06-30 20:18:53,731] - ThreadPool::createThreadPool: creating  threadpool...
  INFO root [2018-06-30 20:18:53,732] - ThreadPool::createThreadPool: successfully(5), newThreadCount=5, normalMaxThreadCount=5, maxThreadCount=5
 DEBUG root [2018-06-30 20:18:53,733] - DBInterfaceMysql::attach: connect: localhost:3306 starting...
 DEBUG root [2018-06-30 20:18:53,738] - DBInterfaceMysql::attach: successfully! addr: localhost:3306
 DEBUG root [2018-06-30 20:18:53,739] - DBThread::onStart(): 0x489490!
 DEBUG root [2018-06-30 20:18:53,739] - DBInterfaceMysql::attach: connect: localhost:3306 starting...
 DEBUG root [2018-06-30 20:18:53,741] - DBInterfaceMysql::attach: connect: localhost:3306 starting...
 DEBUG root [2018-06-30 20:18:53,744] - DBInterfaceMysql::attach: connect: localhost:3306 starting...
 DEBUG root [2018-06-30 20:18:53,745] - DBInterfaceMysql::attach: connect: localhost:3306 starting...
 DEBUG root [2018-06-30 20:18:53,746] - DBInterfaceMysql::attach: successfully! addr: localhost:3306
 DEBUG root [2018-06-30 20:18:53,746] - DBThread::onStart(): 0x489380!
 DEBUG root [2018-06-30 20:18:53,750] - DBInterfaceMysql::attach: successfully! addr: localhost:3306
 DEBUG root [2018-06-30 20:18:53,751] - DBThread::onStart(): 0x4895a0!
 DEBUG root [2018-06-30 20:18:53,753] - DBInterfaceMysql::attach: successfully! addr: localhost:3306
 DEBUG root [2018-06-30 20:18:53,753] - DBThread::onStart(): 0x489408!
 DEBUG root [2018-06-30 20:18:53,757] - DBInterfaceMysql::attach: successfully! addr: localhost:3306
 DEBUG root [2018-06-30 20:18:53,757] - DBThread::onStart(): 0x489518!
  INFO root [2018-06-30 20:18:53,839] - DBInterfaceMysql::query: successfully!
  INFO root [2018-06-30 20:18:53,845] - DBInterfaceMysql::query: successfully!
  INFO root [2018-06-30 20:18:53,847] - DBInterfaceMysql::query: successfully!
  INFO root [2018-06-30 20:18:53,848] - DBInterfaceMysql::query: successfully!
  INFO root [2018-06-30 20:18:53,849] - DBInterfaceMysql::query: successfully!
  INFO root [2018-06-30 20:18:53,850] - DBInterfaceMysql::query: successfully!
  INFO root [2018-06-30 20:18:53,850] - DBInterfaceMysql::query: successfully!
  INFO root [2018-06-30 20:18:53,851] - DBInterfaceMysql::query: successfully!
  INFO root [2018-06-30 20:18:53,852] - DBInterfaceMysql::query: successfully!
  INFO root [2018-06-30 20:18:53,929] - DBInterfaceMysql::query: successfully!
  WARN root [2018-06-30 20:18:53,966] - c:\users\public\documents\workspace\kbe\kbengine-kbengine-v1.0.0\kbengine\kbe\src\server\dbmgr\dbmgr.cpp:293: Profile scriptCall took 1.24 seconds
  INFO root [2018-06-30 20:18:54,640] - ---- dbmgr is running ----
 DEBUG root [2018-06-30 20:18:54,640] - Components::process(): Request for the process of identity...
  INFO root [2018-06-30 20:19:01,757] - Components::findComponents: find logger(1)...
  INFO root [2018-06-30 20:19:01,816] - Components::findComponents: found logger, addr:192.168.31.56:20616
  INFO root [2018-06-30 20:19:01,816] - Components::addComponent: reset orderLog, uid=2326!
  INFO root [2018-06-30 20:19:01,817] - Components::addComponent[logger], uid=2326, componentID=2000, globalorderid=1, grouporderid=1, totalcount=1
  WARN root [2018-06-30 20:19:01,819] - Forwarding logs to logger[192.168.31.56:20616/0/0/0]...
 ERROR root [2018-06-30 20:21:55,199] - Components::removeComponentByChannel: logger : 2000, Abnormal exit! errorno=10054
  INFO root [2018-06-30 20:21:55,212] - The following logs sent to logger failed:
  WARN root [2018-06-30 20:21:55,213] - ==> [2018-06-30 20:21:55 197] TCPPacketReceiver::processPendingEvents(192.168.31.56:20616): Throwing REASON_GENERAL_NETWORK - WSAECONNRESET
 ERROR root [2018-06-30 20:21:55,214] - ==> [2018-06-30 20:21:55 200] Components::removeComponentByChannel: logger : 2000, Abnormal exit! errorno=10054
  INFO root [2018-06-30 20:22:13,226] - 
  INFO root [2018-06-30 20:22:13,227] - -----------------------------------------------------------------------------------------


  INFO root [2018-06-30 20:22:13,229] - Resmgr::initialize: KBE_ROOT=C:/Users/Public/Documents/workspace/kbe/kbengine-kbengine-v1.0.0/kbengine/
  INFO root [2018-06-30 20:22:13,230] - Resmgr::initialize: KBE_RES_PATH=C:/Users/Public/Documents/workspace/kbe/kbengine-kbengine-v1.0.0/kbengine/kbe/res/;C:/Users/Public/Documents/workspace/kbe/kbengine-kbengine-v1.0.0/kbengine/assets/;C:/Users/Public/Documents/workspace/kbe/kbengine-kbengine-v1.0.0/kbengine/assets/scripts/;C:/Users/Public/Documents/workspace/kbe/kbengine-kbengine-v1.0.0/kbengine/assets/res/
  INFO root [2018-06-30 20:22:13,230] - Resmgr::initialize: KBE_BIN_PATH=C:/Users/Public/Documents/workspace/kbe/kbengine-kbengine-v1.0.0/kbengine/kbe/bin/server/
  INFO root [2018-06-30 20:22:13,263] - NetworkInterface::recreateListeningSocket(INTERNAL): bound to all interfaces with default route interface on 192.168.31.56 ( 192.168.31.56:20800 )
  INFO root [2018-06-30 20:22:13,263] - NetworkInterface::recreateListeningSocket(INTERNAL): address 192.168.31.56:20800, SOMAXCONN=5.
  INFO root [2018-06-30 20:22:13,264] - server-configs:
  INFO root [2018-06-30 20:22:13,264] - 	internalAddr : 192.168.31.56:20800
  INFO root [2018-06-30 20:22:13,264] - 	componentID : 4000
  INFO root [2018-06-30 20:22:14,812] - ---- dbmgr Version: 1.0.0. ScriptVersion: 0.1.0. Protocol: 253D45E587CB031BFD545E02866042FC. Config: Debug X86. Built: 23:15:53 Jun 15 2018. AppID: 4000. UID: 2989. PID: 12140 ----
  INFO root [2018-06-30 20:22:14,814] - Server :        Intel(R) Core(TM) i5-2415M CPU @ 2.30GHz with 4194303kB RAM
  INFO root [2018-06-30 20:22:14,814] - ThreadPool::createThreadPool: creating  threadpool...
  INFO root [2018-06-30 20:22:14,815] - ThreadPool::createThreadPool: successfully(2), newThreadCount=1, normalMaxThreadCount=2, maxThreadCount=8
 DEBUG root [2018-06-30 20:22:15,048] - Script::install_py_dlls(): PyInit_pyexpat
 DEBUG root [2018-06-30 20:22:15,049] - Script::install_py_dlls(): PyInit__socket
 DEBUG root [2018-06-30 20:22:15,050] - Script::install_py_dlls(): PyInit__ssl
 DEBUG root [2018-06-30 20:22:15,058] - Script::install_py_dlls(): PyInit__hashlib
 DEBUG root [2018-06-30 20:22:15,059] - Script::install_py_dlls(): PyInit_select
 DEBUG root [2018-06-30 20:22:15,059] - Script::install_py_dlls(): PyInit__ctypes
 DEBUG root [2018-06-30 20:22:15,061] - Script::install_py_dlls(): PyInit__elementtree
 DEBUG root [2018-06-30 20:22:15,243] - Script::install_py_dlls(): PyInit_unicodedata
  INFO root [2018-06-30 20:22:15,435] - Script::install(): is successfully, Python=(3.4.2 (default, Jun 15 2018, 23:15:28) [MSC v.1913 32 bit (Intel)])!
  INFO root [2018-06-30 20:22:15,435] - Script::install(): KBExtra is successfully!
  INFO root [2018-06-30 20:22:15,572] - Dbmgr::initializeEnd: digest(D83ADB1A7AC1302E807E36F0AD174A02)
S_INFO root [2018-06-30 20:22:15,573] - onDBMgrReady: bootstrapGroupIndex=0, bootstrapGlobalIndex=0
  INFO root [2018-06-30 20:22:15,574] - TelnetServer server is running on port 32000
  INFO root [2018-06-30 20:22:15,575] - Dbmgr::initInterfacesHandler: interfaces addr(127.0.0.1:30099), accountType:(interfaces), chargeType:(interfaces).
  WARN root [2018-06-30 20:22:16,674] - DBUtil::initialize: db(default) password is not encrypted!
please use password(rsa):
6A3340948E66150ECC7DDEA97B6965A692F813594AF6A8492CF1F96E2813752E5EB2D12D468A6DB778F3D136541F2F50AF2424127B2B496545B5632449498DB76B4836764EB5A56CB54A46C50C5AE65BCC2218A7585026E276E4FBDBF97935DB17067702342FA07B6CCEB8D1D457F2226C9C63721B14DC2ED528B16E293A7963
 DEBUG root [2018-06-30 20:22:16,679] - DBInterfaceMysql::attach: connect: localhost:3306 starting...
 DEBUG root [2018-06-30 20:22:16,689] - DBInterfaceMysql::attach: successfully! addr: localhost:3306
  INFO root [2018-06-30 20:22:16,689] - DBUtil::createInterface[0x22f49c]: interface=default, dbtype=mysql, ip=localhost, port=3306, currdatabase=kbe1, username=kbe, connected=yes.

  INFO root [2018-06-30 20:22:16,690] - ThreadPool::createThreadPool: creating  threadpool...
  INFO root [2018-06-30 20:22:16,691] - ThreadPool::createThreadPool: successfully(5), newThreadCount=5, normalMaxThreadCount=5, maxThreadCount=5
 DEBUG root [2018-06-30 20:22:16,692] - DBInterfaceMysql::attach: connect: localhost:3306 starting...
 DEBUG root [2018-06-30 20:22:16,692] - DBInterfaceMysql::attach: connect: localhost:3306 starting...
 DEBUG root [2018-06-30 20:22:16,693] - DBInterfaceMysql::attach: connect: localhost:3306 starting...
 DEBUG root [2018-06-30 20:22:16,694] - DBInterfaceMysql::attach: connect: localhost:3306 starting...
 DEBUG root [2018-06-30 20:22:16,696] - DBInterfaceMysql::attach: connect: localhost:3306 starting...
 DEBUG root [2018-06-30 20:22:16,703] - DBInterfaceMysql::attach: successfully! addr: localhost:3306
 DEBUG root [2018-06-30 20:22:16,703] - DBThread::onStart(): 0x1953580!
 DEBUG root [2018-06-30 20:22:16,704] - DBInterfaceMysql::attach: successfully! addr: localhost:3306
 DEBUG root [2018-06-30 20:22:16,704] - DBThread::onStart(): 0x1953608!
 DEBUG root [2018-06-30 20:22:16,705] - DBInterfaceMysql::attach: successfully! addr: localhost:3306
 DEBUG root [2018-06-30 20:22:16,705] - DBThread::onStart(): 0x1953470!
 DEBUG root [2018-06-30 20:22:16,706] - DBInterfaceMysql::attach: successfully! addr: localhost:3306
 DEBUG root [2018-06-30 20:22:16,706] - DBThread::onStart(): 0x1953690!
 DEBUG root [2018-06-30 20:22:16,707] - DBInterfaceMysql::attach: successfully! addr: localhost:3306
 DEBUG root [2018-06-30 20:22:16,707] - DBThread::onStart(): 0x19534f8!
  INFO root [2018-06-30 20:22:16,797] - DBInterfaceMysql::query: successfully!
  INFO root [2018-06-30 20:22:16,803] - DBInterfaceMysql::query: successfully!
  INFO root [2018-06-30 20:22:16,804] - DBInterfaceMysql::query: successfully!
  INFO root [2018-06-30 20:22:16,807] - DBInterfaceMysql::query: successfully!
  INFO root [2018-06-30 20:22:16,808] - DBInterfaceMysql::query: successfully!
  INFO root [2018-06-30 20:22:16,809] - DBInterfaceMysql::query: successfully!
  INFO root [2018-06-30 20:22:16,810] - DBInterfaceMysql::query: successfully!
  INFO root [2018-06-30 20:22:16,811] - DBInterfaceMysql::query: successfully!
  INFO root [2018-06-30 20:22:16,812] - DBInterfaceMysql::query: successfully!
  INFO root [2018-06-30 20:22:16,899] - DBInterfaceMysql::query: successfully!
  WARN root [2018-06-30 20:22:16,944] - c:\users\public\documents\workspace\kbe\kbengine-kbengine-v1.0.0\kbengine\kbe\src\server\dbmgr\dbmgr.cpp:293: Profile scriptCall took 1.37 seconds
  INFO root [2018-06-30 20:22:21,745] - 
  INFO root [2018-06-30 20:22:21,751] - -----------------------------------------------------------------------------------------


  INFO root [2018-06-30 20:22:21,753] - Resmgr::initialize: KBE_ROOT=C:/Users/Public/Documents/workspace/kbe/kbengine-kbengine-v1.0.0/kbengine/
  INFO root [2018-06-30 20:22:21,753] - Resmgr::initialize: KBE_RES_PATH=C:/Users/Public/Documents/workspace/kbe/kbengine-kbengine-v1.0.0/kbengine/kbe/res/;C:/Users/Public/Documents/workspace/kbe/kbengine-kbengine-v1.0.0/kbengine/assets/;C:/Users/Public/Documents/workspace/kbe/kbengine-kbengine-v1.0.0/kbengine/assets/scripts/;C:/Users/Public/Documents/workspace/kbe/kbengine-kbengine-v1.0.0/kbengine/assets/res/
  INFO root [2018-06-30 20:22:21,754] - Resmgr::initialize: KBE_BIN_PATH=C:/Users/Public/Documents/workspace/kbe/kbengine-kbengine-v1.0.0/kbengine/kbe/bin/server/
  INFO root [2018-06-30 20:22:21,833] - NetworkInterface::recreateListeningSocket(INTERNAL): bound to all interfaces with default route interface on 192.168.31.56 ( 192.168.31.56:20817 )
  INFO root [2018-06-30 20:22:21,834] - NetworkInterface::recreateListeningSocket(INTERNAL): address 192.168.31.56:20817, SOMAXCONN=5.
  INFO root [2018-06-30 20:22:21,834] - server-configs:
  INFO root [2018-06-30 20:22:21,835] - 	internalAddr : 192.168.31.56:20817
  INFO root [2018-06-30 20:22:21,835] - 	componentID : 4000
  INFO root [2018-06-30 20:22:23,395] - ---- dbmgr Version: 1.0.0. ScriptVersion: 0.1.0. Protocol: 253D45E587CB031BFD545E02866042FC. Config: Debug X86. Built: 23:15:53 Jun 15 2018. AppID: 4000. UID: 3015. PID: 9072 ----
  INFO root [2018-06-30 20:22:23,399] - Server :        Intel(R) Core(TM) i5-2415M CPU @ 2.30GHz with 4194303kB RAM
  INFO root [2018-06-30 20:22:23,400] - ThreadPool::createThreadPool: creating  threadpool...
  INFO root [2018-06-30 20:22:23,400] - ThreadPool::createThreadPool: successfully(2), newThreadCount=1, normalMaxThreadCount=2, maxThreadCount=8
 DEBUG root [2018-06-30 20:22:23,677] - Script::install_py_dlls(): PyInit_pyexpat
 DEBUG root [2018-06-30 20:22:23,678] - Script::install_py_dlls(): PyInit__socket
 DEBUG root [2018-06-30 20:22:23,679] - Script::install_py_dlls(): PyInit__ssl
 DEBUG root [2018-06-30 20:22:23,687] - Script::install_py_dlls(): PyInit__hashlib
 DEBUG root [2018-06-30 20:22:23,688] - Script::install_py_dlls(): PyInit_select
 DEBUG root [2018-06-30 20:22:23,689] - Script::install_py_dlls(): PyInit__ctypes
 DEBUG root [2018-06-30 20:22:23,690] - Script::install_py_dlls(): PyInit__elementtree
 DEBUG root [2018-06-30 20:22:23,912] - Script::install_py_dlls(): PyInit_unicodedata
  INFO root [2018-06-30 20:22:24,015] - Script::install(): is successfully, Python=(3.4.2 (default, Jun 15 2018, 23:15:28) [MSC v.1913 32 bit (Intel)])!
  INFO root [2018-06-30 20:22:24,016] - Script::install(): KBExtra is successfully!
  INFO root [2018-06-30 20:22:24,121] - Dbmgr::initializeEnd: digest(D83ADB1A7AC1302E807E36F0AD174A02)
S_INFO root [2018-06-30 20:22:24,122] - onDBMgrReady: bootstrapGroupIndex=0, bootstrapGlobalIndex=0
  INFO root [2018-06-30 20:22:24,123] - TelnetServer server is running on port 32000
  INFO root [2018-06-30 20:22:24,124] - Dbmgr::initInterfacesHandler: interfaces addr(127.0.0.1:30099), accountType:(interfaces), chargeType:(interfaces).
  WARN root [2018-06-30 20:22:25,193] - DBUtil::initialize: db(default) password is not encrypted!
please use password(rsa):
8AF430CA248DED6CEFAD87CFFE7BDCF47311486ACC99513A66AD31670B4A220FE67EA555051CEDF19BA53D2686F956881A69B07ED61FB43C2884AE0F6DE570F9B2421BF2B8A5E3C672CC9D086E38CA8416FB698A4B3DF56D88AEC694F90C050E16E95EB06E09CE0D3C737524C475AB1E09855A64F38C39554F6E85E475CE4A3C
 DEBUG root [2018-06-30 20:22:25,198] - DBInterfaceMysql::attach: connect: localhost:3306 starting...
 DEBUG root [2018-06-30 20:22:25,207] - DBInterfaceMysql::attach: successfully! addr: localhost:3306
  INFO root [2018-06-30 20:22:25,207] - DBUtil::createInterface[0x3af4d0]: interface=default, dbtype=mysql, ip=localhost, port=3306, currdatabase=kbe1, username=kbe, connected=yes.

  INFO root [2018-06-30 20:22:25,208] - ThreadPool::createThreadPool: creating  threadpool...
 DEBUG root [2018-06-30 20:22:25,208] - DBInterfaceMysql::attach: connect: localhost:3306 starting...
 DEBUG root [2018-06-30 20:22:25,209] - DBInterfaceMysql::attach: connect: localhost:3306 starting...
  INFO root [2018-06-30 20:22:25,209] - ThreadPool::createThreadPool: successfully(5), newThreadCount=5, normalMaxThreadCount=5, maxThreadCount=5
 DEBUG root [2018-06-30 20:22:25,210] - DBInterfaceMysql::attach: connect: localhost:3306 starting...
 DEBUG root [2018-06-30 20:22:25,211] - DBInterfaceMysql::attach: connect: localhost:3306 starting...
 DEBUG root [2018-06-30 20:22:25,211] - DBInterfaceMysql::attach: connect: localhost:3306 starting...
 DEBUG root [2018-06-30 20:22:25,215] - DBInterfaceMysql::attach: successfully! addr: localhost:3306
 DEBUG root [2018-06-30 20:22:25,216] - DBThread::onStart(): 0x819490!
 DEBUG root [2018-06-30 20:22:25,217] - DBInterfaceMysql::attach: successfully! addr: localhost:3306
 DEBUG root [2018-06-30 20:22:25,218] - DBThread::onStart(): 0x819518!
 DEBUG root [2018-06-30 20:22:25,218] - DBInterfaceMysql::attach: successfully! addr: localhost:3306
 DEBUG root [2018-06-30 20:22:25,218] - DBThread::onStart(): 0x8195a0!
 DEBUG root [2018-06-30 20:22:25,219] - DBInterfaceMysql::attach: successfully! addr: localhost:3306
 DEBUG root [2018-06-30 20:22:25,220] - DBThread::onStart(): 0x8196b0!
 DEBUG root [2018-06-30 20:22:25,220] - DBInterfaceMysql::attach: successfully! addr: localhost:3306
 DEBUG root [2018-06-30 20:22:25,220] - DBThread::onStart(): 0x819628!
  INFO root [2018-06-30 20:22:25,316] - DBInterfaceMysql::query: successfully!
  INFO root [2018-06-30 20:22:25,321] - DBInterfaceMysql::query: successfully!
  INFO root [2018-06-30 20:22:25,322] - DBInterfaceMysql::query: successfully!
  INFO root [2018-06-30 20:22:25,322] - DBInterfaceMysql::query: successfully!
  INFO root [2018-06-30 20:22:25,323] - DBInterfaceMysql::query: successfully!
  INFO root [2018-06-30 20:22:25,323] - DBInterfaceMysql::query: successfully!
  INFO root [2018-06-30 20:22:25,326] - DBInterfaceMysql::query: successfully!
  INFO root [2018-06-30 20:22:25,327] - DBInterfaceMysql::query: successfully!
  INFO root [2018-06-30 20:22:25,333] - DBInterfaceMysql::query: successfully!
  INFO root [2018-06-30 20:22:25,350] - DBInterfaceMysql::query: successfully!
  WARN root [2018-06-30 20:22:25,402] - c:\users\public\documents\workspace\kbe\kbengine-kbengine-v1.0.0\kbengine\kbe\src\server\dbmgr\dbmgr.cpp:293: Profile scriptCall took 1.28 seconds
  INFO root [2018-06-30 20:22:26,151] - ---- dbmgr is running ----
 DEBUG root [2018-06-30 20:22:26,152] - Components::process(): Request for the process of identity...
  INFO root [2018-06-30 20:22:33,262] - Components::findComponents: find logger(1)...
  INFO root [2018-06-30 20:22:33,334] - Components::findComponents: found logger, addr:192.168.31.56:20813
  INFO root [2018-06-30 20:22:33,335] - Components::addComponent: reset orderLog, uid=3015!
  INFO root [2018-06-30 20:22:33,335] - Components::addComponent[logger], uid=3015, componentID=2000, globalorderid=1, grouporderid=1, totalcount=1
  INFO root [2018-06-30 20:22:33,342] - Components::process(): Found all the components!
  WARN root [2018-06-30 20:22:33,358] - Forwarding logs to logger[192.168.31.56:20813/0/0/0]...
 ERROR root [2018-06-30 22:12:12,040] - Components::removeComponentByChannel: logger : 2000, Abnormal exit! errorno=10054
  INFO root [2018-06-30 22:12:12,050] - The following logs sent to logger failed:
  WARN root [2018-06-30 22:12:12,050] - ==> [2018-06-30 22:12:12 030] TCPPacketReceiver::processPendingEvents(192.168.31.56:20813): Throwing REASON_GENERAL_NETWORK - WSAECONNRESET
 ERROR root [2018-06-30 22:12:12,051] - ==> [2018-06-30 22:12:12 041] Components::removeComponentByChannel: logger : 2000, Abnormal exit! errorno=10054
  INFO root [2018-06-30 22:12:14,242] - 
  INFO root [2018-06-30 22:12:14,254] - -----------------------------------------------------------------------------------------


  INFO root [2018-06-30 22:12:14,256] - Resmgr::initialize: KBE_ROOT=C:/Users/Public/Documents/workspace/kbe/kbengine-kbengine-v1.0.0/kbengine/
  INFO root [2018-06-30 22:12:14,257] - Resmgr::initialize: KBE_RES_PATH=C:/Users/Public/Documents/workspace/kbe/kbengine-kbengine-v1.0.0/kbengine/kbe/res/;C:/Users/Public/Documents/workspace/kbe/kbengine-kbengine-v1.0.0/kbengine/assets/;C:/Users/Public/Documents/workspace/kbe/kbengine-kbengine-v1.0.0/kbengine/assets/scripts/;C:/Users/Public/Documents/workspace/kbe/kbengine-kbengine-v1.0.0/kbengine/assets/res/
  INFO root [2018-06-30 22:12:14,257] - Resmgr::initialize: KBE_BIN_PATH=C:/Users/Public/Documents/workspace/kbe/kbengine-kbengine-v1.0.0/kbengine/kbe/bin/server/
  INFO root [2018-06-30 22:12:14,283] - NetworkInterface::recreateListeningSocket(INTERNAL): bound to all interfaces with default route interface on 192.168.31.56 ( 192.168.31.56:24236 )
  INFO root [2018-06-30 22:12:14,284] - NetworkInterface::recreateListeningSocket(INTERNAL): address 192.168.31.56:24236, SOMAXCONN=5.
  INFO root [2018-06-30 22:12:14,286] - server-configs:
  INFO root [2018-06-30 22:12:14,287] - 	internalAddr : 192.168.31.56:24236
  INFO root [2018-06-30 22:12:14,287] - 	componentID : 4000
  INFO root [2018-06-30 22:12:15,804] - ---- dbmgr Version: 1.0.0. ScriptVersion: 0.1.0. Protocol: 253D45E587CB031BFD545E02866042FC. Config: Debug X86. Built: 23:15:53 Jun 15 2018. AppID: 4000. UID: 24542. PID: 16452 ----
  INFO root [2018-06-30 22:12:15,805] - Server :        Intel(R) Core(TM) i5-2415M CPU @ 2.30GHz with 4194303kB RAM
  INFO root [2018-06-30 22:12:15,806] - ThreadPool::createThreadPool: creating  threadpool...
  INFO root [2018-06-30 22:12:15,806] - ThreadPool::createThreadPool: successfully(2), newThreadCount=1, normalMaxThreadCount=2, maxThreadCount=8
 DEBUG root [2018-06-30 22:12:15,997] - Script::install_py_dlls(): PyInit_pyexpat
 DEBUG root [2018-06-30 22:12:15,998] - Script::install_py_dlls(): PyInit__socket
 DEBUG root [2018-06-30 22:12:15,999] - Script::install_py_dlls(): PyInit__ssl
 DEBUG root [2018-06-30 22:12:16,006] - Script::install_py_dlls(): PyInit__hashlib
 DEBUG root [2018-06-30 22:12:16,008] - Script::install_py_dlls(): PyInit_select
 DEBUG root [2018-06-30 22:12:16,008] - Script::install_py_dlls(): PyInit__ctypes
 DEBUG root [2018-06-30 22:12:16,010] - Script::install_py_dlls(): PyInit__elementtree
 DEBUG root [2018-06-30 22:12:16,188] - Script::install_py_dlls(): PyInit_unicodedata
  INFO root [2018-06-30 22:12:16,376] - Script::install(): is successfully, Python=(3.4.2 (default, Jun 15 2018, 23:15:28) [MSC v.1913 32 bit (Intel)])!
  INFO root [2018-06-30 22:12:16,376] - Script::install(): KBExtra is successfully!
  INFO root [2018-06-30 22:12:16,574] - Dbmgr::initializeEnd: digest(D83ADB1A7AC1302E807E36F0AD174A02)
S_INFO root [2018-06-30 22:12:16,574] - onDBMgrReady: bootstrapGroupIndex=0, bootstrapGlobalIndex=0
  INFO root [2018-06-30 22:12:16,576] - TelnetServer server is running on port 32000
  INFO root [2018-06-30 22:12:16,576] - Dbmgr::initInterfacesHandler: interfaces addr(127.0.0.1:30099), accountType:(interfaces), chargeType:(interfaces).
  WARN root [2018-06-30 22:12:17,695] - DBUtil::initialize: db(default) password is not encrypted!
please use password(rsa):
2EC17460BCAA6492CFE85A3B9D3B7C279DF27AF7BAADE4537D29EFC98FBEAC020AC3A3817E60E7974EA40A15A7C57864079122ED01B85774A40AE171A05CFF6CA00B534B35ABAFCFAA915B0ABD22D39CED226A73BF4EE2B4837936FA4D43D605C3B60FE663C245EE8359BC99247B1D3DC8B76CC6FF4C0A77C09FFF5068773FB2
 DEBUG root [2018-06-30 22:12:17,698] - DBInterfaceMysql::attach: connect: localhost:3306 starting...
 DEBUG root [2018-06-30 22:12:17,705] - DBInterfaceMysql::attach: successfully! addr: localhost:3306
  INFO root [2018-06-30 22:12:17,705] - DBUtil::createInterface[0x35ee88]: interface=default, dbtype=mysql, ip=localhost, port=3306, currdatabase=kbe1, username=kbe, connected=yes.

  INFO root [2018-06-30 22:12:17,706] - ThreadPool::createThreadPool: creating  threadpool...
 DEBUG root [2018-06-30 22:12:17,707] - DBInterfaceMysql::attach: connect: localhost:3306 starting...
 DEBUG root [2018-06-30 22:12:17,707] - DBInterfaceMysql::attach: connect: localhost:3306 starting...
 DEBUG root [2018-06-30 22:12:17,707] - DBInterfaceMysql::attach: connect: localhost:3306 starting...
  INFO root [2018-06-30 22:12:17,708] - ThreadPool::createThreadPool: successfully(5), newThreadCount=5, normalMaxThreadCount=5, maxThreadCount=5
 DEBUG root [2018-06-30 22:12:17,708] - DBInterfaceMysql::attach: connect: localhost:3306 starting...
 DEBUG root [2018-06-30 22:12:17,708] - DBInterfaceMysql::attach: connect: localhost:3306 starting...
 DEBUG root [2018-06-30 22:12:17,714] - DBInterfaceMysql::attach: successfully! addr: localhost:3306
 DEBUG root [2018-06-30 22:12:17,715] - DBThread::onStart(): 0x763538!
 DEBUG root [2018-06-30 22:12:17,715] - DBInterfaceMysql::attach: successfully! addr: localhost:3306
 DEBUG root [2018-06-30 22:12:17,715] - DBThread::onStart(): 0x7634b0!
 DEBUG root [2018-06-30 22:12:17,716] - DBInterfaceMysql::attach: successfully! addr: localhost:3306
 DEBUG root [2018-06-30 22:12:17,716] - DBInterfaceMysql::attach: successfully! addr: localhost:3306
 DEBUG root [2018-06-30 22:12:17,716] - DBThread::onStart(): 0x7635c0!
 DEBUG root [2018-06-30 22:12:17,717] - DBInterfaceMysql::attach: successfully! addr: localhost:3306
 DEBUG root [2018-06-30 22:12:17,717] - DBThread::onStart(): 0x7633a0!
 DEBUG root [2018-06-30 22:12:17,717] - DBThread::onStart(): 0x763428!
  INFO root [2018-06-30 22:12:17,812] - DBInterfaceMysql::query: successfully!
  INFO root [2018-06-30 22:12:17,815] - DBInterfaceMysql::query: successfully!
  INFO root [2018-06-30 22:12:17,816] - DBInterfaceMysql::query: successfully!
  INFO root [2018-06-30 22:12:17,817] - DBInterfaceMysql::query: successfully!
  INFO root [2018-06-30 22:12:17,817] - DBInterfaceMysql::query: successfully!
  INFO root [2018-06-30 22:12:17,818] - DBInterfaceMysql::query: successfully!
  INFO root [2018-06-30 22:12:17,819] - DBInterfaceMysql::query: successfully!
  INFO root [2018-06-30 22:12:17,820] - DBInterfaceMysql::query: successfully!
  INFO root [2018-06-30 22:12:17,822] - DBInterfaceMysql::query: successfully!
  INFO root [2018-06-30 22:12:17,876] - DBInterfaceMysql::query: successfully!
  WARN root [2018-06-30 22:12:17,916] - c:\users\public\documents\workspace\kbe\kbengine-kbengine-v1.0.0\kbengine\kbe\src\server\dbmgr\dbmgr.cpp:293: Profile scriptCall took 1.34 seconds
  INFO root [2018-06-30 22:12:18,478] - ---- dbmgr is running ----
 DEBUG root [2018-06-30 22:12:18,479] - Components::process(): Request for the process of identity...
  INFO root [2018-06-30 22:12:25,595] - Components::findComponents: find logger(1)...
  INFO root [2018-06-30 22:12:25,642] - Components::findComponents: found logger, addr:192.168.31.56:24235
  INFO root [2018-06-30 22:12:25,642] - Components::addComponent: reset orderLog, uid=24542!
  INFO root [2018-06-30 22:12:25,643] - Components::addComponent[logger], uid=24542, componentID=2000, globalorderid=1, grouporderid=1, totalcount=1
  INFO root [2018-06-30 22:12:25,655] - Components::process(): Found all the components!
  WARN root [2018-06-30 22:12:25,660] - Forwarding logs to logger[192.168.31.56:24235/0/0/0]...
 ERROR root [2018-06-30 23:19:22,712] - Components::removeComponentByChannel: logger : 2000, Abnormal exit! errorno=10054
  INFO root [2018-06-30 23:19:22,722] - The following logs sent to logger failed:
  WARN root [2018-06-30 23:19:22,722] - ==> [2018-06-30 23:19:22 709] TCPPacketReceiver::processPendingEvents(192.168.31.56:24235): Throwing REASON_GENERAL_NETWORK - WSAECONNRESET
 ERROR root [2018-06-30 23:19:22,723] - ==> [2018-06-30 23:19:22 713] Components::removeComponentByChannel: logger : 2000, Abnormal exit! errorno=10054
  INFO root [2018-06-30 23:19:24,921] - 
  INFO root [2018-06-30 23:19:24,922] - -----------------------------------------------------------------------------------------


  INFO root [2018-06-30 23:19:24,924] - Resmgr::initialize: KBE_ROOT=C:/Users/Public/Documents/workspace/kbe/kbengine-kbengine-v1.0.0/kbengine/
  INFO root [2018-06-30 23:19:24,927] - Resmgr::initialize: KBE_RES_PATH=C:/Users/Public/Documents/workspace/kbe/kbengine-kbengine-v1.0.0/kbengine/kbe/res/;C:/Users/Public/Documents/workspace/kbe/kbengine-kbengine-v1.0.0/kbengine/assets/;C:/Users/Public/Documents/workspace/kbe/kbengine-kbengine-v1.0.0/kbengine/assets/scripts/;C:/Users/Public/Documents/workspace/kbe/kbengine-kbengine-v1.0.0/kbengine/assets/res/
  INFO root [2018-06-30 23:19:24,928] - Resmgr::initialize: KBE_BIN_PATH=C:/Users/Public/Documents/workspace/kbe/kbengine-kbengine-v1.0.0/kbengine/kbe/bin/server/
  INFO root [2018-06-30 23:19:24,970] - NetworkInterface::recreateListeningSocket(INTERNAL): bound to all interfaces with default route interface on 192.168.31.56 ( 192.168.31.56:25030 )
  INFO root [2018-06-30 23:19:24,970] - NetworkInterface::recreateListeningSocket(INTERNAL): address 192.168.31.56:25030, SOMAXCONN=5.
  INFO root [2018-06-30 23:19:24,971] - server-configs:
  INFO root [2018-06-30 23:19:24,971] - 	internalAddr : 192.168.31.56:25030
  INFO root [2018-06-30 23:19:24,971] - 	componentID : 4000
  INFO root [2018-06-30 23:19:26,485] - ---- dbmgr Version: 1.0.0. ScriptVersion: 0.1.0. Protocol: 253D45E587CB031BFD545E02866042FC. Config: Debug X86. Built: 23:15:53 Jun 15 2018. AppID: 4000. UID: 4938. PID: 7972 ----
  INFO root [2018-06-30 23:19:26,486] - Server :        Intel(R) Core(TM) i5-2415M CPU @ 2.30GHz with 4194303kB RAM
  INFO root [2018-06-30 23:19:26,487] - ThreadPool::createThreadPool: creating  threadpool...
  INFO root [2018-06-30 23:19:26,488] - ThreadPool::createThreadPool: successfully(2), newThreadCount=1, normalMaxThreadCount=2, maxThreadCount=8
 DEBUG root [2018-06-30 23:19:26,676] - Script::install_py_dlls(): PyInit_pyexpat
 DEBUG root [2018-06-30 23:19:26,677] - Script::install_py_dlls(): PyInit__socket
 DEBUG root [2018-06-30 23:19:26,678] - Script::install_py_dlls(): PyInit__ssl
 DEBUG root [2018-06-30 23:19:26,691] - Script::install_py_dlls(): PyInit__hashlib
 DEBUG root [2018-06-30 23:19:26,692] - Script::install_py_dlls(): PyInit_select
 DEBUG root [2018-06-30 23:19:26,692] - Script::install_py_dlls(): PyInit__ctypes
 DEBUG root [2018-06-30 23:19:26,694] - Script::install_py_dlls(): PyInit__elementtree
 DEBUG root [2018-06-30 23:19:26,788] - Script::install_py_dlls(): PyInit_unicodedata
  INFO root [2018-06-30 23:19:26,890] - Script::install(): is successfully, Python=(3.4.2 (default, Jun 15 2018, 23:15:28) [MSC v.1913 32 bit (Intel)])!
  INFO root [2018-06-30 23:19:26,891] - Script::install(): KBExtra is successfully!
  INFO root [2018-06-30 23:19:27,008] - Dbmgr::initializeEnd: digest(D83ADB1A7AC1302E807E36F0AD174A02)
S_INFO root [2018-06-30 23:19:27,009] - onDBMgrReady: bootstrapGroupIndex=0, bootstrapGlobalIndex=0
  INFO root [2018-06-30 23:19:27,010] - TelnetServer server is running on port 32000
  INFO root [2018-06-30 23:19:27,013] - Dbmgr::initInterfacesHandler: interfaces addr(127.0.0.1:30099), accountType:(interfaces), chargeType:(interfaces).
  WARN root [2018-06-30 23:19:28,464] - DBUtil::initialize: db(default) password is not encrypted!
please use password(rsa):
846170BCEA282FE3F401444148DDF1EFA2D820801ADCFB42EDCCCDF2721F0B7C512F4F58F83FA24FF185C9758228D4437807A8857A00897E488DC84F8D2A2FF5BF3A262FCA66E2DAEF2E9B477908F623092B7DF16E0964992A922B8D4BD0178901A9AE4E4140B2108E3DB29AAE0DF181FA6021F3574F9C7ACABBF4A690A6AAFA
 DEBUG root [2018-06-30 23:19:28,472] - DBInterfaceMysql::attach: connect: localhost:3306 starting...
 DEBUG root [2018-06-30 23:19:28,754] - DBInterfaceMysql::attach: successfully! addr: localhost:3306
  INFO root [2018-06-30 23:19:28,755] - DBUtil::createInterface[0x194f278]: interface=default, dbtype=mysql, ip=localhost, port=3306, currdatabase=kbe1, username=kbe, connected=yes.

  INFO root [2018-06-30 23:19:28,756] - ThreadPool::createThreadPool: creating  threadpool...
 DEBUG root [2018-06-30 23:19:28,759] - DBInterfaceMysql::attach: connect: localhost:3306 starting...
  INFO root [2018-06-30 23:19:28,761] - ThreadPool::createThreadPool: successfully(5), newThreadCount=5, normalMaxThreadCount=5, maxThreadCount=5
 DEBUG root [2018-06-30 23:19:28,767] - DBInterfaceMysql::attach: successfully! addr: localhost:3306
 DEBUG root [2018-06-30 23:19:28,768] - DBThread::onStart(): 0x2f3538!
 DEBUG root [2018-06-30 23:19:28,771] - DBInterfaceMysql::attach: connect: localhost:3306 starting...
 DEBUG root [2018-06-30 23:19:28,792] - DBInterfaceMysql::attach: connect: localhost:3306 starting...
 DEBUG root [2018-06-30 23:19:28,801] - DBInterfaceMysql::attach: connect: localhost:3306 starting...
 DEBUG root [2018-06-30 23:19:28,802] - DBInterfaceMysql::attach: connect: localhost:3306 starting...
  INFO root [2018-06-30 23:19:28,868] - DBInterfaceMysql::query: successfully!
  INFO root [2018-06-30 23:19:28,877] - DBInterfaceMysql::query: successfully!
  INFO root [2018-06-30 23:19:28,879] - DBInterfaceMysql::query: successfully!
 DEBUG root [2018-06-30 23:19:28,890] - DBInterfaceMysql::attach: successfully! addr: localhost:3306
 DEBUG root [2018-06-30 23:19:28,890] - DBThread::onStart(): 0x2f35c0!
  INFO root [2018-06-30 23:19:28,908] - DBInterfaceMysql::query: successfully!
  INFO root [2018-06-30 23:19:28,980] - DBInterfaceMysql::query: successfully!
 DEBUG root [2018-06-30 23:19:29,012] - DBInterfaceMysql::attach: successfully! addr: localhost:3306
 DEBUG root [2018-06-30 23:19:29,013] - DBThread::onStart(): 0x2f34b0!
  INFO root [2018-06-30 23:19:29,014] - DBInterfaceMysql::query: successfully!
 DEBUG root [2018-06-30 23:19:29,053] - DBInterfaceMysql::attach: successfully! addr: localhost:3306
 DEBUG root [2018-06-30 23:19:29,054] - DBThread::onStart(): 0x2f37e0!
 DEBUG root [2018-06-30 23:19:29,104] - DBInterfaceMysql::attach: successfully! addr: localhost:3306
 DEBUG root [2018-06-30 23:19:29,105] - DBThread::onStart(): 0x2f3648!
  INFO root [2018-06-30 23:19:29,106] - DBInterfaceMysql::query: successfully!
  INFO root [2018-06-30 23:19:29,108] - DBInterfaceMysql::query: successfully!
  INFO root [2018-06-30 23:19:29,109] - DBInterfaceMysql::query: successfully!
  INFO root [2018-06-30 23:19:29,109] - DBInterfaceMysql::query: successfully!
  WARN root [2018-06-30 23:19:29,123] - c:\users\public\documents\workspace\kbe\kbengine-kbengine-v1.0.0\kbengine\kbe\src\server\dbmgr\dbmgr.cpp:293: Profile scriptCall took 2.11 seconds
  INFO root [2018-06-30 23:19:31,570] - ---- dbmgr is running ----
 DEBUG root [2018-06-30 23:19:31,572] - Components::process(): Request for the process of identity...
  INFO root [2018-06-30 23:19:38,748] - Components::findComponents: find logger(1)...
  INFO root [2018-06-30 23:19:38,849] - Components::findComponents: found logger, addr:192.168.31.56:25033
  INFO root [2018-06-30 23:19:38,850] - Components::addComponent: reset orderLog, uid=4938!
  INFO root [2018-06-30 23:19:38,850] - Components::addComponent[logger], uid=4938, componentID=2000, globalorderid=1, grouporderid=1, totalcount=1
  WARN root [2018-06-30 23:19:38,853] - Forwarding logs to logger[192.168.31.56:25033/0/0/0]...
 ERROR root [2018-06-30 23:39:23,859] - Components::removeComponentByChannel: loginapp : 9000, Abnormal exit! errorno=10054
 ERROR root [2018-06-30 23:39:23,875] - Components::removeComponentByChannel: cellapp : 8001, Abnormal exit! errorno=10054
 ERROR root [2018-06-30 23:39:23,891] - Components::removeComponentByChannel: baseapp : 7001, Abnormal exit! errorno=10054
 ERROR root [2018-06-30 23:39:23,906] - Components::removeComponentByChannel: cellappmgr : 6000, Abnormal exit! errorno=10054
