 ERROR root [2018-06-22 00:03:11,216] - Components::removeComponentByChannel: logger : 2000, Abnormal exit! errorno=10054
  INFO root [2018-06-22 00:03:11,222] - The following logs sent to logger failed:
  WARN root [2018-06-22 00:03:11,223] - ==> [2018-06-22 00:03:11 213] TCPPacketReceiver::processPendingEvents(192.168.31.56:10100): Throwing REASON_GENERAL_NETWORK - WSAECONNRESET
 ERROR root [2018-06-22 00:03:11,223] - ==> [2018-06-22 00:03:11 219] Components::removeComponentByChannel: logger : 2000, Abnormal exit! errorno=10054
  INFO root [2018-06-22 08:40:34,116] - 
  INFO root [2018-06-22 08:40:34,117] - -----------------------------------------------------------------------------------------


  INFO root [2018-06-22 08:40:34,119] - Resmgr::initialize: KBE_ROOT=C:/Users/Public/Documents/workspace/kbe/kbengine-kbengine-v1.0.0/kbengine/
  INFO root [2018-06-22 08:40:34,120] - Resmgr::initialize: KBE_RES_PATH=C:/Users/Public/Documents/workspace/kbe/kbengine-kbengine-v1.0.0/kbengine/kbe/res/;C:/Users/Public/Documents/workspace/kbe/kbengine-kbengine-v1.0.0/kbengine/assets/;C:/Users/Public/Documents/workspace/kbe/kbengine-kbengine-v1.0.0/kbengine/assets/scripts/;C:/Users/Public/Documents/workspace/kbe/kbengine-kbengine-v1.0.0/kbengine/assets/res/
  INFO root [2018-06-22 08:40:34,120] - Resmgr::initialize: KBE_BIN_PATH=C:/Users/Public/Documents/workspace/kbe/kbengine-kbengine-v1.0.0/kbengine/kbe/bin/server/
  INFO root [2018-06-22 08:40:34,132] - NetworkInterface::recreateListeningSocket(INTERNAL): bound to all interfaces with default route interface on 192.168.31.56 ( 192.168.31.56:2553 )
  INFO root [2018-06-22 08:40:34,133] - NetworkInterface::recreateListeningSocket(INTERNAL): address 192.168.31.56:2553, SOMAXCONN=5.
  INFO root [2018-06-22 08:40:34,133] - server-configs:
  INFO root [2018-06-22 08:40:34,133] - 	internalAddr : 192.168.31.56:2553
  INFO root [2018-06-22 08:40:34,134] - 	componentID : 4000
  INFO root [2018-06-22 08:40:35,647] - ---- dbmgr Version: 1.0.0. ScriptVersion: 0.1.0. Protocol: 253D45E587CB031BFD545E02866042FC. Config: Debug X86. Built: 23:15:53 Jun 15 2018. AppID: 4000. UID: 404. PID: 8532 ----
  INFO root [2018-06-22 08:40:35,649] - Server :        Intel(R) Core(TM) i5-2415M CPU @ 2.30GHz with 4194303kB RAM
  INFO root [2018-06-22 08:40:35,650] - ThreadPool::createThreadPool: creating  threadpool...
  INFO root [2018-06-22 08:40:35,651] - ThreadPool::createThreadPool: successfully(2), newThreadCount=1, normalMaxThreadCount=2, maxThreadCount=8
 DEBUG root [2018-06-22 08:40:35,881] - Script::install_py_dlls(): PyInit_pyexpat
 DEBUG root [2018-06-22 08:40:35,882] - Script::install_py_dlls(): PyInit__socket
 DEBUG root [2018-06-22 08:40:35,883] - Script::install_py_dlls(): PyInit__ssl
 DEBUG root [2018-06-22 08:40:35,890] - Script::install_py_dlls(): PyInit__hashlib
 DEBUG root [2018-06-22 08:40:35,891] - Script::install_py_dlls(): PyInit_select
 DEBUG root [2018-06-22 08:40:35,892] - Script::install_py_dlls(): PyInit__ctypes
 DEBUG root [2018-06-22 08:40:35,893] - Script::install_py_dlls(): PyInit__elementtree
 DEBUG root [2018-06-22 08:40:36,069] - Script::install_py_dlls(): PyInit_unicodedata
  INFO root [2018-06-22 08:40:36,214] - Script::install(): is successfully, Python=(3.4.2 (default, Jun 15 2018, 23:15:28) [MSC v.1913 32 bit (Intel)])!
  INFO root [2018-06-22 08:40:36,215] - Script::install(): KBExtra is successfully!
  INFO root [2018-06-22 08:40:36,269] - Dbmgr::initializeEnd: digest(E8616443B87DAD141506882EDDA1C70F)
S_INFO root [2018-06-22 08:40:36,269] - onDBMgrReady: bootstrapGroupIndex=0, bootstrapGlobalIndex=0
  INFO root [2018-06-22 08:40:36,270] - TelnetServer server is running on port 32000
  INFO root [2018-06-22 08:40:36,271] - Dbmgr::initInterfacesHandler: interfaces addr(127.0.0.1:30099), accountType:(interfaces), chargeType:(interfaces).
  WARN root [2018-06-22 08:40:37,207] - DBUtil::initialize: db(default) password is not encrypted!
please use password(rsa):
5EB09DAB821849869C014C14AE7B04FBE5558660C2880D02DAB63EA3C3CC7F943EA0D8376507708966F8BB6F939F9639A0300BDBA2BA010DDCA72A1A2F29C078FE3505D848E1733963139BFBA8DD579F85C5792481D59D14B750C153443C814FDEFBA00FEEAB4D3658F0487A0338A845D248E747C531D4AA531BB82C2C9A8A67
 DEBUG root [2018-06-22 08:40:37,209] - DBInterfaceMysql::attach: connect: localhost:3306 starting...
 DEBUG root [2018-06-22 08:40:37,221] - DBInterfaceMysql::attach: successfully! addr: localhost:3306
  INFO root [2018-06-22 08:40:37,221] - DBUtil::createInterface[0x2ff0bc]: interface=default, dbtype=mysql, ip=localhost, port=3306, currdatabase=kbe1, username=kbe, connected=yes.

  INFO root [2018-06-22 08:40:37,222] - ThreadPool::createThreadPool: creating  threadpool...
 DEBUG root [2018-06-22 08:40:37,222] - DBInterfaceMysql::attach: connect: localhost:3306 starting...
 DEBUG root [2018-06-22 08:40:37,222] - DBInterfaceMysql::attach: connect: localhost:3306 starting...
 DEBUG root [2018-06-22 08:40:37,223] - DBInterfaceMysql::attach: connect: localhost:3306 starting...
  INFO root [2018-06-22 08:40:37,223] - ThreadPool::createThreadPool: successfully(5), newThreadCount=5, normalMaxThreadCount=5, maxThreadCount=5
 DEBUG root [2018-06-22 08:40:37,223] - DBInterfaceMysql::attach: connect: localhost:3306 starting...
 DEBUG root [2018-06-22 08:40:37,223] - DBInterfaceMysql::attach: connect: localhost:3306 starting...
 DEBUG root [2018-06-22 08:40:37,230] - DBInterfaceMysql::attach: successfully! addr: localhost:3306
 DEBUG root [2018-06-22 08:40:37,230] - DBInterfaceMysql::attach: successfully! addr: localhost:3306
 DEBUG root [2018-06-22 08:40:37,230] - DBThread::onStart(): 0x6846f0!
 DEBUG root [2018-06-22 08:40:37,230] - DBInterfaceMysql::attach: successfully! addr: localhost:3306
 DEBUG root [2018-06-22 08:40:37,231] - DBThread::onStart(): 0x684668!
 DEBUG root [2018-06-22 08:40:37,231] - DBThread::onStart(): 0x684558!
 DEBUG root [2018-06-22 08:40:37,231] - DBInterfaceMysql::attach: successfully! addr: localhost:3306
 DEBUG root [2018-06-22 08:40:37,231] - DBThread::onStart(): 0x6845e0!
 DEBUG root [2018-06-22 08:40:37,231] - DBInterfaceMysql::attach: successfully! addr: localhost:3306
 DEBUG root [2018-06-22 08:40:37,231] - DBThread::onStart(): 0x6844d0!
  INFO root [2018-06-22 08:40:37,327] - DBInterfaceMysql::query: successfully!
  INFO root [2018-06-22 08:40:37,330] - DBInterfaceMysql::query: successfully!
  INFO root [2018-06-22 08:40:37,483] - DBInterfaceMysql::query: successfully!
  INFO root [2018-06-22 08:40:37,483] - DBInterfaceMysql::query: successfully!
  INFO root [2018-06-22 08:40:37,483] - DBInterfaceMysql::query: successfully!
  INFO root [2018-06-22 08:40:37,484] - DBInterfaceMysql::query: successfully!
  INFO root [2018-06-22 08:40:37,635] - DBInterfaceMysql::query: successfully!
  INFO root [2018-06-22 08:40:37,636] - DBInterfaceMysql::query: successfully!
  INFO root [2018-06-22 08:40:37,636] - DBInterfaceMysql::query: successfully!
  WARN root [2018-06-22 08:40:37,636] - DBTask::process(): took 0.31 seconds
sql:(delete from kbe_email_verification where logtime<1529624437 and type=3)
  INFO root [2018-06-22 08:40:37,645] - DBInterfaceMysql::query: successfully!
  WARN root [2018-06-22 08:40:37,646] - DBTask::process(): took 0.32 seconds
sql:(delete from kbe_entitylog where logger in (4000))
  WARN root [2018-06-22 08:40:37,731] - DBTask::process(): took 0.40 seconds
sql:(insert into kbe_serverlog (heartbeatTime, logger) values(1529628037,4000) ON DUPLICATE KEY UPDATE heartbeatTime=1529628037)
  WARN root [2018-06-22 08:40:37,750] - c:\users\public\documents\workspace\kbe\kbengine-kbengine-v1.0.0\kbengine\kbe\src\server\dbmgr\dbmgr.cpp:293: Profile scriptCall took 1.48 seconds
  INFO root [2018-06-22 08:40:38,260] - ---- dbmgr is running ----
 DEBUG root [2018-06-22 08:40:38,261] - Components::process(): Request for the process of identity...
  INFO root [2018-06-22 08:40:45,370] - Components::findComponents: find logger(1)...
  INFO root [2018-06-22 08:40:45,387] - Components::findComponents: found logger, addr:192.168.31.56:2552
  INFO root [2018-06-22 08:40:45,388] - Components::addComponent: reset orderLog, uid=404!
  INFO root [2018-06-22 08:40:45,388] - Components::addComponent[logger], uid=404, componentID=2000, globalorderid=1, grouporderid=1, totalcount=1
  INFO root [2018-06-22 08:40:45,410] - Components::process(): Found all the components!
  WARN root [2018-06-22 08:40:45,422] - Forwarding logs to logger[192.168.31.56:2552/0/0/0]...
 ERROR root [2018-06-22 08:54:03,561] - Components::removeComponentByChannel: logger : 2000, Abnormal exit! errorno=10054
  INFO root [2018-06-22 08:54:03,564] - The following logs sent to logger failed:
  WARN root [2018-06-22 08:54:03,565] - ==> [2018-06-22 08:54:03 561] TCPPacketReceiver::processPendingEvents(192.168.31.56:2552): Throwing REASON_GENERAL_NETWORK - WSAECONNRESET
 ERROR root [2018-06-22 08:54:03,565] - ==> [2018-06-22 08:54:03 562] Components::removeComponentByChannel: logger : 2000, Abnormal exit! errorno=10054
  INFO root [2018-06-22 08:54:12,446] - 
  INFO root [2018-06-22 08:54:12,462] - -----------------------------------------------------------------------------------------


  INFO root [2018-06-22 08:54:12,464] - Resmgr::initialize: KBE_ROOT=C:/Users/Public/Documents/workspace/kbe/kbengine-kbengine-v1.0.0/kbengine/
  INFO root [2018-06-22 08:54:12,465] - Resmgr::initialize: KBE_RES_PATH=C:/Users/Public/Documents/workspace/kbe/kbengine-kbengine-v1.0.0/kbengine/kbe/res/;C:/Users/Public/Documents/workspace/kbe/kbengine-kbengine-v1.0.0/kbengine/assets/;C:/Users/Public/Documents/workspace/kbe/kbengine-kbengine-v1.0.0/kbengine/assets/scripts/;C:/Users/Public/Documents/workspace/kbe/kbengine-kbengine-v1.0.0/kbengine/assets/res/
  INFO root [2018-06-22 08:54:12,465] - Resmgr::initialize: KBE_BIN_PATH=C:/Users/Public/Documents/workspace/kbe/kbengine-kbengine-v1.0.0/kbengine/kbe/bin/server/
  INFO root [2018-06-22 08:54:12,497] - NetworkInterface::recreateListeningSocket(INTERNAL): bound to all interfaces with default route interface on 192.168.31.56 ( 192.168.31.56:2854 )
  INFO root [2018-06-22 08:54:12,497] - NetworkInterface::recreateListeningSocket(INTERNAL): address 192.168.31.56:2854, SOMAXCONN=5.
  INFO root [2018-06-22 08:54:12,498] - server-configs:
  INFO root [2018-06-22 08:54:12,498] - 	internalAddr : 192.168.31.56:2854
  INFO root [2018-06-22 08:54:12,498] - 	componentID : 4000
  INFO root [2018-06-22 08:54:14,013] - ---- dbmgr Version: 1.0.0. ScriptVersion: 0.1.0. Protocol: 253D45E587CB031BFD545E02866042FC. Config: Debug X86. Built: 23:15:53 Jun 15 2018. AppID: 4000. UID: 3079. PID: 9184 ----
  INFO root [2018-06-22 08:54:14,016] - Server :        Intel(R) Core(TM) i5-2415M CPU @ 2.30GHz with 4194303kB RAM
  INFO root [2018-06-22 08:54:14,017] - ThreadPool::createThreadPool: creating  threadpool...
  INFO root [2018-06-22 08:54:14,017] - ThreadPool::createThreadPool: successfully(2), newThreadCount=1, normalMaxThreadCount=2, maxThreadCount=8
 DEBUG root [2018-06-22 08:54:14,216] - Script::install_py_dlls(): PyInit_pyexpat
 DEBUG root [2018-06-22 08:54:14,217] - Script::install_py_dlls(): PyInit__socket
 DEBUG root [2018-06-22 08:54:14,218] - Script::install_py_dlls(): PyInit__ssl
 DEBUG root [2018-06-22 08:54:14,227] - Script::install_py_dlls(): PyInit__hashlib
 DEBUG root [2018-06-22 08:54:14,228] - Script::install_py_dlls(): PyInit_select
 DEBUG root [2018-06-22 08:54:14,229] - Script::install_py_dlls(): PyInit__ctypes
 DEBUG root [2018-06-22 08:54:14,230] - Script::install_py_dlls(): PyInit__elementtree
 DEBUG root [2018-06-22 08:54:14,331] - Script::install_py_dlls(): PyInit_unicodedata
  INFO root [2018-06-22 08:54:14,430] - Script::install(): is successfully, Python=(3.4.2 (default, Jun 15 2018, 23:15:28) [MSC v.1913 32 bit (Intel)])!
  INFO root [2018-06-22 08:54:14,431] - Script::install(): KBExtra is successfully!
  INFO root [2018-06-22 08:54:14,455] - Dbmgr::initializeEnd: digest(E8616443B87DAD141506882EDDA1C70F)
S_INFO root [2018-06-22 08:54:14,456] - onDBMgrReady: bootstrapGroupIndex=0, bootstrapGlobalIndex=0
  INFO root [2018-06-22 08:54:14,457] - TelnetServer server is running on port 32000
  INFO root [2018-06-22 08:54:14,459] - Dbmgr::initInterfacesHandler: interfaces addr(127.0.0.1:30099), accountType:(interfaces), chargeType:(interfaces).
  WARN root [2018-06-22 08:54:15,436] - DBUtil::initialize: db(default) password is not encrypted!
please use password(rsa):
32404682102067FF3D171CB95792FD74B635E7ECF71E6D502DBEB1E053D0D0DEF27FF9E455309CEBAC76C88F7827E64A7B4FB4C7705371C60FA1308E8CD324E17890D621964525EEEB390237EC75AE50929C1E63D571C1FD1BC3607225DD5BB75663AA903402EE99DCD2800AC507E167794F443BA44ACB2A1DF5E9C3372434DA
 DEBUG root [2018-06-22 08:54:15,445] - DBInterfaceMysql::attach: connect: localhost:3306 starting...
 DEBUG root [2018-06-22 08:54:15,563] - DBInterfaceMysql::attach: successfully! addr: localhost:3306
  INFO root [2018-06-22 08:54:15,563] - DBUtil::createInterface[0x20f064]: interface=default, dbtype=mysql, ip=localhost, port=3306, currdatabase=kbe1, username=kbe, connected=yes.

  INFO root [2018-06-22 08:54:15,564] - ThreadPool::createThreadPool: creating  threadpool...
  INFO root [2018-06-22 08:54:15,565] - ThreadPool::createThreadPool: successfully(5), newThreadCount=5, normalMaxThreadCount=5, maxThreadCount=5
 DEBUG root [2018-06-22 08:54:15,566] - DBInterfaceMysql::attach: connect: localhost:3306 starting...
 DEBUG root [2018-06-22 08:54:15,586] - DBInterfaceMysql::attach: connect: localhost:3306 starting...
 DEBUG root [2018-06-22 08:54:15,631] - DBInterfaceMysql::attach: connect: localhost:3306 starting...
 DEBUG root [2018-06-22 08:54:15,633] - DBInterfaceMysql::attach: connect: localhost:3306 starting...
 DEBUG root [2018-06-22 08:54:15,643] - DBInterfaceMysql::attach: connect: localhost:3306 starting...
  INFO root [2018-06-22 08:54:15,671] - DBInterfaceMysql::query: successfully!
  INFO root [2018-06-22 08:54:15,677] - DBInterfaceMysql::query: successfully!
 DEBUG root [2018-06-22 08:54:16,174] - DBInterfaceMysql::attach: successfully! addr: localhost:3306
 DEBUG root [2018-06-22 08:54:16,175] - DBInterfaceMysql::attach: successfully! addr: localhost:3306
 DEBUG root [2018-06-22 08:54:16,176] - DBThread::onStart(): 0x5b43c8!
 DEBUG root [2018-06-22 08:54:16,176] - DBThread::onStart(): 0x5b4560!
  INFO root [2018-06-22 08:54:16,180] - DBInterfaceMysql::query: successfully!
  INFO root [2018-06-22 08:54:16,180] - DBInterfaceMysql::query: successfully!
  INFO root [2018-06-22 08:54:16,181] - DBInterfaceMysql::query: successfully!
  INFO root [2018-06-22 08:54:16,182] - DBInterfaceMysql::query: successfully!
  INFO root [2018-06-22 08:54:16,182] - DBInterfaceMysql::query: successfully!
 DEBUG root [2018-06-22 08:54:16,187] - DBInterfaceMysql::attach: successfully! addr: localhost:3306
 DEBUG root [2018-06-22 08:54:16,188] - DBThread::onStart(): 0x5b44d8!
  INFO root [2018-06-22 08:54:16,191] - DBInterfaceMysql::query: successfully!
 DEBUG root [2018-06-22 08:54:16,195] - DBInterfaceMysql::attach: successfully! addr: localhost:3306
 DEBUG root [2018-06-22 08:54:16,195] - DBThread::onStart(): 0x5b45e8!
 DEBUG root [2018-06-22 08:54:16,209] - DBInterfaceMysql::attach: successfully! addr: localhost:3306
 DEBUG root [2018-06-22 08:54:16,209] - DBThread::onStart(): 0x5b4450!
  INFO root [2018-06-22 08:54:16,212] - DBInterfaceMysql::query: successfully!
  INFO root [2018-06-22 08:54:16,354] - DBInterfaceMysql::query: successfully!
  WARN root [2018-06-22 08:54:16,369] - c:\users\public\documents\workspace\kbe\kbengine-kbengine-v1.0.0\kbengine\kbe\src\server\dbmgr\dbmgr.cpp:293: Profile scriptCall took 1.91 seconds
  INFO root [2018-06-22 08:54:17,482] - ---- dbmgr is running ----
 DEBUG root [2018-06-22 08:54:17,482] - Components::process(): Request for the process of identity...
  INFO root [2018-06-22 08:54:24,615] - Components::findComponents: find logger(1)...
  INFO root [2018-06-22 08:54:24,669] - Components::findComponents: found logger, addr:192.168.31.56:2860
  INFO root [2018-06-22 08:54:24,670] - Components::addComponent: reset orderLog, uid=3079!
  INFO root [2018-06-22 08:54:24,670] - Components::addComponent[logger], uid=3079, componentID=2000, globalorderid=1, grouporderid=1, totalcount=1
  WARN root [2018-06-22 08:54:24,674] - Forwarding logs to logger[192.168.31.56:2860/0/0/0]...
 ERROR root [2018-06-22 09:08:32,080] - Components::removeComponentByChannel: logger : 2000, Abnormal exit! errorno=10054
  INFO root [2018-06-22 09:08:32,082] - The following logs sent to logger failed:
  WARN root [2018-06-22 09:08:32,083] - ==> [2018-06-22 09:08:32 074] TCPPacketReceiver::processPendingEvents(192.168.31.56:2860): Throwing REASON_GENERAL_NETWORK - WSAECONNRESET
 ERROR root [2018-06-22 09:08:32,083] - ==> [2018-06-22 09:08:32 080] Components::removeComponentByChannel: logger : 2000, Abnormal exit! errorno=10054
  INFO root [2018-06-22 09:08:40,666] - 
  INFO root [2018-06-22 09:08:40,667] - -----------------------------------------------------------------------------------------


  INFO root [2018-06-22 09:08:40,668] - Resmgr::initialize: KBE_ROOT=C:/Users/Public/Documents/workspace/kbe/kbengine-kbengine-v1.0.0/kbengine/
  INFO root [2018-06-22 09:08:40,669] - Resmgr::initialize: KBE_RES_PATH=C:/Users/Public/Documents/workspace/kbe/kbengine-kbengine-v1.0.0/kbengine/kbe/res/;C:/Users/Public/Documents/workspace/kbe/kbengine-kbengine-v1.0.0/kbengine/assets/;C:/Users/Public/Documents/workspace/kbe/kbengine-kbengine-v1.0.0/kbengine/assets/scripts/;C:/Users/Public/Documents/workspace/kbe/kbengine-kbengine-v1.0.0/kbengine/assets/res/
  INFO root [2018-06-22 09:08:40,669] - Resmgr::initialize: KBE_BIN_PATH=C:/Users/Public/Documents/workspace/kbe/kbengine-kbengine-v1.0.0/kbengine/kbe/bin/server/
  INFO root [2018-06-22 09:08:40,677] - NetworkInterface::recreateListeningSocket(INTERNAL): bound to all interfaces with default route interface on 192.168.31.56 ( 192.168.31.56:3105 )
  INFO root [2018-06-22 09:08:40,678] - NetworkInterface::recreateListeningSocket(INTERNAL): address 192.168.31.56:3105, SOMAXCONN=5.
  INFO root [2018-06-22 09:08:40,678] - server-configs:
  INFO root [2018-06-22 09:08:40,678] - 	internalAddr : 192.168.31.56:3105
  INFO root [2018-06-22 09:08:40,678] - 	componentID : 4000
  INFO root [2018-06-22 09:08:42,190] - ---- dbmgr Version: 1.0.0. ScriptVersion: 0.1.0. Protocol: 253D45E587CB031BFD545E02866042FC. Config: Debug X86. Built: 23:15:53 Jun 15 2018. AppID: 4000. UID: 5913. PID: 8980 ----
  INFO root [2018-06-22 09:08:42,191] - Server :        Intel(R) Core(TM) i5-2415M CPU @ 2.30GHz with 4194303kB RAM
  INFO root [2018-06-22 09:08:42,191] - ThreadPool::createThreadPool: creating  threadpool...
  INFO root [2018-06-22 09:08:42,192] - ThreadPool::createThreadPool: successfully(2), newThreadCount=1, normalMaxThreadCount=2, maxThreadCount=8
 DEBUG root [2018-06-22 09:08:42,389] - Script::install_py_dlls(): PyInit_pyexpat
 DEBUG root [2018-06-22 09:08:42,399] - Script::install_py_dlls(): PyInit__socket
 DEBUG root [2018-06-22 09:08:42,401] - Script::install_py_dlls(): PyInit__ssl
 DEBUG root [2018-06-22 09:08:42,409] - Script::install_py_dlls(): PyInit__hashlib
 DEBUG root [2018-06-22 09:08:42,410] - Script::install_py_dlls(): PyInit_select
 DEBUG root [2018-06-22 09:08:42,410] - Script::install_py_dlls(): PyInit__ctypes
 DEBUG root [2018-06-22 09:08:42,412] - Script::install_py_dlls(): PyInit__elementtree
 DEBUG root [2018-06-22 09:08:42,512] - Script::install_py_dlls(): PyInit_unicodedata
  INFO root [2018-06-22 09:08:42,612] - Script::install(): is successfully, Python=(3.4.2 (default, Jun 15 2018, 23:15:28) [MSC v.1913 32 bit (Intel)])!
  INFO root [2018-06-22 09:08:42,613] - Script::install(): KBExtra is successfully!
  INFO root [2018-06-22 09:08:42,637] - Dbmgr::initializeEnd: digest(E8616443B87DAD141506882EDDA1C70F)
S_INFO root [2018-06-22 09:08:42,637] - onDBMgrReady: bootstrapGroupIndex=0, bootstrapGlobalIndex=0
  INFO root [2018-06-22 09:08:42,639] - TelnetServer server is running on port 32000
  INFO root [2018-06-22 09:08:42,642] - Dbmgr::initInterfacesHandler: interfaces addr(127.0.0.1:30099), accountType:(interfaces), chargeType:(interfaces).
  WARN root [2018-06-22 09:08:43,671] - DBUtil::initialize: db(default) password is not encrypted!
please use password(rsa):
7ED38F95990289EED6D041D15542796251B7520D71FB04D42637FCA3C00A1489587DEE34E61B59B744765F8FD3E94C8130C6DD1F9B714DF7922E7DC53DEC19AACA8709016F1339E7713C48279A56D5D625F1118A1641956787C511E9B0B119F9889F14EEFDEE814E40F1B3C4051C8D1B510C26805258EA1D02A38B653D165B78
 DEBUG root [2018-06-22 09:08:43,675] - DBInterfaceMysql::attach: connect: localhost:3306 starting...
 DEBUG root [2018-06-22 09:08:43,706] - DBInterfaceMysql::attach: successfully! addr: localhost:3306
  INFO root [2018-06-22 09:08:43,707] - DBUtil::createInterface[0x31f1cc]: interface=default, dbtype=mysql, ip=localhost, port=3306, currdatabase=kbe1, username=kbe, connected=yes.

  INFO root [2018-06-22 09:08:43,708] - ThreadPool::createThreadPool: creating  threadpool...
  INFO root [2018-06-22 09:08:43,709] - ThreadPool::createThreadPool: successfully(5), newThreadCount=5, normalMaxThreadCount=5, maxThreadCount=5
 DEBUG root [2018-06-22 09:08:43,718] - DBInterfaceMysql::attach: connect: localhost:3306 starting...
 DEBUG root [2018-06-22 09:08:43,720] - DBInterfaceMysql::attach: connect: localhost:3306 starting...
 DEBUG root [2018-06-22 09:08:43,725] - DBInterfaceMysql::attach: successfully! addr: localhost:3306
 DEBUG root [2018-06-22 09:08:43,725] - DBThread::onStart(): 0x4744d8!
 DEBUG root [2018-06-22 09:08:43,727] - DBInterfaceMysql::attach: successfully! addr: localhost:3306
 DEBUG root [2018-06-22 09:08:43,727] - DBThread::onStart(): 0x4746f8!
 DEBUG root [2018-06-22 09:08:43,729] - DBInterfaceMysql::attach: connect: localhost:3306 starting...
 DEBUG root [2018-06-22 09:08:43,731] - DBInterfaceMysql::attach: connect: localhost:3306 starting...
 DEBUG root [2018-06-22 09:08:43,735] - DBInterfaceMysql::attach: successfully! addr: localhost:3306
 DEBUG root [2018-06-22 09:08:43,736] - DBThread::onStart(): 0x474560!
 DEBUG root [2018-06-22 09:08:43,736] - DBInterfaceMysql::attach: successfully! addr: localhost:3306
 DEBUG root [2018-06-22 09:08:43,736] - DBThread::onStart(): 0x4745e8!
 DEBUG root [2018-06-22 09:08:43,738] - DBInterfaceMysql::attach: connect: localhost:3306 starting...
 DEBUG root [2018-06-22 09:08:43,748] - DBInterfaceMysql::attach: successfully! addr: localhost:3306
 DEBUG root [2018-06-22 09:08:43,748] - DBThread::onStart(): 0x474670!
  INFO root [2018-06-22 09:08:43,815] - DBInterfaceMysql::query: successfully!
  INFO root [2018-06-22 09:08:43,821] - DBInterfaceMysql::query: successfully!
  INFO root [2018-06-22 09:08:43,824] - DBInterfaceMysql::query: successfully!
  INFO root [2018-06-22 09:08:43,825] - DBInterfaceMysql::query: successfully!
  INFO root [2018-06-22 09:08:43,826] - DBInterfaceMysql::query: successfully!
  INFO root [2018-06-22 09:08:43,826] - DBInterfaceMysql::query: successfully!
  INFO root [2018-06-22 09:08:43,828] - DBInterfaceMysql::query: successfully!
  INFO root [2018-06-22 09:08:43,829] - DBInterfaceMysql::query: successfully!
  INFO root [2018-06-22 09:08:43,831] - DBInterfaceMysql::query: successfully!
  INFO root [2018-06-22 09:08:43,844] - DBInterfaceMysql::query: successfully!
  WARN root [2018-06-22 09:08:43,894] - c:\users\public\documents\workspace\kbe\kbengine-kbengine-v1.0.0\kbengine\kbe\src\server\dbmgr\dbmgr.cpp:293: Profile scriptCall took 1.26 seconds
  INFO root [2018-06-22 09:08:44,905] - ---- dbmgr is running ----
 DEBUG root [2018-06-22 09:08:44,906] - Components::process(): Request for the process of identity...
  INFO root [2018-06-22 09:08:52,018] - Components::findComponents: find logger(1)...
  INFO root [2018-06-22 09:08:52,115] - Components::findComponents: found logger, addr:192.168.31.56:3104
  INFO root [2018-06-22 09:08:52,116] - Components::addComponent: reset orderLog, uid=5913!
  INFO root [2018-06-22 09:08:52,116] - Components::addComponent[logger], uid=5913, componentID=2000, globalorderid=1, grouporderid=1, totalcount=1
  WARN root [2018-06-22 09:08:52,118] - Forwarding logs to logger[192.168.31.56:3104/0/0/0]...
 ERROR root [2018-06-22 09:12:23,736] - Components::removeComponentByChannel: logger : 2000, Abnormal exit! errorno=10054
  INFO root [2018-06-22 09:12:23,747] - The following logs sent to logger failed:
  WARN root [2018-06-22 09:12:23,748] - ==> [2018-06-22 09:12:23 735] TCPPacketReceiver::processPendingEvents(192.168.31.56:3104): Throwing REASON_GENERAL_NETWORK - WSAECONNRESET
 ERROR root [2018-06-22 09:12:23,749] - ==> [2018-06-22 09:12:23 737] Components::removeComponentByChannel: logger : 2000, Abnormal exit! errorno=10054
  INFO root [2018-06-22 09:12:32,963] - 
  INFO root [2018-06-22 09:12:32,964] - -----------------------------------------------------------------------------------------


  INFO root [2018-06-22 09:12:32,966] - Resmgr::initialize: KBE_ROOT=C:/Users/Public/Documents/workspace/kbe/kbengine-kbengine-v1.0.0/kbengine/
  INFO root [2018-06-22 09:12:32,967] - Resmgr::initialize: KBE_RES_PATH=C:/Users/Public/Documents/workspace/kbe/kbengine-kbengine-v1.0.0/kbengine/kbe/res/;C:/Users/Public/Documents/workspace/kbe/kbengine-kbengine-v1.0.0/kbengine/assets/;C:/Users/Public/Documents/workspace/kbe/kbengine-kbengine-v1.0.0/kbengine/assets/scripts/;C:/Users/Public/Documents/workspace/kbe/kbengine-kbengine-v1.0.0/kbengine/assets/res/
  INFO root [2018-06-22 09:12:32,967] - Resmgr::initialize: KBE_BIN_PATH=C:/Users/Public/Documents/workspace/kbe/kbengine-kbengine-v1.0.0/kbengine/kbe/bin/server/
  INFO root [2018-06-22 09:12:32,988] - NetworkInterface::recreateListeningSocket(INTERNAL): bound to all interfaces with default route interface on 192.168.31.56 ( 192.168.31.56:3211 )
  INFO root [2018-06-22 09:12:32,988] - NetworkInterface::recreateListeningSocket(INTERNAL): address 192.168.31.56:3211, SOMAXCONN=5.
  INFO root [2018-06-22 09:12:32,989] - server-configs:
  INFO root [2018-06-22 09:12:32,989] - 	internalAddr : 192.168.31.56:3211
  INFO root [2018-06-22 09:12:32,990] - 	componentID : 4000
  INFO root [2018-06-22 09:12:34,504] - ---- dbmgr Version: 1.0.0. ScriptVersion: 0.1.0. Protocol: 253D45E587CB031BFD545E02866042FC. Config: Debug X86. Built: 23:15:53 Jun 15 2018. AppID: 4000. UID: 6674. PID: 10236 ----
  INFO root [2018-06-22 09:12:34,505] - Server :        Intel(R) Core(TM) i5-2415M CPU @ 2.30GHz with 4194303kB RAM
  INFO root [2018-06-22 09:12:34,506] - ThreadPool::createThreadPool: creating  threadpool...
  INFO root [2018-06-22 09:12:34,506] - ThreadPool::createThreadPool: successfully(2), newThreadCount=1, normalMaxThreadCount=2, maxThreadCount=8
 DEBUG root [2018-06-22 09:12:34,696] - Script::install_py_dlls(): PyInit_pyexpat
 DEBUG root [2018-06-22 09:12:34,697] - Script::install_py_dlls(): PyInit__socket
 DEBUG root [2018-06-22 09:12:34,698] - Script::install_py_dlls(): PyInit__ssl
 DEBUG root [2018-06-22 09:12:34,705] - Script::install_py_dlls(): PyInit__hashlib
 DEBUG root [2018-06-22 09:12:34,706] - Script::install_py_dlls(): PyInit_select
 DEBUG root [2018-06-22 09:12:34,706] - Script::install_py_dlls(): PyInit__ctypes
 DEBUG root [2018-06-22 09:12:34,708] - Script::install_py_dlls(): PyInit__elementtree
 DEBUG root [2018-06-22 09:12:34,846] - Script::install_py_dlls(): PyInit_unicodedata
  INFO root [2018-06-22 09:12:35,018] - Script::install(): is successfully, Python=(3.4.2 (default, Jun 15 2018, 23:15:28) [MSC v.1913 32 bit (Intel)])!
  INFO root [2018-06-22 09:12:35,019] - Script::install(): KBExtra is successfully!
  INFO root [2018-06-22 09:12:35,074] - Dbmgr::initializeEnd: digest(E8616443B87DAD141506882EDDA1C70F)
S_INFO root [2018-06-22 09:12:35,075] - onDBMgrReady: bootstrapGroupIndex=0, bootstrapGlobalIndex=0
  INFO root [2018-06-22 09:12:35,076] - TelnetServer server is running on port 32000
  INFO root [2018-06-22 09:12:35,077] - Dbmgr::initInterfacesHandler: interfaces addr(127.0.0.1:30099), accountType:(interfaces), chargeType:(interfaces).
  WARN root [2018-06-22 09:12:36,235] - DBUtil::initialize: db(default) password is not encrypted!
please use password(rsa):
805FAAF72A37EA5E6FB67510BB1CC8ACA956E6601F667B80147FA155D3F6E99CEB7B8D749F5ADEAFD6D17BFBBC36D21E22920D20617F78DF82A54FD1FBB98137EE903F722101EA112441B1A523EA0D7024309E26E45AF1F51527D8E38EBAA59C29CDBE8792E5B3F550613EFFD2CD7DD23556B319BCF950341507DD2C00DE3217
 DEBUG root [2018-06-22 09:12:36,240] - DBInterfaceMysql::attach: connect: localhost:3306 starting...
 DEBUG root [2018-06-22 09:12:36,248] - DBInterfaceMysql::attach: successfully! addr: localhost:3306
  INFO root [2018-06-22 09:12:36,249] - DBUtil::createInterface[0x1aee3c]: interface=default, dbtype=mysql, ip=localhost, port=3306, currdatabase=kbe1, username=kbe, connected=yes.

  INFO root [2018-06-22 09:12:36,249] - ThreadPool::createThreadPool: creating  threadpool...
 DEBUG root [2018-06-22 09:12:36,250] - DBInterfaceMysql::attach: connect: localhost:3306 starting...
  INFO root [2018-06-22 09:12:36,251] - ThreadPool::createThreadPool: successfully(5), newThreadCount=5, normalMaxThreadCount=5, maxThreadCount=5
 DEBUG root [2018-06-22 09:12:36,252] - DBInterfaceMysql::attach: connect: localhost:3306 starting...
 DEBUG root [2018-06-22 09:12:36,252] - DBInterfaceMysql::attach: connect: localhost:3306 starting...
 DEBUG root [2018-06-22 09:12:36,252] - DBInterfaceMysql::attach: connect: localhost:3306 starting...
 DEBUG root [2018-06-22 09:12:36,253] - DBInterfaceMysql::attach: connect: localhost:3306 starting...
 DEBUG root [2018-06-22 09:12:36,259] - DBInterfaceMysql::attach: successfully! addr: localhost:3306
 DEBUG root [2018-06-22 09:12:36,260] - DBThread::onStart(): 0x5e4450!
 DEBUG root [2018-06-22 09:12:36,261] - DBInterfaceMysql::attach: successfully! addr: localhost:3306
 DEBUG root [2018-06-22 09:12:36,261] - DBThread::onStart(): 0x5e45e8!
 DEBUG root [2018-06-22 09:12:36,263] - DBInterfaceMysql::attach: successfully! addr: localhost:3306
 DEBUG root [2018-06-22 09:12:36,263] - DBInterfaceMysql::attach: successfully! addr: localhost:3306
 DEBUG root [2018-06-22 09:12:36,264] - DBThread::onStart(): 0x5e43c8!
 DEBUG root [2018-06-22 09:12:36,264] - DBThread::onStart(): 0x5e44d8!
 DEBUG root [2018-06-22 09:12:36,266] - DBInterfaceMysql::attach: successfully! addr: localhost:3306
 DEBUG root [2018-06-22 09:12:36,266] - DBThread::onStart(): 0x5e4560!
  INFO root [2018-06-22 09:12:36,355] - DBInterfaceMysql::query: successfully!
  INFO root [2018-06-22 09:12:36,360] - DBInterfaceMysql::query: successfully!
  INFO root [2018-06-22 09:12:36,363] - DBInterfaceMysql::query: successfully!
  INFO root [2018-06-22 09:12:36,364] - DBInterfaceMysql::query: successfully!
  INFO root [2018-06-22 09:12:36,365] - DBInterfaceMysql::query: successfully!
  INFO root [2018-06-22 09:12:36,365] - DBInterfaceMysql::query: successfully!
  INFO root [2018-06-22 09:12:36,366] - DBInterfaceMysql::query: successfully!
  INFO root [2018-06-22 09:12:36,366] - DBInterfaceMysql::query: successfully!
  INFO root [2018-06-22 09:12:36,367] - DBInterfaceMysql::query: successfully!
  INFO root [2018-06-22 09:12:36,398] - DBInterfaceMysql::query: successfully!
  WARN root [2018-06-22 09:12:36,552] - c:\users\public\documents\workspace\kbe\kbengine-kbengine-v1.0.0\kbengine\kbe\src\server\dbmgr\dbmgr.cpp:293: Profile scriptCall took 1.48 seconds
  INFO root [2018-06-22 09:12:37,155] - ---- dbmgr is running ----
 DEBUG root [2018-06-22 09:12:37,156] - Components::process(): Request for the process of identity...
  INFO root [2018-06-22 09:12:44,254] - Components::findComponents: find logger(1)...
  INFO root [2018-06-22 09:12:44,311] - Components::findComponents: found logger, addr:192.168.31.56:3213
  INFO root [2018-06-22 09:12:44,312] - Components::addComponent: reset orderLog, uid=6674!
  INFO root [2018-06-22 09:12:44,312] - Components::addComponent[logger], uid=6674, componentID=2000, globalorderid=1, grouporderid=1, totalcount=1
  WARN root [2018-06-22 09:12:44,314] - Forwarding logs to logger[192.168.31.56:3213/0/0/0]...
 ERROR root [2018-06-22 09:18:31,052] - Components::removeComponentByChannel: logger : 2000, Abnormal exit! errorno=10054
  INFO root [2018-06-22 09:18:31,070] - The following logs sent to logger failed:
  WARN root [2018-06-22 09:18:31,071] - ==> [2018-06-22 09:18:31 044] TCPPacketReceiver::processPendingEvents(192.168.31.56:3213): Throwing REASON_GENERAL_NETWORK - WSAECONNRESET
 ERROR root [2018-06-22 09:18:31,071] - ==> [2018-06-22 09:18:31 053] Components::removeComponentByChannel: logger : 2000, Abnormal exit! errorno=10054
  INFO root [2018-06-22 09:18:38,116] - 
  INFO root [2018-06-22 09:18:38,122] - -----------------------------------------------------------------------------------------


  INFO root [2018-06-22 09:18:38,124] - Resmgr::initialize: KBE_ROOT=C:/Users/Public/Documents/workspace/kbe/kbengine-kbengine-v1.0.0/kbengine/
  INFO root [2018-06-22 09:18:38,125] - Resmgr::initialize: KBE_RES_PATH=C:/Users/Public/Documents/workspace/kbe/kbengine-kbengine-v1.0.0/kbengine/kbe/res/;C:/Users/Public/Documents/workspace/kbe/kbengine-kbengine-v1.0.0/kbengine/assets/;C:/Users/Public/Documents/workspace/kbe/kbengine-kbengine-v1.0.0/kbengine/assets/scripts/;C:/Users/Public/Documents/workspace/kbe/kbengine-kbengine-v1.0.0/kbengine/assets/res/
  INFO root [2018-06-22 09:18:38,125] - Resmgr::initialize: KBE_BIN_PATH=C:/Users/Public/Documents/workspace/kbe/kbengine-kbengine-v1.0.0/kbengine/kbe/bin/server/
  INFO root [2018-06-22 09:18:38,178] - NetworkInterface::recreateListeningSocket(INTERNAL): bound to all interfaces with default route interface on 192.168.31.56 ( 192.168.31.56:3375 )
  INFO root [2018-06-22 09:18:38,178] - NetworkInterface::recreateListeningSocket(INTERNAL): address 192.168.31.56:3375, SOMAXCONN=5.
  INFO root [2018-06-22 09:18:38,178] - server-configs:
  INFO root [2018-06-22 09:18:38,179] - 	internalAddr : 192.168.31.56:3375
  INFO root [2018-06-22 09:18:38,179] - 	componentID : 4000
  INFO root [2018-06-22 09:18:39,690] - ---- dbmgr Version: 1.0.0. ScriptVersion: 0.1.0. Protocol: 253D45E587CB031BFD545E02866042FC. Config: Debug X86. Built: 23:15:53 Jun 15 2018. AppID: 4000. UID: 7863. PID: 7004 ----
  INFO root [2018-06-22 09:18:39,690] - Server :        Intel(R) Core(TM) i5-2415M CPU @ 2.30GHz with 4194303kB RAM
  INFO root [2018-06-22 09:18:39,691] - ThreadPool::createThreadPool: creating  threadpool...
  INFO root [2018-06-22 09:18:39,691] - ThreadPool::createThreadPool: successfully(2), newThreadCount=1, normalMaxThreadCount=2, maxThreadCount=8
 DEBUG root [2018-06-22 09:18:39,862] - Script::install_py_dlls(): PyInit_pyexpat
 DEBUG root [2018-06-22 09:18:39,863] - Script::install_py_dlls(): PyInit__socket
 DEBUG root [2018-06-22 09:18:39,865] - Script::install_py_dlls(): PyInit__ssl
 DEBUG root [2018-06-22 09:18:39,872] - Script::install_py_dlls(): PyInit__hashlib
 DEBUG root [2018-06-22 09:18:39,873] - Script::install_py_dlls(): PyInit_select
 DEBUG root [2018-06-22 09:18:39,874] - Script::install_py_dlls(): PyInit__ctypes
 DEBUG root [2018-06-22 09:18:39,876] - Script::install_py_dlls(): PyInit__elementtree
 DEBUG root [2018-06-22 09:18:39,951] - Script::install_py_dlls(): PyInit_unicodedata
  INFO root [2018-06-22 09:18:40,039] - Script::install(): is successfully, Python=(3.4.2 (default, Jun 15 2018, 23:15:28) [MSC v.1913 32 bit (Intel)])!
  INFO root [2018-06-22 09:18:40,040] - Script::install(): KBExtra is successfully!
  INFO root [2018-06-22 09:18:40,061] - Dbmgr::initializeEnd: digest(E8616443B87DAD141506882EDDA1C70F)
S_INFO root [2018-06-22 09:18:40,061] - onDBMgrReady: bootstrapGroupIndex=0, bootstrapGlobalIndex=0
  INFO root [2018-06-22 09:18:40,063] - TelnetServer server is running on port 32000
  INFO root [2018-06-22 09:18:40,063] - Dbmgr::initInterfacesHandler: interfaces addr(127.0.0.1:30099), accountType:(interfaces), chargeType:(interfaces).
  WARN root [2018-06-22 09:18:40,987] - DBUtil::initialize: db(default) password is not encrypted!
please use password(rsa):
CA332312E9F5467571F6A62D686D43538F6D163FD3E4A3B55DA24955785E1C43F742C29C1E291E2C33815BE850F60C8E91B3789886F95D40B207A438C638006E11E69BA70D01C059E98FCE9ADB8D20E31183765F07E4BD1EA4CA6D3787B0D388667EDA53BAB68522AD9D329C6ABAC11123D8992A607F09A156DD81367A804F2B
 DEBUG root [2018-06-22 09:18:40,995] - DBInterfaceMysql::attach: connect: localhost:3306 starting...
 DEBUG root [2018-06-22 09:18:41,004] - DBInterfaceMysql::attach: successfully! addr: localhost:3306
  INFO root [2018-06-22 09:18:41,006] - DBUtil::createInterface[0x39efa8]: interface=default, dbtype=mysql, ip=localhost, port=3306, currdatabase=kbe1, username=kbe, connected=yes.

  INFO root [2018-06-22 09:18:41,007] - ThreadPool::createThreadPool: creating  threadpool...
 DEBUG root [2018-06-22 09:18:41,008] - DBInterfaceMysql::attach: connect: localhost:3306 starting...
 DEBUG root [2018-06-22 09:18:41,008] - DBInterfaceMysql::attach: connect: localhost:3306 starting...
  INFO root [2018-06-22 09:18:41,009] - ThreadPool::createThreadPool: successfully(5), newThreadCount=5, normalMaxThreadCount=5, maxThreadCount=5
 DEBUG root [2018-06-22 09:18:41,010] - DBInterfaceMysql::attach: connect: localhost:3306 starting...
 DEBUG root [2018-06-22 09:18:41,012] - DBInterfaceMysql::attach: connect: localhost:3306 starting...
 DEBUG root [2018-06-22 09:18:41,021] - DBInterfaceMysql::attach: successfully! addr: localhost:3306
 DEBUG root [2018-06-22 09:18:41,023] - DBThread::onStart(): 0x6243c8!
 DEBUG root [2018-06-22 09:18:41,025] - DBInterfaceMysql::attach: successfully! addr: localhost:3306
 DEBUG root [2018-06-22 09:18:41,025] - DBThread::onStart(): 0x6245e8!
 DEBUG root [2018-06-22 09:18:41,027] - DBInterfaceMysql::attach: successfully! addr: localhost:3306
 DEBUG root [2018-06-22 09:18:41,027] - DBThread::onStart(): 0x6244d8!
 DEBUG root [2018-06-22 09:18:41,037] - DBInterfaceMysql::attach: successfully! addr: localhost:3306
 DEBUG root [2018-06-22 09:18:41,037] - DBThread::onStart(): 0x624450!
 DEBUG root [2018-06-22 09:18:41,038] - DBInterfaceMysql::attach: connect: localhost:3306 starting...
 DEBUG root [2018-06-22 09:18:41,044] - DBInterfaceMysql::attach: successfully! addr: localhost:3306
 DEBUG root [2018-06-22 09:18:41,045] - DBThread::onStart(): 0x624560!
  INFO root [2018-06-22 09:18:41,114] - DBInterfaceMysql::query: successfully!
  INFO root [2018-06-22 09:18:41,120] - DBInterfaceMysql::query: successfully!
  INFO root [2018-06-22 09:18:41,121] - DBInterfaceMysql::query: successfully!
  INFO root [2018-06-22 09:18:41,124] - DBInterfaceMysql::query: successfully!
  INFO root [2018-06-22 09:18:41,125] - DBInterfaceMysql::query: successfully!
  INFO root [2018-06-22 09:18:41,125] - DBInterfaceMysql::query: successfully!
  INFO root [2018-06-22 09:18:41,125] - DBInterfaceMysql::query: successfully!
  INFO root [2018-06-22 09:18:41,126] - DBInterfaceMysql::query: successfully!
  INFO root [2018-06-22 09:18:41,127] - DBInterfaceMysql::query: successfully!
  INFO root [2018-06-22 09:18:41,134] - DBInterfaceMysql::query: successfully!
  WARN root [2018-06-22 09:18:41,191] - c:\users\public\documents\workspace\kbe\kbengine-kbengine-v1.0.0\kbengine\kbe\src\server\dbmgr\dbmgr.cpp:293: Profile scriptCall took 1.13 seconds
  INFO root [2018-06-22 09:18:42,261] - ---- dbmgr is running ----
 DEBUG root [2018-06-22 09:18:42,262] - Components::process(): Request for the process of identity...
  INFO root [2018-06-22 09:18:49,400] - Components::findComponents: find logger(1)...
  INFO root [2018-06-22 09:18:49,477] - Components::findComponents: found logger, addr:192.168.31.56:3368
  INFO root [2018-06-22 09:18:49,478] - Components::addComponent: reset orderLog, uid=7863!
  INFO root [2018-06-22 09:18:49,478] - Components::addComponent[logger], uid=7863, componentID=2000, globalorderid=1, grouporderid=1, totalcount=1
  WARN root [2018-06-22 09:18:49,480] - Forwarding logs to logger[192.168.31.56:3368/0/0/0]...
 ERROR root [2018-06-22 22:51:36,682] - Components::removeComponentByChannel: logger : 2000, Abnormal exit! errorno=10054
  INFO root [2018-06-22 22:51:44,979] - 
  INFO root [2018-06-22 22:51:44,980] - -----------------------------------------------------------------------------------------


  INFO root [2018-06-22 22:51:44,982] - Resmgr::initialize: KBE_ROOT=C:/Users/Public/Documents/workspace/kbe/kbengine-kbengine-v1.0.0/kbengine/
  INFO root [2018-06-22 22:51:44,983] - Resmgr::initialize: KBE_RES_PATH=C:/Users/Public/Documents/workspace/kbe/kbengine-kbengine-v1.0.0/kbengine/kbe/res/;C:/Users/Public/Documents/workspace/kbe/kbengine-kbengine-v1.0.0/kbengine/assets/;C:/Users/Public/Documents/workspace/kbe/kbengine-kbengine-v1.0.0/kbengine/assets/scripts/;C:/Users/Public/Documents/workspace/kbe/kbengine-kbengine-v1.0.0/kbengine/assets/res/
  INFO root [2018-06-22 22:51:44,984] - Resmgr::initialize: KBE_BIN_PATH=C:/Users/Public/Documents/workspace/kbe/kbengine-kbengine-v1.0.0/kbengine/kbe/bin/server/
  INFO root [2018-06-22 22:51:45,001] - NetworkInterface::recreateListeningSocket(INTERNAL): bound to all interfaces with default route interface on 192.168.31.56 ( 192.168.31.56:11020 )
  INFO root [2018-06-22 22:51:45,002] - NetworkInterface::recreateListeningSocket(INTERNAL): address 192.168.31.56:11020, SOMAXCONN=5.
  INFO root [2018-06-22 22:51:45,003] - server-configs:
  INFO root [2018-06-22 22:51:45,003] - 	internalAddr : 192.168.31.56:11020
  INFO root [2018-06-22 22:51:45,003] - 	componentID : 4000
  INFO root [2018-06-22 22:51:46,539] - ---- dbmgr Version: 1.0.0. ScriptVersion: 0.1.0. Protocol: 253D45E587CB031BFD545E02866042FC. Config: Debug X86. Built: 23:15:53 Jun 15 2018. AppID: 4000. UID: 3337. PID: 5832 ----
  INFO root [2018-06-22 22:51:46,540] - Server :        Intel(R) Core(TM) i5-2415M CPU @ 2.30GHz with 4194303kB RAM
  INFO root [2018-06-22 22:51:46,541] - ThreadPool::createThreadPool: creating  threadpool...
  INFO root [2018-06-22 22:51:46,541] - ThreadPool::createThreadPool: successfully(2), newThreadCount=1, normalMaxThreadCount=2, maxThreadCount=8
 DEBUG root [2018-06-22 22:51:46,728] - Script::install_py_dlls(): PyInit_pyexpat
 DEBUG root [2018-06-22 22:51:46,729] - Script::install_py_dlls(): PyInit__socket
 DEBUG root [2018-06-22 22:51:46,730] - Script::install_py_dlls(): PyInit__ssl
 DEBUG root [2018-06-22 22:51:46,766] - Script::install_py_dlls(): PyInit__hashlib
 DEBUG root [2018-06-22 22:51:46,767] - Script::install_py_dlls(): PyInit_select
 DEBUG root [2018-06-22 22:51:46,767] - Script::install_py_dlls(): PyInit__ctypes
 DEBUG root [2018-06-22 22:51:46,769] - Script::install_py_dlls(): PyInit__elementtree
 DEBUG root [2018-06-22 22:51:46,922] - Script::install_py_dlls(): PyInit_unicodedata
  INFO root [2018-06-22 22:51:47,111] - Script::install(): is successfully, Python=(3.4.2 (default, Jun 15 2018, 23:15:28) [MSC v.1913 32 bit (Intel)])!
  INFO root [2018-06-22 22:51:47,112] - Script::install(): KBExtra is successfully!
  INFO root [2018-06-22 22:51:47,166] - Dbmgr::initializeEnd: digest(E8616443B87DAD141506882EDDA1C70F)
S_INFO root [2018-06-22 22:51:47,167] - onDBMgrReady: bootstrapGroupIndex=0, bootstrapGlobalIndex=0
  INFO root [2018-06-22 22:51:47,168] - TelnetServer server is running on port 32000
  INFO root [2018-06-22 22:51:47,169] - Dbmgr::initInterfacesHandler: interfaces addr(127.0.0.1:30099), accountType:(interfaces), chargeType:(interfaces).
  WARN root [2018-06-22 22:51:48,244] - DBUtil::initialize: db(default) password is not encrypted!
please use password(rsa):
03B1E7D2239FE75B3D3A9ACAD28843C1107400715F3FA759CED02955FED587318AC4CE62506C77C8A7755CE46FBE33E38386A67E18ECE2A9ACC229C84804AE81230DC5D457B3BD0739597C332D42EEF4C51BA1600DFFB1AC255BD2380A1F48945B3E4F897CDBF102D49E60C6077172553F4E39FD243F91D61C05120D1B8516E6
 DEBUG root [2018-06-22 22:51:48,249] - DBInterfaceMysql::attach: connect: localhost:3306 starting...
 DEBUG root [2018-06-22 22:51:48,257] - DBInterfaceMysql::attach: successfully! addr: localhost:3306
  INFO root [2018-06-22 22:51:48,258] - DBUtil::createInterface[0x189effc]: interface=default, dbtype=mysql, ip=localhost, port=3306, currdatabase=kbe1, username=kbe, connected=yes.

  INFO root [2018-06-22 22:51:48,258] - ThreadPool::createThreadPool: creating  threadpool...
 DEBUG root [2018-06-22 22:51:48,259] - DBInterfaceMysql::attach: connect: localhost:3306 starting...
 DEBUG root [2018-06-22 22:51:48,259] - DBInterfaceMysql::attach: connect: localhost:3306 starting...
  INFO root [2018-06-22 22:51:48,260] - ThreadPool::createThreadPool: successfully(5), newThreadCount=5, normalMaxThreadCount=5, maxThreadCount=5
 DEBUG root [2018-06-22 22:51:48,260] - DBInterfaceMysql::attach: connect: localhost:3306 starting...
 DEBUG root [2018-06-22 22:51:48,261] - DBInterfaceMysql::attach: connect: localhost:3306 starting...
 DEBUG root [2018-06-22 22:51:48,261] - DBInterfaceMysql::attach: connect: localhost:3306 starting...
 DEBUG root [2018-06-22 22:51:48,267] - DBInterfaceMysql::attach: successfully! addr: localhost:3306
 DEBUG root [2018-06-22 22:51:48,267] - DBInterfaceMysql::attach: successfully! addr: localhost:3306
 DEBUG root [2018-06-22 22:51:48,268] - DBThread::onStart(): 0x254670!
 DEBUG root [2018-06-22 22:51:48,268] - DBThread::onStart(): 0x2545e8!
 DEBUG root [2018-06-22 22:51:48,268] - DBInterfaceMysql::attach: successfully! addr: localhost:3306
 DEBUG root [2018-06-22 22:51:48,269] - DBThread::onStart(): 0x2544d8!
 DEBUG root [2018-06-22 22:51:48,271] - DBInterfaceMysql::attach: successfully! addr: localhost:3306
 DEBUG root [2018-06-22 22:51:48,271] - DBInterfaceMysql::attach: successfully! addr: localhost:3306
 DEBUG root [2018-06-22 22:51:48,271] - DBThread::onStart(): 0x254560!
 DEBUG root [2018-06-22 22:51:48,271] - DBThread::onStart(): 0x2546f8!
  INFO root [2018-06-22 22:51:48,364] - DBInterfaceMysql::query: successfully!
  INFO root [2018-06-22 22:51:48,367] - DBInterfaceMysql::query: successfully!
  INFO root [2018-06-22 22:51:48,368] - DBInterfaceMysql::query: successfully!
  INFO root [2018-06-22 22:51:48,368] - DBInterfaceMysql::query: successfully!
  INFO root [2018-06-22 22:51:48,369] - DBInterfaceMysql::query: successfully!
  INFO root [2018-06-22 22:51:48,371] - DBInterfaceMysql::query: successfully!
  INFO root [2018-06-22 22:51:48,372] - DBInterfaceMysql::query: successfully!
  INFO root [2018-06-22 22:51:48,372] - DBInterfaceMysql::query: successfully!
  INFO root [2018-06-22 22:51:48,373] - DBInterfaceMysql::query: successfully!
  INFO root [2018-06-22 22:51:48,387] - DBInterfaceMysql::query: successfully!
  WARN root [2018-06-22 22:51:48,487] - c:\users\public\documents\workspace\kbe\kbengine-kbengine-v1.0.0\kbengine\kbe\src\server\dbmgr\dbmgr.cpp:293: Profile scriptCall took 1.32 seconds
  INFO root [2018-06-22 22:51:49,019] - ---- dbmgr is running ----
 DEBUG root [2018-06-22 22:51:49,020] - Components::process(): Request for the process of identity...
  INFO root [2018-06-22 22:51:56,147] - Components::findComponents: find logger(1)...
  INFO root [2018-06-22 22:51:56,155] - Components::findComponents: found logger, addr:192.168.31.56:11017
  INFO root [2018-06-22 22:51:56,155] - Components::addComponent: reset orderLog, uid=3337!
  INFO root [2018-06-22 22:51:56,155] - Components::addComponent[logger], uid=3337, componentID=2000, globalorderid=1, grouporderid=1, totalcount=1
  INFO root [2018-06-22 22:51:56,186] - Components::process(): Found all the components!
  WARN root [2018-06-22 22:51:56,187] - Forwarding logs to logger[192.168.31.56:11017/0/0/0]...
 ERROR root [2018-06-22 23:12:41,465] - Components::removeComponentByChannel: logger : 2000, Abnormal exit! errorno=10054
  INFO root [2018-06-22 23:12:41,480] - The following logs sent to logger failed:
  WARN root [2018-06-22 23:12:41,505] - ==> [2018-06-22 23:12:41 463] TCPPacketReceiver::processPendingEvents(192.168.31.56:11017): Throwing REASON_GENERAL_NETWORK - WSAECONNRESET
 ERROR root [2018-06-22 23:12:41,506] - ==> [2018-06-22 23:12:41 466] Components::removeComponentByChannel: logger : 2000, Abnormal exit! errorno=10054
