  INFO root [2018-06-17 12:15:11,399] - 
  INFO root [2018-06-17 12:15:11,400] - -----------------------------------------------------------------------------------------


  INFO root [2018-06-17 12:15:13,877] - Resmgr::initialize: KBE_ROOT=C:/Users/Public/Documents/workspace/kbe/kbengine-kbengine-v1.0.0/kbengine/
  INFO root [2018-06-17 12:15:13,878] - Resmgr::initialize: KBE_RES_PATH=C:/Users/Public/Documents/workspace/kbe/kbengine-kbengine-v1.0.0/kbengine/kbe/res/;C:/Users/Public/Documents/workspace/kbe/kbengine-kbengine-v1.0.0/kbengine/assets/;C:/Users/Public/Documents/workspace/kbe/kbengine-kbengine-v1.0.0/kbengine/assets/scripts/;C:/Users/Public/Documents/workspace/kbe/kbengine-kbengine-v1.0.0/kbengine/assets/res/
  INFO root [2018-06-17 12:15:13,878] - Resmgr::initialize: KBE_BIN_PATH=C:/Users/Public/Documents/workspace/kbe/kbengine-kbengine-v1.0.0/kbengine/kbe/bin/server/
  INFO root [2018-06-17 12:15:14,196] - NetworkInterface::recreateListeningSocket(INTERNAL): bound to all interfaces with default route interface on 192.168.31.56 ( 192.168.31.56:30099 )
  INFO root [2018-06-17 12:15:14,313] - NetworkInterface::recreateListeningSocket(INTERNAL): address 192.168.31.56:30099, SOMAXCONN=5.
  INFO root [2018-06-17 12:15:14,743] - ---- interfaces Version: 1.0.0. ScriptVersion: 0.1.0. Protocol: 1ABB6125D8365C3720079E1D4CCC25C7. Config: Debug X86. Built: 23:15:38 Jun 15 2018. AppID: 3000. UID: 7919. PID: 23324 ----
  INFO root [2018-06-17 12:15:14,743] - Server :        Intel(R) Core(TM) i5-2415M CPU @ 2.30GHz with 4194303kB RAM
  INFO root [2018-06-17 12:15:14,948] - ThreadPool::createThreadPool: creating  threadpool...
  INFO root [2018-06-17 12:15:15,047] - ThreadPool::createThreadPool: successfully(2), newThreadCount=1, normalMaxThreadCount=2, maxThreadCount=8
 DEBUG root [2018-06-17 12:15:21,446] - Script::install_py_dlls(): PyInit_pyexpat
 DEBUG root [2018-06-17 12:15:22,221] - Script::install_py_dlls(): PyInit__socket
 DEBUG root [2018-06-17 12:15:22,451] - Script::install_py_dlls(): PyInit__ssl
 DEBUG root [2018-06-17 12:15:24,899] - Script::install_py_dlls(): PyInit__hashlib
 DEBUG root [2018-06-17 12:15:24,900] - Script::install_py_dlls(): PyInit_select
 DEBUG root [2018-06-17 12:15:24,900] - Script::install_py_dlls(): PyInit__ctypes
 DEBUG root [2018-06-17 12:15:25,590] - Script::install_py_dlls(): PyInit__elementtree
 DEBUG root [2018-06-17 12:15:33,642] - Script::install_py_dlls(): PyInit_unicodedata
  INFO root [2018-06-17 12:15:39,467] - Script::install(): is successfully, Python=(3.4.2 (default, Jun 15 2018, 23:15:28) [MSC v.1913 32 bit (Intel)])!
  INFO root [2018-06-17 12:15:39,467] - Script::install(): KBExtra is successfully!
S_INFO root [2018-06-17 12:15:42,487] - onInterfaceAppReady: bootstrapGroupIndex=0, bootstrapGlobalIndex=0
  INFO root [2018-06-17 12:15:43,414] - TelnetServer server is running on port 33000
  WARN root [2018-06-17 12:15:43,415] - c:\users\public\documents\workspace\kbe\kbengine-kbengine-v1.0.0\kbengine\kbe\src\server\tools\interfaces\interfaces.cpp:164: Profile scriptCall took 0.93 seconds
  INFO root [2018-06-17 12:15:43,883] - ---- interfaces is running ----
 DEBUG root [2018-06-17 12:15:43,884] - Components::process(): Request for the process of identity...
  INFO root [2018-06-17 12:15:51,087] - Components::process(): Found all the components!
  INFO root [2018-06-17 12:21:29,090] - 
  INFO root [2018-06-17 12:21:29,091] - -----------------------------------------------------------------------------------------


  INFO root [2018-06-17 12:21:29,093] - Resmgr::initialize: KBE_ROOT=C:/Users/Public/Documents/workspace/kbe/kbengine-kbengine-v1.0.0/kbengine/
  INFO root [2018-06-17 12:21:29,093] - Resmgr::initialize: KBE_RES_PATH=C:/Users/Public/Documents/workspace/kbe/kbengine-kbengine-v1.0.0/kbengine/kbe/res/;C:/Users/Public/Documents/workspace/kbe/kbengine-kbengine-v1.0.0/kbengine/assets/;C:/Users/Public/Documents/workspace/kbe/kbengine-kbengine-v1.0.0/kbengine/assets/scripts/;C:/Users/Public/Documents/workspace/kbe/kbengine-kbengine-v1.0.0/kbengine/assets/res/
  INFO root [2018-06-17 12:21:29,094] - Resmgr::initialize: KBE_BIN_PATH=C:/Users/Public/Documents/workspace/kbe/kbengine-kbengine-v1.0.0/kbengine/kbe/bin/server/
  INFO root [2018-06-17 12:21:29,107] - NetworkInterface::recreateListeningSocket(INTERNAL): bound to all interfaces with default route interface on 192.168.31.56 ( 192.168.31.56:30099 )
  INFO root [2018-06-17 12:21:29,108] - NetworkInterface::recreateListeningSocket(INTERNAL): address 192.168.31.56:30099, SOMAXCONN=5.
  INFO root [2018-06-17 12:21:29,131] - ---- interfaces Version: 1.0.0. ScriptVersion: 0.1.0. Protocol: 1ABB6125D8365C3720079E1D4CCC25C7. Config: Debug X86. Built: 23:15:38 Jun 15 2018. AppID: 3000. UID: 9218. PID: 18556 ----
  INFO root [2018-06-17 12:21:29,139] - Server :        Intel(R) Core(TM) i5-2415M CPU @ 2.30GHz with 4194303kB RAM
  INFO root [2018-06-17 12:21:29,148] - ThreadPool::createThreadPool: creating  threadpool...
  INFO root [2018-06-17 12:21:29,149] - ThreadPool::createThreadPool: successfully(2), newThreadCount=1, normalMaxThreadCount=2, maxThreadCount=8
 DEBUG root [2018-06-17 12:21:29,338] - Script::install_py_dlls(): PyInit_pyexpat
 DEBUG root [2018-06-17 12:21:29,341] - Script::install_py_dlls(): PyInit__socket
 DEBUG root [2018-06-17 12:21:29,342] - Script::install_py_dlls(): PyInit__ssl
 DEBUG root [2018-06-17 12:21:29,350] - Script::install_py_dlls(): PyInit__hashlib
 DEBUG root [2018-06-17 12:21:29,351] - Script::install_py_dlls(): PyInit_select
 DEBUG root [2018-06-17 12:21:29,351] - Script::install_py_dlls(): PyInit__ctypes
 DEBUG root [2018-06-17 12:21:29,352] - Script::install_py_dlls(): PyInit__elementtree
 DEBUG root [2018-06-17 12:21:29,441] - Script::install_py_dlls(): PyInit_unicodedata
  INFO root [2018-06-17 12:21:29,535] - Script::install(): is successfully, Python=(3.4.2 (default, Jun 15 2018, 23:15:28) [MSC v.1913 32 bit (Intel)])!
  INFO root [2018-06-17 12:21:29,536] - Script::install(): KBExtra is successfully!
S_INFO root [2018-06-17 12:21:29,565] - onInterfaceAppReady: bootstrapGroupIndex=0, bootstrapGlobalIndex=0
  INFO root [2018-06-17 12:21:29,613] - TelnetServer server is running on port 33000
  INFO root [2018-06-17 12:21:30,527] - ---- interfaces is running ----
 DEBUG root [2018-06-17 12:21:30,528] - Components::process(): Request for the process of identity...
  INFO root [2018-06-17 12:21:37,796] - Components::process(): Found all the components!
  INFO root [2018-06-17 12:28:39,540] - 
  INFO root [2018-06-17 12:28:39,541] - -----------------------------------------------------------------------------------------


  INFO root [2018-06-17 12:28:39,543] - Resmgr::initialize: KBE_ROOT=C:/Users/Public/Documents/workspace/kbe/kbengine-kbengine-v1.0.0/kbengine/
  INFO root [2018-06-17 12:28:39,544] - Resmgr::initialize: KBE_RES_PATH=C:/Users/Public/Documents/workspace/kbe/kbengine-kbengine-v1.0.0/kbengine/kbe/res/;C:/Users/Public/Documents/workspace/kbe/kbengine-kbengine-v1.0.0/kbengine/assets/;C:/Users/Public/Documents/workspace/kbe/kbengine-kbengine-v1.0.0/kbengine/assets/scripts/;C:/Users/Public/Documents/workspace/kbe/kbengine-kbengine-v1.0.0/kbengine/assets/res/
  INFO root [2018-06-17 12:28:39,544] - Resmgr::initialize: KBE_BIN_PATH=C:/Users/Public/Documents/workspace/kbe/kbengine-kbengine-v1.0.0/kbengine/kbe/bin/server/
  INFO root [2018-06-17 12:28:39,559] - NetworkInterface::recreateListeningSocket(INTERNAL): bound to all interfaces with default route interface on 192.168.31.56 ( 192.168.31.56:30099 )
  INFO root [2018-06-17 12:28:39,560] - NetworkInterface::recreateListeningSocket(INTERNAL): address 192.168.31.56:30099, SOMAXCONN=5.
  INFO root [2018-06-17 12:28:39,571] - ---- interfaces Version: 1.0.0. ScriptVersion: 0.1.0. Protocol: 1ABB6125D8365C3720079E1D4CCC25C7. Config: Debug X86. Built: 23:15:38 Jun 15 2018. AppID: 3000. UID: 10623. PID: 14560 ----
  INFO root [2018-06-17 12:28:39,572] - Server :        Intel(R) Core(TM) i5-2415M CPU @ 2.30GHz with 4194303kB RAM
  INFO root [2018-06-17 12:28:39,573] - ThreadPool::createThreadPool: creating  threadpool...
  INFO root [2018-06-17 12:28:39,573] - ThreadPool::createThreadPool: successfully(2), newThreadCount=1, normalMaxThreadCount=2, maxThreadCount=8
 DEBUG root [2018-06-17 12:28:39,744] - Script::install_py_dlls(): PyInit_pyexpat
 DEBUG root [2018-06-17 12:28:39,745] - Script::install_py_dlls(): PyInit__socket
 DEBUG root [2018-06-17 12:28:39,746] - Script::install_py_dlls(): PyInit__ssl
 DEBUG root [2018-06-17 12:28:39,753] - Script::install_py_dlls(): PyInit__hashlib
 DEBUG root [2018-06-17 12:28:39,754] - Script::install_py_dlls(): PyInit_select
 DEBUG root [2018-06-17 12:28:39,754] - Script::install_py_dlls(): PyInit__ctypes
 DEBUG root [2018-06-17 12:28:39,756] - Script::install_py_dlls(): PyInit__elementtree
 DEBUG root [2018-06-17 12:28:39,837] - Script::install_py_dlls(): PyInit_unicodedata
  INFO root [2018-06-17 12:28:39,924] - Script::install(): is successfully, Python=(3.4.2 (default, Jun 15 2018, 23:15:28) [MSC v.1913 32 bit (Intel)])!
  INFO root [2018-06-17 12:28:39,925] - Script::install(): KBExtra is successfully!
S_INFO root [2018-06-17 12:28:39,947] - onInterfaceAppReady: bootstrapGroupIndex=0, bootstrapGlobalIndex=0
  INFO root [2018-06-17 12:28:39,967] - TelnetServer server is running on port 33000
  INFO root [2018-06-17 12:28:40,835] - ---- interfaces is running ----
 DEBUG root [2018-06-17 12:28:40,836] - Components::process(): Request for the process of identity...
  INFO root [2018-06-17 12:28:48,048] - Components::process(): Found all the components!
  INFO root [2018-06-17 12:29:01,081] - 
  INFO root [2018-06-17 12:29:01,082] - -----------------------------------------------------------------------------------------


  INFO root [2018-06-17 12:29:01,084] - Resmgr::initialize: KBE_ROOT=C:/Users/Public/Documents/workspace/kbe/kbengine-kbengine-v1.0.0/kbengine/
  INFO root [2018-06-17 12:29:01,086] - Resmgr::initialize: KBE_RES_PATH=C:/Users/Public/Documents/workspace/kbe/kbengine-kbengine-v1.0.0/kbengine/kbe/res/;C:/Users/Public/Documents/workspace/kbe/kbengine-kbengine-v1.0.0/kbengine/assets/;C:/Users/Public/Documents/workspace/kbe/kbengine-kbengine-v1.0.0/kbengine/assets/scripts/;C:/Users/Public/Documents/workspace/kbe/kbengine-kbengine-v1.0.0/kbengine/assets/res/
  INFO root [2018-06-17 12:29:01,086] - Resmgr::initialize: KBE_BIN_PATH=C:/Users/Public/Documents/workspace/kbe/kbengine-kbengine-v1.0.0/kbengine/kbe/bin/server/
  INFO root [2018-06-17 12:29:01,104] - NetworkInterface::recreateListeningSocket(INTERNAL): bound to all interfaces with default route interface on 192.168.31.56 ( 192.168.31.56:30099 )
  INFO root [2018-06-17 12:29:01,105] - NetworkInterface::recreateListeningSocket(INTERNAL): address 192.168.31.56:30099, SOMAXCONN=5.
  INFO root [2018-06-17 12:29:01,115] - ---- interfaces Version: 1.0.0. ScriptVersion: 0.1.0. Protocol: 1ABB6125D8365C3720079E1D4CCC25C7. Config: Debug X86. Built: 23:15:38 Jun 15 2018. AppID: 3000. UID: 10694. PID: 21036 ----
  INFO root [2018-06-17 12:29:01,116] - Server :        Intel(R) Core(TM) i5-2415M CPU @ 2.30GHz with 4194303kB RAM
  INFO root [2018-06-17 12:29:01,117] - ThreadPool::createThreadPool: creating  threadpool...
  INFO root [2018-06-17 12:29:01,120] - ThreadPool::createThreadPool: successfully(2), newThreadCount=1, normalMaxThreadCount=2, maxThreadCount=8
 DEBUG root [2018-06-17 12:29:01,341] - Script::install_py_dlls(): PyInit_pyexpat
 DEBUG root [2018-06-17 12:29:01,342] - Script::install_py_dlls(): PyInit__socket
 DEBUG root [2018-06-17 12:29:01,343] - Script::install_py_dlls(): PyInit__ssl
 DEBUG root [2018-06-17 12:29:01,349] - Script::install_py_dlls(): PyInit__hashlib
 DEBUG root [2018-06-17 12:29:01,350] - Script::install_py_dlls(): PyInit_select
 DEBUG root [2018-06-17 12:29:01,351] - Script::install_py_dlls(): PyInit__ctypes
 DEBUG root [2018-06-17 12:29:01,352] - Script::install_py_dlls(): PyInit__elementtree
 DEBUG root [2018-06-17 12:29:01,520] - Script::install_py_dlls(): PyInit_unicodedata
  INFO root [2018-06-17 12:29:01,613] - Script::install(): is successfully, Python=(3.4.2 (default, Jun 15 2018, 23:15:28) [MSC v.1913 32 bit (Intel)])!
  INFO root [2018-06-17 12:29:01,614] - Script::install(): KBExtra is successfully!
S_INFO root [2018-06-17 12:29:01,636] - onInterfaceAppReady: bootstrapGroupIndex=0, bootstrapGlobalIndex=0
  INFO root [2018-06-17 12:29:01,692] - TelnetServer server is running on port 33000
  INFO root [2018-06-17 12:29:02,401] - ---- interfaces is running ----
 DEBUG root [2018-06-17 12:29:02,402] - Components::process(): Request for the process of identity...
  INFO root [2018-06-17 12:29:09,636] - Components::process(): Found all the components!
  INFO root [2018-06-17 12:34:06,270] - 
  INFO root [2018-06-17 12:34:06,271] - -----------------------------------------------------------------------------------------


  INFO root [2018-06-17 12:34:06,272] - Resmgr::initialize: KBE_ROOT=C:/Users/Public/Documents/workspace/kbe/kbengine-kbengine-v1.0.0/kbengine/
  INFO root [2018-06-17 12:34:06,272] - Resmgr::initialize: KBE_RES_PATH=C:/Users/Public/Documents/workspace/kbe/kbengine-kbengine-v1.0.0/kbengine/kbe/res/;C:/Users/Public/Documents/workspace/kbe/kbengine-kbengine-v1.0.0/kbengine/assets/;C:/Users/Public/Documents/workspace/kbe/kbengine-kbengine-v1.0.0/kbengine/assets/scripts/;C:/Users/Public/Documents/workspace/kbe/kbengine-kbengine-v1.0.0/kbengine/assets/res/
  INFO root [2018-06-17 12:34:06,273] - Resmgr::initialize: KBE_BIN_PATH=C:/Users/Public/Documents/workspace/kbe/kbengine-kbengine-v1.0.0/kbengine/kbe/bin/server/
  INFO root [2018-06-17 12:34:06,282] - NetworkInterface::recreateListeningSocket(INTERNAL): bound to all interfaces with default route interface on 192.168.31.56 ( 192.168.31.56:30099 )
  INFO root [2018-06-17 12:34:06,282] - NetworkInterface::recreateListeningSocket(INTERNAL): address 192.168.31.56:30099, SOMAXCONN=5.
  INFO root [2018-06-17 12:34:06,288] - ---- interfaces Version: 1.0.0. ScriptVersion: 0.1.0. Protocol: 1ABB6125D8365C3720079E1D4CCC25C7. Config: Debug X86. Built: 23:15:38 Jun 15 2018. AppID: 3000. UID: 11690. PID: 15976 ----
  INFO root [2018-06-17 12:34:06,289] - Server :        Intel(R) Core(TM) i5-2415M CPU @ 2.30GHz with 4194303kB RAM
  INFO root [2018-06-17 12:34:06,289] - ThreadPool::createThreadPool: creating  threadpool...
  INFO root [2018-06-17 12:34:06,290] - ThreadPool::createThreadPool: successfully(2), newThreadCount=1, normalMaxThreadCount=2, maxThreadCount=8
 DEBUG root [2018-06-17 12:34:06,495] - Script::install_py_dlls(): PyInit_pyexpat
 DEBUG root [2018-06-17 12:34:06,496] - Script::install_py_dlls(): PyInit__socket
 DEBUG root [2018-06-17 12:34:06,497] - Script::install_py_dlls(): PyInit__ssl
 DEBUG root [2018-06-17 12:34:06,504] - Script::install_py_dlls(): PyInit__hashlib
 DEBUG root [2018-06-17 12:34:06,505] - Script::install_py_dlls(): PyInit_select
 DEBUG root [2018-06-17 12:34:06,505] - Script::install_py_dlls(): PyInit__ctypes
 DEBUG root [2018-06-17 12:34:06,507] - Script::install_py_dlls(): PyInit__elementtree
 DEBUG root [2018-06-17 12:34:06,619] - Script::install_py_dlls(): PyInit_unicodedata
  INFO root [2018-06-17 12:34:06,759] - Script::install(): is successfully, Python=(3.4.2 (default, Jun 15 2018, 23:15:28) [MSC v.1913 32 bit (Intel)])!
  INFO root [2018-06-17 12:34:06,759] - Script::install(): KBExtra is successfully!
S_INFO root [2018-06-17 12:34:06,789] - onInterfaceAppReady: bootstrapGroupIndex=0, bootstrapGlobalIndex=0
  INFO root [2018-06-17 12:34:06,810] - TelnetServer server is running on port 33000
  INFO root [2018-06-17 12:34:07,723] - ---- interfaces is running ----
 DEBUG root [2018-06-17 12:34:07,724] - Components::process(): Request for the process of identity...
  INFO root [2018-06-17 12:34:14,990] - Components::process(): Found all the components!
  WARN root [2018-06-17 12:34:47,218] - TCPPacketReceiver::processPendingEvents(127.0.0.1:38777): Throwing REASON_GENERAL_NETWORK - WSAECONNRESET
