  INFO root [2018-06-25 14:55:57,702] - 
  INFO root [2018-06-25 14:55:57,703] - -----------------------------------------------------------------------------------------


  INFO root [2018-06-25 14:55:59,993] - Resmgr::initialize: KBE_ROOT=C:/Users/Public/Documents/workspace/kbe/kbengine-kbengine-v1.0.0/kbengine/
  INFO root [2018-06-25 14:55:59,994] - Resmgr::initialize: KBE_RES_PATH=C:/Users/Public/Documents/workspace/kbe/kbengine-kbengine-v1.0.0/kbengine/kbe/res/;C:/Users/Public/Documents/workspace/kbe/kbengine-kbengine-v1.0.0/kbengine/assets/;C:/Users/Public/Documents/workspace/kbe/kbengine-kbengine-v1.0.0/kbengine/assets/scripts/;C:/Users/Public/Documents/workspace/kbe/kbengine-kbengine-v1.0.0/kbengine/assets/res/
  INFO root [2018-06-25 14:55:59,994] - Resmgr::initialize: KBE_BIN_PATH=C:/Users/Public/Documents/workspace/kbe/kbengine-kbengine-v1.0.0/kbengine/kbe/bin/server/
  INFO root [2018-06-25 14:56:00,306] - NetworkInterface::recreateListeningSocket(INTERNAL): bound to all interfaces with default route interface on 192.168.31.56 ( 192.168.31.56:30099 )
  INFO root [2018-06-25 14:56:00,346] - NetworkInterface::recreateListeningSocket(INTERNAL): address 192.168.31.56:30099, SOMAXCONN=5.
  INFO root [2018-06-25 14:56:00,497] - ---- interfaces Version: 1.0.0. ScriptVersion: 0.1.0. Protocol: 1ABB6125D8365C3720079E1D4CCC25C7. Config: Debug X86. Built: 23:15:38 Jun 15 2018. AppID: 3000. UID: 2843. PID: 6872 ----
  INFO root [2018-06-25 14:56:00,497] - Server :        Intel(R) Core(TM) i5-2415M CPU @ 2.30GHz with 4194303kB RAM
  INFO root [2018-06-25 14:56:00,535] - ThreadPool::createThreadPool: creating  threadpool...
  INFO root [2018-06-25 14:56:00,536] - ThreadPool::createThreadPool: successfully(2), newThreadCount=1, normalMaxThreadCount=2, maxThreadCount=8
 DEBUG root [2018-06-25 14:56:04,745] - Script::install_py_dlls(): PyInit_pyexpat
 DEBUG root [2018-06-25 14:56:04,977] - Script::install_py_dlls(): PyInit__socket
 DEBUG root [2018-06-25 14:56:05,110] - Script::install_py_dlls(): PyInit__ssl
 DEBUG root [2018-06-25 14:56:06,208] - Script::install_py_dlls(): PyInit__hashlib
 DEBUG root [2018-06-25 14:56:06,339] - Script::install_py_dlls(): PyInit_select
 DEBUG root [2018-06-25 14:56:06,381] - Script::install_py_dlls(): PyInit__ctypes
 DEBUG root [2018-06-25 14:56:06,704] - Script::install_py_dlls(): PyInit__elementtree
 DEBUG root [2018-06-25 14:56:08,043] - Script::install_py_dlls(): PyInit_unicodedata
  INFO root [2018-06-25 14:56:10,114] - Script::install(): is successfully, Python=(3.4.2 (default, Jun 15 2018, 23:15:28) [MSC v.1913 32 bit (Intel)])!
  INFO root [2018-06-25 14:56:10,114] - Script::install(): KBExtra is successfully!
S_INFO root [2018-06-25 14:56:10,456] - onInterfaceAppReady: bootstrapGroupIndex=0, bootstrapGlobalIndex=0
  INFO root [2018-06-25 14:56:10,633] - TelnetServer server is running on port 33000
  WARN root [2018-06-25 14:56:10,633] - c:\users\public\documents\workspace\kbe\kbengine-kbengine-v1.0.0\kbengine\kbe\src\server\tools\interfaces\interfaces.cpp:164: Profile scriptCall took 0.21 seconds
  INFO root [2018-06-25 14:56:11,772] - ---- interfaces is running ----
 DEBUG root [2018-06-25 14:56:11,797] - Components::process(): Request for the process of identity...
  INFO root [2018-06-25 14:56:19,268] - Components::process(): Found all the components!
S_INFO root [2018-06-25 15:01:12,178] - onRequestAccountLogin: registerName=lqt01
S_INFO root [2018-06-25 15:13:59,857] - onRequestAccountLogin: registerName=lqt01
S_INFO root [2018-06-25 16:02:48,843] - onRequestAccountLogin: registerName=lqt01
S_INFO root [2018-06-25 16:08:48,255] - onRequestAccountLogin: registerName=lqt01
S_INFO root [2018-06-25 16:14:10,264] - onRequestAccountLogin: registerName=lqt01
S_INFO root [2018-06-25 16:15:50,267] - onRequestAccountLogin: registerName=lqt01
S_INFO root [2018-06-25 16:18:06,971] - onRequestAccountLogin: registerName=lqt01
S_INFO root [2018-06-25 16:20:58,977] - onRequestAccountLogin: registerName=lqt01
S_INFO root [2018-06-25 16:35:12,101] - onRequestAccountLogin: registerName=lqt01
S_INFO root [2018-06-25 16:45:47,721] - onRequestAccountLogin: registerName=lqt01
S_INFO root [2018-06-25 18:19:53,491] - onRequestAccountLogin: registerName=lqt01
S_INFO root [2018-06-25 18:21:09,591] - onRequestAccountLogin: registerName=lqt01
S_INFO root [2018-06-25 18:22:28,093] - onRequestAccountLogin: registerName=lqt01
S_INFO root [2018-06-25 18:24:37,398] - onRequestAccountLogin: registerName=lqt01
S_INFO root [2018-06-25 18:29:42,506] - onRequestAccountLogin: registerName=lqt01
S_INFO root [2018-06-25 18:37:24,221] - onRequestAccountLogin: registerName=lqt01
S_INFO root [2018-06-25 18:38:54,123] - onRequestAccountLogin: registerName=lqt01
S_INFO root [2018-06-25 18:42:23,029] - onRequestAccountLogin: registerName=lqt01
  WARN root [2018-06-25 18:42:59,890] - TCPPacketReceiver::processPendingEvents(127.0.0.1:10560): Throwing REASON_GENERAL_NETWORK - WSAECONNRESET
  INFO root [2018-06-25 21:02:14,304] - 
  INFO root [2018-06-25 21:02:14,306] - -----------------------------------------------------------------------------------------


  INFO root [2018-06-25 21:02:14,307] - Resmgr::initialize: KBE_ROOT=C:/Users/Public/Documents/workspace/kbe/kbengine-kbengine-v1.0.0/kbengine/
  INFO root [2018-06-25 21:02:14,308] - Resmgr::initialize: KBE_RES_PATH=C:/Users/Public/Documents/workspace/kbe/kbengine-kbengine-v1.0.0/kbengine/kbe/res/;C:/Users/Public/Documents/workspace/kbe/kbengine-kbengine-v1.0.0/kbengine/assets/;C:/Users/Public/Documents/workspace/kbe/kbengine-kbengine-v1.0.0/kbengine/assets/scripts/;C:/Users/Public/Documents/workspace/kbe/kbengine-kbengine-v1.0.0/kbengine/assets/res/
  INFO root [2018-06-25 21:02:14,309] - Resmgr::initialize: KBE_BIN_PATH=C:/Users/Public/Documents/workspace/kbe/kbengine-kbengine-v1.0.0/kbengine/kbe/bin/server/
  INFO root [2018-06-25 21:02:14,329] - NetworkInterface::recreateListeningSocket(INTERNAL): bound to all interfaces with default route interface on 192.168.31.56 ( 192.168.31.56:30099 )
  INFO root [2018-06-25 21:02:14,329] - NetworkInterface::recreateListeningSocket(INTERNAL): address 192.168.31.56:30099, SOMAXCONN=5.
  INFO root [2018-06-25 21:02:14,340] - ---- interfaces Version: 1.0.0. ScriptVersion: 0.1.0. Protocol: 1ABB6125D8365C3720079E1D4CCC25C7. Config: Debug X86. Built: 23:15:38 Jun 15 2018. AppID: 3000. UID: 9124. PID: 10480 ----
  INFO root [2018-06-25 21:02:14,341] - Server :        Intel(R) Core(TM) i5-2415M CPU @ 2.30GHz with 4194303kB RAM
  INFO root [2018-06-25 21:02:14,341] - ThreadPool::createThreadPool: creating  threadpool...
  INFO root [2018-06-25 21:02:14,342] - ThreadPool::createThreadPool: successfully(2), newThreadCount=1, normalMaxThreadCount=2, maxThreadCount=8
 DEBUG root [2018-06-25 21:02:14,529] - Script::install_py_dlls(): PyInit_pyexpat
 DEBUG root [2018-06-25 21:02:14,530] - Script::install_py_dlls(): PyInit__socket
 DEBUG root [2018-06-25 21:02:14,531] - Script::install_py_dlls(): PyInit__ssl
 DEBUG root [2018-06-25 21:02:14,538] - Script::install_py_dlls(): PyInit__hashlib
 DEBUG root [2018-06-25 21:02:14,539] - Script::install_py_dlls(): PyInit_select
 DEBUG root [2018-06-25 21:02:14,539] - Script::install_py_dlls(): PyInit__ctypes
 DEBUG root [2018-06-25 21:02:14,541] - Script::install_py_dlls(): PyInit__elementtree
 DEBUG root [2018-06-25 21:02:14,619] - Script::install_py_dlls(): PyInit_unicodedata
  INFO root [2018-06-25 21:02:14,696] - Script::install(): is successfully, Python=(3.4.2 (default, Jun 15 2018, 23:15:28) [MSC v.1913 32 bit (Intel)])!
  INFO root [2018-06-25 21:02:14,697] - Script::install(): KBExtra is successfully!
S_INFO root [2018-06-25 21:02:14,721] - onInterfaceAppReady: bootstrapGroupIndex=0, bootstrapGlobalIndex=0
  INFO root [2018-06-25 21:02:14,740] - TelnetServer server is running on port 33000
  INFO root [2018-06-25 21:02:15,531] - ---- interfaces is running ----
 DEBUG root [2018-06-25 21:02:15,531] - Components::process(): Request for the process of identity...
  INFO root [2018-06-25 21:02:22,721] - Components::process(): Found all the components!
S_INFO root [2018-06-25 21:02:59,523] - onRequestAccountLogin: registerName=lqt01
S_INFO root [2018-06-25 21:10:15,036] - onRequestAccountLogin: registerName=lqt01
  WARN root [2018-06-25 23:00:46,290] - TCPPacketReceiver::processPendingEvents(127.0.0.1:15748): Throwing REASON_GENERAL_NETWORK - WSAECONNRESET
  INFO root [2018-06-25 23:01:00,602] - 
  INFO root [2018-06-25 23:01:00,603] - -----------------------------------------------------------------------------------------


  INFO root [2018-06-25 23:01:00,606] - Resmgr::initialize: KBE_ROOT=C:/Users/Public/Documents/workspace/kbe/kbengine-kbengine-v1.0.0/kbengine/
  INFO root [2018-06-25 23:01:00,607] - Resmgr::initialize: KBE_RES_PATH=C:/Users/Public/Documents/workspace/kbe/kbengine-kbengine-v1.0.0/kbengine/kbe/res/;C:/Users/Public/Documents/workspace/kbe/kbengine-kbengine-v1.0.0/kbengine/assets/;C:/Users/Public/Documents/workspace/kbe/kbengine-kbengine-v1.0.0/kbengine/assets/scripts/;C:/Users/Public/Documents/workspace/kbe/kbengine-kbengine-v1.0.0/kbengine/assets/res/
  INFO root [2018-06-25 23:01:00,607] - Resmgr::initialize: KBE_BIN_PATH=C:/Users/Public/Documents/workspace/kbe/kbengine-kbengine-v1.0.0/kbengine/kbe/bin/server/
  INFO root [2018-06-25 23:01:00,654] - NetworkInterface::recreateListeningSocket(INTERNAL): bound to all interfaces with default route interface on 192.168.31.56 ( 192.168.31.56:30099 )
  INFO root [2018-06-25 23:01:00,654] - NetworkInterface::recreateListeningSocket(INTERNAL): address 192.168.31.56:30099, SOMAXCONN=5.
  INFO root [2018-06-25 23:01:00,675] - ---- interfaces Version: 1.0.0. ScriptVersion: 0.1.0. Protocol: 1ABB6125D8365C3720079E1D4CCC25C7. Config: Debug X86. Built: 23:15:38 Jun 15 2018. AppID: 3000. UID: 32394. PID: 9524 ----
  INFO root [2018-06-25 23:01:00,676] - Server :        Intel(R) Core(TM) i5-2415M CPU @ 2.30GHz with 4194303kB RAM
  INFO root [2018-06-25 23:01:00,677] - ThreadPool::createThreadPool: creating  threadpool...
  INFO root [2018-06-25 23:01:00,677] - ThreadPool::createThreadPool: successfully(2), newThreadCount=1, normalMaxThreadCount=2, maxThreadCount=8
 DEBUG root [2018-06-25 23:01:00,874] - Script::install_py_dlls(): PyInit_pyexpat
 DEBUG root [2018-06-25 23:01:00,876] - Script::install_py_dlls(): PyInit__socket
 DEBUG root [2018-06-25 23:01:00,877] - Script::install_py_dlls(): PyInit__ssl
 DEBUG root [2018-06-25 23:01:00,886] - Script::install_py_dlls(): PyInit__hashlib
 DEBUG root [2018-06-25 23:01:00,887] - Script::install_py_dlls(): PyInit_select
 DEBUG root [2018-06-25 23:01:00,888] - Script::install_py_dlls(): PyInit__ctypes
 DEBUG root [2018-06-25 23:01:00,890] - Script::install_py_dlls(): PyInit__elementtree
 DEBUG root [2018-06-25 23:01:01,001] - Script::install_py_dlls(): PyInit_unicodedata
  INFO root [2018-06-25 23:01:01,107] - Script::install(): is successfully, Python=(3.4.2 (default, Jun 15 2018, 23:15:28) [MSC v.1913 32 bit (Intel)])!
  INFO root [2018-06-25 23:01:01,108] - Script::install(): KBExtra is successfully!
S_INFO root [2018-06-25 23:01:01,135] - onInterfaceAppReady: bootstrapGroupIndex=0, bootstrapGlobalIndex=0
  INFO root [2018-06-25 23:01:01,157] - TelnetServer server is running on port 33000
  INFO root [2018-06-25 23:01:02,317] - ---- interfaces is running ----
 DEBUG root [2018-06-25 23:01:02,318] - Components::process(): Request for the process of identity...
  INFO root [2018-06-25 23:01:09,510] - Components::process(): Found all the components!
  WARN root [2018-06-25 23:02:54,593] - TCPPacketReceiver::processPendingEvents(127.0.0.1:16170): Throwing REASON_GENERAL_NETWORK - WSAECONNRESET
  INFO root [2018-06-25 23:04:56,123] - 
  INFO root [2018-06-25 23:04:56,124] - -----------------------------------------------------------------------------------------


  INFO root [2018-06-25 23:04:56,125] - Resmgr::initialize: KBE_ROOT=C:/Users/Public/Documents/workspace/kbe/kbengine-kbengine-v1.0.0/kbengine/
  INFO root [2018-06-25 23:04:56,126] - Resmgr::initialize: KBE_RES_PATH=C:/Users/Public/Documents/workspace/kbe/kbengine-kbengine-v1.0.0/kbengine/kbe/res/;C:/Users/Public/Documents/workspace/kbe/kbengine-kbengine-v1.0.0/kbengine/assets/;C:/Users/Public/Documents/workspace/kbe/kbengine-kbengine-v1.0.0/kbengine/assets/scripts/;C:/Users/Public/Documents/workspace/kbe/kbengine-kbengine-v1.0.0/kbengine/assets/res/
  INFO root [2018-06-25 23:04:56,126] - Resmgr::initialize: KBE_BIN_PATH=C:/Users/Public/Documents/workspace/kbe/kbengine-kbengine-v1.0.0/kbengine/kbe/bin/server/
  INFO root [2018-06-25 23:04:56,184] - NetworkInterface::recreateListeningSocket(INTERNAL): bound to all interfaces with default route interface on 192.168.31.56 ( 192.168.31.56:30099 )
  INFO root [2018-06-25 23:04:56,185] - NetworkInterface::recreateListeningSocket(INTERNAL): address 192.168.31.56:30099, SOMAXCONN=5.
  INFO root [2018-06-25 23:04:56,195] - ---- interfaces Version: 1.0.0. ScriptVersion: 0.1.0. Protocol: 1ABB6125D8365C3720079E1D4CCC25C7. Config: Debug X86. Built: 23:15:38 Jun 15 2018. AppID: 3000. UID: 397. PID: 5852 ----
  INFO root [2018-06-25 23:04:56,199] - Server :        Intel(R) Core(TM) i5-2415M CPU @ 2.30GHz with 4194303kB RAM
  INFO root [2018-06-25 23:04:56,200] - ThreadPool::createThreadPool: creating  threadpool...
  INFO root [2018-06-25 23:04:56,201] - ThreadPool::createThreadPool: successfully(2), newThreadCount=1, normalMaxThreadCount=2, maxThreadCount=8
 DEBUG root [2018-06-25 23:04:56,426] - Script::install_py_dlls(): PyInit_pyexpat
 DEBUG root [2018-06-25 23:04:56,427] - Script::install_py_dlls(): PyInit__socket
 DEBUG root [2018-06-25 23:04:56,429] - Script::install_py_dlls(): PyInit__ssl
 DEBUG root [2018-06-25 23:04:56,436] - Script::install_py_dlls(): PyInit__hashlib
 DEBUG root [2018-06-25 23:04:56,437] - Script::install_py_dlls(): PyInit_select
 DEBUG root [2018-06-25 23:04:56,438] - Script::install_py_dlls(): PyInit__ctypes
 DEBUG root [2018-06-25 23:04:56,441] - Script::install_py_dlls(): PyInit__elementtree
 DEBUG root [2018-06-25 23:04:56,550] - Script::install_py_dlls(): PyInit_unicodedata
  INFO root [2018-06-25 23:04:56,659] - Script::install(): is successfully, Python=(3.4.2 (default, Jun 15 2018, 23:15:28) [MSC v.1913 32 bit (Intel)])!
  INFO root [2018-06-25 23:04:56,659] - Script::install(): KBExtra is successfully!
S_INFO root [2018-06-25 23:04:56,686] - onInterfaceAppReady: bootstrapGroupIndex=0, bootstrapGlobalIndex=0
  INFO root [2018-06-25 23:04:56,708] - TelnetServer server is running on port 33000
  INFO root [2018-06-25 23:04:57,703] - ---- interfaces is running ----
 DEBUG root [2018-06-25 23:04:57,704] - Components::process(): Request for the process of identity...
  INFO root [2018-06-25 23:05:04,928] - Components::process(): Found all the components!
  WARN root [2018-06-25 23:06:29,433] - TCPPacketReceiver::processPendingEvents(127.0.0.1:16227): Throwing REASON_GENERAL_NETWORK - WSAECONNRESET
  INFO root [2018-06-25 23:06:39,364] - 
  INFO root [2018-06-25 23:06:39,365] - -----------------------------------------------------------------------------------------


  INFO root [2018-06-25 23:06:39,367] - Resmgr::initialize: KBE_ROOT=C:/Users/Public/Documents/workspace/kbe/kbengine-kbengine-v1.0.0/kbengine/
  INFO root [2018-06-25 23:06:39,368] - Resmgr::initialize: KBE_RES_PATH=C:/Users/Public/Documents/workspace/kbe/kbengine-kbengine-v1.0.0/kbengine/kbe/res/;C:/Users/Public/Documents/workspace/kbe/kbengine-kbengine-v1.0.0/kbengine/assets/;C:/Users/Public/Documents/workspace/kbe/kbengine-kbengine-v1.0.0/kbengine/assets/scripts/;C:/Users/Public/Documents/workspace/kbe/kbengine-kbengine-v1.0.0/kbengine/assets/res/
  INFO root [2018-06-25 23:06:39,368] - Resmgr::initialize: KBE_BIN_PATH=C:/Users/Public/Documents/workspace/kbe/kbengine-kbengine-v1.0.0/kbengine/kbe/bin/server/
  INFO root [2018-06-25 23:06:39,383] - NetworkInterface::recreateListeningSocket(INTERNAL): bound to all interfaces with default route interface on 192.168.31.56 ( 192.168.31.56:30099 )
  INFO root [2018-06-25 23:06:39,384] - NetworkInterface::recreateListeningSocket(INTERNAL): address 192.168.31.56:30099, SOMAXCONN=5.
  INFO root [2018-06-25 23:06:39,396] - ---- interfaces Version: 1.0.0. ScriptVersion: 0.1.0. Protocol: 1ABB6125D8365C3720079E1D4CCC25C7. Config: Debug X86. Built: 23:15:38 Jun 15 2018. AppID: 3000. UID: 733. PID: 8348 ----
  INFO root [2018-06-25 23:06:39,397] - Server :        Intel(R) Core(TM) i5-2415M CPU @ 2.30GHz with 4194303kB RAM
  INFO root [2018-06-25 23:06:39,411] - ThreadPool::createThreadPool: creating  threadpool...
  INFO root [2018-06-25 23:06:39,411] - ThreadPool::createThreadPool: successfully(2), newThreadCount=1, normalMaxThreadCount=2, maxThreadCount=8
 DEBUG root [2018-06-25 23:06:39,595] - Script::install_py_dlls(): PyInit_pyexpat
 DEBUG root [2018-06-25 23:06:39,596] - Script::install_py_dlls(): PyInit__socket
 DEBUG root [2018-06-25 23:06:39,597] - Script::install_py_dlls(): PyInit__ssl
 DEBUG root [2018-06-25 23:06:39,604] - Script::install_py_dlls(): PyInit__hashlib
 DEBUG root [2018-06-25 23:06:39,605] - Script::install_py_dlls(): PyInit_select
 DEBUG root [2018-06-25 23:06:39,606] - Script::install_py_dlls(): PyInit__ctypes
 DEBUG root [2018-06-25 23:06:39,607] - Script::install_py_dlls(): PyInit__elementtree
 DEBUG root [2018-06-25 23:06:39,713] - Script::install_py_dlls(): PyInit_unicodedata
  INFO root [2018-06-25 23:06:39,815] - Script::install(): is successfully, Python=(3.4.2 (default, Jun 15 2018, 23:15:28) [MSC v.1913 32 bit (Intel)])!
  INFO root [2018-06-25 23:06:39,815] - Script::install(): KBExtra is successfully!
S_INFO root [2018-06-25 23:06:39,839] - onInterfaceAppReady: bootstrapGroupIndex=0, bootstrapGlobalIndex=0
  INFO root [2018-06-25 23:06:39,859] - TelnetServer server is running on port 33000
  INFO root [2018-06-25 23:06:40,687] - ---- interfaces is running ----
 DEBUG root [2018-06-25 23:06:40,688] - Components::process(): Request for the process of identity...
  INFO root [2018-06-25 23:06:47,939] - Components::process(): Found all the components!
S_INFO root [2018-06-25 23:08:07,642] - onRequestAccountLogin: registerName=lqt01
  WARN root [2018-06-25 23:12:39,399] - TCPPacketReceiver::processPendingEvents(127.0.0.1:16293): Throwing REASON_GENERAL_NETWORK - WSAECONNRESET
