  INFO root [2018-06-26 15:45:58,003] - 
  INFO root [2018-06-26 15:45:58,003] - -----------------------------------------------------------------------------------------


  INFO root [2018-06-26 15:46:01,062] - Resmgr::initialize: KBE_ROOT=C:/Users/Public/Documents/workspace/kbe/kbengine-kbengine-v1.0.0/kbengine/
  INFO root [2018-06-26 15:46:01,063] - Resmgr::initialize: KBE_RES_PATH=C:/Users/Public/Documents/workspace/kbe/kbengine-kbengine-v1.0.0/kbengine/kbe/res/;C:/Users/Public/Documents/workspace/kbe/kbengine-kbengine-v1.0.0/kbengine/assets/;C:/Users/Public/Documents/workspace/kbe/kbengine-kbengine-v1.0.0/kbengine/assets/scripts/;C:/Users/Public/Documents/workspace/kbe/kbengine-kbengine-v1.0.0/kbengine/assets/res/
  INFO root [2018-06-26 15:46:01,063] - Resmgr::initialize: KBE_BIN_PATH=C:/Users/Public/Documents/workspace/kbe/kbengine-kbengine-v1.0.0/kbengine/kbe/bin/server/
  INFO root [2018-06-26 15:46:01,441] - NetworkInterface::recreateListeningSocket(INTERNAL): bound to all interfaces with default route interface on 192.168.31.56 ( 192.168.31.56:30099 )
  INFO root [2018-06-26 15:46:01,504] - NetworkInterface::recreateListeningSocket(INTERNAL): address 192.168.31.56:30099, SOMAXCONN=5.
  INFO root [2018-06-26 15:46:01,776] - ---- interfaces Version: 1.0.0. ScriptVersion: 0.1.0. Protocol: 1ABB6125D8365C3720079E1D4CCC25C7. Config: Debug X86. Built: 23:15:38 Jun 15 2018. AppID: 3000. UID: 32642. PID: 8880 ----
  INFO root [2018-06-26 15:46:01,777] - Server :        Intel(R) Core(TM) i5-2415M CPU @ 2.30GHz with 4194303kB RAM
  INFO root [2018-06-26 15:46:01,893] - ThreadPool::createThreadPool: creating  threadpool...
  INFO root [2018-06-26 15:46:01,893] - ThreadPool::createThreadPool: successfully(2), newThreadCount=1, normalMaxThreadCount=2, maxThreadCount=8
 DEBUG root [2018-06-26 15:46:07,603] - Script::install_py_dlls(): PyInit_pyexpat
 DEBUG root [2018-06-26 15:46:07,891] - Script::install_py_dlls(): PyInit__socket
 DEBUG root [2018-06-26 15:46:08,046] - Script::install_py_dlls(): PyInit__ssl
 DEBUG root [2018-06-26 15:46:09,410] - Script::install_py_dlls(): PyInit__hashlib
 DEBUG root [2018-06-26 15:46:09,622] - Script::install_py_dlls(): PyInit_select
 DEBUG root [2018-06-26 15:46:09,672] - Script::install_py_dlls(): PyInit__ctypes
 DEBUG root [2018-06-26 15:46:09,962] - Script::install_py_dlls(): PyInit__elementtree
 DEBUG root [2018-06-26 15:46:11,794] - Script::install_py_dlls(): PyInit_unicodedata
  INFO root [2018-06-26 15:46:14,744] - Script::install(): is successfully, Python=(3.4.2 (default, Jun 15 2018, 23:15:28) [MSC v.1913 32 bit (Intel)])!
  INFO root [2018-06-26 15:46:14,744] - Script::install(): KBExtra is successfully!
S_INFO root [2018-06-26 15:46:15,393] - onInterfaceAppReady: bootstrapGroupIndex=0, bootstrapGlobalIndex=0
  INFO root [2018-06-26 15:46:15,781] - TelnetServer server is running on port 33000
  WARN root [2018-06-26 15:46:15,782] - c:\users\public\documents\workspace\kbe\kbengine-kbengine-v1.0.0\kbengine\kbe\src\server\tools\interfaces\interfaces.cpp:164: Profile scriptCall took 0.43 seconds
  INFO root [2018-06-26 15:46:17,120] - ---- interfaces is running ----
 DEBUG root [2018-06-26 15:46:17,133] - Components::process(): Request for the process of identity...
  INFO root [2018-06-26 15:46:24,503] - Components::process(): Found all the components!
S_INFO root [2018-06-26 15:46:49,490] - onRequestAccountLogin: registerName=lqt01
S_INFO root [2018-06-26 15:47:08,851] - onRequestAccountLogin: registerName=lqt02
  WARN root [2018-06-26 15:50:10,363] - TCPPacketReceiver::processPendingEvents(127.0.0.1:13771): Throwing REASON_GENERAL_NETWORK - WSAECONNRESET
  INFO root [2018-06-26 16:04:27,833] - 
  INFO root [2018-06-26 16:04:27,844] - -----------------------------------------------------------------------------------------


  INFO root [2018-06-26 16:04:27,846] - Resmgr::initialize: KBE_ROOT=C:/Users/Public/Documents/workspace/kbe/kbengine-kbengine-v1.0.0/kbengine/
  INFO root [2018-06-26 16:04:27,847] - Resmgr::initialize: KBE_RES_PATH=C:/Users/Public/Documents/workspace/kbe/kbengine-kbengine-v1.0.0/kbengine/kbe/res/;C:/Users/Public/Documents/workspace/kbe/kbengine-kbengine-v1.0.0/kbengine/assets/;C:/Users/Public/Documents/workspace/kbe/kbengine-kbengine-v1.0.0/kbengine/assets/scripts/;C:/Users/Public/Documents/workspace/kbe/kbengine-kbengine-v1.0.0/kbengine/assets/res/
  INFO root [2018-06-26 16:04:27,847] - Resmgr::initialize: KBE_BIN_PATH=C:/Users/Public/Documents/workspace/kbe/kbengine-kbengine-v1.0.0/kbengine/kbe/bin/server/
  INFO root [2018-06-26 16:04:27,863] - NetworkInterface::recreateListeningSocket(INTERNAL): bound to all interfaces with default route interface on 192.168.31.56 ( 192.168.31.56:30099 )
  INFO root [2018-06-26 16:04:27,863] - NetworkInterface::recreateListeningSocket(INTERNAL): address 192.168.31.56:30099, SOMAXCONN=5.
  INFO root [2018-06-26 16:04:27,875] - ---- interfaces Version: 1.0.0. ScriptVersion: 0.1.0. Protocol: 1ABB6125D8365C3720079E1D4CCC25C7. Config: Debug X86. Built: 23:15:38 Jun 15 2018. AppID: 3000. UID: 3548. PID: 6192 ----
  INFO root [2018-06-26 16:04:27,876] - Server :        Intel(R) Core(TM) i5-2415M CPU @ 2.30GHz with 4194303kB RAM
  INFO root [2018-06-26 16:04:27,876] - ThreadPool::createThreadPool: creating  threadpool...
  INFO root [2018-06-26 16:04:27,877] - ThreadPool::createThreadPool: successfully(2), newThreadCount=1, normalMaxThreadCount=2, maxThreadCount=8
 DEBUG root [2018-06-26 16:04:28,091] - Script::install_py_dlls(): PyInit_pyexpat
 DEBUG root [2018-06-26 16:04:28,093] - Script::install_py_dlls(): PyInit__socket
 DEBUG root [2018-06-26 16:04:28,094] - Script::install_py_dlls(): PyInit__ssl
 DEBUG root [2018-06-26 16:04:28,102] - Script::install_py_dlls(): PyInit__hashlib
 DEBUG root [2018-06-26 16:04:28,104] - Script::install_py_dlls(): PyInit_select
 DEBUG root [2018-06-26 16:04:28,104] - Script::install_py_dlls(): PyInit__ctypes
 DEBUG root [2018-06-26 16:04:28,105] - Script::install_py_dlls(): PyInit__elementtree
 DEBUG root [2018-06-26 16:04:28,226] - Script::install_py_dlls(): PyInit_unicodedata
  INFO root [2018-06-26 16:04:28,361] - Script::install(): is successfully, Python=(3.4.2 (default, Jun 15 2018, 23:15:28) [MSC v.1913 32 bit (Intel)])!
  INFO root [2018-06-26 16:04:28,362] - Script::install(): KBExtra is successfully!
S_INFO root [2018-06-26 16:04:28,390] - onInterfaceAppReady: bootstrapGroupIndex=0, bootstrapGlobalIndex=0
  INFO root [2018-06-26 16:04:28,412] - TelnetServer server is running on port 33000
  INFO root [2018-06-26 16:04:29,752] - ---- interfaces is running ----
 DEBUG root [2018-06-26 16:04:29,755] - Components::process(): Request for the process of identity...
  INFO root [2018-06-26 16:04:37,392] - Components::process(): Found all the components!
S_INFO root [2018-06-26 16:16:37,316] - onRequestAccountLogin: registerName=lqt01
  WARN root [2018-06-26 16:55:53,455] - TCPPacketReceiver::processPendingEvents(127.0.0.1:15032): Throwing REASON_GENERAL_NETWORK - WSAECONNRESET
