  INFO root [2018-06-19 14:21:38,010] - 
  INFO root [2018-06-19 14:21:38,011] - -----------------------------------------------------------------------------------------


  INFO root [2018-06-19 14:21:38,013] - Resmgr::initialize: KBE_ROOT=C:/Users/Public/Documents/workspace/kbe/kbengine-kbengine-v1.0.0/kbengine/
  INFO root [2018-06-19 14:21:38,013] - Resmgr::initialize: KBE_RES_PATH=C:/Users/Public/Documents/workspace/kbe/kbengine-kbengine-v1.0.0/kbengine/kbe/res/;C:/Users/Public/Documents/workspace/kbe/kbengine-kbengine-v1.0.0/kbengine/assets/;C:/Users/Public/Documents/workspace/kbe/kbengine-kbengine-v1.0.0/kbengine/assets/scripts/;C:/Users/Public/Documents/workspace/kbe/kbengine-kbengine-v1.0.0/kbengine/assets/res/
  INFO root [2018-06-19 14:21:38,014] - Resmgr::initialize: KBE_BIN_PATH=C:/Users/Public/Documents/workspace/kbe/kbengine-kbengine-v1.0.0/kbengine/kbe/bin/server/
  INFO root [2018-06-19 14:21:38,025] - NetworkInterface::recreateListeningSocket(INTERNAL): bound to all interfaces with default route interface on 192.168.31.56 ( 192.168.31.56:30099 )
  INFO root [2018-06-19 14:21:38,025] - NetworkInterface::recreateListeningSocket(INTERNAL): address 192.168.31.56:30099, SOMAXCONN=5.
  INFO root [2018-06-19 14:21:38,031] - ---- interfaces Version: 1.0.0. ScriptVersion: 0.1.0. Protocol: 1ABB6125D8365C3720079E1D4CCC25C7. Config: Debug X86. Built: 23:15:38 Jun 15 2018. AppID: 3000. UID: 7221. PID: 25116 ----
  INFO root [2018-06-19 14:21:38,032] - Server :        Intel(R) Core(TM) i5-2415M CPU @ 2.30GHz with 4194303kB RAM
  INFO root [2018-06-19 14:21:38,032] - ThreadPool::createThreadPool: creating  threadpool...
  INFO root [2018-06-19 14:21:38,033] - ThreadPool::createThreadPool: successfully(2), newThreadCount=1, normalMaxThreadCount=2, maxThreadCount=8
 DEBUG root [2018-06-19 14:21:38,349] - Script::install_py_dlls(): PyInit_pyexpat
 DEBUG root [2018-06-19 14:21:38,350] - Script::install_py_dlls(): PyInit__socket
 DEBUG root [2018-06-19 14:21:38,351] - Script::install_py_dlls(): PyInit__ssl
 DEBUG root [2018-06-19 14:21:38,356] - Script::install_py_dlls(): PyInit__hashlib
 DEBUG root [2018-06-19 14:21:38,356] - Script::install_py_dlls(): PyInit_select
 DEBUG root [2018-06-19 14:21:38,356] - Script::install_py_dlls(): PyInit__ctypes
 DEBUG root [2018-06-19 14:21:38,357] - Script::install_py_dlls(): PyInit__elementtree
 DEBUG root [2018-06-19 14:21:38,450] - Script::install_py_dlls(): PyInit_unicodedata
  INFO root [2018-06-19 14:21:38,559] - Script::install(): is successfully, Python=(3.4.2 (default, Jun 15 2018, 23:15:28) [MSC v.1913 32 bit (Intel)])!
  INFO root [2018-06-19 14:21:38,559] - Script::install(): KBExtra is successfully!
S_INFO root [2018-06-19 14:21:38,580] - onInterfaceAppReady: bootstrapGroupIndex=0, bootstrapGlobalIndex=0
  INFO root [2018-06-19 14:21:38,594] - TelnetServer server is running on port 33000
  INFO root [2018-06-19 14:21:39,533] - ---- interfaces is running ----
 DEBUG root [2018-06-19 14:21:39,534] - Components::process(): Request for the process of identity...
  INFO root [2018-06-19 14:21:47,081] - Components::process(): Found all the components!
S_INFO root [2018-06-19 15:28:21,861] - onRequestAccountLogin: registerName=lqt
S_INFO root [2018-06-19 15:58:27,952] - onRequestAccountLogin: registerName=lqt
S_INFO root [2018-06-19 16:04:37,555] - onRequestAccountLogin: registerName=lqt
  WARN root [2018-06-19 16:43:18,550] - TCPPacketReceiver::processPendingEvents(127.0.0.1:2637): Throwing REASON_GENERAL_NETWORK - WSAECONNRESET
  INFO root [2018-06-19 16:43:27,411] - 
  INFO root [2018-06-19 16:43:27,412] - -----------------------------------------------------------------------------------------


  INFO root [2018-06-19 16:43:27,414] - Resmgr::initialize: KBE_ROOT=C:/Users/Public/Documents/workspace/kbe/kbengine-kbengine-v1.0.0/kbengine/
  INFO root [2018-06-19 16:43:27,415] - Resmgr::initialize: KBE_RES_PATH=C:/Users/Public/Documents/workspace/kbe/kbengine-kbengine-v1.0.0/kbengine/kbe/res/;C:/Users/Public/Documents/workspace/kbe/kbengine-kbengine-v1.0.0/kbengine/assets/;C:/Users/Public/Documents/workspace/kbe/kbengine-kbengine-v1.0.0/kbengine/assets/scripts/;C:/Users/Public/Documents/workspace/kbe/kbengine-kbengine-v1.0.0/kbengine/assets/res/
  INFO root [2018-06-19 16:43:27,415] - Resmgr::initialize: KBE_BIN_PATH=C:/Users/Public/Documents/workspace/kbe/kbengine-kbengine-v1.0.0/kbengine/kbe/bin/server/
  INFO root [2018-06-19 16:43:27,435] - NetworkInterface::recreateListeningSocket(INTERNAL): bound to all interfaces with default route interface on 192.168.31.56 ( 192.168.31.56:30099 )
  INFO root [2018-06-19 16:43:27,436] - NetworkInterface::recreateListeningSocket(INTERNAL): address 192.168.31.56:30099, SOMAXCONN=5.
  INFO root [2018-06-19 16:43:27,487] - ---- interfaces Version: 1.0.0. ScriptVersion: 0.1.0. Protocol: 1ABB6125D8365C3720079E1D4CCC25C7. Config: Debug X86. Built: 23:15:38 Jun 15 2018. AppID: 3000. UID: 2247. PID: 28828 ----
  INFO root [2018-06-19 16:43:27,505] - Server :        Intel(R) Core(TM) i5-2415M CPU @ 2.30GHz with 4194303kB RAM
  INFO root [2018-06-19 16:43:27,509] - ThreadPool::createThreadPool: creating  threadpool...
  INFO root [2018-06-19 16:43:27,510] - ThreadPool::createThreadPool: successfully(2), newThreadCount=1, normalMaxThreadCount=2, maxThreadCount=8
 DEBUG root [2018-06-19 16:43:27,769] - Script::install_py_dlls(): PyInit_pyexpat
 DEBUG root [2018-06-19 16:43:27,771] - Script::install_py_dlls(): PyInit__socket
 DEBUG root [2018-06-19 16:43:27,772] - Script::install_py_dlls(): PyInit__ssl
 DEBUG root [2018-06-19 16:43:27,781] - Script::install_py_dlls(): PyInit__hashlib
 DEBUG root [2018-06-19 16:43:27,782] - Script::install_py_dlls(): PyInit_select
 DEBUG root [2018-06-19 16:43:27,783] - Script::install_py_dlls(): PyInit__ctypes
 DEBUG root [2018-06-19 16:43:27,784] - Script::install_py_dlls(): PyInit__elementtree
 DEBUG root [2018-06-19 16:43:27,881] - Script::install_py_dlls(): PyInit_unicodedata
  INFO root [2018-06-19 16:43:27,955] - Script::install(): is successfully, Python=(3.4.2 (default, Jun 15 2018, 23:15:28) [MSC v.1913 32 bit (Intel)])!
  INFO root [2018-06-19 16:43:27,956] - Script::install(): KBExtra is successfully!
S_INFO root [2018-06-19 16:43:27,977] - onInterfaceAppReady: bootstrapGroupIndex=0, bootstrapGlobalIndex=0
  INFO root [2018-06-19 16:43:27,999] - TelnetServer server is running on port 33000
  INFO root [2018-06-19 16:43:29,162] - ---- interfaces is running ----
 DEBUG root [2018-06-19 16:43:29,163] - Components::process(): Request for the process of identity...
  INFO root [2018-06-19 16:43:36,617] - Components::process(): Found all the components!
S_INFO root [2018-06-19 16:44:15,678] - onRequestAccountLogin: registerName=lqt
S_INFO root [2018-06-19 16:58:37,890] - onRequestAccountLogin: registerName=lqt
  WARN root [2018-06-19 17:57:17,299] - TCPPacketReceiver::processPendingEvents(127.0.0.1:5974): Throwing REASON_GENERAL_NETWORK - WSAECONNRESET
  INFO root [2018-06-19 17:57:24,022] - 
  INFO root [2018-06-19 17:57:24,023] - -----------------------------------------------------------------------------------------


  INFO root [2018-06-19 17:57:24,025] - Resmgr::initialize: KBE_ROOT=C:/Users/Public/Documents/workspace/kbe/kbengine-kbengine-v1.0.0/kbengine/
  INFO root [2018-06-19 17:57:24,026] - Resmgr::initialize: KBE_RES_PATH=C:/Users/Public/Documents/workspace/kbe/kbengine-kbengine-v1.0.0/kbengine/kbe/res/;C:/Users/Public/Documents/workspace/kbe/kbengine-kbengine-v1.0.0/kbengine/assets/;C:/Users/Public/Documents/workspace/kbe/kbengine-kbengine-v1.0.0/kbengine/assets/scripts/;C:/Users/Public/Documents/workspace/kbe/kbengine-kbengine-v1.0.0/kbengine/assets/res/
  INFO root [2018-06-19 17:57:24,026] - Resmgr::initialize: KBE_BIN_PATH=C:/Users/Public/Documents/workspace/kbe/kbengine-kbengine-v1.0.0/kbengine/kbe/bin/server/
  INFO root [2018-06-19 17:57:24,038] - NetworkInterface::recreateListeningSocket(INTERNAL): bound to all interfaces with default route interface on 192.168.31.56 ( 192.168.31.56:30099 )
  INFO root [2018-06-19 17:57:24,039] - NetworkInterface::recreateListeningSocket(INTERNAL): address 192.168.31.56:30099, SOMAXCONN=5.
  INFO root [2018-06-19 17:57:24,050] - ---- interfaces Version: 1.0.0. ScriptVersion: 0.1.0. Protocol: 1ABB6125D8365C3720079E1D4CCC25C7. Config: Debug X86. Built: 23:15:38 Jun 15 2018. AppID: 3000. UID: 16733. PID: 31316 ----
  INFO root [2018-06-19 17:57:24,051] - Server :        Intel(R) Core(TM) i5-2415M CPU @ 2.30GHz with 4194303kB RAM
  INFO root [2018-06-19 17:57:24,051] - ThreadPool::createThreadPool: creating  threadpool...
  INFO root [2018-06-19 17:57:24,052] - ThreadPool::createThreadPool: successfully(2), newThreadCount=1, normalMaxThreadCount=2, maxThreadCount=8
 DEBUG root [2018-06-19 17:57:24,285] - Script::install_py_dlls(): PyInit_pyexpat
 DEBUG root [2018-06-19 17:57:24,287] - Script::install_py_dlls(): PyInit__socket
 DEBUG root [2018-06-19 17:57:24,288] - Script::install_py_dlls(): PyInit__ssl
 DEBUG root [2018-06-19 17:57:24,295] - Script::install_py_dlls(): PyInit__hashlib
 DEBUG root [2018-06-19 17:57:24,296] - Script::install_py_dlls(): PyInit_select
 DEBUG root [2018-06-19 17:57:24,297] - Script::install_py_dlls(): PyInit__ctypes
 DEBUG root [2018-06-19 17:57:24,298] - Script::install_py_dlls(): PyInit__elementtree
 DEBUG root [2018-06-19 17:57:24,390] - Script::install_py_dlls(): PyInit_unicodedata
  INFO root [2018-06-19 17:57:24,484] - Script::install(): is successfully, Python=(3.4.2 (default, Jun 15 2018, 23:15:28) [MSC v.1913 32 bit (Intel)])!
  INFO root [2018-06-19 17:57:24,484] - Script::install(): KBExtra is successfully!
S_INFO root [2018-06-19 17:57:24,511] - onInterfaceAppReady: bootstrapGroupIndex=0, bootstrapGlobalIndex=0
  INFO root [2018-06-19 17:57:24,533] - TelnetServer server is running on port 33000
  INFO root [2018-06-19 17:57:25,136] - ---- interfaces is running ----
 DEBUG root [2018-06-19 17:57:25,136] - Components::process(): Request for the process of identity...
  INFO root [2018-06-19 17:57:32,428] - Components::process(): Found all the components!
  WARN root [2018-06-19 17:57:36,167] - TCPPacketReceiver::processPendingEvents(127.0.0.1:6999): Throwing REASON_GENERAL_NETWORK - WSAECONNRESET
  INFO root [2018-06-19 17:57:45,056] - 
  INFO root [2018-06-19 17:57:45,056] - -----------------------------------------------------------------------------------------


  INFO root [2018-06-19 17:57:45,058] - Resmgr::initialize: KBE_ROOT=C:/Users/Public/Documents/workspace/kbe/kbengine-kbengine-v1.0.0/kbengine/
  INFO root [2018-06-19 17:57:45,058] - Resmgr::initialize: KBE_RES_PATH=C:/Users/Public/Documents/workspace/kbe/kbengine-kbengine-v1.0.0/kbengine/kbe/res/;C:/Users/Public/Documents/workspace/kbe/kbengine-kbengine-v1.0.0/kbengine/assets/;C:/Users/Public/Documents/workspace/kbe/kbengine-kbengine-v1.0.0/kbengine/assets/scripts/;C:/Users/Public/Documents/workspace/kbe/kbengine-kbengine-v1.0.0/kbengine/assets/res/
  INFO root [2018-06-19 17:57:45,058] - Resmgr::initialize: KBE_BIN_PATH=C:/Users/Public/Documents/workspace/kbe/kbengine-kbengine-v1.0.0/kbengine/kbe/bin/server/
  INFO root [2018-06-19 17:57:45,068] - NetworkInterface::recreateListeningSocket(INTERNAL): bound to all interfaces with default route interface on 192.168.31.56 ( 192.168.31.56:30099 )
  INFO root [2018-06-19 17:57:45,068] - NetworkInterface::recreateListeningSocket(INTERNAL): address 192.168.31.56:30099, SOMAXCONN=5.
  INFO root [2018-06-19 17:57:45,074] - ---- interfaces Version: 1.0.0. ScriptVersion: 0.1.0. Protocol: 1ABB6125D8365C3720079E1D4CCC25C7. Config: Debug X86. Built: 23:15:38 Jun 15 2018. AppID: 3000. UID: 16805. PID: 28804 ----
  INFO root [2018-06-19 17:57:45,075] - Server :        Intel(R) Core(TM) i5-2415M CPU @ 2.30GHz with 4194303kB RAM
  INFO root [2018-06-19 17:57:45,075] - ThreadPool::createThreadPool: creating  threadpool...
  INFO root [2018-06-19 17:57:45,076] - ThreadPool::createThreadPool: successfully(2), newThreadCount=1, normalMaxThreadCount=2, maxThreadCount=8
 DEBUG root [2018-06-19 17:57:45,227] - Script::install_py_dlls(): PyInit_pyexpat
 DEBUG root [2018-06-19 17:57:45,227] - Script::install_py_dlls(): PyInit__socket
 DEBUG root [2018-06-19 17:57:45,228] - Script::install_py_dlls(): PyInit__ssl
 DEBUG root [2018-06-19 17:57:45,232] - Script::install_py_dlls(): PyInit__hashlib
 DEBUG root [2018-06-19 17:57:45,233] - Script::install_py_dlls(): PyInit_select
 DEBUG root [2018-06-19 17:57:45,233] - Script::install_py_dlls(): PyInit__ctypes
 DEBUG root [2018-06-19 17:57:45,235] - Script::install_py_dlls(): PyInit__elementtree
 DEBUG root [2018-06-19 17:57:45,308] - Script::install_py_dlls(): PyInit_unicodedata
  INFO root [2018-06-19 17:57:45,428] - Script::install(): is successfully, Python=(3.4.2 (default, Jun 15 2018, 23:15:28) [MSC v.1913 32 bit (Intel)])!
  INFO root [2018-06-19 17:57:45,428] - Script::install(): KBExtra is successfully!
S_INFO root [2018-06-19 17:57:45,454] - onInterfaceAppReady: bootstrapGroupIndex=0, bootstrapGlobalIndex=0
  INFO root [2018-06-19 17:57:45,494] - TelnetServer server is running on port 33000
  INFO root [2018-06-19 17:57:46,488] - ---- interfaces is running ----
 DEBUG root [2018-06-19 17:57:46,489] - Components::process(): Request for the process of identity...
  INFO root [2018-06-19 17:57:53,660] - Components::process(): Found all the components!
  WARN root [2018-06-19 18:01:14,958] - TCPPacketReceiver::processPendingEvents(127.0.0.1:7030): Throwing REASON_GENERAL_NETWORK - WSAECONNRESET
  INFO root [2018-06-19 18:01:19,067] - 
  INFO root [2018-06-19 18:01:19,067] - -----------------------------------------------------------------------------------------


  INFO root [2018-06-19 18:01:19,068] - Resmgr::initialize: KBE_ROOT=C:/Users/Public/Documents/workspace/kbe/kbengine-kbengine-v1.0.0/kbengine/
  INFO root [2018-06-19 18:01:19,069] - Resmgr::initialize: KBE_RES_PATH=C:/Users/Public/Documents/workspace/kbe/kbengine-kbengine-v1.0.0/kbengine/kbe/res/;C:/Users/Public/Documents/workspace/kbe/kbengine-kbengine-v1.0.0/kbengine/assets/;C:/Users/Public/Documents/workspace/kbe/kbengine-kbengine-v1.0.0/kbengine/assets/scripts/;C:/Users/Public/Documents/workspace/kbe/kbengine-kbengine-v1.0.0/kbengine/assets/res/
  INFO root [2018-06-19 18:01:19,069] - Resmgr::initialize: KBE_BIN_PATH=C:/Users/Public/Documents/workspace/kbe/kbengine-kbengine-v1.0.0/kbengine/kbe/bin/server/
  INFO root [2018-06-19 18:01:19,080] - NetworkInterface::recreateListeningSocket(INTERNAL): bound to all interfaces with default route interface on 192.168.31.56 ( 192.168.31.56:30099 )
  INFO root [2018-06-19 18:01:19,081] - NetworkInterface::recreateListeningSocket(INTERNAL): address 192.168.31.56:30099, SOMAXCONN=5.
  INFO root [2018-06-19 18:01:19,087] - ---- interfaces Version: 1.0.0. ScriptVersion: 0.1.0. Protocol: 1ABB6125D8365C3720079E1D4CCC25C7. Config: Debug X86. Built: 23:15:38 Jun 15 2018. AppID: 3000. UID: 17504. PID: 28476 ----
  INFO root [2018-06-19 18:01:19,087] - Server :        Intel(R) Core(TM) i5-2415M CPU @ 2.30GHz with 4194303kB RAM
  INFO root [2018-06-19 18:01:19,088] - ThreadPool::createThreadPool: creating  threadpool...
  INFO root [2018-06-19 18:01:19,088] - ThreadPool::createThreadPool: successfully(2), newThreadCount=1, normalMaxThreadCount=2, maxThreadCount=8
 DEBUG root [2018-06-19 18:01:19,416] - Script::install_py_dlls(): PyInit_pyexpat
 DEBUG root [2018-06-19 18:01:19,417] - Script::install_py_dlls(): PyInit__socket
 DEBUG root [2018-06-19 18:01:19,418] - Script::install_py_dlls(): PyInit__ssl
 DEBUG root [2018-06-19 18:01:19,425] - Script::install_py_dlls(): PyInit__hashlib
 DEBUG root [2018-06-19 18:01:19,426] - Script::install_py_dlls(): PyInit_select
 DEBUG root [2018-06-19 18:01:19,426] - Script::install_py_dlls(): PyInit__ctypes
 DEBUG root [2018-06-19 18:01:19,428] - Script::install_py_dlls(): PyInit__elementtree
 DEBUG root [2018-06-19 18:01:19,529] - Script::install_py_dlls(): PyInit_unicodedata
  INFO root [2018-06-19 18:01:19,702] - Script::install(): is successfully, Python=(3.4.2 (default, Jun 15 2018, 23:15:28) [MSC v.1913 32 bit (Intel)])!
  INFO root [2018-06-19 18:01:19,702] - Script::install(): KBExtra is successfully!
S_INFO root [2018-06-19 18:01:19,730] - onInterfaceAppReady: bootstrapGroupIndex=0, bootstrapGlobalIndex=0
  INFO root [2018-06-19 18:01:19,790] - TelnetServer server is running on port 33000
  INFO root [2018-06-19 18:01:20,472] - ---- interfaces is running ----
 DEBUG root [2018-06-19 18:01:20,472] - Components::process(): Request for the process of identity...
  INFO root [2018-06-19 18:01:27,671] - Components::process(): Found all the components!
  WARN root [2018-06-19 18:01:31,634] - TCPPacketReceiver::processPendingEvents(127.0.0.1:7092): Throwing REASON_GENERAL_NETWORK - WSAECONNRESET
  INFO root [2018-06-19 18:01:42,095] - 
  INFO root [2018-06-19 18:01:42,097] - -----------------------------------------------------------------------------------------


  INFO root [2018-06-19 18:01:42,099] - Resmgr::initialize: KBE_ROOT=C:/Users/Public/Documents/workspace/kbe/kbengine-kbengine-v1.0.0/kbengine/
  INFO root [2018-06-19 18:01:42,099] - Resmgr::initialize: KBE_RES_PATH=C:/Users/Public/Documents/workspace/kbe/kbengine-kbengine-v1.0.0/kbengine/kbe/res/;C:/Users/Public/Documents/workspace/kbe/kbengine-kbengine-v1.0.0/kbengine/assets/;C:/Users/Public/Documents/workspace/kbe/kbengine-kbengine-v1.0.0/kbengine/assets/scripts/;C:/Users/Public/Documents/workspace/kbe/kbengine-kbengine-v1.0.0/kbengine/assets/res/
  INFO root [2018-06-19 18:01:42,100] - Resmgr::initialize: KBE_BIN_PATH=C:/Users/Public/Documents/workspace/kbe/kbengine-kbengine-v1.0.0/kbengine/kbe/bin/server/
  INFO root [2018-06-19 18:01:42,168] - NetworkInterface::recreateListeningSocket(INTERNAL): bound to all interfaces with default route interface on 192.168.31.56 ( 192.168.31.56:30099 )
  INFO root [2018-06-19 18:01:42,169] - NetworkInterface::recreateListeningSocket(INTERNAL): address 192.168.31.56:30099, SOMAXCONN=5.
  INFO root [2018-06-19 18:01:42,197] - ---- interfaces Version: 1.0.0. ScriptVersion: 0.1.0. Protocol: 1ABB6125D8365C3720079E1D4CCC25C7. Config: Debug X86. Built: 23:15:38 Jun 15 2018. AppID: 3000. UID: 17575. PID: 31488 ----
  INFO root [2018-06-19 18:01:42,215] - Server :        Intel(R) Core(TM) i5-2415M CPU @ 2.30GHz with 4194303kB RAM
  INFO root [2018-06-19 18:01:42,216] - ThreadPool::createThreadPool: creating  threadpool...
  INFO root [2018-06-19 18:01:42,217] - ThreadPool::createThreadPool: successfully(2), newThreadCount=1, normalMaxThreadCount=2, maxThreadCount=8
 DEBUG root [2018-06-19 18:01:42,449] - Script::install_py_dlls(): PyInit_pyexpat
 DEBUG root [2018-06-19 18:01:42,450] - Script::install_py_dlls(): PyInit__socket
 DEBUG root [2018-06-19 18:01:42,451] - Script::install_py_dlls(): PyInit__ssl
 DEBUG root [2018-06-19 18:01:42,459] - Script::install_py_dlls(): PyInit__hashlib
 DEBUG root [2018-06-19 18:01:42,460] - Script::install_py_dlls(): PyInit_select
 DEBUG root [2018-06-19 18:01:42,460] - Script::install_py_dlls(): PyInit__ctypes
 DEBUG root [2018-06-19 18:01:42,462] - Script::install_py_dlls(): PyInit__elementtree
 DEBUG root [2018-06-19 18:01:42,582] - Script::install_py_dlls(): PyInit_unicodedata
  INFO root [2018-06-19 18:01:42,683] - Script::install(): is successfully, Python=(3.4.2 (default, Jun 15 2018, 23:15:28) [MSC v.1913 32 bit (Intel)])!
  INFO root [2018-06-19 18:01:42,684] - Script::install(): KBExtra is successfully!
S_INFO root [2018-06-19 18:01:42,711] - onInterfaceAppReady: bootstrapGroupIndex=0, bootstrapGlobalIndex=0
  INFO root [2018-06-19 18:01:42,732] - TelnetServer server is running on port 33000
  INFO root [2018-06-19 18:01:43,394] - ---- interfaces is running ----
 DEBUG root [2018-06-19 18:01:43,395] - Components::process(): Request for the process of identity...
  INFO root [2018-06-19 18:01:50,611] - Components::process(): Found all the components!
  WARN root [2018-06-19 18:02:20,421] - TCPPacketReceiver::processPendingEvents(127.0.0.1:7117): Throwing REASON_GENERAL_NETWORK - WSAECONNRESET
  INFO root [2018-06-19 18:02:41,073] - 
  INFO root [2018-06-19 18:02:41,081] - -----------------------------------------------------------------------------------------


  INFO root [2018-06-19 18:02:41,092] - Resmgr::initialize: KBE_ROOT=C:/Users/Public/Documents/workspace/kbe/kbengine-kbengine-v1.0.0/kbengine/
  INFO root [2018-06-19 18:02:41,093] - Resmgr::initialize: KBE_RES_PATH=C:/Users/Public/Documents/workspace/kbe/kbengine-kbengine-v1.0.0/kbengine/kbe/res/;C:/Users/Public/Documents/workspace/kbe/kbengine-kbengine-v1.0.0/kbengine/assets/;C:/Users/Public/Documents/workspace/kbe/kbengine-kbengine-v1.0.0/kbengine/assets/scripts/;C:/Users/Public/Documents/workspace/kbe/kbengine-kbengine-v1.0.0/kbengine/assets/res/
  INFO root [2018-06-19 18:02:41,094] - Resmgr::initialize: KBE_BIN_PATH=C:/Users/Public/Documents/workspace/kbe/kbengine-kbengine-v1.0.0/kbengine/kbe/bin/server/
  INFO root [2018-06-19 18:02:41,120] - NetworkInterface::recreateListeningSocket(INTERNAL): bound to all interfaces with default route interface on 192.168.31.56 ( 192.168.31.56:30099 )
  INFO root [2018-06-19 18:02:41,120] - NetworkInterface::recreateListeningSocket(INTERNAL): address 192.168.31.56:30099, SOMAXCONN=5.
  INFO root [2018-06-19 18:02:41,131] - ---- interfaces Version: 1.0.0. ScriptVersion: 0.1.0. Protocol: 1ABB6125D8365C3720079E1D4CCC25C7. Config: Debug X86. Built: 23:15:38 Jun 15 2018. AppID: 3000. UID: 17768. PID: 30876 ----
  INFO root [2018-06-19 18:02:41,132] - Server :        Intel(R) Core(TM) i5-2415M CPU @ 2.30GHz with 4194303kB RAM
  INFO root [2018-06-19 18:02:41,133] - ThreadPool::createThreadPool: creating  threadpool...
  INFO root [2018-06-19 18:02:41,134] - ThreadPool::createThreadPool: successfully(2), newThreadCount=1, normalMaxThreadCount=2, maxThreadCount=8
 DEBUG root [2018-06-19 18:02:41,309] - Script::install_py_dlls(): PyInit_pyexpat
 DEBUG root [2018-06-19 18:02:41,310] - Script::install_py_dlls(): PyInit__socket
 DEBUG root [2018-06-19 18:02:41,311] - Script::install_py_dlls(): PyInit__ssl
 DEBUG root [2018-06-19 18:02:41,318] - Script::install_py_dlls(): PyInit__hashlib
 DEBUG root [2018-06-19 18:02:41,319] - Script::install_py_dlls(): PyInit_select
 DEBUG root [2018-06-19 18:02:41,319] - Script::install_py_dlls(): PyInit__ctypes
 DEBUG root [2018-06-19 18:02:41,321] - Script::install_py_dlls(): PyInit__elementtree
 DEBUG root [2018-06-19 18:02:41,403] - Script::install_py_dlls(): PyInit_unicodedata
  INFO root [2018-06-19 18:02:41,490] - Script::install(): is successfully, Python=(3.4.2 (default, Jun 15 2018, 23:15:28) [MSC v.1913 32 bit (Intel)])!
  INFO root [2018-06-19 18:02:41,490] - Script::install(): KBExtra is successfully!
S_INFO root [2018-06-19 18:02:41,517] - onInterfaceAppReady: bootstrapGroupIndex=0, bootstrapGlobalIndex=0
  INFO root [2018-06-19 18:02:41,549] - TelnetServer server is running on port 33000
  INFO root [2018-06-19 18:02:42,214] - ---- interfaces is running ----
 DEBUG root [2018-06-19 18:02:42,214] - Components::process(): Request for the process of identity...
  INFO root [2018-06-19 18:02:49,517] - Components::process(): Found all the components!
S_INFO root [2018-06-19 18:04:59,420] - onRequestAccountLogin: registerName=lqt
S_INFO root [2018-06-19 18:07:36,421] - onRequestAccountLogin: registerName=lqt01
S_INFO root [2018-06-19 18:13:06,025] - onRequestAccountLogin: registerName=lqt02
S_INFO root [2018-06-19 18:20:19,830] - onRequestAccountLogin: registerName=lqt02
  WARN root [2018-06-19 23:29:07,664] - TCPPacketReceiver::processPendingEvents(127.0.0.1:7157): Throwing REASON_GENERAL_NETWORK - WSAECONNRESET
