  INFO root [2018-06-28 15:31:33,538] - 
  INFO root [2018-06-28 15:31:33,539] - -----------------------------------------------------------------------------------------


  INFO root [2018-06-28 15:31:36,612] - Resmgr::initialize: KBE_ROOT=C:/Users/Public/Documents/workspace/kbe/kbengine-kbengine-v1.0.0/kbengine/
  INFO root [2018-06-28 15:31:36,613] - Resmgr::initialize: KBE_RES_PATH=C:/Users/Public/Documents/workspace/kbe/kbengine-kbengine-v1.0.0/kbengine/kbe/res/;C:/Users/Public/Documents/workspace/kbe/kbengine-kbengine-v1.0.0/kbengine/assets/;C:/Users/Public/Documents/workspace/kbe/kbengine-kbengine-v1.0.0/kbengine/assets/scripts/;C:/Users/Public/Documents/workspace/kbe/kbengine-kbengine-v1.0.0/kbengine/assets/res/
  INFO root [2018-06-28 15:31:36,614] - Resmgr::initialize: KBE_BIN_PATH=C:/Users/Public/Documents/workspace/kbe/kbengine-kbengine-v1.0.0/kbengine/kbe/bin/server/
  INFO root [2018-06-28 15:31:37,116] - NetworkInterface::recreateListeningSocket(INTERNAL): bound to all interfaces with default route interface on 192.168.31.56 ( 192.168.31.56:30099 )
  INFO root [2018-06-28 15:31:37,190] - NetworkInterface::recreateListeningSocket(INTERNAL): address 192.168.31.56:30099, SOMAXCONN=5.
  INFO root [2018-06-28 15:31:37,711] - ---- interfaces Version: 1.0.0. ScriptVersion: 0.1.0. Protocol: 1ABB6125D8365C3720079E1D4CCC25C7. Config: Debug X86. Built: 23:15:38 Jun 15 2018. AppID: 3000. UID: 4282. PID: 5268 ----
  INFO root [2018-06-28 15:31:37,712] - Server :        Intel(R) Core(TM) i5-2415M CPU @ 2.30GHz with 4194303kB RAM
  INFO root [2018-06-28 15:31:37,854] - ThreadPool::createThreadPool: creating  threadpool...
  INFO root [2018-06-28 15:31:37,855] - ThreadPool::createThreadPool: successfully(2), newThreadCount=1, normalMaxThreadCount=2, maxThreadCount=8
 DEBUG root [2018-06-28 15:31:44,802] - Script::install_py_dlls(): PyInit_pyexpat
 DEBUG root [2018-06-28 15:31:45,089] - Script::install_py_dlls(): PyInit__socket
 DEBUG root [2018-06-28 15:31:45,278] - Script::install_py_dlls(): PyInit__ssl
 DEBUG root [2018-06-28 15:31:46,886] - Script::install_py_dlls(): PyInit__hashlib
 DEBUG root [2018-06-28 15:31:47,048] - Script::install_py_dlls(): PyInit_select
 DEBUG root [2018-06-28 15:31:47,127] - Script::install_py_dlls(): PyInit__ctypes
 DEBUG root [2018-06-28 15:31:47,416] - Script::install_py_dlls(): PyInit__elementtree
 DEBUG root [2018-06-28 15:31:49,297] - Script::install_py_dlls(): PyInit_unicodedata
  INFO root [2018-06-28 15:31:51,766] - Script::install(): is successfully, Python=(3.4.2 (default, Jun 15 2018, 23:15:28) [MSC v.1913 32 bit (Intel)])!
  INFO root [2018-06-28 15:31:51,767] - Script::install(): KBExtra is successfully!
S_INFO root [2018-06-28 15:31:52,601] - onInterfaceAppReady: bootstrapGroupIndex=0, bootstrapGlobalIndex=0
  INFO root [2018-06-28 15:31:53,045] - TelnetServer server is running on port 33000
  WARN root [2018-06-28 15:31:53,045] - c:\users\public\documents\workspace\kbe\kbengine-kbengine-v1.0.0\kbengine\kbe\src\server\tools\interfaces\interfaces.cpp:164: Profile scriptCall took 0.49 seconds
  INFO root [2018-06-28 15:31:53,857] - ---- interfaces is running ----
 DEBUG root [2018-06-28 15:31:53,931] - Components::process(): Request for the process of identity...
  INFO root [2018-06-28 15:32:01,159] - Components::process(): Found all the components!
  WARN root [2018-06-28 15:32:04,491] - TCPPacketReceiver::processPendingEvents(127.0.0.1:13675): Throwing REASON_GENERAL_NETWORK - WSAECONNRESET
  INFO root [2018-06-28 15:32:09,118] - 
  INFO root [2018-06-28 15:32:09,119] - -----------------------------------------------------------------------------------------


  INFO root [2018-06-28 15:32:09,121] - Resmgr::initialize: KBE_ROOT=C:/Users/Public/Documents/workspace/kbe/kbengine-kbengine-v1.0.0/kbengine/
  INFO root [2018-06-28 15:32:09,122] - Resmgr::initialize: KBE_RES_PATH=C:/Users/Public/Documents/workspace/kbe/kbengine-kbengine-v1.0.0/kbengine/kbe/res/;C:/Users/Public/Documents/workspace/kbe/kbengine-kbengine-v1.0.0/kbengine/assets/;C:/Users/Public/Documents/workspace/kbe/kbengine-kbengine-v1.0.0/kbengine/assets/scripts/;C:/Users/Public/Documents/workspace/kbe/kbengine-kbengine-v1.0.0/kbengine/assets/res/
  INFO root [2018-06-28 15:32:09,122] - Resmgr::initialize: KBE_BIN_PATH=C:/Users/Public/Documents/workspace/kbe/kbengine-kbengine-v1.0.0/kbengine/kbe/bin/server/
  INFO root [2018-06-28 15:32:09,138] - NetworkInterface::recreateListeningSocket(INTERNAL): bound to all interfaces with default route interface on 192.168.31.56 ( 192.168.31.56:30099 )
  INFO root [2018-06-28 15:32:09,139] - NetworkInterface::recreateListeningSocket(INTERNAL): address 192.168.31.56:30099, SOMAXCONN=5.
  INFO root [2018-06-28 15:32:09,151] - ---- interfaces Version: 1.0.0. ScriptVersion: 0.1.0. Protocol: 1ABB6125D8365C3720079E1D4CCC25C7. Config: Debug X86. Built: 23:15:38 Jun 15 2018. AppID: 3000. UID: 4455. PID: 7404 ----
  INFO root [2018-06-28 15:32:09,153] - Server :        Intel(R) Core(TM) i5-2415M CPU @ 2.30GHz with 4194303kB RAM
  INFO root [2018-06-28 15:32:09,153] - ThreadPool::createThreadPool: creating  threadpool...
  INFO root [2018-06-28 15:32:09,154] - ThreadPool::createThreadPool: successfully(2), newThreadCount=1, normalMaxThreadCount=2, maxThreadCount=8
 DEBUG root [2018-06-28 15:32:09,361] - Script::install_py_dlls(): PyInit_pyexpat
 DEBUG root [2018-06-28 15:32:09,362] - Script::install_py_dlls(): PyInit__socket
 DEBUG root [2018-06-28 15:32:09,364] - Script::install_py_dlls(): PyInit__ssl
 DEBUG root [2018-06-28 15:32:09,372] - Script::install_py_dlls(): PyInit__hashlib
 DEBUG root [2018-06-28 15:32:09,373] - Script::install_py_dlls(): PyInit_select
 DEBUG root [2018-06-28 15:32:09,373] - Script::install_py_dlls(): PyInit__ctypes
 DEBUG root [2018-06-28 15:32:09,375] - Script::install_py_dlls(): PyInit__elementtree
 DEBUG root [2018-06-28 15:32:09,504] - Script::install_py_dlls(): PyInit_unicodedata
  INFO root [2018-06-28 15:32:09,716] - Script::install(): is successfully, Python=(3.4.2 (default, Jun 15 2018, 23:15:28) [MSC v.1913 32 bit (Intel)])!
  INFO root [2018-06-28 15:32:09,717] - Script::install(): KBExtra is successfully!
S_INFO root [2018-06-28 15:32:09,749] - onInterfaceAppReady: bootstrapGroupIndex=0, bootstrapGlobalIndex=0
  INFO root [2018-06-28 15:32:09,782] - TelnetServer server is running on port 33000
  INFO root [2018-06-28 15:32:10,637] - ---- interfaces is running ----
 DEBUG root [2018-06-28 15:32:10,638] - Components::process(): Request for the process of identity...
  INFO root [2018-06-28 15:32:18,250] - Components::process(): Found all the components!
S_INFO root [2018-06-28 15:35:57,377] - onRequestAccountLogin: registerName=lqt02
S_INFO root [2018-06-28 15:36:16,053] - onRequestAccountLogin: registerName=lqt01
  WARN root [2018-06-28 15:52:28,843] - TCPPacketReceiver::processPendingEvents(127.0.0.1:13702): Throwing REASON_GENERAL_NETWORK - WSAECONNRESET
  INFO root [2018-06-28 16:23:25,682] - 
  INFO root [2018-06-28 16:23:25,684] - -----------------------------------------------------------------------------------------


  INFO root [2018-06-28 16:23:25,687] - Resmgr::initialize: KBE_ROOT=C:/Users/Public/Documents/workspace/kbe/kbengine-kbengine-v1.0.0/kbengine/
  INFO root [2018-06-28 16:23:25,688] - Resmgr::initialize: KBE_RES_PATH=C:/Users/Public/Documents/workspace/kbe/kbengine-kbengine-v1.0.0/kbengine/kbe/res/;C:/Users/Public/Documents/workspace/kbe/kbengine-kbengine-v1.0.0/kbengine/assets/;C:/Users/Public/Documents/workspace/kbe/kbengine-kbengine-v1.0.0/kbengine/assets/scripts/;C:/Users/Public/Documents/workspace/kbe/kbengine-kbengine-v1.0.0/kbengine/assets/res/
  INFO root [2018-06-28 16:23:25,688] - Resmgr::initialize: KBE_BIN_PATH=C:/Users/Public/Documents/workspace/kbe/kbengine-kbengine-v1.0.0/kbengine/kbe/bin/server/
  INFO root [2018-06-28 16:23:25,715] - NetworkInterface::recreateListeningSocket(INTERNAL): bound to all interfaces with default route interface on 192.168.31.56 ( 192.168.31.56:30099 )
  INFO root [2018-06-28 16:23:25,716] - NetworkInterface::recreateListeningSocket(INTERNAL): address 192.168.31.56:30099, SOMAXCONN=5.
  INFO root [2018-06-28 16:23:25,730] - ---- interfaces Version: 1.0.0. ScriptVersion: 0.1.0. Protocol: 1ABB6125D8365C3720079E1D4CCC25C7. Config: Debug X86. Built: 23:15:38 Jun 15 2018. AppID: 3000. UID: 14500. PID: 11212 ----
  INFO root [2018-06-28 16:23:25,736] - Server :        Intel(R) Core(TM) i5-2415M CPU @ 2.30GHz with 4194303kB RAM
  INFO root [2018-06-28 16:23:25,737] - ThreadPool::createThreadPool: creating  threadpool...
  INFO root [2018-06-28 16:23:25,738] - ThreadPool::createThreadPool: successfully(2), newThreadCount=1, normalMaxThreadCount=2, maxThreadCount=8
 DEBUG root [2018-06-28 16:23:25,990] - Script::install_py_dlls(): PyInit_pyexpat
 DEBUG root [2018-06-28 16:23:25,991] - Script::install_py_dlls(): PyInit__socket
 DEBUG root [2018-06-28 16:23:25,992] - Script::install_py_dlls(): PyInit__ssl
 DEBUG root [2018-06-28 16:23:26,001] - Script::install_py_dlls(): PyInit__hashlib
 DEBUG root [2018-06-28 16:23:26,002] - Script::install_py_dlls(): PyInit_select
 DEBUG root [2018-06-28 16:23:26,002] - Script::install_py_dlls(): PyInit__ctypes
 DEBUG root [2018-06-28 16:23:26,004] - Script::install_py_dlls(): PyInit__elementtree
 DEBUG root [2018-06-28 16:23:26,093] - Script::install_py_dlls(): PyInit_unicodedata
  INFO root [2018-06-28 16:23:26,191] - Script::install(): is successfully, Python=(3.4.2 (default, Jun 15 2018, 23:15:28) [MSC v.1913 32 bit (Intel)])!
  INFO root [2018-06-28 16:23:26,192] - Script::install(): KBExtra is successfully!
S_INFO root [2018-06-28 16:23:26,221] - onInterfaceAppReady: bootstrapGroupIndex=0, bootstrapGlobalIndex=0
  INFO root [2018-06-28 16:23:26,247] - TelnetServer server is running on port 33000
  INFO root [2018-06-28 16:23:26,893] - ---- interfaces is running ----
 DEBUG root [2018-06-28 16:23:26,893] - Components::process(): Request for the process of identity...
  INFO root [2018-06-28 16:23:34,095] - Components::process(): Found all the components!
  INFO root [2018-06-28 17:14:55,203] - 
  INFO root [2018-06-28 17:14:55,206] - -----------------------------------------------------------------------------------------


  INFO root [2018-06-28 17:14:55,207] - Resmgr::initialize: KBE_ROOT=C:/Users/Public/Documents/workspace/kbe/kbengine-kbengine-v1.0.0/kbengine/
  INFO root [2018-06-28 17:14:55,207] - Resmgr::initialize: KBE_RES_PATH=C:/Users/Public/Documents/workspace/kbe/kbengine-kbengine-v1.0.0/kbengine/kbe/res/;C:/Users/Public/Documents/workspace/kbe/kbengine-kbengine-v1.0.0/kbengine/assets/;C:/Users/Public/Documents/workspace/kbe/kbengine-kbengine-v1.0.0/kbengine/assets/scripts/;C:/Users/Public/Documents/workspace/kbe/kbengine-kbengine-v1.0.0/kbengine/assets/res/
  INFO root [2018-06-28 17:14:55,208] - Resmgr::initialize: KBE_BIN_PATH=C:/Users/Public/Documents/workspace/kbe/kbengine-kbengine-v1.0.0/kbengine/kbe/bin/server/
  INFO root [2018-06-28 17:14:55,217] - NetworkInterface::recreateListeningSocket(INTERNAL): bound to all interfaces with default route interface on 192.168.31.56 ( 192.168.31.56:30099 )
  INFO root [2018-06-28 17:14:55,217] - NetworkInterface::recreateListeningSocket(INTERNAL): address 192.168.31.56:30099, SOMAXCONN=5.
  INFO root [2018-06-28 17:14:55,223] - ---- interfaces Version: 1.0.0. ScriptVersion: 0.1.0. Protocol: 1ABB6125D8365C3720079E1D4CCC25C7. Config: Debug X86. Built: 23:15:38 Jun 15 2018. AppID: 3000. UID: 24591. PID: 11416 ----
  INFO root [2018-06-28 17:14:55,224] - Server :        Intel(R) Core(TM) i5-2415M CPU @ 2.30GHz with 4194303kB RAM
  INFO root [2018-06-28 17:14:55,224] - ThreadPool::createThreadPool: creating  threadpool...
  INFO root [2018-06-28 17:14:55,225] - ThreadPool::createThreadPool: successfully(2), newThreadCount=1, normalMaxThreadCount=2, maxThreadCount=8
 DEBUG root [2018-06-28 17:14:55,445] - Script::install_py_dlls(): PyInit_pyexpat
 DEBUG root [2018-06-28 17:14:55,447] - Script::install_py_dlls(): PyInit__socket
 DEBUG root [2018-06-28 17:14:55,448] - Script::install_py_dlls(): PyInit__ssl
 DEBUG root [2018-06-28 17:14:55,460] - Script::install_py_dlls(): PyInit__hashlib
 DEBUG root [2018-06-28 17:14:55,461] - Script::install_py_dlls(): PyInit_select
 DEBUG root [2018-06-28 17:14:55,461] - Script::install_py_dlls(): PyInit__ctypes
 DEBUG root [2018-06-28 17:14:55,463] - Script::install_py_dlls(): PyInit__elementtree
 DEBUG root [2018-06-28 17:14:55,572] - Script::install_py_dlls(): PyInit_unicodedata
  INFO root [2018-06-28 17:14:55,686] - Script::install(): is successfully, Python=(3.4.2 (default, Jun 15 2018, 23:15:28) [MSC v.1913 32 bit (Intel)])!
  INFO root [2018-06-28 17:14:55,686] - Script::install(): KBExtra is successfully!
S_INFO root [2018-06-28 17:14:55,748] - onInterfaceAppReady: bootstrapGroupIndex=0, bootstrapGlobalIndex=0
  INFO root [2018-06-28 17:14:55,774] - TelnetServer server is running on port 33000
  INFO root [2018-06-28 17:14:57,038] - ---- interfaces is running ----
 DEBUG root [2018-06-28 17:14:57,039] - Components::process(): Request for the process of identity...
  INFO root [2018-06-28 17:15:04,309] - Components::process(): Found all the components!
  WARN root [2018-06-28 17:15:11,197] - TCPPacketReceiver::processPendingEvents(127.0.0.1:16544): Throwing REASON_GENERAL_NETWORK - WSAECONNRESET
  INFO root [2018-06-28 17:15:15,412] - 
  INFO root [2018-06-28 17:15:15,414] - -----------------------------------------------------------------------------------------


  INFO root [2018-06-28 17:15:15,416] - Resmgr::initialize: KBE_ROOT=C:/Users/Public/Documents/workspace/kbe/kbengine-kbengine-v1.0.0/kbengine/
  INFO root [2018-06-28 17:15:15,417] - Resmgr::initialize: KBE_RES_PATH=C:/Users/Public/Documents/workspace/kbe/kbengine-kbengine-v1.0.0/kbengine/kbe/res/;C:/Users/Public/Documents/workspace/kbe/kbengine-kbengine-v1.0.0/kbengine/assets/;C:/Users/Public/Documents/workspace/kbe/kbengine-kbengine-v1.0.0/kbengine/assets/scripts/;C:/Users/Public/Documents/workspace/kbe/kbengine-kbengine-v1.0.0/kbengine/assets/res/
  INFO root [2018-06-28 17:15:15,417] - Resmgr::initialize: KBE_BIN_PATH=C:/Users/Public/Documents/workspace/kbe/kbengine-kbengine-v1.0.0/kbengine/kbe/bin/server/
  INFO root [2018-06-28 17:15:15,439] - NetworkInterface::recreateListeningSocket(INTERNAL): bound to all interfaces with default route interface on 192.168.31.56 ( 192.168.31.56:30099 )
  INFO root [2018-06-28 17:15:15,439] - NetworkInterface::recreateListeningSocket(INTERNAL): address 192.168.31.56:30099, SOMAXCONN=5.
  INFO root [2018-06-28 17:15:15,454] - ---- interfaces Version: 1.0.0. ScriptVersion: 0.1.0. Protocol: 1ABB6125D8365C3720079E1D4CCC25C7. Config: Debug X86. Built: 23:15:38 Jun 15 2018. AppID: 3000. UID: 24656. PID: 6996 ----
  INFO root [2018-06-28 17:15:15,454] - Server :        Intel(R) Core(TM) i5-2415M CPU @ 2.30GHz with 4194303kB RAM
  INFO root [2018-06-28 17:15:15,454] - ThreadPool::createThreadPool: creating  threadpool...
  INFO root [2018-06-28 17:15:15,455] - ThreadPool::createThreadPool: successfully(2), newThreadCount=1, normalMaxThreadCount=2, maxThreadCount=8
 DEBUG root [2018-06-28 17:15:15,685] - Script::install_py_dlls(): PyInit_pyexpat
 DEBUG root [2018-06-28 17:15:15,686] - Script::install_py_dlls(): PyInit__socket
 DEBUG root [2018-06-28 17:15:15,687] - Script::install_py_dlls(): PyInit__ssl
 DEBUG root [2018-06-28 17:15:15,697] - Script::install_py_dlls(): PyInit__hashlib
 DEBUG root [2018-06-28 17:15:15,698] - Script::install_py_dlls(): PyInit_select
 DEBUG root [2018-06-28 17:15:15,698] - Script::install_py_dlls(): PyInit__ctypes
 DEBUG root [2018-06-28 17:15:15,700] - Script::install_py_dlls(): PyInit__elementtree
 DEBUG root [2018-06-28 17:15:15,878] - Script::install_py_dlls(): PyInit_unicodedata
  INFO root [2018-06-28 17:15:16,096] - Script::install(): is successfully, Python=(3.4.2 (default, Jun 15 2018, 23:15:28) [MSC v.1913 32 bit (Intel)])!
  INFO root [2018-06-28 17:15:16,097] - Script::install(): KBExtra is successfully!
S_INFO root [2018-06-28 17:15:16,163] - onInterfaceAppReady: bootstrapGroupIndex=0, bootstrapGlobalIndex=0
  INFO root [2018-06-28 17:15:16,236] - TelnetServer server is running on port 33000
  INFO root [2018-06-28 17:15:17,014] - ---- interfaces is running ----
 DEBUG root [2018-06-28 17:15:17,015] - Components::process(): Request for the process of identity...
  INFO root [2018-06-28 17:15:24,264] - Components::process(): Found all the components!
  WARN root [2018-06-28 17:18:42,277] - TCPPacketReceiver::processPendingEvents(127.0.0.1:16578): Throwing REASON_GENERAL_NETWORK - WSAECONNRESET
  INFO root [2018-06-28 17:18:46,659] - 
  INFO root [2018-06-28 17:18:46,661] - -----------------------------------------------------------------------------------------


  INFO root [2018-06-28 17:18:46,663] - Resmgr::initialize: KBE_ROOT=C:/Users/Public/Documents/workspace/kbe/kbengine-kbengine-v1.0.0/kbengine/
  INFO root [2018-06-28 17:18:46,665] - Resmgr::initialize: KBE_RES_PATH=C:/Users/Public/Documents/workspace/kbe/kbengine-kbengine-v1.0.0/kbengine/kbe/res/;C:/Users/Public/Documents/workspace/kbe/kbengine-kbengine-v1.0.0/kbengine/assets/;C:/Users/Public/Documents/workspace/kbe/kbengine-kbengine-v1.0.0/kbengine/assets/scripts/;C:/Users/Public/Documents/workspace/kbe/kbengine-kbengine-v1.0.0/kbengine/assets/res/
  INFO root [2018-06-28 17:18:46,665] - Resmgr::initialize: KBE_BIN_PATH=C:/Users/Public/Documents/workspace/kbe/kbengine-kbengine-v1.0.0/kbengine/kbe/bin/server/
  INFO root [2018-06-28 17:18:46,681] - NetworkInterface::recreateListeningSocket(INTERNAL): bound to all interfaces with default route interface on 192.168.31.56 ( 192.168.31.56:30099 )
  INFO root [2018-06-28 17:18:46,682] - NetworkInterface::recreateListeningSocket(INTERNAL): address 192.168.31.56:30099, SOMAXCONN=5.
  INFO root [2018-06-28 17:18:46,693] - ---- interfaces Version: 1.0.0. ScriptVersion: 0.1.0. Protocol: 1ABB6125D8365C3720079E1D4CCC25C7. Config: Debug X86. Built: 23:15:38 Jun 15 2018. AppID: 3000. UID: 25345. PID: 11420 ----
  INFO root [2018-06-28 17:18:46,694] - Server :        Intel(R) Core(TM) i5-2415M CPU @ 2.30GHz with 4194303kB RAM
  INFO root [2018-06-28 17:18:46,695] - ThreadPool::createThreadPool: creating  threadpool...
  INFO root [2018-06-28 17:18:46,695] - ThreadPool::createThreadPool: successfully(2), newThreadCount=1, normalMaxThreadCount=2, maxThreadCount=8
 DEBUG root [2018-06-28 17:18:46,974] - Script::install_py_dlls(): PyInit_pyexpat
 DEBUG root [2018-06-28 17:18:46,976] - Script::install_py_dlls(): PyInit__socket
 DEBUG root [2018-06-28 17:18:46,977] - Script::install_py_dlls(): PyInit__ssl
 DEBUG root [2018-06-28 17:18:46,988] - Script::install_py_dlls(): PyInit__hashlib
 DEBUG root [2018-06-28 17:18:46,989] - Script::install_py_dlls(): PyInit_select
 DEBUG root [2018-06-28 17:18:46,990] - Script::install_py_dlls(): PyInit__ctypes
 DEBUG root [2018-06-28 17:18:46,992] - Script::install_py_dlls(): PyInit__elementtree
 DEBUG root [2018-06-28 17:18:47,094] - Script::install_py_dlls(): PyInit_unicodedata
  INFO root [2018-06-28 17:18:47,194] - Script::install(): is successfully, Python=(3.4.2 (default, Jun 15 2018, 23:15:28) [MSC v.1913 32 bit (Intel)])!
  INFO root [2018-06-28 17:18:47,194] - Script::install(): KBExtra is successfully!
S_INFO root [2018-06-28 17:18:47,225] - onInterfaceAppReady: bootstrapGroupIndex=0, bootstrapGlobalIndex=0
  INFO root [2018-06-28 17:18:47,249] - TelnetServer server is running on port 33000
  INFO root [2018-06-28 17:18:47,974] - ---- interfaces is running ----
 DEBUG root [2018-06-28 17:18:47,974] - Components::process(): Request for the process of identity...
  INFO root [2018-06-28 17:18:55,268] - Components::process(): Found all the components!
  WARN root [2018-06-28 17:23:06,092] - TCPPacketReceiver::processPendingEvents(127.0.0.1:16729): Throwing REASON_GENERAL_NETWORK - WSAECONNRESET
  INFO root [2018-06-28 17:23:10,494] - 
  INFO root [2018-06-28 17:23:10,495] - -----------------------------------------------------------------------------------------


  INFO root [2018-06-28 17:23:10,497] - Resmgr::initialize: KBE_ROOT=C:/Users/Public/Documents/workspace/kbe/kbengine-kbengine-v1.0.0/kbengine/
  INFO root [2018-06-28 17:23:10,498] - Resmgr::initialize: KBE_RES_PATH=C:/Users/Public/Documents/workspace/kbe/kbengine-kbengine-v1.0.0/kbengine/kbe/res/;C:/Users/Public/Documents/workspace/kbe/kbengine-kbengine-v1.0.0/kbengine/assets/;C:/Users/Public/Documents/workspace/kbe/kbengine-kbengine-v1.0.0/kbengine/assets/scripts/;C:/Users/Public/Documents/workspace/kbe/kbengine-kbengine-v1.0.0/kbengine/assets/res/
  INFO root [2018-06-28 17:23:10,499] - Resmgr::initialize: KBE_BIN_PATH=C:/Users/Public/Documents/workspace/kbe/kbengine-kbengine-v1.0.0/kbengine/kbe/bin/server/
  INFO root [2018-06-28 17:23:10,547] - NetworkInterface::recreateListeningSocket(INTERNAL): bound to all interfaces with default route interface on 192.168.31.56 ( 192.168.31.56:30099 )
  INFO root [2018-06-28 17:23:10,547] - NetworkInterface::recreateListeningSocket(INTERNAL): address 192.168.31.56:30099, SOMAXCONN=5.
  INFO root [2018-06-28 17:23:10,560] - ---- interfaces Version: 1.0.0. ScriptVersion: 0.1.0. Protocol: 1ABB6125D8365C3720079E1D4CCC25C7. Config: Debug X86. Built: 23:15:38 Jun 15 2018. AppID: 3000. UID: 26204. PID: 11628 ----
  INFO root [2018-06-28 17:23:10,560] - Server :        Intel(R) Core(TM) i5-2415M CPU @ 2.30GHz with 4194303kB RAM
  INFO root [2018-06-28 17:23:10,561] - ThreadPool::createThreadPool: creating  threadpool...
  INFO root [2018-06-28 17:23:10,562] - ThreadPool::createThreadPool: successfully(2), newThreadCount=1, normalMaxThreadCount=2, maxThreadCount=8
 DEBUG root [2018-06-28 17:23:10,813] - Script::install_py_dlls(): PyInit_pyexpat
 DEBUG root [2018-06-28 17:23:10,814] - Script::install_py_dlls(): PyInit__socket
 DEBUG root [2018-06-28 17:23:10,815] - Script::install_py_dlls(): PyInit__ssl
 DEBUG root [2018-06-28 17:23:10,824] - Script::install_py_dlls(): PyInit__hashlib
 DEBUG root [2018-06-28 17:23:10,825] - Script::install_py_dlls(): PyInit_select
 DEBUG root [2018-06-28 17:23:10,825] - Script::install_py_dlls(): PyInit__ctypes
 DEBUG root [2018-06-28 17:23:10,827] - Script::install_py_dlls(): PyInit__elementtree
 DEBUG root [2018-06-28 17:23:10,931] - Script::install_py_dlls(): PyInit_unicodedata
  INFO root [2018-06-28 17:23:11,036] - Script::install(): is successfully, Python=(3.4.2 (default, Jun 15 2018, 23:15:28) [MSC v.1913 32 bit (Intel)])!
  INFO root [2018-06-28 17:23:11,037] - Script::install(): KBExtra is successfully!
S_INFO root [2018-06-28 17:23:11,061] - onInterfaceAppReady: bootstrapGroupIndex=0, bootstrapGlobalIndex=0
  INFO root [2018-06-28 17:23:11,092] - TelnetServer server is running on port 33000
  INFO root [2018-06-28 17:23:11,895] - ---- interfaces is running ----
 DEBUG root [2018-06-28 17:23:11,895] - Components::process(): Request for the process of identity...
  INFO root [2018-06-28 17:23:19,124] - Components::process(): Found all the components!
S_INFO root [2018-06-28 17:23:51,176] - onRequestAccountLogin: registerName=lqt01
S_INFO root [2018-06-28 17:23:58,363] - onRequestAccountLogin: registerName=lqt02
  WARN root [2018-06-28 17:37:37,830] - TCPPacketReceiver::processPendingEvents(127.0.0.1:16897): Throwing REASON_GENERAL_NETWORK - WSAECONNRESET
  INFO root [2018-06-28 17:37:42,014] - 
  INFO root [2018-06-28 17:37:42,015] - -----------------------------------------------------------------------------------------


  INFO root [2018-06-28 17:37:42,017] - Resmgr::initialize: KBE_ROOT=C:/Users/Public/Documents/workspace/kbe/kbengine-kbengine-v1.0.0/kbengine/
  INFO root [2018-06-28 17:37:42,017] - Resmgr::initialize: KBE_RES_PATH=C:/Users/Public/Documents/workspace/kbe/kbengine-kbengine-v1.0.0/kbengine/kbe/res/;C:/Users/Public/Documents/workspace/kbe/kbengine-kbengine-v1.0.0/kbengine/assets/;C:/Users/Public/Documents/workspace/kbe/kbengine-kbengine-v1.0.0/kbengine/assets/scripts/;C:/Users/Public/Documents/workspace/kbe/kbengine-kbengine-v1.0.0/kbengine/assets/res/
  INFO root [2018-06-28 17:37:42,017] - Resmgr::initialize: KBE_BIN_PATH=C:/Users/Public/Documents/workspace/kbe/kbengine-kbengine-v1.0.0/kbengine/kbe/bin/server/
  INFO root [2018-06-28 17:37:42,029] - NetworkInterface::recreateListeningSocket(INTERNAL): bound to all interfaces with default route interface on 192.168.31.56 ( 192.168.31.56:30099 )
  INFO root [2018-06-28 17:37:42,029] - NetworkInterface::recreateListeningSocket(INTERNAL): address 192.168.31.56:30099, SOMAXCONN=5.
  INFO root [2018-06-28 17:37:42,037] - ---- interfaces Version: 1.0.0. ScriptVersion: 0.1.0. Protocol: 1ABB6125D8365C3720079E1D4CCC25C7. Config: Debug X86. Built: 23:15:38 Jun 15 2018. AppID: 3000. UID: 29051. PID: 10652 ----
  INFO root [2018-06-28 17:37:42,038] - Server :        Intel(R) Core(TM) i5-2415M CPU @ 2.30GHz with 4194303kB RAM
  INFO root [2018-06-28 17:37:42,038] - ThreadPool::createThreadPool: creating  threadpool...
  INFO root [2018-06-28 17:37:42,039] - ThreadPool::createThreadPool: successfully(2), newThreadCount=1, normalMaxThreadCount=2, maxThreadCount=8
 DEBUG root [2018-06-28 17:37:42,269] - Script::install_py_dlls(): PyInit_pyexpat
 DEBUG root [2018-06-28 17:37:42,270] - Script::install_py_dlls(): PyInit__socket
 DEBUG root [2018-06-28 17:37:42,271] - Script::install_py_dlls(): PyInit__ssl
 DEBUG root [2018-06-28 17:37:42,280] - Script::install_py_dlls(): PyInit__hashlib
 DEBUG root [2018-06-28 17:37:42,281] - Script::install_py_dlls(): PyInit_select
 DEBUG root [2018-06-28 17:37:42,282] - Script::install_py_dlls(): PyInit__ctypes
 DEBUG root [2018-06-28 17:37:42,287] - Script::install_py_dlls(): PyInit__elementtree
 DEBUG root [2018-06-28 17:37:42,426] - Script::install_py_dlls(): PyInit_unicodedata
  INFO root [2018-06-28 17:37:42,542] - Script::install(): is successfully, Python=(3.4.2 (default, Jun 15 2018, 23:15:28) [MSC v.1913 32 bit (Intel)])!
  INFO root [2018-06-28 17:37:42,545] - Script::install(): KBExtra is successfully!
S_INFO root [2018-06-28 17:37:42,571] - onInterfaceAppReady: bootstrapGroupIndex=0, bootstrapGlobalIndex=0
  INFO root [2018-06-28 17:37:42,593] - TelnetServer server is running on port 33000
  INFO root [2018-06-28 17:37:43,424] - ---- interfaces is running ----
 DEBUG root [2018-06-28 17:37:43,425] - Components::process(): Request for the process of identity...
  INFO root [2018-06-28 17:37:50,672] - Components::process(): Found all the components!
S_INFO root [2018-06-28 17:38:18,572] - onRequestAccountLogin: registerName=lqt01
S_INFO root [2018-06-28 17:38:33,173] - onRequestAccountLogin: registerName=lqt02
  WARN root [2018-06-28 17:47:07,533] - TCPPacketReceiver::processPendingEvents(127.0.0.1:17427): Throwing REASON_GENERAL_NETWORK - WSAECONNRESET
  INFO root [2018-06-28 17:47:35,282] - 
  INFO root [2018-06-28 17:47:35,283] - -----------------------------------------------------------------------------------------


  INFO root [2018-06-28 17:47:35,285] - Resmgr::initialize: KBE_ROOT=C:/Users/Public/Documents/workspace/kbe/kbengine-kbengine-v1.0.0/kbengine/
  INFO root [2018-06-28 17:47:35,286] - Resmgr::initialize: KBE_RES_PATH=C:/Users/Public/Documents/workspace/kbe/kbengine-kbengine-v1.0.0/kbengine/kbe/res/;C:/Users/Public/Documents/workspace/kbe/kbengine-kbengine-v1.0.0/kbengine/assets/;C:/Users/Public/Documents/workspace/kbe/kbengine-kbengine-v1.0.0/kbengine/assets/scripts/;C:/Users/Public/Documents/workspace/kbe/kbengine-kbengine-v1.0.0/kbengine/assets/res/
  INFO root [2018-06-28 17:47:35,287] - Resmgr::initialize: KBE_BIN_PATH=C:/Users/Public/Documents/workspace/kbe/kbengine-kbengine-v1.0.0/kbengine/kbe/bin/server/
  INFO root [2018-06-28 17:47:35,319] - NetworkInterface::recreateListeningSocket(INTERNAL): bound to all interfaces with default route interface on 192.168.31.56 ( 192.168.31.56:30099 )
  INFO root [2018-06-28 17:47:35,320] - NetworkInterface::recreateListeningSocket(INTERNAL): address 192.168.31.56:30099, SOMAXCONN=5.
  INFO root [2018-06-28 17:47:35,339] - ---- interfaces Version: 1.0.0. ScriptVersion: 0.1.0. Protocol: 1ABB6125D8365C3720079E1D4CCC25C7. Config: Debug X86. Built: 23:15:38 Jun 15 2018. AppID: 3000. UID: 30991. PID: 4880 ----
  INFO root [2018-06-28 17:47:35,341] - Server :        Intel(R) Core(TM) i5-2415M CPU @ 2.30GHz with 4194303kB RAM
  INFO root [2018-06-28 17:47:35,347] - ThreadPool::createThreadPool: creating  threadpool...
  INFO root [2018-06-28 17:47:35,348] - ThreadPool::createThreadPool: successfully(2), newThreadCount=1, normalMaxThreadCount=2, maxThreadCount=8
 DEBUG root [2018-06-28 17:47:35,675] - Script::install_py_dlls(): PyInit_pyexpat
 DEBUG root [2018-06-28 17:47:35,676] - Script::install_py_dlls(): PyInit__socket
 DEBUG root [2018-06-28 17:47:35,678] - Script::install_py_dlls(): PyInit__ssl
 DEBUG root [2018-06-28 17:47:35,686] - Script::install_py_dlls(): PyInit__hashlib
 DEBUG root [2018-06-28 17:47:35,688] - Script::install_py_dlls(): PyInit_select
 DEBUG root [2018-06-28 17:47:35,688] - Script::install_py_dlls(): PyInit__ctypes
 DEBUG root [2018-06-28 17:47:35,690] - Script::install_py_dlls(): PyInit__elementtree
 DEBUG root [2018-06-28 17:47:35,798] - Script::install_py_dlls(): PyInit_unicodedata
  INFO root [2018-06-28 17:47:35,907] - Script::install(): is successfully, Python=(3.4.2 (default, Jun 15 2018, 23:15:28) [MSC v.1913 32 bit (Intel)])!
  INFO root [2018-06-28 17:47:35,908] - Script::install(): KBExtra is successfully!
S_INFO root [2018-06-28 17:47:35,939] - onInterfaceAppReady: bootstrapGroupIndex=0, bootstrapGlobalIndex=0
  INFO root [2018-06-28 17:47:35,967] - TelnetServer server is running on port 33000
  INFO root [2018-06-28 17:47:36,697] - ---- interfaces is running ----
 DEBUG root [2018-06-28 17:47:36,698] - Components::process(): Request for the process of identity...
  INFO root [2018-06-28 17:47:44,066] - 
  INFO root [2018-06-28 17:47:44,067] - -----------------------------------------------------------------------------------------


  INFO root [2018-06-28 17:47:44,068] - Resmgr::initialize: KBE_ROOT=C:/Users/Public/Documents/workspace/kbe/kbengine-kbengine-v1.0.0/kbengine/
  INFO root [2018-06-28 17:47:44,069] - Resmgr::initialize: KBE_RES_PATH=C:/Users/Public/Documents/workspace/kbe/kbengine-kbengine-v1.0.0/kbengine/kbe/res/;C:/Users/Public/Documents/workspace/kbe/kbengine-kbengine-v1.0.0/kbengine/assets/;C:/Users/Public/Documents/workspace/kbe/kbengine-kbengine-v1.0.0/kbengine/assets/scripts/;C:/Users/Public/Documents/workspace/kbe/kbengine-kbengine-v1.0.0/kbengine/assets/res/
  INFO root [2018-06-28 17:47:44,069] - Resmgr::initialize: KBE_BIN_PATH=C:/Users/Public/Documents/workspace/kbe/kbengine-kbengine-v1.0.0/kbengine/kbe/bin/server/
  INFO root [2018-06-28 17:47:44,093] - NetworkInterface::recreateListeningSocket(INTERNAL): bound to all interfaces with default route interface on 192.168.31.56 ( 192.168.31.56:30099 )
  INFO root [2018-06-28 17:47:44,094] - NetworkInterface::recreateListeningSocket(INTERNAL): address 192.168.31.56:30099, SOMAXCONN=5.
  INFO root [2018-06-28 17:47:44,108] - ---- interfaces Version: 1.0.0. ScriptVersion: 0.1.0. Protocol: 1ABB6125D8365C3720079E1D4CCC25C7. Config: Debug X86. Built: 23:15:38 Jun 15 2018. AppID: 3000. UID: 31021. PID: 9404 ----
  INFO root [2018-06-28 17:47:44,112] - Server :        Intel(R) Core(TM) i5-2415M CPU @ 2.30GHz with 4194303kB RAM
  INFO root [2018-06-28 17:47:44,112] - ThreadPool::createThreadPool: creating  threadpool...
  INFO root [2018-06-28 17:47:44,113] - ThreadPool::createThreadPool: successfully(2), newThreadCount=1, normalMaxThreadCount=2, maxThreadCount=8
 DEBUG root [2018-06-28 17:47:44,408] - Script::install_py_dlls(): PyInit_pyexpat
 DEBUG root [2018-06-28 17:47:44,409] - Script::install_py_dlls(): PyInit__socket
 DEBUG root [2018-06-28 17:47:44,411] - Script::install_py_dlls(): PyInit__ssl
 DEBUG root [2018-06-28 17:47:44,429] - Script::install_py_dlls(): PyInit__hashlib
 DEBUG root [2018-06-28 17:47:44,442] - Script::install_py_dlls(): PyInit_select
 DEBUG root [2018-06-28 17:47:44,444] - Script::install_py_dlls(): PyInit__ctypes
 DEBUG root [2018-06-28 17:47:44,446] - Script::install_py_dlls(): PyInit__elementtree
 DEBUG root [2018-06-28 17:47:44,556] - Script::install_py_dlls(): PyInit_unicodedata
  INFO root [2018-06-28 17:47:44,723] - Script::install(): is successfully, Python=(3.4.2 (default, Jun 15 2018, 23:15:28) [MSC v.1913 32 bit (Intel)])!
  INFO root [2018-06-28 17:47:44,723] - Script::install(): KBExtra is successfully!
S_INFO root [2018-06-28 17:47:44,751] - onInterfaceAppReady: bootstrapGroupIndex=0, bootstrapGlobalIndex=0
  INFO root [2018-06-28 17:47:44,777] - TelnetServer server is running on port 33000
  INFO root [2018-06-28 17:47:46,327] - ---- interfaces is running ----
 DEBUG root [2018-06-28 17:47:46,329] - Components::process(): Request for the process of identity...
  INFO root [2018-06-28 17:47:53,972] - Components::process(): Found all the components!
S_INFO root [2018-06-28 17:48:23,452] - onRequestAccountLogin: registerName=lqt01
S_INFO root [2018-06-28 17:48:36,554] - onRequestAccountLogin: registerName=lqt02
  WARN root [2018-06-28 17:52:50,462] - TCPPacketReceiver::processPendingEvents(127.0.0.1:17843): Throwing REASON_GENERAL_NETWORK - WSAECONNRESET
  INFO root [2018-06-28 17:52:57,399] - 
  INFO root [2018-06-28 17:52:57,400] - -----------------------------------------------------------------------------------------


  INFO root [2018-06-28 17:52:57,402] - Resmgr::initialize: KBE_ROOT=C:/Users/Public/Documents/workspace/kbe/kbengine-kbengine-v1.0.0/kbengine/
  INFO root [2018-06-28 17:52:57,403] - Resmgr::initialize: KBE_RES_PATH=C:/Users/Public/Documents/workspace/kbe/kbengine-kbengine-v1.0.0/kbengine/kbe/res/;C:/Users/Public/Documents/workspace/kbe/kbengine-kbengine-v1.0.0/kbengine/assets/;C:/Users/Public/Documents/workspace/kbe/kbengine-kbengine-v1.0.0/kbengine/assets/scripts/;C:/Users/Public/Documents/workspace/kbe/kbengine-kbengine-v1.0.0/kbengine/assets/res/
  INFO root [2018-06-28 17:52:57,404] - Resmgr::initialize: KBE_BIN_PATH=C:/Users/Public/Documents/workspace/kbe/kbengine-kbengine-v1.0.0/kbengine/kbe/bin/server/
  INFO root [2018-06-28 17:52:57,425] - NetworkInterface::recreateListeningSocket(INTERNAL): bound to all interfaces with default route interface on 192.168.31.56 ( 192.168.31.56:30099 )
  INFO root [2018-06-28 17:52:57,425] - NetworkInterface::recreateListeningSocket(INTERNAL): address 192.168.31.56:30099, SOMAXCONN=5.
  INFO root [2018-06-28 17:52:57,438] - ---- interfaces Version: 1.0.0. ScriptVersion: 0.1.0. Protocol: 1ABB6125D8365C3720079E1D4CCC25C7. Config: Debug X86. Built: 23:15:38 Jun 15 2018. AppID: 3000. UID: 32043. PID: 3816 ----
  INFO root [2018-06-28 17:52:57,439] - Server :        Intel(R) Core(TM) i5-2415M CPU @ 2.30GHz with 4194303kB RAM
  INFO root [2018-06-28 17:52:57,456] - ThreadPool::createThreadPool: creating  threadpool...
  INFO root [2018-06-28 17:52:57,456] - ThreadPool::createThreadPool: successfully(2), newThreadCount=1, normalMaxThreadCount=2, maxThreadCount=8
 DEBUG root [2018-06-28 17:52:57,668] - Script::install_py_dlls(): PyInit_pyexpat
 DEBUG root [2018-06-28 17:52:57,669] - Script::install_py_dlls(): PyInit__socket
 DEBUG root [2018-06-28 17:52:57,670] - Script::install_py_dlls(): PyInit__ssl
 DEBUG root [2018-06-28 17:52:57,680] - Script::install_py_dlls(): PyInit__hashlib
 DEBUG root [2018-06-28 17:52:57,681] - Script::install_py_dlls(): PyInit_select
 DEBUG root [2018-06-28 17:52:57,682] - Script::install_py_dlls(): PyInit__ctypes
 DEBUG root [2018-06-28 17:52:57,684] - Script::install_py_dlls(): PyInit__elementtree
 DEBUG root [2018-06-28 17:52:57,796] - Script::install_py_dlls(): PyInit_unicodedata
  INFO root [2018-06-28 17:52:57,912] - Script::install(): is successfully, Python=(3.4.2 (default, Jun 15 2018, 23:15:28) [MSC v.1913 32 bit (Intel)])!
  INFO root [2018-06-28 17:52:57,913] - Script::install(): KBExtra is successfully!
S_INFO root [2018-06-28 17:52:57,942] - onInterfaceAppReady: bootstrapGroupIndex=0, bootstrapGlobalIndex=0
  INFO root [2018-06-28 17:52:57,967] - TelnetServer server is running on port 33000
  INFO root [2018-06-28 17:52:59,180] - ---- interfaces is running ----
 DEBUG root [2018-06-28 17:52:59,181] - Components::process(): Request for the process of identity...
  INFO root [2018-06-28 17:53:06,442] - Components::process(): Found all the components!
  WARN root [2018-06-28 17:53:31,515] - TCPPacketReceiver::processPendingEvents(127.0.0.1:18076): Throwing REASON_GENERAL_NETWORK - WSAECONNRESET
  INFO root [2018-06-28 18:06:04,142] - 
  INFO root [2018-06-28 18:06:04,143] - -----------------------------------------------------------------------------------------


  INFO root [2018-06-28 18:06:04,145] - Resmgr::initialize: KBE_ROOT=C:/Users/Public/Documents/workspace/kbe/kbengine-kbengine-v1.0.0/kbengine/
  INFO root [2018-06-28 18:06:04,146] - Resmgr::initialize: KBE_RES_PATH=C:/Users/Public/Documents/workspace/kbe/kbengine-kbengine-v1.0.0/kbengine/kbe/res/;C:/Users/Public/Documents/workspace/kbe/kbengine-kbengine-v1.0.0/kbengine/assets/;C:/Users/Public/Documents/workspace/kbe/kbengine-kbengine-v1.0.0/kbengine/assets/scripts/;C:/Users/Public/Documents/workspace/kbe/kbengine-kbengine-v1.0.0/kbengine/assets/res/
  INFO root [2018-06-28 18:06:04,147] - Resmgr::initialize: KBE_BIN_PATH=C:/Users/Public/Documents/workspace/kbe/kbengine-kbengine-v1.0.0/kbengine/kbe/bin/server/
  INFO root [2018-06-28 18:06:04,181] - NetworkInterface::recreateListeningSocket(INTERNAL): bound to all interfaces with default route interface on 192.168.31.56 ( 192.168.31.56:30099 )
  INFO root [2018-06-28 18:06:04,182] - NetworkInterface::recreateListeningSocket(INTERNAL): address 192.168.31.56:30099, SOMAXCONN=5.
  INFO root [2018-06-28 18:06:04,196] - ---- interfaces Version: 1.0.0. ScriptVersion: 0.1.0. Protocol: 1ABB6125D8365C3720079E1D4CCC25C7. Config: Debug X86. Built: 23:15:38 Jun 15 2018. AppID: 3000. UID: 1841. PID: 1872 ----
  INFO root [2018-06-28 18:06:04,215] - Server :        Intel(R) Core(TM) i5-2415M CPU @ 2.30GHz with 4194303kB RAM
  INFO root [2018-06-28 18:06:04,217] - ThreadPool::createThreadPool: creating  threadpool...
  INFO root [2018-06-28 18:06:04,218] - ThreadPool::createThreadPool: successfully(2), newThreadCount=1, normalMaxThreadCount=2, maxThreadCount=8
 DEBUG root [2018-06-28 18:06:04,462] - Script::install_py_dlls(): PyInit_pyexpat
 DEBUG root [2018-06-28 18:06:04,463] - Script::install_py_dlls(): PyInit__socket
 DEBUG root [2018-06-28 18:06:04,464] - Script::install_py_dlls(): PyInit__ssl
 DEBUG root [2018-06-28 18:06:04,473] - Script::install_py_dlls(): PyInit__hashlib
 DEBUG root [2018-06-28 18:06:04,474] - Script::install_py_dlls(): PyInit_select
 DEBUG root [2018-06-28 18:06:04,474] - Script::install_py_dlls(): PyInit__ctypes
 DEBUG root [2018-06-28 18:06:04,476] - Script::install_py_dlls(): PyInit__elementtree
 DEBUG root [2018-06-28 18:06:04,570] - Script::install_py_dlls(): PyInit_unicodedata
  INFO root [2018-06-28 18:06:04,670] - Script::install(): is successfully, Python=(3.4.2 (default, Jun 15 2018, 23:15:28) [MSC v.1913 32 bit (Intel)])!
  INFO root [2018-06-28 18:06:04,670] - Script::install(): KBExtra is successfully!
S_INFO root [2018-06-28 18:06:04,700] - onInterfaceAppReady: bootstrapGroupIndex=0, bootstrapGlobalIndex=0
  INFO root [2018-06-28 18:06:04,729] - TelnetServer server is running on port 33000
  INFO root [2018-06-28 18:06:05,319] - ---- interfaces is running ----
 DEBUG root [2018-06-28 18:06:05,319] - Components::process(): Request for the process of identity...
  WARN root [2018-06-28 18:06:12,230] - TCPPacketReceiver::processPendingEvents(127.0.0.1:18518): Throwing REASON_GENERAL_NETWORK - WSAECONNRESET
  INFO root [2018-06-28 18:06:12,569] - Components::process(): Found all the components!
  INFO root [2018-06-28 18:06:18,825] - 
  INFO root [2018-06-28 18:06:18,827] - -----------------------------------------------------------------------------------------


  INFO root [2018-06-28 18:06:18,829] - Resmgr::initialize: KBE_ROOT=C:/Users/Public/Documents/workspace/kbe/kbengine-kbengine-v1.0.0/kbengine/
  INFO root [2018-06-28 18:06:18,830] - Resmgr::initialize: KBE_RES_PATH=C:/Users/Public/Documents/workspace/kbe/kbengine-kbengine-v1.0.0/kbengine/kbe/res/;C:/Users/Public/Documents/workspace/kbe/kbengine-kbengine-v1.0.0/kbengine/assets/;C:/Users/Public/Documents/workspace/kbe/kbengine-kbengine-v1.0.0/kbengine/assets/scripts/;C:/Users/Public/Documents/workspace/kbe/kbengine-kbengine-v1.0.0/kbengine/assets/res/
  INFO root [2018-06-28 18:06:18,831] - Resmgr::initialize: KBE_BIN_PATH=C:/Users/Public/Documents/workspace/kbe/kbengine-kbengine-v1.0.0/kbengine/kbe/bin/server/
  INFO root [2018-06-28 18:06:18,865] - NetworkInterface::recreateListeningSocket(INTERNAL): bound to all interfaces with default route interface on 192.168.31.56 ( 192.168.31.56:30099 )
  INFO root [2018-06-28 18:06:18,866] - NetworkInterface::recreateListeningSocket(INTERNAL): address 192.168.31.56:30099, SOMAXCONN=5.
  INFO root [2018-06-28 18:06:18,878] - ---- interfaces Version: 1.0.0. ScriptVersion: 0.1.0. Protocol: 1ABB6125D8365C3720079E1D4CCC25C7. Config: Debug X86. Built: 23:15:38 Jun 15 2018. AppID: 3000. UID: 1890. PID: 11336 ----
  INFO root [2018-06-28 18:06:18,879] - Server :        Intel(R) Core(TM) i5-2415M CPU @ 2.30GHz with 4194303kB RAM
  INFO root [2018-06-28 18:06:18,880] - ThreadPool::createThreadPool: creating  threadpool...
  INFO root [2018-06-28 18:06:18,881] - ThreadPool::createThreadPool: successfully(2), newThreadCount=1, normalMaxThreadCount=2, maxThreadCount=8
 DEBUG root [2018-06-28 18:06:19,102] - Script::install_py_dlls(): PyInit_pyexpat
 DEBUG root [2018-06-28 18:06:19,104] - Script::install_py_dlls(): PyInit__socket
 DEBUG root [2018-06-28 18:06:19,105] - Script::install_py_dlls(): PyInit__ssl
 DEBUG root [2018-06-28 18:06:19,114] - Script::install_py_dlls(): PyInit__hashlib
 DEBUG root [2018-06-28 18:06:19,115] - Script::install_py_dlls(): PyInit_select
 DEBUG root [2018-06-28 18:06:19,116] - Script::install_py_dlls(): PyInit__ctypes
 DEBUG root [2018-06-28 18:06:19,118] - Script::install_py_dlls(): PyInit__elementtree
 DEBUG root [2018-06-28 18:06:19,224] - Script::install_py_dlls(): PyInit_unicodedata
  INFO root [2018-06-28 18:06:19,327] - Script::install(): is successfully, Python=(3.4.2 (default, Jun 15 2018, 23:15:28) [MSC v.1913 32 bit (Intel)])!
  INFO root [2018-06-28 18:06:19,328] - Script::install(): KBExtra is successfully!
S_INFO root [2018-06-28 18:06:19,357] - onInterfaceAppReady: bootstrapGroupIndex=0, bootstrapGlobalIndex=0
  INFO root [2018-06-28 18:06:19,402] - TelnetServer server is running on port 33000
  INFO root [2018-06-28 18:06:20,262] - ---- interfaces is running ----
 DEBUG root [2018-06-28 18:06:20,263] - Components::process(): Request for the process of identity...
  INFO root [2018-06-28 18:06:27,559] - Components::process(): Found all the components!
  WARN root [2018-06-28 18:06:40,683] - TCPPacketReceiver::processPendingEvents(127.0.0.1:18543): Throwing REASON_GENERAL_NETWORK - WSAECONNRESET
  INFO root [2018-06-28 18:15:29,449] - 
  INFO root [2018-06-28 18:15:29,450] - -----------------------------------------------------------------------------------------


  INFO root [2018-06-28 18:15:29,451] - Resmgr::initialize: KBE_ROOT=C:/Users/Public/Documents/workspace/kbe/kbengine-kbengine-v1.0.0/kbengine/
  INFO root [2018-06-28 18:15:29,452] - Resmgr::initialize: KBE_RES_PATH=C:/Users/Public/Documents/workspace/kbe/kbengine-kbengine-v1.0.0/kbengine/kbe/res/;C:/Users/Public/Documents/workspace/kbe/kbengine-kbengine-v1.0.0/kbengine/assets/;C:/Users/Public/Documents/workspace/kbe/kbengine-kbengine-v1.0.0/kbengine/assets/scripts/;C:/Users/Public/Documents/workspace/kbe/kbengine-kbengine-v1.0.0/kbengine/assets/res/
  INFO root [2018-06-28 18:15:29,452] - Resmgr::initialize: KBE_BIN_PATH=C:/Users/Public/Documents/workspace/kbe/kbengine-kbengine-v1.0.0/kbengine/kbe/bin/server/
  INFO root [2018-06-28 18:15:29,462] - NetworkInterface::recreateListeningSocket(INTERNAL): bound to all interfaces with default route interface on 192.168.31.56 ( 192.168.31.56:30099 )
  INFO root [2018-06-28 18:15:29,463] - NetworkInterface::recreateListeningSocket(INTERNAL): address 192.168.31.56:30099, SOMAXCONN=5.
  INFO root [2018-06-28 18:15:29,468] - ---- interfaces Version: 1.0.0. ScriptVersion: 0.1.0. Protocol: 1ABB6125D8365C3720079E1D4CCC25C7. Config: Debug X86. Built: 23:15:38 Jun 15 2018. AppID: 3000. UID: 3690. PID: 5684 ----
  INFO root [2018-06-28 18:15:29,469] - Server :        Intel(R) Core(TM) i5-2415M CPU @ 2.30GHz with 4194303kB RAM
  INFO root [2018-06-28 18:15:29,469] - ThreadPool::createThreadPool: creating  threadpool...
  INFO root [2018-06-28 18:15:29,470] - ThreadPool::createThreadPool: successfully(2), newThreadCount=1, normalMaxThreadCount=2, maxThreadCount=8
 DEBUG root [2018-06-28 18:15:29,651] - Script::install_py_dlls(): PyInit_pyexpat
 DEBUG root [2018-06-28 18:15:29,652] - Script::install_py_dlls(): PyInit__socket
 DEBUG root [2018-06-28 18:15:29,653] - Script::install_py_dlls(): PyInit__ssl
 DEBUG root [2018-06-28 18:15:29,659] - Script::install_py_dlls(): PyInit__hashlib
 DEBUG root [2018-06-28 18:15:29,660] - Script::install_py_dlls(): PyInit_select
 DEBUG root [2018-06-28 18:15:29,660] - Script::install_py_dlls(): PyInit__ctypes
 DEBUG root [2018-06-28 18:15:29,662] - Script::install_py_dlls(): PyInit__elementtree
 DEBUG root [2018-06-28 18:15:29,779] - Script::install_py_dlls(): PyInit_unicodedata
  INFO root [2018-06-28 18:15:29,880] - Script::install(): is successfully, Python=(3.4.2 (default, Jun 15 2018, 23:15:28) [MSC v.1913 32 bit (Intel)])!
  INFO root [2018-06-28 18:15:29,880] - Script::install(): KBExtra is successfully!
S_INFO root [2018-06-28 18:15:29,910] - onInterfaceAppReady: bootstrapGroupIndex=0, bootstrapGlobalIndex=0
  INFO root [2018-06-28 18:15:29,933] - TelnetServer server is running on port 33000
  INFO root [2018-06-28 18:15:31,016] - ---- interfaces is running ----
 DEBUG root [2018-06-28 18:15:31,017] - Components::process(): Request for the process of identity...
  INFO root [2018-06-28 18:15:38,454] - Components::process(): Found all the components!
S_INFO root [2018-06-28 18:16:10,510] - onRequestAccountLogin: registerName=lqt01
S_INFO root [2018-06-28 18:16:32,310] - onRequestAccountLogin: registerName=lqt02
  WARN root [2018-06-28 18:29:24,538] - TCPPacketReceiver::processPendingEvents(127.0.0.1:18849): Throwing REASON_GENERAL_NETWORK - WSAECONNRESET
  INFO root [2018-06-28 18:29:33,921] - 
  INFO root [2018-06-28 18:29:33,923] - -----------------------------------------------------------------------------------------


  INFO root [2018-06-28 18:29:33,925] - Resmgr::initialize: KBE_ROOT=C:/Users/Public/Documents/workspace/kbe/kbengine-kbengine-v1.0.0/kbengine/
  INFO root [2018-06-28 18:29:33,926] - Resmgr::initialize: KBE_RES_PATH=C:/Users/Public/Documents/workspace/kbe/kbengine-kbengine-v1.0.0/kbengine/kbe/res/;C:/Users/Public/Documents/workspace/kbe/kbengine-kbengine-v1.0.0/kbengine/assets/;C:/Users/Public/Documents/workspace/kbe/kbengine-kbengine-v1.0.0/kbengine/assets/scripts/;C:/Users/Public/Documents/workspace/kbe/kbengine-kbengine-v1.0.0/kbengine/assets/res/
  INFO root [2018-06-28 18:29:33,926] - Resmgr::initialize: KBE_BIN_PATH=C:/Users/Public/Documents/workspace/kbe/kbengine-kbengine-v1.0.0/kbengine/kbe/bin/server/
  INFO root [2018-06-28 18:29:33,959] - NetworkInterface::recreateListeningSocket(INTERNAL): bound to all interfaces with default route interface on 192.168.31.56 ( 192.168.31.56:30099 )
  INFO root [2018-06-28 18:29:33,959] - NetworkInterface::recreateListeningSocket(INTERNAL): address 192.168.31.56:30099, SOMAXCONN=5.
  INFO root [2018-06-28 18:29:33,973] - ---- interfaces Version: 1.0.0. ScriptVersion: 0.1.0. Protocol: 1ABB6125D8365C3720079E1D4CCC25C7. Config: Debug X86. Built: 23:15:38 Jun 15 2018. AppID: 3000. UID: 6446. PID: 11384 ----
  INFO root [2018-06-28 18:29:33,974] - Server :        Intel(R) Core(TM) i5-2415M CPU @ 2.30GHz with 4194303kB RAM
  INFO root [2018-06-28 18:29:33,976] - ThreadPool::createThreadPool: creating  threadpool...
  INFO root [2018-06-28 18:29:33,977] - ThreadPool::createThreadPool: successfully(2), newThreadCount=1, normalMaxThreadCount=2, maxThreadCount=8
 DEBUG root [2018-06-28 18:29:34,335] - Script::install_py_dlls(): PyInit_pyexpat
 DEBUG root [2018-06-28 18:29:34,337] - Script::install_py_dlls(): PyInit__socket
 DEBUG root [2018-06-28 18:29:34,338] - Script::install_py_dlls(): PyInit__ssl
 DEBUG root [2018-06-28 18:29:34,381] - Script::install_py_dlls(): PyInit__hashlib
 DEBUG root [2018-06-28 18:29:34,382] - Script::install_py_dlls(): PyInit_select
 DEBUG root [2018-06-28 18:29:34,382] - Script::install_py_dlls(): PyInit__ctypes
 DEBUG root [2018-06-28 18:29:34,384] - Script::install_py_dlls(): PyInit__elementtree
 DEBUG root [2018-06-28 18:29:34,521] - Script::install_py_dlls(): PyInit_unicodedata
  INFO root [2018-06-28 18:29:34,631] - Script::install(): is successfully, Python=(3.4.2 (default, Jun 15 2018, 23:15:28) [MSC v.1913 32 bit (Intel)])!
  INFO root [2018-06-28 18:29:34,632] - Script::install(): KBExtra is successfully!
S_INFO root [2018-06-28 18:29:34,664] - onInterfaceAppReady: bootstrapGroupIndex=0, bootstrapGlobalIndex=0
  INFO root [2018-06-28 18:29:34,697] - TelnetServer server is running on port 33000
  INFO root [2018-06-28 18:29:35,920] - ---- interfaces is running ----
 DEBUG root [2018-06-28 18:29:35,921] - Components::process(): Request for the process of identity...
  INFO root [2018-06-28 18:29:43,665] - Components::process(): Found all the components!
S_INFO root [2018-06-28 18:30:01,865] - onRequestAccountLogin: registerName=lqt01
S_INFO root [2018-06-28 18:30:21,765] - onRequestAccountLogin: registerName=lqt02
  WARN root [2018-06-28 18:35:40,778] - TCPPacketReceiver::processPendingEvents(127.0.0.1:19343): Throwing REASON_GENERAL_NETWORK - WSAECONNRESET
  INFO root [2018-06-28 20:08:38,134] - 
  INFO root [2018-06-28 20:08:38,136] - -----------------------------------------------------------------------------------------


  INFO root [2018-06-28 20:08:38,138] - Resmgr::initialize: KBE_ROOT=C:/Users/Public/Documents/workspace/kbe/kbengine-kbengine-v1.0.0/kbengine/
  INFO root [2018-06-28 20:08:38,139] - Resmgr::initialize: KBE_RES_PATH=C:/Users/Public/Documents/workspace/kbe/kbengine-kbengine-v1.0.0/kbengine/kbe/res/;C:/Users/Public/Documents/workspace/kbe/kbengine-kbengine-v1.0.0/kbengine/assets/;C:/Users/Public/Documents/workspace/kbe/kbengine-kbengine-v1.0.0/kbengine/assets/scripts/;C:/Users/Public/Documents/workspace/kbe/kbengine-kbengine-v1.0.0/kbengine/assets/res/
  INFO root [2018-06-28 20:08:38,139] - Resmgr::initialize: KBE_BIN_PATH=C:/Users/Public/Documents/workspace/kbe/kbengine-kbengine-v1.0.0/kbengine/kbe/bin/server/
  INFO root [2018-06-28 20:08:38,159] - NetworkInterface::recreateListeningSocket(INTERNAL): bound to all interfaces with default route interface on 192.168.31.56 ( 192.168.31.56:30099 )
  INFO root [2018-06-28 20:08:38,160] - NetworkInterface::recreateListeningSocket(INTERNAL): address 192.168.31.56:30099, SOMAXCONN=5.
  INFO root [2018-06-28 20:08:38,182] - ---- interfaces Version: 1.0.0. ScriptVersion: 0.1.0. Protocol: 1ABB6125D8365C3720079E1D4CCC25C7. Config: Debug X86. Built: 23:15:38 Jun 15 2018. AppID: 3000. UID: 25856. PID: 10624 ----
  INFO root [2018-06-28 20:08:38,183] - Server :        Intel(R) Core(TM) i5-2415M CPU @ 2.30GHz with 4194303kB RAM
  INFO root [2018-06-28 20:08:38,184] - ThreadPool::createThreadPool: creating  threadpool...
  INFO root [2018-06-28 20:08:38,185] - ThreadPool::createThreadPool: successfully(2), newThreadCount=1, normalMaxThreadCount=2, maxThreadCount=8
 DEBUG root [2018-06-28 20:08:38,411] - Script::install_py_dlls(): PyInit_pyexpat
 DEBUG root [2018-06-28 20:08:38,412] - Script::install_py_dlls(): PyInit__socket
 DEBUG root [2018-06-28 20:08:38,413] - Script::install_py_dlls(): PyInit__ssl
 DEBUG root [2018-06-28 20:08:38,420] - Script::install_py_dlls(): PyInit__hashlib
 DEBUG root [2018-06-28 20:08:38,421] - Script::install_py_dlls(): PyInit_select
 DEBUG root [2018-06-28 20:08:38,421] - Script::install_py_dlls(): PyInit__ctypes
 DEBUG root [2018-06-28 20:08:38,423] - Script::install_py_dlls(): PyInit__elementtree
 DEBUG root [2018-06-28 20:08:38,514] - Script::install_py_dlls(): PyInit_unicodedata
  INFO root [2018-06-28 20:08:38,605] - Script::install(): is successfully, Python=(3.4.2 (default, Jun 15 2018, 23:15:28) [MSC v.1913 32 bit (Intel)])!
  INFO root [2018-06-28 20:08:38,606] - Script::install(): KBExtra is successfully!
S_INFO root [2018-06-28 20:08:38,630] - onInterfaceAppReady: bootstrapGroupIndex=0, bootstrapGlobalIndex=0
  INFO root [2018-06-28 20:08:38,649] - TelnetServer server is running on port 33000
  INFO root [2018-06-28 20:08:39,312] - ---- interfaces is running ----
 DEBUG root [2018-06-28 20:08:39,313] - Components::process(): Request for the process of identity...
  INFO root [2018-06-28 20:08:46,531] - Components::process(): Found all the components!
S_INFO root [2018-06-28 20:09:07,931] - onRequestAccountLogin: registerName=lqt01
S_INFO root [2018-06-28 20:09:16,231] - onRequestAccountLogin: registerName=lqt02
  WARN root [2018-06-28 20:11:37,282] - TCPPacketReceiver::processPendingEvents(127.0.0.1:21079): Throwing REASON_GENERAL_NETWORK - WSAECONNRESET
  INFO root [2018-06-28 20:11:44,081] - 
  INFO root [2018-06-28 20:11:44,088] - -----------------------------------------------------------------------------------------


  INFO root [2018-06-28 20:11:44,090] - Resmgr::initialize: KBE_ROOT=C:/Users/Public/Documents/workspace/kbe/kbengine-kbengine-v1.0.0/kbengine/
  INFO root [2018-06-28 20:11:44,091] - Resmgr::initialize: KBE_RES_PATH=C:/Users/Public/Documents/workspace/kbe/kbengine-kbengine-v1.0.0/kbengine/kbe/res/;C:/Users/Public/Documents/workspace/kbe/kbengine-kbengine-v1.0.0/kbengine/assets/;C:/Users/Public/Documents/workspace/kbe/kbengine-kbengine-v1.0.0/kbengine/assets/scripts/;C:/Users/Public/Documents/workspace/kbe/kbengine-kbengine-v1.0.0/kbengine/assets/res/
  INFO root [2018-06-28 20:11:44,091] - Resmgr::initialize: KBE_BIN_PATH=C:/Users/Public/Documents/workspace/kbe/kbengine-kbengine-v1.0.0/kbengine/kbe/bin/server/
  INFO root [2018-06-28 20:11:44,114] - NetworkInterface::recreateListeningSocket(INTERNAL): bound to all interfaces with default route interface on 192.168.31.56 ( 192.168.31.56:30099 )
  INFO root [2018-06-28 20:11:44,115] - NetworkInterface::recreateListeningSocket(INTERNAL): address 192.168.31.56:30099, SOMAXCONN=5.
  INFO root [2018-06-28 20:11:44,131] - ---- interfaces Version: 1.0.0. ScriptVersion: 0.1.0. Protocol: 1ABB6125D8365C3720079E1D4CCC25C7. Config: Debug X86. Built: 23:15:38 Jun 15 2018. AppID: 3000. UID: 26464. PID: 7360 ----
  INFO root [2018-06-28 20:11:44,132] - Server :        Intel(R) Core(TM) i5-2415M CPU @ 2.30GHz with 4194303kB RAM
  INFO root [2018-06-28 20:11:44,134] - ThreadPool::createThreadPool: creating  threadpool...
  INFO root [2018-06-28 20:11:44,134] - ThreadPool::createThreadPool: successfully(2), newThreadCount=1, normalMaxThreadCount=2, maxThreadCount=8
 DEBUG root [2018-06-28 20:11:44,312] - Script::install_py_dlls(): PyInit_pyexpat
 DEBUG root [2018-06-28 20:11:44,313] - Script::install_py_dlls(): PyInit__socket
 DEBUG root [2018-06-28 20:11:44,314] - Script::install_py_dlls(): PyInit__ssl
 DEBUG root [2018-06-28 20:11:44,322] - Script::install_py_dlls(): PyInit__hashlib
 DEBUG root [2018-06-28 20:11:44,323] - Script::install_py_dlls(): PyInit_select
 DEBUG root [2018-06-28 20:11:44,323] - Script::install_py_dlls(): PyInit__ctypes
 DEBUG root [2018-06-28 20:11:44,325] - Script::install_py_dlls(): PyInit__elementtree
 DEBUG root [2018-06-28 20:11:44,508] - Script::install_py_dlls(): PyInit_unicodedata
  INFO root [2018-06-28 20:11:44,608] - Script::install(): is successfully, Python=(3.4.2 (default, Jun 15 2018, 23:15:28) [MSC v.1913 32 bit (Intel)])!
  INFO root [2018-06-28 20:11:44,609] - Script::install(): KBExtra is successfully!
S_INFO root [2018-06-28 20:11:44,636] - onInterfaceAppReady: bootstrapGroupIndex=0, bootstrapGlobalIndex=0
  INFO root [2018-06-28 20:11:44,661] - TelnetServer server is running on port 33000
  INFO root [2018-06-28 20:11:45,261] - ---- interfaces is running ----
 DEBUG root [2018-06-28 20:11:45,262] - Components::process(): Request for the process of identity...
  WARN root [2018-06-28 20:11:48,727] - BundleBroadcast::BundleBroadcast: Cannot bind to port 20604, errorno=10048
  INFO root [2018-06-28 20:11:52,836] - Components::process(): Found all the components!
S_INFO root [2018-06-28 20:12:11,036] - onRequestAccountLogin: registerName=lqt02
S_INFO root [2018-06-28 20:12:14,336] - onRequestAccountLogin: registerName=lqt01
  WARN root [2018-06-28 20:12:58,907] - TCPPacketReceiver::processPendingEvents(127.0.0.1:21186): Throwing REASON_GENERAL_NETWORK - WSAECONNRESET
  INFO root [2018-06-28 21:26:59,784] - 
  INFO root [2018-06-28 21:26:59,785] - -----------------------------------------------------------------------------------------


  INFO root [2018-06-28 21:26:59,788] - Resmgr::initialize: KBE_ROOT=C:/Users/Public/Documents/workspace/kbe/kbengine-kbengine-v1.0.0/kbengine/
  INFO root [2018-06-28 21:26:59,788] - Resmgr::initialize: KBE_RES_PATH=C:/Users/Public/Documents/workspace/kbe/kbengine-kbengine-v1.0.0/kbengine/kbe/res/;C:/Users/Public/Documents/workspace/kbe/kbengine-kbengine-v1.0.0/kbengine/assets/;C:/Users/Public/Documents/workspace/kbe/kbengine-kbengine-v1.0.0/kbengine/assets/scripts/;C:/Users/Public/Documents/workspace/kbe/kbengine-kbengine-v1.0.0/kbengine/assets/res/
  INFO root [2018-06-28 21:26:59,789] - Resmgr::initialize: KBE_BIN_PATH=C:/Users/Public/Documents/workspace/kbe/kbengine-kbengine-v1.0.0/kbengine/kbe/bin/server/
  INFO root [2018-06-28 21:26:59,830] - NetworkInterface::recreateListeningSocket(INTERNAL): bound to all interfaces with default route interface on 192.168.31.56 ( 192.168.31.56:30099 )
  INFO root [2018-06-28 21:26:59,830] - NetworkInterface::recreateListeningSocket(INTERNAL): address 192.168.31.56:30099, SOMAXCONN=5.
  INFO root [2018-06-28 21:26:59,867] - ---- interfaces Version: 1.0.0. ScriptVersion: 0.1.0. Protocol: 1ABB6125D8365C3720079E1D4CCC25C7. Config: Debug X86. Built: 23:15:38 Jun 15 2018. AppID: 3000. UID: 8443. PID: 6072 ----
  INFO root [2018-06-28 21:26:59,868] - Server :        Intel(R) Core(TM) i5-2415M CPU @ 2.30GHz with 4194303kB RAM
  INFO root [2018-06-28 21:26:59,868] - ThreadPool::createThreadPool: creating  threadpool...
  INFO root [2018-06-28 21:26:59,869] - ThreadPool::createThreadPool: successfully(2), newThreadCount=1, normalMaxThreadCount=2, maxThreadCount=8
 DEBUG root [2018-06-28 21:27:00,093] - Script::install_py_dlls(): PyInit_pyexpat
 DEBUG root [2018-06-28 21:27:00,095] - Script::install_py_dlls(): PyInit__socket
 DEBUG root [2018-06-28 21:27:00,096] - Script::install_py_dlls(): PyInit__ssl
 DEBUG root [2018-06-28 21:27:00,105] - Script::install_py_dlls(): PyInit__hashlib
 DEBUG root [2018-06-28 21:27:00,106] - Script::install_py_dlls(): PyInit_select
 DEBUG root [2018-06-28 21:27:00,106] - Script::install_py_dlls(): PyInit__ctypes
 DEBUG root [2018-06-28 21:27:00,108] - Script::install_py_dlls(): PyInit__elementtree
 DEBUG root [2018-06-28 21:27:00,209] - Script::install_py_dlls(): PyInit_unicodedata
  INFO root [2018-06-28 21:27:00,388] - Script::install(): is successfully, Python=(3.4.2 (default, Jun 15 2018, 23:15:28) [MSC v.1913 32 bit (Intel)])!
  INFO root [2018-06-28 21:27:00,388] - Script::install(): KBExtra is successfully!
S_INFO root [2018-06-28 21:27:00,419] - onInterfaceAppReady: bootstrapGroupIndex=0, bootstrapGlobalIndex=0
  INFO root [2018-06-28 21:27:00,439] - TelnetServer server is running on port 33000
  INFO root [2018-06-28 21:27:01,325] - ---- interfaces is running ----
 DEBUG root [2018-06-28 21:27:01,325] - Components::process(): Request for the process of identity...
  INFO root [2018-06-28 21:27:08,721] - Components::process(): Found all the components!
S_INFO root [2018-06-28 21:27:29,021] - onRequestAccountLogin: registerName=lqt02
S_INFO root [2018-06-28 21:27:41,420] - onRequestAccountLogin: registerName=lqt01
  WARN root [2018-06-28 21:44:49,500] - TCPPacketReceiver::processPendingEvents(127.0.0.1:22417): Throwing REASON_GENERAL_NETWORK - WSAECONNRESET
  INFO root [2018-06-28 21:44:55,062] - 
  INFO root [2018-06-28 21:44:55,094] - -----------------------------------------------------------------------------------------


  INFO root [2018-06-28 21:44:55,097] - Resmgr::initialize: KBE_ROOT=C:/Users/Public/Documents/workspace/kbe/kbengine-kbengine-v1.0.0/kbengine/
  INFO root [2018-06-28 21:44:55,098] - Resmgr::initialize: KBE_RES_PATH=C:/Users/Public/Documents/workspace/kbe/kbengine-kbengine-v1.0.0/kbengine/kbe/res/;C:/Users/Public/Documents/workspace/kbe/kbengine-kbengine-v1.0.0/kbengine/assets/;C:/Users/Public/Documents/workspace/kbe/kbengine-kbengine-v1.0.0/kbengine/assets/scripts/;C:/Users/Public/Documents/workspace/kbe/kbengine-kbengine-v1.0.0/kbengine/assets/res/
  INFO root [2018-06-28 21:44:55,098] - Resmgr::initialize: KBE_BIN_PATH=C:/Users/Public/Documents/workspace/kbe/kbengine-kbengine-v1.0.0/kbengine/kbe/bin/server/
  INFO root [2018-06-28 21:44:55,157] - NetworkInterface::recreateListeningSocket(INTERNAL): bound to all interfaces with default route interface on 192.168.31.56 ( 192.168.31.56:30099 )
  INFO root [2018-06-28 21:44:55,158] - NetworkInterface::recreateListeningSocket(INTERNAL): address 192.168.31.56:30099, SOMAXCONN=5.
  INFO root [2018-06-28 21:44:55,174] - ---- interfaces Version: 1.0.0. ScriptVersion: 0.1.0. Protocol: 1ABB6125D8365C3720079E1D4CCC25C7. Config: Debug X86. Built: 23:15:38 Jun 15 2018. AppID: 3000. UID: 11954. PID: 7428 ----
  INFO root [2018-06-28 21:44:55,175] - Server :        Intel(R) Core(TM) i5-2415M CPU @ 2.30GHz with 4194303kB RAM
  INFO root [2018-06-28 21:44:55,175] - ThreadPool::createThreadPool: creating  threadpool...
  INFO root [2018-06-28 21:44:55,176] - ThreadPool::createThreadPool: successfully(2), newThreadCount=1, normalMaxThreadCount=2, maxThreadCount=8
 DEBUG root [2018-06-28 21:44:55,382] - Script::install_py_dlls(): PyInit_pyexpat
 DEBUG root [2018-06-28 21:44:55,384] - Script::install_py_dlls(): PyInit__socket
 DEBUG root [2018-06-28 21:44:55,385] - Script::install_py_dlls(): PyInit__ssl
 DEBUG root [2018-06-28 21:44:55,394] - Script::install_py_dlls(): PyInit__hashlib
 DEBUG root [2018-06-28 21:44:55,395] - Script::install_py_dlls(): PyInit_select
 DEBUG root [2018-06-28 21:44:55,395] - Script::install_py_dlls(): PyInit__ctypes
 DEBUG root [2018-06-28 21:44:55,398] - Script::install_py_dlls(): PyInit__elementtree
 DEBUG root [2018-06-28 21:44:55,616] - Script::install_py_dlls(): PyInit_unicodedata
  INFO root [2018-06-28 21:44:55,893] - Script::install(): is successfully, Python=(3.4.2 (default, Jun 15 2018, 23:15:28) [MSC v.1913 32 bit (Intel)])!
  INFO root [2018-06-28 21:44:55,893] - Script::install(): KBExtra is successfully!
S_INFO root [2018-06-28 21:44:55,941] - onInterfaceAppReady: bootstrapGroupIndex=0, bootstrapGlobalIndex=0
  INFO root [2018-06-28 21:44:55,976] - TelnetServer server is running on port 33000
  INFO root [2018-06-28 21:44:57,532] - ---- interfaces is running ----
 DEBUG root [2018-06-28 21:44:57,533] - Components::process(): Request for the process of identity...
  INFO root [2018-06-28 21:45:05,200] - Components::process(): Found all the components!
S_INFO root [2018-06-28 21:45:28,141] - onRequestAccountLogin: registerName=lqt02
S_INFO root [2018-06-28 21:45:37,242] - onRequestAccountLogin: registerName=lqt01
  WARN root [2018-06-28 21:46:33,683] - TCPPacketReceiver::processPendingEvents(127.0.0.1:22849): Throwing REASON_GENERAL_NETWORK - WSAECONNRESET
  INFO root [2018-06-28 21:46:37,944] - 
  INFO root [2018-06-28 21:46:37,945] - -----------------------------------------------------------------------------------------


  INFO root [2018-06-28 21:46:37,946] - Resmgr::initialize: KBE_ROOT=C:/Users/Public/Documents/workspace/kbe/kbengine-kbengine-v1.0.0/kbengine/
  INFO root [2018-06-28 21:46:37,946] - Resmgr::initialize: KBE_RES_PATH=C:/Users/Public/Documents/workspace/kbe/kbengine-kbengine-v1.0.0/kbengine/kbe/res/;C:/Users/Public/Documents/workspace/kbe/kbengine-kbengine-v1.0.0/kbengine/assets/;C:/Users/Public/Documents/workspace/kbe/kbengine-kbengine-v1.0.0/kbengine/assets/scripts/;C:/Users/Public/Documents/workspace/kbe/kbengine-kbengine-v1.0.0/kbengine/assets/res/
  INFO root [2018-06-28 21:46:37,947] - Resmgr::initialize: KBE_BIN_PATH=C:/Users/Public/Documents/workspace/kbe/kbengine-kbengine-v1.0.0/kbengine/kbe/bin/server/
  INFO root [2018-06-28 21:46:37,955] - NetworkInterface::recreateListeningSocket(INTERNAL): bound to all interfaces with default route interface on 192.168.31.56 ( 192.168.31.56:30099 )
  INFO root [2018-06-28 21:46:37,956] - NetworkInterface::recreateListeningSocket(INTERNAL): address 192.168.31.56:30099, SOMAXCONN=5.
  INFO root [2018-06-28 21:46:37,962] - ---- interfaces Version: 1.0.0. ScriptVersion: 0.1.0. Protocol: 1ABB6125D8365C3720079E1D4CCC25C7. Config: Debug X86. Built: 23:15:38 Jun 15 2018. AppID: 3000. UID: 12290. PID: 7004 ----
  INFO root [2018-06-28 21:46:37,963] - Server :        Intel(R) Core(TM) i5-2415M CPU @ 2.30GHz with 4194303kB RAM
  INFO root [2018-06-28 21:46:37,963] - ThreadPool::createThreadPool: creating  threadpool...
  INFO root [2018-06-28 21:46:37,964] - ThreadPool::createThreadPool: successfully(2), newThreadCount=1, normalMaxThreadCount=2, maxThreadCount=8
 DEBUG root [2018-06-28 21:46:38,251] - Script::install_py_dlls(): PyInit_pyexpat
 DEBUG root [2018-06-28 21:46:38,253] - Script::install_py_dlls(): PyInit__socket
 DEBUG root [2018-06-28 21:46:38,254] - Script::install_py_dlls(): PyInit__ssl
 DEBUG root [2018-06-28 21:46:38,261] - Script::install_py_dlls(): PyInit__hashlib
 DEBUG root [2018-06-28 21:46:38,262] - Script::install_py_dlls(): PyInit_select
 DEBUG root [2018-06-28 21:46:38,263] - Script::install_py_dlls(): PyInit__ctypes
 DEBUG root [2018-06-28 21:46:38,264] - Script::install_py_dlls(): PyInit__elementtree
 DEBUG root [2018-06-28 21:46:38,367] - Script::install_py_dlls(): PyInit_unicodedata
  INFO root [2018-06-28 21:46:38,466] - Script::install(): is successfully, Python=(3.4.2 (default, Jun 15 2018, 23:15:28) [MSC v.1913 32 bit (Intel)])!
  INFO root [2018-06-28 21:46:38,467] - Script::install(): KBExtra is successfully!
S_INFO root [2018-06-28 21:46:38,497] - onInterfaceAppReady: bootstrapGroupIndex=0, bootstrapGlobalIndex=0
  INFO root [2018-06-28 21:46:38,520] - TelnetServer server is running on port 33000
  INFO root [2018-06-28 21:46:39,510] - ---- interfaces is running ----
 DEBUG root [2018-06-28 21:46:39,511] - Components::process(): Request for the process of identity...
  INFO root [2018-06-28 21:46:46,798] - Components::process(): Found all the components!
S_INFO root [2018-06-28 21:48:42,101] - onRequestAccountLogin: registerName=lqt02
S_INFO root [2018-06-28 21:48:50,000] - onRequestAccountLogin: registerName=lqt01
  WARN root [2018-06-28 22:19:31,160] - TCPPacketReceiver::processPendingEvents(127.0.0.1:22941): Throwing REASON_GENERAL_NETWORK - WSAECONNRESET
  INFO root [2018-06-28 22:19:35,131] - 
  INFO root [2018-06-28 22:19:35,135] - -----------------------------------------------------------------------------------------


  INFO root [2018-06-28 22:19:35,137] - Resmgr::initialize: KBE_ROOT=C:/Users/Public/Documents/workspace/kbe/kbengine-kbengine-v1.0.0/kbengine/
  INFO root [2018-06-28 22:19:35,138] - Resmgr::initialize: KBE_RES_PATH=C:/Users/Public/Documents/workspace/kbe/kbengine-kbengine-v1.0.0/kbengine/kbe/res/;C:/Users/Public/Documents/workspace/kbe/kbengine-kbengine-v1.0.0/kbengine/assets/;C:/Users/Public/Documents/workspace/kbe/kbengine-kbengine-v1.0.0/kbengine/assets/scripts/;C:/Users/Public/Documents/workspace/kbe/kbengine-kbengine-v1.0.0/kbengine/assets/res/
  INFO root [2018-06-28 22:19:35,139] - Resmgr::initialize: KBE_BIN_PATH=C:/Users/Public/Documents/workspace/kbe/kbengine-kbengine-v1.0.0/kbengine/kbe/bin/server/
  INFO root [2018-06-28 22:19:35,161] - NetworkInterface::recreateListeningSocket(INTERNAL): bound to all interfaces with default route interface on 192.168.31.56 ( 192.168.31.56:30099 )
  INFO root [2018-06-28 22:19:35,162] - NetworkInterface::recreateListeningSocket(INTERNAL): address 192.168.31.56:30099, SOMAXCONN=5.
  INFO root [2018-06-28 22:19:35,194] - ---- interfaces Version: 1.0.0. ScriptVersion: 0.1.0. Protocol: 1ABB6125D8365C3720079E1D4CCC25C7. Config: Debug X86. Built: 23:15:38 Jun 15 2018. AppID: 3000. UID: 18746. PID: 6012 ----
  INFO root [2018-06-28 22:19:35,195] - Server :        Intel(R) Core(TM) i5-2415M CPU @ 2.30GHz with 4194303kB RAM
  INFO root [2018-06-28 22:19:35,195] - ThreadPool::createThreadPool: creating  threadpool...
  INFO root [2018-06-28 22:19:35,196] - ThreadPool::createThreadPool: successfully(2), newThreadCount=1, normalMaxThreadCount=2, maxThreadCount=8
 DEBUG root [2018-06-28 22:19:35,426] - Script::install_py_dlls(): PyInit_pyexpat
 DEBUG root [2018-06-28 22:19:35,429] - Script::install_py_dlls(): PyInit__socket
 DEBUG root [2018-06-28 22:19:35,430] - Script::install_py_dlls(): PyInit__ssl
 DEBUG root [2018-06-28 22:19:35,440] - Script::install_py_dlls(): PyInit__hashlib
 DEBUG root [2018-06-28 22:19:35,441] - Script::install_py_dlls(): PyInit_select
 DEBUG root [2018-06-28 22:19:35,442] - Script::install_py_dlls(): PyInit__ctypes
 DEBUG root [2018-06-28 22:19:35,444] - Script::install_py_dlls(): PyInit__elementtree
 DEBUG root [2018-06-28 22:19:35,551] - Script::install_py_dlls(): PyInit_unicodedata
  INFO root [2018-06-28 22:19:35,666] - Script::install(): is successfully, Python=(3.4.2 (default, Jun 15 2018, 23:15:28) [MSC v.1913 32 bit (Intel)])!
  INFO root [2018-06-28 22:19:35,667] - Script::install(): KBExtra is successfully!
S_INFO root [2018-06-28 22:19:35,700] - onInterfaceAppReady: bootstrapGroupIndex=0, bootstrapGlobalIndex=0
  INFO root [2018-06-28 22:19:35,731] - TelnetServer server is running on port 33000
  INFO root [2018-06-28 22:19:37,449] - ---- interfaces is running ----
 DEBUG root [2018-06-28 22:19:37,450] - Components::process(): Request for the process of identity...
  INFO root [2018-06-28 22:19:45,045] - Components::process(): Found all the components!
S_INFO root [2018-06-28 22:20:40,401] - onRequestAccountLogin: registerName=lqt01
S_INFO root [2018-06-28 22:20:47,401] - onRequestAccountLogin: registerName=lqt02
  WARN root [2018-06-28 22:26:25,520] - TCPPacketReceiver::processPendingEvents(127.0.0.1:23946): Throwing REASON_GENERAL_NETWORK - WSAECONNRESET
  INFO root [2018-06-28 22:27:23,470] - 
  INFO root [2018-06-28 22:27:23,471] - -----------------------------------------------------------------------------------------


  INFO root [2018-06-28 22:27:23,473] - Resmgr::initialize: KBE_ROOT=C:/Users/Public/Documents/workspace/kbe/kbengine-kbengine-v1.0.0/kbengine/
  INFO root [2018-06-28 22:27:23,474] - Resmgr::initialize: KBE_RES_PATH=C:/Users/Public/Documents/workspace/kbe/kbengine-kbengine-v1.0.0/kbengine/kbe/res/;C:/Users/Public/Documents/workspace/kbe/kbengine-kbengine-v1.0.0/kbengine/assets/;C:/Users/Public/Documents/workspace/kbe/kbengine-kbengine-v1.0.0/kbengine/assets/scripts/;C:/Users/Public/Documents/workspace/kbe/kbengine-kbengine-v1.0.0/kbengine/assets/res/
  INFO root [2018-06-28 22:27:23,474] - Resmgr::initialize: KBE_BIN_PATH=C:/Users/Public/Documents/workspace/kbe/kbengine-kbengine-v1.0.0/kbengine/kbe/bin/server/
  INFO root [2018-06-28 22:27:23,485] - NetworkInterface::recreateListeningSocket(INTERNAL): bound to all interfaces with default route interface on 192.168.31.56 ( 192.168.31.56:30099 )
  INFO root [2018-06-28 22:27:23,486] - NetworkInterface::recreateListeningSocket(INTERNAL): address 192.168.31.56:30099, SOMAXCONN=5.
  INFO root [2018-06-28 22:27:23,493] - ---- interfaces Version: 1.0.0. ScriptVersion: 0.1.0. Protocol: 1ABB6125D8365C3720079E1D4CCC25C7. Config: Debug X86. Built: 23:15:38 Jun 15 2018. AppID: 3000. UID: 20274. PID: 11816 ----
  INFO root [2018-06-28 22:27:23,493] - Server :        Intel(R) Core(TM) i5-2415M CPU @ 2.30GHz with 4194303kB RAM
  INFO root [2018-06-28 22:27:23,493] - ThreadPool::createThreadPool: creating  threadpool...
  INFO root [2018-06-28 22:27:23,494] - ThreadPool::createThreadPool: successfully(2), newThreadCount=1, normalMaxThreadCount=2, maxThreadCount=8
 DEBUG root [2018-06-28 22:27:23,685] - Script::install_py_dlls(): PyInit_pyexpat
 DEBUG root [2018-06-28 22:27:23,686] - Script::install_py_dlls(): PyInit__socket
 DEBUG root [2018-06-28 22:27:23,687] - Script::install_py_dlls(): PyInit__ssl
 DEBUG root [2018-06-28 22:27:23,694] - Script::install_py_dlls(): PyInit__hashlib
 DEBUG root [2018-06-28 22:27:23,695] - Script::install_py_dlls(): PyInit_select
 DEBUG root [2018-06-28 22:27:23,695] - Script::install_py_dlls(): PyInit__ctypes
 DEBUG root [2018-06-28 22:27:23,697] - Script::install_py_dlls(): PyInit__elementtree
 DEBUG root [2018-06-28 22:27:23,819] - Script::install_py_dlls(): PyInit_unicodedata
  INFO root [2018-06-28 22:27:23,909] - Script::install(): is successfully, Python=(3.4.2 (default, Jun 15 2018, 23:15:28) [MSC v.1913 32 bit (Intel)])!
  INFO root [2018-06-28 22:27:23,910] - Script::install(): KBExtra is successfully!
S_INFO root [2018-06-28 22:27:23,935] - onInterfaceAppReady: bootstrapGroupIndex=0, bootstrapGlobalIndex=0
  INFO root [2018-06-28 22:27:23,957] - TelnetServer server is running on port 33000
  INFO root [2018-06-28 22:27:24,951] - ---- interfaces is running ----
 DEBUG root [2018-06-28 22:27:24,952] - Components::process(): Request for the process of identity...
  INFO root [2018-06-28 22:27:32,336] - Components::process(): Found all the components!
S_INFO root [2018-06-28 22:28:05,937] - onRequestAccountLogin: registerName=lqt01
S_INFO root [2018-06-28 22:28:13,337] - onRequestAccountLogin: registerName=lqt02
  WARN root [2018-06-28 22:30:51,588] - TCPPacketReceiver::processPendingEvents(127.0.0.1:24217): Throwing REASON_GENERAL_NETWORK - WSAECONNRESET
  INFO root [2018-06-28 23:30:10,362] - 
  INFO root [2018-06-28 23:30:10,363] - -----------------------------------------------------------------------------------------


  INFO root [2018-06-28 23:30:10,365] - Resmgr::initialize: KBE_ROOT=C:/Users/Public/Documents/workspace/kbe/kbengine-kbengine-v1.0.0/kbengine/
  INFO root [2018-06-28 23:30:10,365] - Resmgr::initialize: KBE_RES_PATH=C:/Users/Public/Documents/workspace/kbe/kbengine-kbengine-v1.0.0/kbengine/kbe/res/;C:/Users/Public/Documents/workspace/kbe/kbengine-kbengine-v1.0.0/kbengine/assets/;C:/Users/Public/Documents/workspace/kbe/kbengine-kbengine-v1.0.0/kbengine/assets/scripts/;C:/Users/Public/Documents/workspace/kbe/kbengine-kbengine-v1.0.0/kbengine/assets/res/
  INFO root [2018-06-28 23:30:10,366] - Resmgr::initialize: KBE_BIN_PATH=C:/Users/Public/Documents/workspace/kbe/kbengine-kbengine-v1.0.0/kbengine/kbe/bin/server/
  INFO root [2018-06-28 23:30:10,376] - NetworkInterface::recreateListeningSocket(INTERNAL): bound to all interfaces with default route interface on 192.168.31.56 ( 192.168.31.56:30099 )
  INFO root [2018-06-28 23:30:10,377] - NetworkInterface::recreateListeningSocket(INTERNAL): address 192.168.31.56:30099, SOMAXCONN=5.
  INFO root [2018-06-28 23:30:10,384] - ---- interfaces Version: 1.0.0. ScriptVersion: 0.1.0. Protocol: 1ABB6125D8365C3720079E1D4CCC25C7. Config: Debug X86. Built: 23:15:38 Jun 15 2018. AppID: 3000. UID: 32579. PID: 6340 ----
  INFO root [2018-06-28 23:30:10,384] - Server :        Intel(R) Core(TM) i5-2415M CPU @ 2.30GHz with 4194303kB RAM
  INFO root [2018-06-28 23:30:10,384] - ThreadPool::createThreadPool: creating  threadpool...
  INFO root [2018-06-28 23:30:10,385] - ThreadPool::createThreadPool: successfully(2), newThreadCount=1, normalMaxThreadCount=2, maxThreadCount=8
 DEBUG root [2018-06-28 23:30:10,661] - Script::install_py_dlls(): PyInit_pyexpat
 DEBUG root [2018-06-28 23:30:10,662] - Script::install_py_dlls(): PyInit__socket
 DEBUG root [2018-06-28 23:30:10,663] - Script::install_py_dlls(): PyInit__ssl
 DEBUG root [2018-06-28 23:30:10,670] - Script::install_py_dlls(): PyInit__hashlib
 DEBUG root [2018-06-28 23:30:10,686] - Script::install_py_dlls(): PyInit_select
 DEBUG root [2018-06-28 23:30:10,687] - Script::install_py_dlls(): PyInit__ctypes
 DEBUG root [2018-06-28 23:30:10,689] - Script::install_py_dlls(): PyInit__elementtree
 DEBUG root [2018-06-28 23:30:10,788] - Script::install_py_dlls(): PyInit_unicodedata
  INFO root [2018-06-28 23:30:10,866] - Script::install(): is successfully, Python=(3.4.2 (default, Jun 15 2018, 23:15:28) [MSC v.1913 32 bit (Intel)])!
  INFO root [2018-06-28 23:30:10,866] - Script::install(): KBExtra is successfully!
S_INFO root [2018-06-28 23:30:10,885] - onInterfaceAppReady: bootstrapGroupIndex=0, bootstrapGlobalIndex=0
  INFO root [2018-06-28 23:30:10,900] - TelnetServer server is running on port 33000
  INFO root [2018-06-28 23:30:11,647] - ---- interfaces is running ----
 DEBUG root [2018-06-28 23:30:11,648] - Components::process(): Request for the process of identity...
  INFO root [2018-06-28 23:30:18,968] - Components::process(): Found all the components!
  WARN root [2018-06-28 23:30:32,121] - TCPPacketReceiver::processPendingEvents(127.0.0.1:26362): Throwing REASON_GENERAL_NETWORK - WSAECONNRESET
  INFO root [2018-06-28 23:30:36,472] - 
  INFO root [2018-06-28 23:30:36,473] - -----------------------------------------------------------------------------------------


  INFO root [2018-06-28 23:30:36,475] - Resmgr::initialize: KBE_ROOT=C:/Users/Public/Documents/workspace/kbe/kbengine-kbengine-v1.0.0/kbengine/
  INFO root [2018-06-28 23:30:36,476] - Resmgr::initialize: KBE_RES_PATH=C:/Users/Public/Documents/workspace/kbe/kbengine-kbengine-v1.0.0/kbengine/kbe/res/;C:/Users/Public/Documents/workspace/kbe/kbengine-kbengine-v1.0.0/kbengine/assets/;C:/Users/Public/Documents/workspace/kbe/kbengine-kbengine-v1.0.0/kbengine/assets/scripts/;C:/Users/Public/Documents/workspace/kbe/kbengine-kbengine-v1.0.0/kbengine/assets/res/
  INFO root [2018-06-28 23:30:36,476] - Resmgr::initialize: KBE_BIN_PATH=C:/Users/Public/Documents/workspace/kbe/kbengine-kbengine-v1.0.0/kbengine/kbe/bin/server/
  INFO root [2018-06-28 23:30:36,490] - NetworkInterface::recreateListeningSocket(INTERNAL): bound to all interfaces with default route interface on 192.168.31.56 ( 192.168.31.56:30099 )
  INFO root [2018-06-28 23:30:36,491] - NetworkInterface::recreateListeningSocket(INTERNAL): address 192.168.31.56:30099, SOMAXCONN=5.
  INFO root [2018-06-28 23:30:36,506] - ---- interfaces Version: 1.0.0. ScriptVersion: 0.1.0. Protocol: 1ABB6125D8365C3720079E1D4CCC25C7. Config: Debug X86. Built: 23:15:38 Jun 15 2018. AppID: 3000. UID: 32664. PID: 9904 ----
  INFO root [2018-06-28 23:30:36,506] - Server :        Intel(R) Core(TM) i5-2415M CPU @ 2.30GHz with 4194303kB RAM
  INFO root [2018-06-28 23:30:36,507] - ThreadPool::createThreadPool: creating  threadpool...
  INFO root [2018-06-28 23:30:36,508] - ThreadPool::createThreadPool: successfully(2), newThreadCount=1, normalMaxThreadCount=2, maxThreadCount=8
 DEBUG root [2018-06-28 23:30:36,713] - Script::install_py_dlls(): PyInit_pyexpat
 DEBUG root [2018-06-28 23:30:36,714] - Script::install_py_dlls(): PyInit__socket
 DEBUG root [2018-06-28 23:30:36,716] - Script::install_py_dlls(): PyInit__ssl
 DEBUG root [2018-06-28 23:30:36,724] - Script::install_py_dlls(): PyInit__hashlib
 DEBUG root [2018-06-28 23:30:36,725] - Script::install_py_dlls(): PyInit_select
 DEBUG root [2018-06-28 23:30:36,726] - Script::install_py_dlls(): PyInit__ctypes
 DEBUG root [2018-06-28 23:30:36,727] - Script::install_py_dlls(): PyInit__elementtree
 DEBUG root [2018-06-28 23:30:36,823] - Script::install_py_dlls(): PyInit_unicodedata
  INFO root [2018-06-28 23:30:36,922] - Script::install(): is successfully, Python=(3.4.2 (default, Jun 15 2018, 23:15:28) [MSC v.1913 32 bit (Intel)])!
  INFO root [2018-06-28 23:30:36,922] - Script::install(): KBExtra is successfully!
S_INFO root [2018-06-28 23:30:36,949] - onInterfaceAppReady: bootstrapGroupIndex=0, bootstrapGlobalIndex=0
  INFO root [2018-06-28 23:30:36,970] - TelnetServer server is running on port 33000
  INFO root [2018-06-28 23:30:38,468] - ---- interfaces is running ----
 DEBUG root [2018-06-28 23:30:38,469] - Components::process(): Request for the process of identity...
  INFO root [2018-06-28 23:30:46,179] - Components::process(): Found all the components!
S_INFO root [2018-06-28 23:31:32,350] - onRequestAccountLogin: registerName=lqt01
S_INFO root [2018-06-28 23:31:44,751] - onRequestAccountLogin: registerName=lqt02
  WARN root [2018-06-28 23:32:38,453] - TCPPacketReceiver::processPendingEvents(127.0.0.1:26414): Throwing REASON_GENERAL_NETWORK - WSAECONNRESET
  INFO root [2018-06-28 23:32:45,159] - 
  INFO root [2018-06-28 23:32:45,163] - -----------------------------------------------------------------------------------------


  INFO root [2018-06-28 23:32:45,165] - Resmgr::initialize: KBE_ROOT=C:/Users/Public/Documents/workspace/kbe/kbengine-kbengine-v1.0.0/kbengine/
  INFO root [2018-06-28 23:32:45,166] - Resmgr::initialize: KBE_RES_PATH=C:/Users/Public/Documents/workspace/kbe/kbengine-kbengine-v1.0.0/kbengine/kbe/res/;C:/Users/Public/Documents/workspace/kbe/kbengine-kbengine-v1.0.0/kbengine/assets/;C:/Users/Public/Documents/workspace/kbe/kbengine-kbengine-v1.0.0/kbengine/assets/scripts/;C:/Users/Public/Documents/workspace/kbe/kbengine-kbengine-v1.0.0/kbengine/assets/res/
  INFO root [2018-06-28 23:32:45,167] - Resmgr::initialize: KBE_BIN_PATH=C:/Users/Public/Documents/workspace/kbe/kbengine-kbengine-v1.0.0/kbengine/kbe/bin/server/
  INFO root [2018-06-28 23:32:45,181] - NetworkInterface::recreateListeningSocket(INTERNAL): bound to all interfaces with default route interface on 192.168.31.56 ( 192.168.31.56:30099 )
  INFO root [2018-06-28 23:32:45,182] - NetworkInterface::recreateListeningSocket(INTERNAL): address 192.168.31.56:30099, SOMAXCONN=5.
  INFO root [2018-06-28 23:32:45,193] - ---- interfaces Version: 1.0.0. ScriptVersion: 0.1.0. Protocol: 1ABB6125D8365C3720079E1D4CCC25C7. Config: Debug X86. Built: 23:15:38 Jun 15 2018. AppID: 3000. UID: 314. PID: 10960 ----
  INFO root [2018-06-28 23:32:45,193] - Server :        Intel(R) Core(TM) i5-2415M CPU @ 2.30GHz with 4194303kB RAM
  INFO root [2018-06-28 23:32:45,194] - ThreadPool::createThreadPool: creating  threadpool...
  INFO root [2018-06-28 23:32:45,195] - ThreadPool::createThreadPool: successfully(2), newThreadCount=1, normalMaxThreadCount=2, maxThreadCount=8
 DEBUG root [2018-06-28 23:32:45,389] - Script::install_py_dlls(): PyInit_pyexpat
 DEBUG root [2018-06-28 23:32:45,390] - Script::install_py_dlls(): PyInit__socket
 DEBUG root [2018-06-28 23:32:45,391] - Script::install_py_dlls(): PyInit__ssl
 DEBUG root [2018-06-28 23:32:45,398] - Script::install_py_dlls(): PyInit__hashlib
 DEBUG root [2018-06-28 23:32:45,399] - Script::install_py_dlls(): PyInit_select
 DEBUG root [2018-06-28 23:32:45,400] - Script::install_py_dlls(): PyInit__ctypes
 DEBUG root [2018-06-28 23:32:45,401] - Script::install_py_dlls(): PyInit__elementtree
 DEBUG root [2018-06-28 23:32:45,500] - Script::install_py_dlls(): PyInit_unicodedata
  INFO root [2018-06-28 23:32:45,606] - Script::install(): is successfully, Python=(3.4.2 (default, Jun 15 2018, 23:15:28) [MSC v.1913 32 bit (Intel)])!
  INFO root [2018-06-28 23:32:45,607] - Script::install(): KBExtra is successfully!
S_INFO root [2018-06-28 23:32:45,635] - onInterfaceAppReady: bootstrapGroupIndex=0, bootstrapGlobalIndex=0
  INFO root [2018-06-28 23:32:45,660] - TelnetServer server is running on port 33000
  INFO root [2018-06-28 23:32:46,792] - ---- interfaces is running ----
 DEBUG root [2018-06-28 23:32:46,793] - Components::process(): Request for the process of identity...
  INFO root [2018-06-28 23:32:54,069] - Components::process(): Found all the components!
S_INFO root [2018-06-28 23:33:14,236] - onRequestAccountLogin: registerName=lqt01
S_INFO root [2018-06-28 23:33:21,936] - onRequestAccountLogin: registerName=lqt02
  WARN root [2018-06-28 23:36:56,379] - TCPPacketReceiver::processPendingEvents(127.0.0.1:26526): Throwing REASON_GENERAL_NETWORK - WSAECONNRESET
  INFO root [2018-06-28 23:37:01,221] - 
  INFO root [2018-06-28 23:37:01,222] - -----------------------------------------------------------------------------------------


  INFO root [2018-06-28 23:37:01,224] - Resmgr::initialize: KBE_ROOT=C:/Users/Public/Documents/workspace/kbe/kbengine-kbengine-v1.0.0/kbengine/
  INFO root [2018-06-28 23:37:01,225] - Resmgr::initialize: KBE_RES_PATH=C:/Users/Public/Documents/workspace/kbe/kbengine-kbengine-v1.0.0/kbengine/kbe/res/;C:/Users/Public/Documents/workspace/kbe/kbengine-kbengine-v1.0.0/kbengine/assets/;C:/Users/Public/Documents/workspace/kbe/kbengine-kbengine-v1.0.0/kbengine/assets/scripts/;C:/Users/Public/Documents/workspace/kbe/kbengine-kbengine-v1.0.0/kbengine/assets/res/
  INFO root [2018-06-28 23:37:01,225] - Resmgr::initialize: KBE_BIN_PATH=C:/Users/Public/Documents/workspace/kbe/kbengine-kbengine-v1.0.0/kbengine/kbe/bin/server/
  INFO root [2018-06-28 23:37:01,238] - NetworkInterface::recreateListeningSocket(INTERNAL): bound to all interfaces with default route interface on 192.168.31.56 ( 192.168.31.56:30099 )
  INFO root [2018-06-28 23:37:01,239] - NetworkInterface::recreateListeningSocket(INTERNAL): address 192.168.31.56:30099, SOMAXCONN=5.
  INFO root [2018-06-28 23:37:01,250] - ---- interfaces Version: 1.0.0. ScriptVersion: 0.1.0. Protocol: 1ABB6125D8365C3720079E1D4CCC25C7. Config: Debug X86. Built: 23:15:38 Jun 15 2018. AppID: 3000. UID: 1150. PID: 11332 ----
  INFO root [2018-06-28 23:37:01,251] - Server :        Intel(R) Core(TM) i5-2415M CPU @ 2.30GHz with 4194303kB RAM
  INFO root [2018-06-28 23:37:01,251] - ThreadPool::createThreadPool: creating  threadpool...
  INFO root [2018-06-28 23:37:01,252] - ThreadPool::createThreadPool: successfully(2), newThreadCount=1, normalMaxThreadCount=2, maxThreadCount=8
 DEBUG root [2018-06-28 23:37:01,563] - Script::install_py_dlls(): PyInit_pyexpat
 DEBUG root [2018-06-28 23:37:01,565] - Script::install_py_dlls(): PyInit__socket
 DEBUG root [2018-06-28 23:37:01,566] - Script::install_py_dlls(): PyInit__ssl
 DEBUG root [2018-06-28 23:37:01,593] - Script::install_py_dlls(): PyInit__hashlib
 DEBUG root [2018-06-28 23:37:01,594] - Script::install_py_dlls(): PyInit_select
 DEBUG root [2018-06-28 23:37:01,595] - Script::install_py_dlls(): PyInit__ctypes
 DEBUG root [2018-06-28 23:37:01,596] - Script::install_py_dlls(): PyInit__elementtree
 DEBUG root [2018-06-28 23:37:01,909] - Script::install_py_dlls(): PyInit_unicodedata
  INFO root [2018-06-28 23:37:02,008] - Script::install(): is successfully, Python=(3.4.2 (default, Jun 15 2018, 23:15:28) [MSC v.1913 32 bit (Intel)])!
  INFO root [2018-06-28 23:37:02,009] - Script::install(): KBExtra is successfully!
S_INFO root [2018-06-28 23:37:02,035] - onInterfaceAppReady: bootstrapGroupIndex=0, bootstrapGlobalIndex=0
  INFO root [2018-06-28 23:37:02,059] - TelnetServer server is running on port 33000
  INFO root [2018-06-28 23:37:03,710] - ---- interfaces is running ----
 DEBUG root [2018-06-28 23:37:03,955] - Components::process(): Request for the process of identity...
  INFO root [2018-06-28 23:37:11,636] - Components::process(): Found all the components!
S_INFO root [2018-06-28 23:38:18,138] - onRequestAccountLogin: registerName=lqt01
S_INFO root [2018-06-28 23:38:31,137] - onRequestAccountLogin: registerName=lqt02
  WARN root [2018-06-28 23:40:10,417] - TCPPacketReceiver::processPendingEvents(127.0.0.1:26711): Throwing REASON_GENERAL_NETWORK - WSAECONNRESET
  INFO root [2018-06-28 23:40:15,360] - 
  INFO root [2018-06-28 23:40:15,366] - -----------------------------------------------------------------------------------------


  INFO root [2018-06-28 23:40:15,368] - Resmgr::initialize: KBE_ROOT=C:/Users/Public/Documents/workspace/kbe/kbengine-kbengine-v1.0.0/kbengine/
  INFO root [2018-06-28 23:40:15,369] - Resmgr::initialize: KBE_RES_PATH=C:/Users/Public/Documents/workspace/kbe/kbengine-kbengine-v1.0.0/kbengine/kbe/res/;C:/Users/Public/Documents/workspace/kbe/kbengine-kbengine-v1.0.0/kbengine/assets/;C:/Users/Public/Documents/workspace/kbe/kbengine-kbengine-v1.0.0/kbengine/assets/scripts/;C:/Users/Public/Documents/workspace/kbe/kbengine-kbengine-v1.0.0/kbengine/assets/res/
  INFO root [2018-06-28 23:40:15,370] - Resmgr::initialize: KBE_BIN_PATH=C:/Users/Public/Documents/workspace/kbe/kbengine-kbengine-v1.0.0/kbengine/kbe/bin/server/
  INFO root [2018-06-28 23:40:15,411] - NetworkInterface::recreateListeningSocket(INTERNAL): bound to all interfaces with default route interface on 192.168.31.56 ( 192.168.31.56:30099 )
  INFO root [2018-06-28 23:40:15,411] - NetworkInterface::recreateListeningSocket(INTERNAL): address 192.168.31.56:30099, SOMAXCONN=5.
  INFO root [2018-06-28 23:40:15,438] - ---- interfaces Version: 1.0.0. ScriptVersion: 0.1.0. Protocol: 1ABB6125D8365C3720079E1D4CCC25C7. Config: Debug X86. Built: 23:15:38 Jun 15 2018. AppID: 3000. UID: 1787. PID: 13244 ----
  INFO root [2018-06-28 23:40:15,440] - Server :        Intel(R) Core(TM) i5-2415M CPU @ 2.30GHz with 4194303kB RAM
  INFO root [2018-06-28 23:40:15,441] - ThreadPool::createThreadPool: creating  threadpool...
  INFO root [2018-06-28 23:40:15,442] - ThreadPool::createThreadPool: successfully(2), newThreadCount=1, normalMaxThreadCount=2, maxThreadCount=8
 DEBUG root [2018-06-28 23:40:15,655] - Script::install_py_dlls(): PyInit_pyexpat
 DEBUG root [2018-06-28 23:40:15,656] - Script::install_py_dlls(): PyInit__socket
 DEBUG root [2018-06-28 23:40:15,657] - Script::install_py_dlls(): PyInit__ssl
 DEBUG root [2018-06-28 23:40:15,668] - Script::install_py_dlls(): PyInit__hashlib
 DEBUG root [2018-06-28 23:40:15,669] - Script::install_py_dlls(): PyInit_select
 DEBUG root [2018-06-28 23:40:15,669] - Script::install_py_dlls(): PyInit__ctypes
 DEBUG root [2018-06-28 23:40:15,673] - Script::install_py_dlls(): PyInit__elementtree
 DEBUG root [2018-06-28 23:40:15,910] - Script::install_py_dlls(): PyInit_unicodedata
  INFO root [2018-06-28 23:40:16,086] - Script::install(): is successfully, Python=(3.4.2 (default, Jun 15 2018, 23:15:28) [MSC v.1913 32 bit (Intel)])!
  INFO root [2018-06-28 23:40:16,087] - Script::install(): KBExtra is successfully!
S_INFO root [2018-06-28 23:40:16,116] - onInterfaceAppReady: bootstrapGroupIndex=0, bootstrapGlobalIndex=0
  INFO root [2018-06-28 23:40:16,150] - TelnetServer server is running on port 33000
  INFO root [2018-06-28 23:40:17,376] - ---- interfaces is running ----
 DEBUG root [2018-06-28 23:40:17,377] - Components::process(): Request for the process of identity...
  INFO root [2018-06-28 23:40:24,987] - Components::process(): Found all the components!
S_INFO root [2018-06-28 23:40:42,917] - onRequestAccountLogin: registerName=lqt01
S_INFO root [2018-06-28 23:40:51,817] - onRequestAccountLogin: registerName=lqt02
  WARN root [2018-06-28 23:50:21,648] - TCPPacketReceiver::processPendingEvents(127.0.0.1:26853): Throwing REASON_GENERAL_NETWORK - WSAECONNRESET
