  INFO root [2018-06-27 16:44:50,790] - 
  INFO root [2018-06-27 16:44:50,791] - -----------------------------------------------------------------------------------------


  INFO root [2018-06-27 16:44:53,533] - Resmgr::initialize: KBE_ROOT=C:/Users/Public/Documents/workspace/kbe/kbengine-kbengine-v1.0.0/kbengine/
  INFO root [2018-06-27 16:44:53,533] - Resmgr::initialize: KBE_RES_PATH=C:/Users/Public/Documents/workspace/kbe/kbengine-kbengine-v1.0.0/kbengine/kbe/res/;C:/Users/Public/Documents/workspace/kbe/kbengine-kbengine-v1.0.0/kbengine/assets/;C:/Users/Public/Documents/workspace/kbe/kbengine-kbengine-v1.0.0/kbengine/assets/scripts/;C:/Users/Public/Documents/workspace/kbe/kbengine-kbengine-v1.0.0/kbengine/assets/res/
  INFO root [2018-06-27 16:44:53,534] - Resmgr::initialize: KBE_BIN_PATH=C:/Users/Public/Documents/workspace/kbe/kbengine-kbengine-v1.0.0/kbengine/kbe/bin/server/
  INFO root [2018-06-27 16:44:53,839] - NetworkInterface::recreateListeningSocket(INTERNAL): bound to all interfaces with default route interface on 192.168.31.56 ( 192.168.31.56:30099 )
  INFO root [2018-06-27 16:44:53,869] - NetworkInterface::recreateListeningSocket(INTERNAL): address 192.168.31.56:30099, SOMAXCONN=5.
  INFO root [2018-06-27 16:44:54,052] - ---- interfaces Version: 1.0.0. ScriptVersion: 0.1.0. Protocol: 1ABB6125D8365C3720079E1D4CCC25C7. Config: Debug X86. Built: 23:15:38 Jun 15 2018. AppID: 3000. UID: 31416. PID: 15248 ----
  INFO root [2018-06-27 16:44:54,053] - Server :        Intel(R) Core(TM) i5-2415M CPU @ 2.30GHz with 4194303kB RAM
  INFO root [2018-06-27 16:44:54,102] - ThreadPool::createThreadPool: creating  threadpool...
  INFO root [2018-06-27 16:44:54,102] - ThreadPool::createThreadPool: successfully(2), newThreadCount=1, normalMaxThreadCount=2, maxThreadCount=8
 DEBUG root [2018-06-27 16:45:00,212] - Script::install_py_dlls(): PyInit_pyexpat
 DEBUG root [2018-06-27 16:45:00,533] - Script::install_py_dlls(): PyInit__socket
 DEBUG root [2018-06-27 16:45:00,677] - Script::install_py_dlls(): PyInit__ssl
 DEBUG root [2018-06-27 16:45:01,925] - Script::install_py_dlls(): PyInit__hashlib
 DEBUG root [2018-06-27 16:45:02,039] - Script::install_py_dlls(): PyInit_select
 DEBUG root [2018-06-27 16:45:02,126] - Script::install_py_dlls(): PyInit__ctypes
 DEBUG root [2018-06-27 16:45:02,415] - Script::install_py_dlls(): PyInit__elementtree
 DEBUG root [2018-06-27 16:45:05,153] - Script::install_py_dlls(): PyInit_unicodedata
  INFO root [2018-06-27 16:45:08,259] - Script::install(): is successfully, Python=(3.4.2 (default, Jun 15 2018, 23:15:28) [MSC v.1913 32 bit (Intel)])!
  INFO root [2018-06-27 16:45:08,260] - Script::install(): KBExtra is successfully!
S_INFO root [2018-06-27 16:45:09,157] - onInterfaceAppReady: bootstrapGroupIndex=0, bootstrapGlobalIndex=0
  INFO root [2018-06-27 16:45:09,578] - TelnetServer server is running on port 33000
  WARN root [2018-06-27 16:45:09,579] - c:\users\public\documents\workspace\kbe\kbengine-kbengine-v1.0.0\kbengine\kbe\src\server\tools\interfaces\interfaces.cpp:164: Profile scriptCall took 0.45 seconds
  INFO root [2018-06-27 16:45:10,526] - ---- interfaces is running ----
 DEBUG root [2018-06-27 16:45:10,633] - Components::process(): Request for the process of identity...
  INFO root [2018-06-27 16:45:17,925] - Components::process(): Found all the components!
  INFO root [2018-06-27 16:45:51,029] - 
  INFO root [2018-06-27 16:45:51,031] - -----------------------------------------------------------------------------------------


  INFO root [2018-06-27 16:45:51,033] - Resmgr::initialize: KBE_ROOT=C:/Users/Public/Documents/workspace/kbe/kbengine-kbengine-v1.0.0/kbengine/
  INFO root [2018-06-27 16:45:51,034] - Resmgr::initialize: KBE_RES_PATH=C:/Users/Public/Documents/workspace/kbe/kbengine-kbengine-v1.0.0/kbengine/kbe/res/;C:/Users/Public/Documents/workspace/kbe/kbengine-kbengine-v1.0.0/kbengine/assets/;C:/Users/Public/Documents/workspace/kbe/kbengine-kbengine-v1.0.0/kbengine/assets/scripts/;C:/Users/Public/Documents/workspace/kbe/kbengine-kbengine-v1.0.0/kbengine/assets/res/
  INFO root [2018-06-27 16:45:51,035] - Resmgr::initialize: KBE_BIN_PATH=C:/Users/Public/Documents/workspace/kbe/kbengine-kbengine-v1.0.0/kbengine/kbe/bin/server/
  INFO root [2018-06-27 16:45:51,050] - NetworkInterface::recreateListeningSocket(INTERNAL): bound to all interfaces with default route interface on 192.168.31.56 ( 192.168.31.56:30099 )
  INFO root [2018-06-27 16:45:51,050] - NetworkInterface::recreateListeningSocket(INTERNAL): address 192.168.31.56:30099, SOMAXCONN=5.
  INFO root [2018-06-27 16:45:51,063] - ---- interfaces Version: 1.0.0. ScriptVersion: 0.1.0. Protocol: 1ABB6125D8365C3720079E1D4CCC25C7. Config: Debug X86. Built: 23:15:38 Jun 15 2018. AppID: 3000. UID: 31661. PID: 16360 ----
  INFO root [2018-06-27 16:45:51,064] - Server :        Intel(R) Core(TM) i5-2415M CPU @ 2.30GHz with 4194303kB RAM
  INFO root [2018-06-27 16:45:51,065] - ThreadPool::createThreadPool: creating  threadpool...
  INFO root [2018-06-27 16:45:51,070] - ThreadPool::createThreadPool: successfully(2), newThreadCount=1, normalMaxThreadCount=2, maxThreadCount=8
 DEBUG root [2018-06-27 16:45:51,274] - Script::install_py_dlls(): PyInit_pyexpat
 DEBUG root [2018-06-27 16:45:51,276] - Script::install_py_dlls(): PyInit__socket
 DEBUG root [2018-06-27 16:45:51,277] - Script::install_py_dlls(): PyInit__ssl
 DEBUG root [2018-06-27 16:45:51,284] - Script::install_py_dlls(): PyInit__hashlib
 DEBUG root [2018-06-27 16:45:51,285] - Script::install_py_dlls(): PyInit_select
 DEBUG root [2018-06-27 16:45:51,286] - Script::install_py_dlls(): PyInit__ctypes
 DEBUG root [2018-06-27 16:45:51,287] - Script::install_py_dlls(): PyInit__elementtree
 DEBUG root [2018-06-27 16:45:51,468] - Script::install_py_dlls(): PyInit_unicodedata
  INFO root [2018-06-27 16:45:51,606] - Script::install(): is successfully, Python=(3.4.2 (default, Jun 15 2018, 23:15:28) [MSC v.1913 32 bit (Intel)])!
  INFO root [2018-06-27 16:45:51,606] - Script::install(): KBExtra is successfully!
S_INFO root [2018-06-27 16:45:51,634] - onInterfaceAppReady: bootstrapGroupIndex=0, bootstrapGlobalIndex=0
  INFO root [2018-06-27 16:45:51,656] - TelnetServer server is running on port 33000
  INFO root [2018-06-27 16:45:52,482] - ---- interfaces is running ----
 DEBUG root [2018-06-27 16:45:52,483] - Components::process(): Request for the process of identity...
  INFO root [2018-06-27 16:45:59,735] - Components::process(): Found all the components!
  INFO root [2018-06-27 16:55:16,699] - 
  INFO root [2018-06-27 16:55:16,701] - -----------------------------------------------------------------------------------------


  INFO root [2018-06-27 16:55:16,703] - Resmgr::initialize: KBE_ROOT=C:/Users/Public/Documents/workspace/kbe/kbengine-kbengine-v1.0.0/kbengine/
  INFO root [2018-06-27 16:55:16,704] - Resmgr::initialize: KBE_RES_PATH=C:/Users/Public/Documents/workspace/kbe/kbengine-kbengine-v1.0.0/kbengine/kbe/res/;C:/Users/Public/Documents/workspace/kbe/kbengine-kbengine-v1.0.0/kbengine/assets/;C:/Users/Public/Documents/workspace/kbe/kbengine-kbengine-v1.0.0/kbengine/assets/scripts/;C:/Users/Public/Documents/workspace/kbe/kbengine-kbengine-v1.0.0/kbengine/assets/res/
  INFO root [2018-06-27 16:55:16,705] - Resmgr::initialize: KBE_BIN_PATH=C:/Users/Public/Documents/workspace/kbe/kbengine-kbengine-v1.0.0/kbengine/kbe/bin/server/
  INFO root [2018-06-27 16:55:16,759] - NetworkInterface::recreateListeningSocket(INTERNAL): bound to all interfaces with default route interface on 192.168.31.56 ( 192.168.31.56:30099 )
  INFO root [2018-06-27 16:55:16,759] - NetworkInterface::recreateListeningSocket(INTERNAL): address 192.168.31.56:30099, SOMAXCONN=5.
  INFO root [2018-06-27 16:55:16,772] - ---- interfaces Version: 1.0.0. ScriptVersion: 0.1.0. Protocol: 1ABB6125D8365C3720079E1D4CCC25C7. Config: Debug X86. Built: 23:15:38 Jun 15 2018. AppID: 3000. UID: 738. PID: 13856 ----
  INFO root [2018-06-27 16:55:16,773] - Server :        Intel(R) Core(TM) i5-2415M CPU @ 2.30GHz with 4194303kB RAM
  INFO root [2018-06-27 16:55:16,774] - ThreadPool::createThreadPool: creating  threadpool...
  INFO root [2018-06-27 16:55:16,776] - ThreadPool::createThreadPool: successfully(2), newThreadCount=1, normalMaxThreadCount=2, maxThreadCount=8
 DEBUG root [2018-06-27 16:55:16,965] - Script::install_py_dlls(): PyInit_pyexpat
 DEBUG root [2018-06-27 16:55:16,966] - Script::install_py_dlls(): PyInit__socket
 DEBUG root [2018-06-27 16:55:16,967] - Script::install_py_dlls(): PyInit__ssl
 DEBUG root [2018-06-27 16:55:16,975] - Script::install_py_dlls(): PyInit__hashlib
 DEBUG root [2018-06-27 16:55:16,976] - Script::install_py_dlls(): PyInit_select
 DEBUG root [2018-06-27 16:55:16,976] - Script::install_py_dlls(): PyInit__ctypes
 DEBUG root [2018-06-27 16:55:16,978] - Script::install_py_dlls(): PyInit__elementtree
 DEBUG root [2018-06-27 16:55:17,094] - Script::install_py_dlls(): PyInit_unicodedata
  INFO root [2018-06-27 16:55:17,217] - Script::install(): is successfully, Python=(3.4.2 (default, Jun 15 2018, 23:15:28) [MSC v.1913 32 bit (Intel)])!
  INFO root [2018-06-27 16:55:17,217] - Script::install(): KBExtra is successfully!
S_INFO root [2018-06-27 16:55:17,243] - onInterfaceAppReady: bootstrapGroupIndex=0, bootstrapGlobalIndex=0
  INFO root [2018-06-27 16:55:17,269] - TelnetServer server is running on port 33000
  INFO root [2018-06-27 16:55:18,208] - ---- interfaces is running ----
 DEBUG root [2018-06-27 16:55:18,209] - Components::process(): Request for the process of identity...
  INFO root [2018-06-27 16:55:25,444] - Components::process(): Found all the components!
  INFO root [2018-06-27 17:01:41,574] - 
  INFO root [2018-06-27 17:01:41,574] - -----------------------------------------------------------------------------------------


  INFO root [2018-06-27 17:01:41,576] - Resmgr::initialize: KBE_ROOT=C:/Users/Public/Documents/workspace/kbe/kbengine-kbengine-v1.0.0/kbengine/
  INFO root [2018-06-27 17:01:41,576] - Resmgr::initialize: KBE_RES_PATH=C:/Users/Public/Documents/workspace/kbe/kbengine-kbengine-v1.0.0/kbengine/kbe/res/;C:/Users/Public/Documents/workspace/kbe/kbengine-kbengine-v1.0.0/kbengine/assets/;C:/Users/Public/Documents/workspace/kbe/kbengine-kbengine-v1.0.0/kbengine/assets/scripts/;C:/Users/Public/Documents/workspace/kbe/kbengine-kbengine-v1.0.0/kbengine/assets/res/
  INFO root [2018-06-27 17:01:41,576] - Resmgr::initialize: KBE_BIN_PATH=C:/Users/Public/Documents/workspace/kbe/kbengine-kbengine-v1.0.0/kbengine/kbe/bin/server/
  INFO root [2018-06-27 17:01:41,586] - NetworkInterface::recreateListeningSocket(INTERNAL): bound to all interfaces with default route interface on 192.168.31.56 ( 192.168.31.56:30099 )
  INFO root [2018-06-27 17:01:41,586] - NetworkInterface::recreateListeningSocket(INTERNAL): address 192.168.31.56:30099, SOMAXCONN=5.
  INFO root [2018-06-27 17:01:41,592] - ---- interfaces Version: 1.0.0. ScriptVersion: 0.1.0. Protocol: 1ABB6125D8365C3720079E1D4CCC25C7. Config: Debug X86. Built: 23:15:38 Jun 15 2018. AppID: 3000. UID: 1996. PID: 13148 ----
  INFO root [2018-06-27 17:01:41,592] - Server :        Intel(R) Core(TM) i5-2415M CPU @ 2.30GHz with 4194303kB RAM
  INFO root [2018-06-27 17:01:41,593] - ThreadPool::createThreadPool: creating  threadpool...
  INFO root [2018-06-27 17:01:41,593] - ThreadPool::createThreadPool: successfully(2), newThreadCount=1, normalMaxThreadCount=2, maxThreadCount=8
 DEBUG root [2018-06-27 17:01:41,805] - Script::install_py_dlls(): PyInit_pyexpat
 DEBUG root [2018-06-27 17:01:41,806] - Script::install_py_dlls(): PyInit__socket
 DEBUG root [2018-06-27 17:01:41,808] - Script::install_py_dlls(): PyInit__ssl
 DEBUG root [2018-06-27 17:01:41,815] - Script::install_py_dlls(): PyInit__hashlib
 DEBUG root [2018-06-27 17:01:41,816] - Script::install_py_dlls(): PyInit_select
 DEBUG root [2018-06-27 17:01:41,816] - Script::install_py_dlls(): PyInit__ctypes
 DEBUG root [2018-06-27 17:01:41,817] - Script::install_py_dlls(): PyInit__elementtree
 DEBUG root [2018-06-27 17:01:41,938] - Script::install_py_dlls(): PyInit_unicodedata
  INFO root [2018-06-27 17:01:42,133] - Script::install(): is successfully, Python=(3.4.2 (default, Jun 15 2018, 23:15:28) [MSC v.1913 32 bit (Intel)])!
  INFO root [2018-06-27 17:01:42,134] - Script::install(): KBExtra is successfully!
S_INFO root [2018-06-27 17:01:42,196] - onInterfaceAppReady: bootstrapGroupIndex=0, bootstrapGlobalIndex=0
  INFO root [2018-06-27 17:01:42,254] - TelnetServer server is running on port 33000
  INFO root [2018-06-27 17:01:43,052] - ---- interfaces is running ----
 DEBUG root [2018-06-27 17:01:43,053] - Components::process(): Request for the process of identity...
  INFO root [2018-06-27 17:01:50,279] - Components::process(): Found all the components!
  INFO root [2018-06-27 17:03:32,153] - 
  INFO root [2018-06-27 17:03:32,153] - -----------------------------------------------------------------------------------------


  INFO root [2018-06-27 17:03:32,155] - Resmgr::initialize: KBE_ROOT=C:/Users/Public/Documents/workspace/kbe/kbengine-kbengine-v1.0.0/kbengine/
  INFO root [2018-06-27 17:03:32,155] - Resmgr::initialize: KBE_RES_PATH=C:/Users/Public/Documents/workspace/kbe/kbengine-kbengine-v1.0.0/kbengine/kbe/res/;C:/Users/Public/Documents/workspace/kbe/kbengine-kbengine-v1.0.0/kbengine/assets/;C:/Users/Public/Documents/workspace/kbe/kbengine-kbengine-v1.0.0/kbengine/assets/scripts/;C:/Users/Public/Documents/workspace/kbe/kbengine-kbengine-v1.0.0/kbengine/assets/res/
  INFO root [2018-06-27 17:03:32,155] - Resmgr::initialize: KBE_BIN_PATH=C:/Users/Public/Documents/workspace/kbe/kbengine-kbengine-v1.0.0/kbengine/kbe/bin/server/
  INFO root [2018-06-27 17:03:32,166] - NetworkInterface::recreateListeningSocket(INTERNAL): bound to all interfaces with default route interface on 192.168.31.56 ( 192.168.31.56:30099 )
  INFO root [2018-06-27 17:03:32,166] - NetworkInterface::recreateListeningSocket(INTERNAL): address 192.168.31.56:30099, SOMAXCONN=5.
  INFO root [2018-06-27 17:03:32,172] - ---- interfaces Version: 1.0.0. ScriptVersion: 0.1.0. Protocol: 1ABB6125D8365C3720079E1D4CCC25C7. Config: Debug X86. Built: 23:15:38 Jun 15 2018. AppID: 3000. UID: 2358. PID: 10276 ----
  INFO root [2018-06-27 17:03:32,173] - Server :        Intel(R) Core(TM) i5-2415M CPU @ 2.30GHz with 4194303kB RAM
  INFO root [2018-06-27 17:03:32,174] - ThreadPool::createThreadPool: creating  threadpool...
  INFO root [2018-06-27 17:03:32,174] - ThreadPool::createThreadPool: successfully(2), newThreadCount=1, normalMaxThreadCount=2, maxThreadCount=8
 DEBUG root [2018-06-27 17:03:32,401] - Script::install_py_dlls(): PyInit_pyexpat
 DEBUG root [2018-06-27 17:03:32,402] - Script::install_py_dlls(): PyInit__socket
 DEBUG root [2018-06-27 17:03:32,403] - Script::install_py_dlls(): PyInit__ssl
 DEBUG root [2018-06-27 17:03:32,410] - Script::install_py_dlls(): PyInit__hashlib
 DEBUG root [2018-06-27 17:03:32,411] - Script::install_py_dlls(): PyInit_select
 DEBUG root [2018-06-27 17:03:32,412] - Script::install_py_dlls(): PyInit__ctypes
 DEBUG root [2018-06-27 17:03:32,413] - Script::install_py_dlls(): PyInit__elementtree
 DEBUG root [2018-06-27 17:03:32,562] - Script::install_py_dlls(): PyInit_unicodedata
  INFO root [2018-06-27 17:03:32,659] - Script::install(): is successfully, Python=(3.4.2 (default, Jun 15 2018, 23:15:28) [MSC v.1913 32 bit (Intel)])!
  INFO root [2018-06-27 17:03:32,660] - Script::install(): KBExtra is successfully!
S_INFO root [2018-06-27 17:03:32,722] - onInterfaceAppReady: bootstrapGroupIndex=0, bootstrapGlobalIndex=0
  INFO root [2018-06-27 17:03:32,816] - TelnetServer server is running on port 33000
  INFO root [2018-06-27 17:03:33,788] - ---- interfaces is running ----
 DEBUG root [2018-06-27 17:03:33,789] - Components::process(): Request for the process of identity...
  INFO root [2018-06-27 17:03:41,122] - Components::process(): Found all the components!
  WARN root [2018-06-27 17:04:04,156] - TCPPacketReceiver::processPendingEvents(127.0.0.1:40413): Throwing REASON_GENERAL_NETWORK - WSAECONNRESET
  INFO root [2018-06-27 17:07:17,844] - 
  INFO root [2018-06-27 17:07:17,845] - -----------------------------------------------------------------------------------------


  INFO root [2018-06-27 17:07:17,847] - Resmgr::initialize: KBE_ROOT=C:/Users/Public/Documents/workspace/kbe/kbengine-kbengine-v1.0.0/kbengine/
  INFO root [2018-06-27 17:07:17,848] - Resmgr::initialize: KBE_RES_PATH=C:/Users/Public/Documents/workspace/kbe/kbengine-kbengine-v1.0.0/kbengine/kbe/res/;C:/Users/Public/Documents/workspace/kbe/kbengine-kbengine-v1.0.0/kbengine/assets/;C:/Users/Public/Documents/workspace/kbe/kbengine-kbengine-v1.0.0/kbengine/assets/scripts/;C:/Users/Public/Documents/workspace/kbe/kbengine-kbengine-v1.0.0/kbengine/assets/res/
  INFO root [2018-06-27 17:07:17,849] - Resmgr::initialize: KBE_BIN_PATH=C:/Users/Public/Documents/workspace/kbe/kbengine-kbengine-v1.0.0/kbengine/kbe/bin/server/
  INFO root [2018-06-27 17:07:17,870] - NetworkInterface::recreateListeningSocket(INTERNAL): bound to all interfaces with default route interface on 192.168.31.56 ( 192.168.31.56:30099 )
  INFO root [2018-06-27 17:07:17,871] - NetworkInterface::recreateListeningSocket(INTERNAL): address 192.168.31.56:30099, SOMAXCONN=5.
  INFO root [2018-06-27 17:07:17,882] - ---- interfaces Version: 1.0.0. ScriptVersion: 0.1.0. Protocol: 1ABB6125D8365C3720079E1D4CCC25C7. Config: Debug X86. Built: 23:15:38 Jun 15 2018. AppID: 3000. UID: 3093. PID: 14080 ----
  INFO root [2018-06-27 17:07:17,884] - Server :        Intel(R) Core(TM) i5-2415M CPU @ 2.30GHz with 4194303kB RAM
  INFO root [2018-06-27 17:07:17,892] - ThreadPool::createThreadPool: creating  threadpool...
  INFO root [2018-06-27 17:07:17,893] - ThreadPool::createThreadPool: successfully(2), newThreadCount=1, normalMaxThreadCount=2, maxThreadCount=8
 DEBUG root [2018-06-27 17:07:18,159] - Script::install_py_dlls(): PyInit_pyexpat
 DEBUG root [2018-06-27 17:07:18,160] - Script::install_py_dlls(): PyInit__socket
 DEBUG root [2018-06-27 17:07:18,162] - Script::install_py_dlls(): PyInit__ssl
 DEBUG root [2018-06-27 17:07:18,170] - Script::install_py_dlls(): PyInit__hashlib
 DEBUG root [2018-06-27 17:07:18,170] - Script::install_py_dlls(): PyInit_select
 DEBUG root [2018-06-27 17:07:18,171] - Script::install_py_dlls(): PyInit__ctypes
 DEBUG root [2018-06-27 17:07:18,172] - Script::install_py_dlls(): PyInit__elementtree
 DEBUG root [2018-06-27 17:07:18,361] - Script::install_py_dlls(): PyInit_unicodedata
  INFO root [2018-06-27 17:07:18,479] - Script::install(): is successfully, Python=(3.4.2 (default, Jun 15 2018, 23:15:28) [MSC v.1913 32 bit (Intel)])!
  INFO root [2018-06-27 17:07:18,479] - Script::install(): KBExtra is successfully!
S_INFO root [2018-06-27 17:07:18,516] - onInterfaceAppReady: bootstrapGroupIndex=0, bootstrapGlobalIndex=0
  INFO root [2018-06-27 17:07:18,539] - TelnetServer server is running on port 33000
  INFO root [2018-06-27 17:07:19,589] - ---- interfaces is running ----
 DEBUG root [2018-06-27 17:07:19,592] - Components::process(): Request for the process of identity...
  INFO root [2018-06-27 17:07:27,351] - Components::process(): Found all the components!
  WARN root [2018-06-27 17:08:04,069] - TCPPacketReceiver::processPendingEvents(127.0.0.1:40566): Throwing REASON_GENERAL_NETWORK - WSAECONNRESET
  INFO root [2018-06-27 17:09:13,041] - 
  INFO root [2018-06-27 17:09:13,042] - -----------------------------------------------------------------------------------------


  INFO root [2018-06-27 17:09:13,043] - Resmgr::initialize: KBE_ROOT=C:/Users/Public/Documents/workspace/kbe/kbengine-kbengine-v1.0.0/kbengine/
  INFO root [2018-06-27 17:09:13,043] - Resmgr::initialize: KBE_RES_PATH=C:/Users/Public/Documents/workspace/kbe/kbengine-kbengine-v1.0.0/kbengine/kbe/res/;C:/Users/Public/Documents/workspace/kbe/kbengine-kbengine-v1.0.0/kbengine/assets/;C:/Users/Public/Documents/workspace/kbe/kbengine-kbengine-v1.0.0/kbengine/assets/scripts/;C:/Users/Public/Documents/workspace/kbe/kbengine-kbengine-v1.0.0/kbengine/assets/res/
  INFO root [2018-06-27 17:09:13,043] - Resmgr::initialize: KBE_BIN_PATH=C:/Users/Public/Documents/workspace/kbe/kbengine-kbengine-v1.0.0/kbengine/kbe/bin/server/
  INFO root [2018-06-27 17:09:13,053] - NetworkInterface::recreateListeningSocket(INTERNAL): bound to all interfaces with default route interface on 192.168.31.56 ( 192.168.31.56:30099 )
  INFO root [2018-06-27 17:09:13,053] - NetworkInterface::recreateListeningSocket(INTERNAL): address 192.168.31.56:30099, SOMAXCONN=5.
  INFO root [2018-06-27 17:09:13,062] - ---- interfaces Version: 1.0.0. ScriptVersion: 0.1.0. Protocol: 1ABB6125D8365C3720079E1D4CCC25C7. Config: Debug X86. Built: 23:15:38 Jun 15 2018. AppID: 3000. UID: 3472. PID: 9552 ----
  INFO root [2018-06-27 17:09:13,063] - Server :        Intel(R) Core(TM) i5-2415M CPU @ 2.30GHz with 4194303kB RAM
  INFO root [2018-06-27 17:09:13,063] - ThreadPool::createThreadPool: creating  threadpool...
  INFO root [2018-06-27 17:09:13,064] - ThreadPool::createThreadPool: successfully(2), newThreadCount=1, normalMaxThreadCount=2, maxThreadCount=8
 DEBUG root [2018-06-27 17:09:13,275] - Script::install_py_dlls(): PyInit_pyexpat
 DEBUG root [2018-06-27 17:09:13,276] - Script::install_py_dlls(): PyInit__socket
 DEBUG root [2018-06-27 17:09:13,277] - Script::install_py_dlls(): PyInit__ssl
 DEBUG root [2018-06-27 17:09:13,285] - Script::install_py_dlls(): PyInit__hashlib
 DEBUG root [2018-06-27 17:09:13,286] - Script::install_py_dlls(): PyInit_select
 DEBUG root [2018-06-27 17:09:13,286] - Script::install_py_dlls(): PyInit__ctypes
 DEBUG root [2018-06-27 17:09:13,287] - Script::install_py_dlls(): PyInit__elementtree
 DEBUG root [2018-06-27 17:09:13,381] - Script::install_py_dlls(): PyInit_unicodedata
  INFO root [2018-06-27 17:09:13,472] - Script::install(): is successfully, Python=(3.4.2 (default, Jun 15 2018, 23:15:28) [MSC v.1913 32 bit (Intel)])!
  INFO root [2018-06-27 17:09:13,473] - Script::install(): KBExtra is successfully!
S_INFO root [2018-06-27 17:09:13,500] - onInterfaceAppReady: bootstrapGroupIndex=0, bootstrapGlobalIndex=0
  INFO root [2018-06-27 17:09:13,526] - TelnetServer server is running on port 33000
  INFO root [2018-06-27 17:09:14,898] - ---- interfaces is running ----
 DEBUG root [2018-06-27 17:09:14,899] - Components::process(): Request for the process of identity...
  INFO root [2018-06-27 17:09:22,201] - Components::process(): Found all the components!
  WARN root [2018-06-27 17:10:05,515] - TCPPacketReceiver::processPendingEvents(127.0.0.1:40673): Throwing REASON_GENERAL_NETWORK - WSAECONNRESET
  INFO root [2018-06-27 17:10:12,272] - 
  INFO root [2018-06-27 17:10:12,288] - -----------------------------------------------------------------------------------------


  INFO root [2018-06-27 17:10:12,290] - Resmgr::initialize: KBE_ROOT=C:/Users/Public/Documents/workspace/kbe/kbengine-kbengine-v1.0.0/kbengine/
  INFO root [2018-06-27 17:10:12,291] - Resmgr::initialize: KBE_RES_PATH=C:/Users/Public/Documents/workspace/kbe/kbengine-kbengine-v1.0.0/kbengine/kbe/res/;C:/Users/Public/Documents/workspace/kbe/kbengine-kbengine-v1.0.0/kbengine/assets/;C:/Users/Public/Documents/workspace/kbe/kbengine-kbengine-v1.0.0/kbengine/assets/scripts/;C:/Users/Public/Documents/workspace/kbe/kbengine-kbengine-v1.0.0/kbengine/assets/res/
  INFO root [2018-06-27 17:10:12,292] - Resmgr::initialize: KBE_BIN_PATH=C:/Users/Public/Documents/workspace/kbe/kbengine-kbengine-v1.0.0/kbengine/kbe/bin/server/
  INFO root [2018-06-27 17:10:12,315] - NetworkInterface::recreateListeningSocket(INTERNAL): bound to all interfaces with default route interface on 192.168.31.56 ( 192.168.31.56:30099 )
  INFO root [2018-06-27 17:10:12,315] - NetworkInterface::recreateListeningSocket(INTERNAL): address 192.168.31.56:30099, SOMAXCONN=5.
  INFO root [2018-06-27 17:10:12,329] - ---- interfaces Version: 1.0.0. ScriptVersion: 0.1.0. Protocol: 1ABB6125D8365C3720079E1D4CCC25C7. Config: Debug X86. Built: 23:15:38 Jun 15 2018. AppID: 3000. UID: 3664. PID: 14080 ----
  INFO root [2018-06-27 17:10:12,337] - Server :        Intel(R) Core(TM) i5-2415M CPU @ 2.30GHz with 4194303kB RAM
  INFO root [2018-06-27 17:10:12,337] - ThreadPool::createThreadPool: creating  threadpool...
  INFO root [2018-06-27 17:10:12,338] - ThreadPool::createThreadPool: successfully(2), newThreadCount=1, normalMaxThreadCount=2, maxThreadCount=8
 DEBUG root [2018-06-27 17:10:12,536] - Script::install_py_dlls(): PyInit_pyexpat
 DEBUG root [2018-06-27 17:10:12,537] - Script::install_py_dlls(): PyInit__socket
 DEBUG root [2018-06-27 17:10:12,538] - Script::install_py_dlls(): PyInit__ssl
 DEBUG root [2018-06-27 17:10:12,546] - Script::install_py_dlls(): PyInit__hashlib
 DEBUG root [2018-06-27 17:10:12,547] - Script::install_py_dlls(): PyInit_select
 DEBUG root [2018-06-27 17:10:12,547] - Script::install_py_dlls(): PyInit__ctypes
 DEBUG root [2018-06-27 17:10:12,549] - Script::install_py_dlls(): PyInit__elementtree
 DEBUG root [2018-06-27 17:10:12,648] - Script::install_py_dlls(): PyInit_unicodedata
  INFO root [2018-06-27 17:10:12,747] - Script::install(): is successfully, Python=(3.4.2 (default, Jun 15 2018, 23:15:28) [MSC v.1913 32 bit (Intel)])!
  INFO root [2018-06-27 17:10:12,748] - Script::install(): KBExtra is successfully!
S_INFO root [2018-06-27 17:10:12,775] - onInterfaceAppReady: bootstrapGroupIndex=0, bootstrapGlobalIndex=0
  INFO root [2018-06-27 17:10:12,836] - TelnetServer server is running on port 33000
  INFO root [2018-06-27 17:10:13,555] - ---- interfaces is running ----
 DEBUG root [2018-06-27 17:10:13,556] - Components::process(): Request for the process of identity...
  INFO root [2018-06-27 17:10:20,798] - Components::process(): Found all the components!
S_INFO root [2018-06-27 17:12:17,423] - onRequestAccountLogin: registerName=lqt01
S_INFO root [2018-06-27 17:12:40,780] - onRequestAccountLogin: registerName=lqt02
  WARN root [2018-06-27 17:15:56,166] - TCPPacketReceiver::processPendingEvents(127.0.0.1:40757): Throwing REASON_GENERAL_NETWORK - WSAECONNRESET
  INFO root [2018-06-27 17:16:01,450] - 
  INFO root [2018-06-27 17:16:01,452] - -----------------------------------------------------------------------------------------


  INFO root [2018-06-27 17:16:01,454] - Resmgr::initialize: KBE_ROOT=C:/Users/Public/Documents/workspace/kbe/kbengine-kbengine-v1.0.0/kbengine/
  INFO root [2018-06-27 17:16:01,455] - Resmgr::initialize: KBE_RES_PATH=C:/Users/Public/Documents/workspace/kbe/kbengine-kbengine-v1.0.0/kbengine/kbe/res/;C:/Users/Public/Documents/workspace/kbe/kbengine-kbengine-v1.0.0/kbengine/assets/;C:/Users/Public/Documents/workspace/kbe/kbengine-kbengine-v1.0.0/kbengine/assets/scripts/;C:/Users/Public/Documents/workspace/kbe/kbengine-kbengine-v1.0.0/kbengine/assets/res/
  INFO root [2018-06-27 17:16:01,456] - Resmgr::initialize: KBE_BIN_PATH=C:/Users/Public/Documents/workspace/kbe/kbengine-kbengine-v1.0.0/kbengine/kbe/bin/server/
  INFO root [2018-06-27 17:16:01,470] - NetworkInterface::recreateListeningSocket(INTERNAL): bound to all interfaces with default route interface on 192.168.31.56 ( 192.168.31.56:30099 )
  INFO root [2018-06-27 17:16:01,471] - NetworkInterface::recreateListeningSocket(INTERNAL): address 192.168.31.56:30099, SOMAXCONN=5.
  INFO root [2018-06-27 17:16:01,483] - ---- interfaces Version: 1.0.0. ScriptVersion: 0.1.0. Protocol: 1ABB6125D8365C3720079E1D4CCC25C7. Config: Debug X86. Built: 23:15:38 Jun 15 2018. AppID: 3000. UID: 4804. PID: 6436 ----
  INFO root [2018-06-27 17:16:01,484] - Server :        Intel(R) Core(TM) i5-2415M CPU @ 2.30GHz with 4194303kB RAM
  INFO root [2018-06-27 17:16:01,485] - ThreadPool::createThreadPool: creating  threadpool...
  INFO root [2018-06-27 17:16:01,486] - ThreadPool::createThreadPool: successfully(2), newThreadCount=1, normalMaxThreadCount=2, maxThreadCount=8
 DEBUG root [2018-06-27 17:16:01,770] - Script::install_py_dlls(): PyInit_pyexpat
 DEBUG root [2018-06-27 17:16:01,772] - Script::install_py_dlls(): PyInit__socket
 DEBUG root [2018-06-27 17:16:01,773] - Script::install_py_dlls(): PyInit__ssl
 DEBUG root [2018-06-27 17:16:01,781] - Script::install_py_dlls(): PyInit__hashlib
 DEBUG root [2018-06-27 17:16:01,782] - Script::install_py_dlls(): PyInit_select
 DEBUG root [2018-06-27 17:16:01,782] - Script::install_py_dlls(): PyInit__ctypes
 DEBUG root [2018-06-27 17:16:01,784] - Script::install_py_dlls(): PyInit__elementtree
 DEBUG root [2018-06-27 17:16:01,938] - Script::install_py_dlls(): PyInit_unicodedata
  INFO root [2018-06-27 17:16:02,057] - Script::install(): is successfully, Python=(3.4.2 (default, Jun 15 2018, 23:15:28) [MSC v.1913 32 bit (Intel)])!
  INFO root [2018-06-27 17:16:02,059] - Script::install(): KBExtra is successfully!
S_INFO root [2018-06-27 17:16:02,099] - onInterfaceAppReady: bootstrapGroupIndex=0, bootstrapGlobalIndex=0
  INFO root [2018-06-27 17:16:02,144] - TelnetServer server is running on port 33000
  INFO root [2018-06-27 17:16:03,486] - ---- interfaces is running ----
 DEBUG root [2018-06-27 17:16:03,487] - Components::process(): Request for the process of identity...
  INFO root [2018-06-27 17:16:10,859] - Components::process(): Found all the components!
S_INFO root [2018-06-27 17:16:46,900] - onRequestAccountLogin: registerName=lqt01
S_INFO root [2018-06-27 17:17:04,001] - onRequestAccountLogin: registerName=lqt02
  WARN root [2018-06-27 17:20:07,115] - TCPPacketReceiver::processPendingEvents(127.0.0.1:41030): Throwing REASON_GENERAL_NETWORK - WSAECONNRESET
  INFO root [2018-06-27 17:20:12,348] - 
  INFO root [2018-06-27 17:20:12,354] - -----------------------------------------------------------------------------------------


  INFO root [2018-06-27 17:20:12,357] - Resmgr::initialize: KBE_ROOT=C:/Users/Public/Documents/workspace/kbe/kbengine-kbengine-v1.0.0/kbengine/
  INFO root [2018-06-27 17:20:12,357] - Resmgr::initialize: KBE_RES_PATH=C:/Users/Public/Documents/workspace/kbe/kbengine-kbengine-v1.0.0/kbengine/kbe/res/;C:/Users/Public/Documents/workspace/kbe/kbengine-kbengine-v1.0.0/kbengine/assets/;C:/Users/Public/Documents/workspace/kbe/kbengine-kbengine-v1.0.0/kbengine/assets/scripts/;C:/Users/Public/Documents/workspace/kbe/kbengine-kbengine-v1.0.0/kbengine/assets/res/
  INFO root [2018-06-27 17:20:12,358] - Resmgr::initialize: KBE_BIN_PATH=C:/Users/Public/Documents/workspace/kbe/kbengine-kbengine-v1.0.0/kbengine/kbe/bin/server/
  INFO root [2018-06-27 17:20:12,377] - NetworkInterface::recreateListeningSocket(INTERNAL): bound to all interfaces with default route interface on 192.168.31.56 ( 192.168.31.56:30099 )
  INFO root [2018-06-27 17:20:12,378] - NetworkInterface::recreateListeningSocket(INTERNAL): address 192.168.31.56:30099, SOMAXCONN=5.
  INFO root [2018-06-27 17:20:12,394] - ---- interfaces Version: 1.0.0. ScriptVersion: 0.1.0. Protocol: 1ABB6125D8365C3720079E1D4CCC25C7. Config: Debug X86. Built: 23:15:38 Jun 15 2018. AppID: 3000. UID: 5620. PID: 5240 ----
  INFO root [2018-06-27 17:20:12,395] - Server :        Intel(R) Core(TM) i5-2415M CPU @ 2.30GHz with 4194303kB RAM
  INFO root [2018-06-27 17:20:12,396] - ThreadPool::createThreadPool: creating  threadpool...
  INFO root [2018-06-27 17:20:12,397] - ThreadPool::createThreadPool: successfully(2), newThreadCount=1, normalMaxThreadCount=2, maxThreadCount=8
 DEBUG root [2018-06-27 17:20:12,615] - Script::install_py_dlls(): PyInit_pyexpat
 DEBUG root [2018-06-27 17:20:12,616] - Script::install_py_dlls(): PyInit__socket
 DEBUG root [2018-06-27 17:20:12,617] - Script::install_py_dlls(): PyInit__ssl
 DEBUG root [2018-06-27 17:20:12,627] - Script::install_py_dlls(): PyInit__hashlib
 DEBUG root [2018-06-27 17:20:12,628] - Script::install_py_dlls(): PyInit_select
 DEBUG root [2018-06-27 17:20:12,628] - Script::install_py_dlls(): PyInit__ctypes
 DEBUG root [2018-06-27 17:20:12,630] - Script::install_py_dlls(): PyInit__elementtree
 DEBUG root [2018-06-27 17:20:12,756] - Script::install_py_dlls(): PyInit_unicodedata
  INFO root [2018-06-27 17:20:12,864] - Script::install(): is successfully, Python=(3.4.2 (default, Jun 15 2018, 23:15:28) [MSC v.1913 32 bit (Intel)])!
  INFO root [2018-06-27 17:20:12,864] - Script::install(): KBExtra is successfully!
S_INFO root [2018-06-27 17:20:12,891] - onInterfaceAppReady: bootstrapGroupIndex=0, bootstrapGlobalIndex=0
  INFO root [2018-06-27 17:20:13,161] - TelnetServer server is running on port 33000
  WARN root [2018-06-27 17:20:13,163] - c:\users\public\documents\workspace\kbe\kbengine-kbengine-v1.0.0\kbengine\kbe\src\server\tools\interfaces\interfaces.cpp:164: Profile scriptCall took 0.27 seconds
  INFO root [2018-06-27 17:20:16,061] - ---- interfaces is running ----
 DEBUG root [2018-06-27 17:20:16,063] - Components::process(): Request for the process of identity...
  INFO root [2018-06-27 17:20:23,664] - Components::process(): Found all the components!
S_INFO root [2018-06-27 17:20:49,094] - onRequestAccountLogin: registerName=lqt01
S_INFO root [2018-06-27 17:21:02,993] - onRequestAccountLogin: registerName=lqt02
  WARN root [2018-06-27 17:34:55,922] - TCPPacketReceiver::processPendingEvents(127.0.0.1:41247): Throwing REASON_GENERAL_NETWORK - WSAECONNRESET
  INFO root [2018-06-27 17:35:37,460] - 
  INFO root [2018-06-27 17:35:37,461] - -----------------------------------------------------------------------------------------


  INFO root [2018-06-27 17:35:37,462] - Resmgr::initialize: KBE_ROOT=C:/Users/Public/Documents/workspace/kbe/kbengine-kbengine-v1.0.0/kbengine/
  INFO root [2018-06-27 17:35:37,462] - Resmgr::initialize: KBE_RES_PATH=C:/Users/Public/Documents/workspace/kbe/kbengine-kbengine-v1.0.0/kbengine/kbe/res/;C:/Users/Public/Documents/workspace/kbe/kbengine-kbengine-v1.0.0/kbengine/assets/;C:/Users/Public/Documents/workspace/kbe/kbengine-kbengine-v1.0.0/kbengine/assets/scripts/;C:/Users/Public/Documents/workspace/kbe/kbengine-kbengine-v1.0.0/kbengine/assets/res/
  INFO root [2018-06-27 17:35:37,462] - Resmgr::initialize: KBE_BIN_PATH=C:/Users/Public/Documents/workspace/kbe/kbengine-kbengine-v1.0.0/kbengine/kbe/bin/server/
  INFO root [2018-06-27 17:35:37,472] - NetworkInterface::recreateListeningSocket(INTERNAL): bound to all interfaces with default route interface on 192.168.31.56 ( 192.168.31.56:30099 )
  INFO root [2018-06-27 17:35:37,473] - NetworkInterface::recreateListeningSocket(INTERNAL): address 192.168.31.56:30099, SOMAXCONN=5.
  INFO root [2018-06-27 17:35:37,484] - ---- interfaces Version: 1.0.0. ScriptVersion: 0.1.0. Protocol: 1ABB6125D8365C3720079E1D4CCC25C7. Config: Debug X86. Built: 23:15:38 Jun 15 2018. AppID: 3000. UID: 8644. PID: 4972 ----
  INFO root [2018-06-27 17:35:37,485] - Server :        Intel(R) Core(TM) i5-2415M CPU @ 2.30GHz with 4194303kB RAM
  INFO root [2018-06-27 17:35:37,486] - ThreadPool::createThreadPool: creating  threadpool...
  INFO root [2018-06-27 17:35:37,487] - ThreadPool::createThreadPool: successfully(2), newThreadCount=1, normalMaxThreadCount=2, maxThreadCount=8
 DEBUG root [2018-06-27 17:35:37,698] - Script::install_py_dlls(): PyInit_pyexpat
 DEBUG root [2018-06-27 17:35:37,699] - Script::install_py_dlls(): PyInit__socket
 DEBUG root [2018-06-27 17:35:37,700] - Script::install_py_dlls(): PyInit__ssl
 DEBUG root [2018-06-27 17:35:37,708] - Script::install_py_dlls(): PyInit__hashlib
 DEBUG root [2018-06-27 17:35:37,709] - Script::install_py_dlls(): PyInit_select
 DEBUG root [2018-06-27 17:35:37,710] - Script::install_py_dlls(): PyInit__ctypes
 DEBUG root [2018-06-27 17:35:37,711] - Script::install_py_dlls(): PyInit__elementtree
 DEBUG root [2018-06-27 17:35:37,843] - Script::install_py_dlls(): PyInit_unicodedata
  INFO root [2018-06-27 17:35:37,946] - Script::install(): is successfully, Python=(3.4.2 (default, Jun 15 2018, 23:15:28) [MSC v.1913 32 bit (Intel)])!
  INFO root [2018-06-27 17:35:37,946] - Script::install(): KBExtra is successfully!
S_INFO root [2018-06-27 17:35:37,974] - onInterfaceAppReady: bootstrapGroupIndex=0, bootstrapGlobalIndex=0
  INFO root [2018-06-27 17:35:37,998] - TelnetServer server is running on port 33000
  INFO root [2018-06-27 17:35:38,975] - ---- interfaces is running ----
 DEBUG root [2018-06-27 17:35:38,976] - Components::process(): Request for the process of identity...
  WARN root [2018-06-27 17:35:45,227] - TCPPacketReceiver::processPendingEvents(127.0.0.1:41861): Throwing REASON_GENERAL_NETWORK - WSAECONNRESET
  INFO root [2018-06-27 17:35:48,695] - 
  INFO root [2018-06-27 17:35:48,696] - -----------------------------------------------------------------------------------------


  INFO root [2018-06-27 17:35:48,697] - Resmgr::initialize: KBE_ROOT=C:/Users/Public/Documents/workspace/kbe/kbengine-kbengine-v1.0.0/kbengine/
  INFO root [2018-06-27 17:35:48,698] - Resmgr::initialize: KBE_RES_PATH=C:/Users/Public/Documents/workspace/kbe/kbengine-kbengine-v1.0.0/kbengine/kbe/res/;C:/Users/Public/Documents/workspace/kbe/kbengine-kbengine-v1.0.0/kbengine/assets/;C:/Users/Public/Documents/workspace/kbe/kbengine-kbengine-v1.0.0/kbengine/assets/scripts/;C:/Users/Public/Documents/workspace/kbe/kbengine-kbengine-v1.0.0/kbengine/assets/res/
  INFO root [2018-06-27 17:35:48,698] - Resmgr::initialize: KBE_BIN_PATH=C:/Users/Public/Documents/workspace/kbe/kbengine-kbengine-v1.0.0/kbengine/kbe/bin/server/
  INFO root [2018-06-27 17:35:48,708] - NetworkInterface::recreateListeningSocket(INTERNAL): bound to all interfaces with default route interface on 192.168.31.56 ( 192.168.31.56:30099 )
  INFO root [2018-06-27 17:35:48,708] - NetworkInterface::recreateListeningSocket(INTERNAL): address 192.168.31.56:30099, SOMAXCONN=5.
  INFO root [2018-06-27 17:35:48,714] - ---- interfaces Version: 1.0.0. ScriptVersion: 0.1.0. Protocol: 1ABB6125D8365C3720079E1D4CCC25C7. Config: Debug X86. Built: 23:15:38 Jun 15 2018. AppID: 3000. UID: 8680. PID: 3824 ----
  INFO root [2018-06-27 17:35:48,715] - Server :        Intel(R) Core(TM) i5-2415M CPU @ 2.30GHz with 4194303kB RAM
  INFO root [2018-06-27 17:35:48,716] - ThreadPool::createThreadPool: creating  threadpool...
  INFO root [2018-06-27 17:35:48,716] - ThreadPool::createThreadPool: successfully(2), newThreadCount=1, normalMaxThreadCount=2, maxThreadCount=8
 DEBUG root [2018-06-27 17:35:48,885] - Script::install_py_dlls(): PyInit_pyexpat
 DEBUG root [2018-06-27 17:35:48,887] - Script::install_py_dlls(): PyInit__socket
 DEBUG root [2018-06-27 17:35:48,888] - Script::install_py_dlls(): PyInit__ssl
 DEBUG root [2018-06-27 17:35:48,896] - Script::install_py_dlls(): PyInit__hashlib
 DEBUG root [2018-06-27 17:35:48,897] - Script::install_py_dlls(): PyInit_select
 DEBUG root [2018-06-27 17:35:48,898] - Script::install_py_dlls(): PyInit__ctypes
 DEBUG root [2018-06-27 17:35:48,899] - Script::install_py_dlls(): PyInit__elementtree
 DEBUG root [2018-06-27 17:35:49,067] - Script::install_py_dlls(): PyInit_unicodedata
  INFO root [2018-06-27 17:35:49,190] - Script::install(): is successfully, Python=(3.4.2 (default, Jun 15 2018, 23:15:28) [MSC v.1913 32 bit (Intel)])!
  INFO root [2018-06-27 17:35:49,190] - Script::install(): KBExtra is successfully!
S_INFO root [2018-06-27 17:35:49,222] - onInterfaceAppReady: bootstrapGroupIndex=0, bootstrapGlobalIndex=0
  INFO root [2018-06-27 17:35:49,259] - TelnetServer server is running on port 33000
  INFO root [2018-06-27 17:35:50,313] - ---- interfaces is running ----
 DEBUG root [2018-06-27 17:35:50,314] - Components::process(): Request for the process of identity...
  INFO root [2018-06-27 17:35:57,722] - Components::process(): Found all the components!
S_INFO root [2018-06-27 17:36:25,124] - onRequestAccountLogin: registerName=lqt01
S_INFO root [2018-06-27 17:36:38,824] - onRequestAccountLogin: registerName=lqt02
  WARN root [2018-06-27 17:39:45,877] - TCPPacketReceiver::processPendingEvents(127.0.0.1:41884): Throwing REASON_GENERAL_NETWORK - WSAECONNRESET
  INFO root [2018-06-27 17:39:49,629] - 
  INFO root [2018-06-27 17:39:49,630] - -----------------------------------------------------------------------------------------


  INFO root [2018-06-27 17:39:49,632] - Resmgr::initialize: KBE_ROOT=C:/Users/Public/Documents/workspace/kbe/kbengine-kbengine-v1.0.0/kbengine/
  INFO root [2018-06-27 17:39:49,633] - Resmgr::initialize: KBE_RES_PATH=C:/Users/Public/Documents/workspace/kbe/kbengine-kbengine-v1.0.0/kbengine/kbe/res/;C:/Users/Public/Documents/workspace/kbe/kbengine-kbengine-v1.0.0/kbengine/assets/;C:/Users/Public/Documents/workspace/kbe/kbengine-kbengine-v1.0.0/kbengine/assets/scripts/;C:/Users/Public/Documents/workspace/kbe/kbengine-kbengine-v1.0.0/kbengine/assets/res/
  INFO root [2018-06-27 17:39:49,633] - Resmgr::initialize: KBE_BIN_PATH=C:/Users/Public/Documents/workspace/kbe/kbengine-kbengine-v1.0.0/kbengine/kbe/bin/server/
  INFO root [2018-06-27 17:39:49,643] - NetworkInterface::recreateListeningSocket(INTERNAL): bound to all interfaces with default route interface on 192.168.31.56 ( 192.168.31.56:30099 )
  INFO root [2018-06-27 17:39:49,644] - NetworkInterface::recreateListeningSocket(INTERNAL): address 192.168.31.56:30099, SOMAXCONN=5.
  INFO root [2018-06-27 17:39:49,653] - ---- interfaces Version: 1.0.0. ScriptVersion: 0.1.0. Protocol: 1ABB6125D8365C3720079E1D4CCC25C7. Config: Debug X86. Built: 23:15:38 Jun 15 2018. AppID: 3000. UID: 9467. PID: 6160 ----
  INFO root [2018-06-27 17:39:49,653] - Server :        Intel(R) Core(TM) i5-2415M CPU @ 2.30GHz with 4194303kB RAM
  INFO root [2018-06-27 17:39:49,653] - ThreadPool::createThreadPool: creating  threadpool...
  INFO root [2018-06-27 17:39:49,654] - ThreadPool::createThreadPool: successfully(2), newThreadCount=1, normalMaxThreadCount=2, maxThreadCount=8
 DEBUG root [2018-06-27 17:39:49,885] - Script::install_py_dlls(): PyInit_pyexpat
 DEBUG root [2018-06-27 17:39:49,886] - Script::install_py_dlls(): PyInit__socket
 DEBUG root [2018-06-27 17:39:49,887] - Script::install_py_dlls(): PyInit__ssl
 DEBUG root [2018-06-27 17:39:49,895] - Script::install_py_dlls(): PyInit__hashlib
 DEBUG root [2018-06-27 17:39:49,896] - Script::install_py_dlls(): PyInit_select
 DEBUG root [2018-06-27 17:39:49,897] - Script::install_py_dlls(): PyInit__ctypes
 DEBUG root [2018-06-27 17:39:49,899] - Script::install_py_dlls(): PyInit__elementtree
 DEBUG root [2018-06-27 17:39:50,019] - Script::install_py_dlls(): PyInit_unicodedata
  INFO root [2018-06-27 17:39:50,167] - Script::install(): is successfully, Python=(3.4.2 (default, Jun 15 2018, 23:15:28) [MSC v.1913 32 bit (Intel)])!
  INFO root [2018-06-27 17:39:50,167] - Script::install(): KBExtra is successfully!
S_INFO root [2018-06-27 17:39:50,304] - onInterfaceAppReady: bootstrapGroupIndex=0, bootstrapGlobalIndex=0
  INFO root [2018-06-27 17:39:50,462] - TelnetServer server is running on port 33000
  WARN root [2018-06-27 17:39:50,463] - c:\users\public\documents\workspace\kbe\kbengine-kbengine-v1.0.0\kbengine\kbe\src\server\tools\interfaces\interfaces.cpp:164: Profile scriptCall took 0.16 seconds
  INFO root [2018-06-27 17:39:53,098] - ---- interfaces is running ----
 DEBUG root [2018-06-27 17:39:53,099] - Components::process(): Request for the process of identity...
  INFO root [2018-06-27 17:40:00,436] - Components::process(): Found all the components!
S_INFO root [2018-06-27 17:40:27,005] - onRequestAccountLogin: registerName=lqt01
S_INFO root [2018-06-27 17:40:42,106] - onRequestAccountLogin: registerName=lqt02
  WARN root [2018-06-27 17:48:42,982] - TCPPacketReceiver::processPendingEvents(127.0.0.1:42113): Throwing REASON_GENERAL_NETWORK - WSAECONNRESET
  INFO root [2018-06-27 17:48:46,724] - 
  INFO root [2018-06-27 17:48:46,738] - -----------------------------------------------------------------------------------------


  INFO root [2018-06-27 17:48:46,740] - Resmgr::initialize: KBE_ROOT=C:/Users/Public/Documents/workspace/kbe/kbengine-kbengine-v1.0.0/kbengine/
  INFO root [2018-06-27 17:48:46,741] - Resmgr::initialize: KBE_RES_PATH=C:/Users/Public/Documents/workspace/kbe/kbengine-kbengine-v1.0.0/kbengine/kbe/res/;C:/Users/Public/Documents/workspace/kbe/kbengine-kbengine-v1.0.0/kbengine/assets/;C:/Users/Public/Documents/workspace/kbe/kbengine-kbengine-v1.0.0/kbengine/assets/scripts/;C:/Users/Public/Documents/workspace/kbe/kbengine-kbengine-v1.0.0/kbengine/assets/res/
  INFO root [2018-06-27 17:48:46,742] - Resmgr::initialize: KBE_BIN_PATH=C:/Users/Public/Documents/workspace/kbe/kbengine-kbengine-v1.0.0/kbengine/kbe/bin/server/
  INFO root [2018-06-27 17:48:46,783] - NetworkInterface::recreateListeningSocket(INTERNAL): bound to all interfaces with default route interface on 192.168.31.56 ( 192.168.31.56:30099 )
  INFO root [2018-06-27 17:48:46,784] - NetworkInterface::recreateListeningSocket(INTERNAL): address 192.168.31.56:30099, SOMAXCONN=5.
  INFO root [2018-06-27 17:48:46,812] - ---- interfaces Version: 1.0.0. ScriptVersion: 0.1.0. Protocol: 1ABB6125D8365C3720079E1D4CCC25C7. Config: Debug X86. Built: 23:15:38 Jun 15 2018. AppID: 3000. UID: 11221. PID: 14368 ----
  INFO root [2018-06-27 17:48:46,813] - Server :        Intel(R) Core(TM) i5-2415M CPU @ 2.30GHz with 4194303kB RAM
  INFO root [2018-06-27 17:48:46,815] - ThreadPool::createThreadPool: creating  threadpool...
  INFO root [2018-06-27 17:48:46,815] - ThreadPool::createThreadPool: successfully(2), newThreadCount=1, normalMaxThreadCount=2, maxThreadCount=8
 DEBUG root [2018-06-27 17:48:47,046] - Script::install_py_dlls(): PyInit_pyexpat
 DEBUG root [2018-06-27 17:48:47,047] - Script::install_py_dlls(): PyInit__socket
 DEBUG root [2018-06-27 17:48:47,049] - Script::install_py_dlls(): PyInit__ssl
 DEBUG root [2018-06-27 17:48:47,057] - Script::install_py_dlls(): PyInit__hashlib
 DEBUG root [2018-06-27 17:48:47,058] - Script::install_py_dlls(): PyInit_select
 DEBUG root [2018-06-27 17:48:47,059] - Script::install_py_dlls(): PyInit__ctypes
 DEBUG root [2018-06-27 17:48:47,061] - Script::install_py_dlls(): PyInit__elementtree
 DEBUG root [2018-06-27 17:48:47,198] - Script::install_py_dlls(): PyInit_unicodedata
  INFO root [2018-06-27 17:48:47,309] - Script::install(): is successfully, Python=(3.4.2 (default, Jun 15 2018, 23:15:28) [MSC v.1913 32 bit (Intel)])!
  INFO root [2018-06-27 17:48:47,309] - Script::install(): KBExtra is successfully!
S_INFO root [2018-06-27 17:48:47,338] - onInterfaceAppReady: bootstrapGroupIndex=0, bootstrapGlobalIndex=0
  INFO root [2018-06-27 17:48:47,368] - TelnetServer server is running on port 33000
  INFO root [2018-06-27 17:48:48,345] - ---- interfaces is running ----
 DEBUG root [2018-06-27 17:48:48,347] - Components::process(): Request for the process of identity...
  INFO root [2018-06-27 17:48:55,951] - Components::process(): Found all the components!
S_INFO root [2018-06-27 17:53:15,248] - onRequestAccountLogin: registerName=lqt02
S_INFO root [2018-06-27 17:53:23,548] - onRequestAccountLogin: registerName=lqt01
  WARN root [2018-06-27 17:55:08,239] - TCPPacketReceiver::processPendingEvents(127.0.0.1:42498): Throwing REASON_GENERAL_NETWORK - WSAECONNRESET
  INFO root [2018-06-27 17:55:12,588] - 
  INFO root [2018-06-27 17:55:12,594] - -----------------------------------------------------------------------------------------


  INFO root [2018-06-27 17:55:12,596] - Resmgr::initialize: KBE_ROOT=C:/Users/Public/Documents/workspace/kbe/kbengine-kbengine-v1.0.0/kbengine/
  INFO root [2018-06-27 17:55:12,596] - Resmgr::initialize: KBE_RES_PATH=C:/Users/Public/Documents/workspace/kbe/kbengine-kbengine-v1.0.0/kbengine/kbe/res/;C:/Users/Public/Documents/workspace/kbe/kbengine-kbengine-v1.0.0/kbengine/assets/;C:/Users/Public/Documents/workspace/kbe/kbengine-kbengine-v1.0.0/kbengine/assets/scripts/;C:/Users/Public/Documents/workspace/kbe/kbengine-kbengine-v1.0.0/kbengine/assets/res/
  INFO root [2018-06-27 17:55:12,597] - Resmgr::initialize: KBE_BIN_PATH=C:/Users/Public/Documents/workspace/kbe/kbengine-kbengine-v1.0.0/kbengine/kbe/bin/server/
  INFO root [2018-06-27 17:55:12,614] - NetworkInterface::recreateListeningSocket(INTERNAL): bound to all interfaces with default route interface on 192.168.31.56 ( 192.168.31.56:30099 )
  INFO root [2018-06-27 17:55:12,615] - NetworkInterface::recreateListeningSocket(INTERNAL): address 192.168.31.56:30099, SOMAXCONN=5.
  INFO root [2018-06-27 17:55:12,628] - ---- interfaces Version: 1.0.0. ScriptVersion: 0.1.0. Protocol: 1ABB6125D8365C3720079E1D4CCC25C7. Config: Debug X86. Built: 23:15:38 Jun 15 2018. AppID: 3000. UID: 12481. PID: 14516 ----
  INFO root [2018-06-27 17:55:12,632] - Server :        Intel(R) Core(TM) i5-2415M CPU @ 2.30GHz with 4194303kB RAM
  INFO root [2018-06-27 17:55:12,634] - ThreadPool::createThreadPool: creating  threadpool...
  INFO root [2018-06-27 17:55:12,634] - ThreadPool::createThreadPool: successfully(2), newThreadCount=1, normalMaxThreadCount=2, maxThreadCount=8
 DEBUG root [2018-06-27 17:55:13,157] - Script::install_py_dlls(): PyInit_pyexpat
 DEBUG root [2018-06-27 17:55:13,159] - Script::install_py_dlls(): PyInit__socket
 DEBUG root [2018-06-27 17:55:13,160] - Script::install_py_dlls(): PyInit__ssl
 DEBUG root [2018-06-27 17:55:13,171] - Script::install_py_dlls(): PyInit__hashlib
 DEBUG root [2018-06-27 17:55:13,172] - Script::install_py_dlls(): PyInit_select
 DEBUG root [2018-06-27 17:55:13,173] - Script::install_py_dlls(): PyInit__ctypes
 DEBUG root [2018-06-27 17:55:13,174] - Script::install_py_dlls(): PyInit__elementtree
 DEBUG root [2018-06-27 17:55:13,272] - Script::install_py_dlls(): PyInit_unicodedata
  INFO root [2018-06-27 17:55:13,335] - Script::install(): is successfully, Python=(3.4.2 (default, Jun 15 2018, 23:15:28) [MSC v.1913 32 bit (Intel)])!
  INFO root [2018-06-27 17:55:13,335] - Script::install(): KBExtra is successfully!
S_INFO root [2018-06-27 17:55:13,352] - onInterfaceAppReady: bootstrapGroupIndex=0, bootstrapGlobalIndex=0
  INFO root [2018-06-27 17:55:13,372] - TelnetServer server is running on port 33000
  INFO root [2018-06-27 17:55:14,293] - ---- interfaces is running ----
 DEBUG root [2018-06-27 17:55:14,294] - Components::process(): Request for the process of identity...
  INFO root [2018-06-27 17:55:21,753] - Components::process(): Found all the components!
S_INFO root [2018-06-27 17:55:47,154] - onRequestAccountLogin: registerName=lqt01
S_INFO root [2018-06-27 17:57:08,657] - onRequestAccountLogin: registerName=lqt02
  WARN root [2018-06-27 18:04:39,462] - TCPPacketReceiver::processPendingEvents(127.0.0.1:42930): Throwing REASON_GENERAL_NETWORK - WSAECONNRESET
  INFO root [2018-06-27 18:04:45,830] - 
  INFO root [2018-06-27 18:04:45,838] - -----------------------------------------------------------------------------------------


  INFO root [2018-06-27 18:04:45,840] - Resmgr::initialize: KBE_ROOT=C:/Users/Public/Documents/workspace/kbe/kbengine-kbengine-v1.0.0/kbengine/
  INFO root [2018-06-27 18:04:45,842] - Resmgr::initialize: KBE_RES_PATH=C:/Users/Public/Documents/workspace/kbe/kbengine-kbengine-v1.0.0/kbengine/kbe/res/;C:/Users/Public/Documents/workspace/kbe/kbengine-kbengine-v1.0.0/kbengine/assets/;C:/Users/Public/Documents/workspace/kbe/kbengine-kbengine-v1.0.0/kbengine/assets/scripts/;C:/Users/Public/Documents/workspace/kbe/kbengine-kbengine-v1.0.0/kbengine/assets/res/
  INFO root [2018-06-27 18:04:45,843] - Resmgr::initialize: KBE_BIN_PATH=C:/Users/Public/Documents/workspace/kbe/kbengine-kbengine-v1.0.0/kbengine/kbe/bin/server/
  INFO root [2018-06-27 18:04:45,931] - NetworkInterface::recreateListeningSocket(INTERNAL): bound to all interfaces with default route interface on 192.168.31.56 ( 192.168.31.56:30099 )
  INFO root [2018-06-27 18:04:45,932] - NetworkInterface::recreateListeningSocket(INTERNAL): address 192.168.31.56:30099, SOMAXCONN=5.
  INFO root [2018-06-27 18:04:45,950] - ---- interfaces Version: 1.0.0. ScriptVersion: 0.1.0. Protocol: 1ABB6125D8365C3720079E1D4CCC25C7. Config: Debug X86. Built: 23:15:38 Jun 15 2018. AppID: 3000. UID: 14353. PID: 6136 ----
  INFO root [2018-06-27 18:04:45,966] - Server :        Intel(R) Core(TM) i5-2415M CPU @ 2.30GHz with 4194303kB RAM
  INFO root [2018-06-27 18:04:45,967] - ThreadPool::createThreadPool: creating  threadpool...
  INFO root [2018-06-27 18:04:45,968] - ThreadPool::createThreadPool: successfully(2), newThreadCount=1, normalMaxThreadCount=2, maxThreadCount=8
 DEBUG root [2018-06-27 18:04:46,175] - Script::install_py_dlls(): PyInit_pyexpat
 DEBUG root [2018-06-27 18:04:46,194] - Script::install_py_dlls(): PyInit__socket
 DEBUG root [2018-06-27 18:04:46,196] - Script::install_py_dlls(): PyInit__ssl
 DEBUG root [2018-06-27 18:04:46,205] - Script::install_py_dlls(): PyInit__hashlib
 DEBUG root [2018-06-27 18:04:46,206] - Script::install_py_dlls(): PyInit_select
 DEBUG root [2018-06-27 18:04:46,207] - Script::install_py_dlls(): PyInit__ctypes
 DEBUG root [2018-06-27 18:04:46,209] - Script::install_py_dlls(): PyInit__elementtree
 DEBUG root [2018-06-27 18:04:46,433] - Script::install_py_dlls(): PyInit_unicodedata
  INFO root [2018-06-27 18:04:46,646] - Script::install(): is successfully, Python=(3.4.2 (default, Jun 15 2018, 23:15:28) [MSC v.1913 32 bit (Intel)])!
  INFO root [2018-06-27 18:04:46,646] - Script::install(): KBExtra is successfully!
S_INFO root [2018-06-27 18:04:46,696] - onInterfaceAppReady: bootstrapGroupIndex=0, bootstrapGlobalIndex=0
  INFO root [2018-06-27 18:04:46,770] - TelnetServer server is running on port 33000
  INFO root [2018-06-27 18:04:48,680] - ---- interfaces is running ----
 DEBUG root [2018-06-27 18:04:48,682] - Components::process(): Request for the process of identity...
  INFO root [2018-06-27 18:04:56,596] - Components::process(): Found all the components!
S_INFO root [2018-06-27 18:05:27,298] - onRequestAccountLogin: registerName=lqt01
S_INFO root [2018-06-27 18:06:11,400] - onRequestAccountLogin: registerName=lqt02
  WARN root [2018-06-27 19:02:00,386] - TCPPacketReceiver::processPendingEvents(127.0.0.1:43359): Throwing REASON_GENERAL_NETWORK - WSAECONNRESET
