  WARN root [2018-06-22 00:03:11,302] - TCPPacketReceiver::processPendingEvents(127.0.0.1:10108): Throwing REASON_GENERAL_NETWORK - WSAECONNRESET
  INFO root [2018-06-22 08:40:34,040] - 
  INFO root [2018-06-22 08:40:34,044] - -----------------------------------------------------------------------------------------


  INFO root [2018-06-22 08:40:34,047] - Resmgr::initialize: KBE_ROOT=C:/Users/Public/Documents/workspace/kbe/kbengine-kbengine-v1.0.0/kbengine/
  INFO root [2018-06-22 08:40:34,048] - Resmgr::initialize: KBE_RES_PATH=C:/Users/Public/Documents/workspace/kbe/kbengine-kbengine-v1.0.0/kbengine/kbe/res/;C:/Users/Public/Documents/workspace/kbe/kbengine-kbengine-v1.0.0/kbengine/assets/;C:/Users/Public/Documents/workspace/kbe/kbengine-kbengine-v1.0.0/kbengine/assets/scripts/;C:/Users/Public/Documents/workspace/kbe/kbengine-kbengine-v1.0.0/kbengine/assets/res/
  INFO root [2018-06-22 08:40:34,049] - Resmgr::initialize: KBE_BIN_PATH=C:/Users/Public/Documents/workspace/kbe/kbengine-kbengine-v1.0.0/kbengine/kbe/bin/server/
  INFO root [2018-06-22 08:40:34,060] - NetworkInterface::recreateListeningSocket(INTERNAL): bound to all interfaces with default route interface on 192.168.31.56 ( 192.168.31.56:30099 )
  INFO root [2018-06-22 08:40:34,060] - NetworkInterface::recreateListeningSocket(INTERNAL): address 192.168.31.56:30099, SOMAXCONN=5.
  INFO root [2018-06-22 08:40:34,071] - ---- interfaces Version: 1.0.0. ScriptVersion: 0.1.0. Protocol: 1ABB6125D8365C3720079E1D4CCC25C7. Config: Debug X86. Built: 23:15:38 Jun 15 2018. AppID: 3000. UID: 404. PID: 8580 ----
  INFO root [2018-06-22 08:40:34,074] - Server :        Intel(R) Core(TM) i5-2415M CPU @ 2.30GHz with 4194303kB RAM
  INFO root [2018-06-22 08:40:34,074] - ThreadPool::createThreadPool: creating  threadpool...
  INFO root [2018-06-22 08:40:34,075] - ThreadPool::createThreadPool: successfully(2), newThreadCount=1, normalMaxThreadCount=2, maxThreadCount=8
 DEBUG root [2018-06-22 08:40:34,261] - Script::install_py_dlls(): PyInit_pyexpat
 DEBUG root [2018-06-22 08:40:34,262] - Script::install_py_dlls(): PyInit__socket
 DEBUG root [2018-06-22 08:40:34,263] - Script::install_py_dlls(): PyInit__ssl
 DEBUG root [2018-06-22 08:40:34,270] - Script::install_py_dlls(): PyInit__hashlib
 DEBUG root [2018-06-22 08:40:34,271] - Script::install_py_dlls(): PyInit_select
 DEBUG root [2018-06-22 08:40:34,271] - Script::install_py_dlls(): PyInit__ctypes
 DEBUG root [2018-06-22 08:40:34,273] - Script::install_py_dlls(): PyInit__elementtree
 DEBUG root [2018-06-22 08:40:34,384] - Script::install_py_dlls(): PyInit_unicodedata
  INFO root [2018-06-22 08:40:34,546] - Script::install(): is successfully, Python=(3.4.2 (default, Jun 15 2018, 23:15:28) [MSC v.1913 32 bit (Intel)])!
  INFO root [2018-06-22 08:40:34,546] - Script::install(): KBExtra is successfully!
S_INFO root [2018-06-22 08:40:34,571] - onInterfaceAppReady: bootstrapGroupIndex=0, bootstrapGlobalIndex=0
  INFO root [2018-06-22 08:40:34,596] - TelnetServer server is running on port 33000
  INFO root [2018-06-22 08:40:35,303] - ---- interfaces is running ----
 DEBUG root [2018-06-22 08:40:35,304] - Components::process(): Request for the process of identity...
  INFO root [2018-06-22 08:40:42,451] - Components::process(): Found all the components!
S_INFO root [2018-06-22 08:42:49,476] - onRequestAccountLogin: registerName=lqt01
S_INFO root [2018-06-22 08:45:57,281] - onRequestAccountLogin: registerName=lqt01
S_INFO root [2018-06-22 08:47:42,684] - onRequestAccountLogin: registerName=lqt01
S_INFO root [2018-06-22 08:49:40,588] - onRequestAccountLogin: registerName=lqt01
S_INFO root [2018-06-22 08:50:59,691] - onRequestAccountLogin: registerName=lqt01
S_INFO root [2018-06-22 08:53:02,395] - onRequestAccountLogin: registerName=lqt01
  WARN root [2018-06-22 08:54:03,662] - TCPPacketReceiver::processPendingEvents(127.0.0.1:2556): Throwing REASON_GENERAL_NETWORK - WSAECONNRESET
  INFO root [2018-06-22 08:54:12,147] - 
  INFO root [2018-06-22 08:54:12,148] - -----------------------------------------------------------------------------------------


  INFO root [2018-06-22 08:54:12,149] - Resmgr::initialize: KBE_ROOT=C:/Users/Public/Documents/workspace/kbe/kbengine-kbengine-v1.0.0/kbengine/
  INFO root [2018-06-22 08:54:12,150] - Resmgr::initialize: KBE_RES_PATH=C:/Users/Public/Documents/workspace/kbe/kbengine-kbengine-v1.0.0/kbengine/kbe/res/;C:/Users/Public/Documents/workspace/kbe/kbengine-kbengine-v1.0.0/kbengine/assets/;C:/Users/Public/Documents/workspace/kbe/kbengine-kbengine-v1.0.0/kbengine/assets/scripts/;C:/Users/Public/Documents/workspace/kbe/kbengine-kbengine-v1.0.0/kbengine/assets/res/
  INFO root [2018-06-22 08:54:12,150] - Resmgr::initialize: KBE_BIN_PATH=C:/Users/Public/Documents/workspace/kbe/kbengine-kbengine-v1.0.0/kbengine/kbe/bin/server/
  INFO root [2018-06-22 08:54:12,161] - NetworkInterface::recreateListeningSocket(INTERNAL): bound to all interfaces with default route interface on 192.168.31.56 ( 192.168.31.56:30099 )
  INFO root [2018-06-22 08:54:12,162] - NetworkInterface::recreateListeningSocket(INTERNAL): address 192.168.31.56:30099, SOMAXCONN=5.
  INFO root [2018-06-22 08:54:12,171] - ---- interfaces Version: 1.0.0. ScriptVersion: 0.1.0. Protocol: 1ABB6125D8365C3720079E1D4CCC25C7. Config: Debug X86. Built: 23:15:38 Jun 15 2018. AppID: 3000. UID: 3079. PID: 5652 ----
  INFO root [2018-06-22 08:54:12,171] - Server :        Intel(R) Core(TM) i5-2415M CPU @ 2.30GHz with 4194303kB RAM
  INFO root [2018-06-22 08:54:12,172] - ThreadPool::createThreadPool: creating  threadpool...
  INFO root [2018-06-22 08:54:12,172] - ThreadPool::createThreadPool: successfully(2), newThreadCount=1, normalMaxThreadCount=2, maxThreadCount=8
 DEBUG root [2018-06-22 08:54:12,416] - Script::install_py_dlls(): PyInit_pyexpat
 DEBUG root [2018-06-22 08:54:12,417] - Script::install_py_dlls(): PyInit__socket
 DEBUG root [2018-06-22 08:54:12,419] - Script::install_py_dlls(): PyInit__ssl
 DEBUG root [2018-06-22 08:54:12,428] - Script::install_py_dlls(): PyInit__hashlib
 DEBUG root [2018-06-22 08:54:12,429] - Script::install_py_dlls(): PyInit_select
 DEBUG root [2018-06-22 08:54:12,429] - Script::install_py_dlls(): PyInit__ctypes
 DEBUG root [2018-06-22 08:54:12,431] - Script::install_py_dlls(): PyInit__elementtree
 DEBUG root [2018-06-22 08:54:12,611] - Script::install_py_dlls(): PyInit_unicodedata
  INFO root [2018-06-22 08:54:12,746] - Script::install(): is successfully, Python=(3.4.2 (default, Jun 15 2018, 23:15:28) [MSC v.1913 32 bit (Intel)])!
  INFO root [2018-06-22 08:54:12,747] - Script::install(): KBExtra is successfully!
S_INFO root [2018-06-22 08:54:12,794] - onInterfaceAppReady: bootstrapGroupIndex=0, bootstrapGlobalIndex=0
  INFO root [2018-06-22 08:54:12,835] - TelnetServer server is running on port 33000
  INFO root [2018-06-22 08:54:14,956] - ---- interfaces is running ----
 DEBUG root [2018-06-22 08:54:14,959] - Components::process(): Request for the process of identity...
  INFO root [2018-06-22 08:54:22,794] - Components::process(): Found all the components!
S_INFO root [2018-06-22 08:55:12,496] - onRequestAccountLogin: registerName=lqt01
S_INFO root [2018-06-22 09:00:40,906] - onRequestAccountLogin: registerName=lqt01
  WARN root [2018-06-22 09:08:32,180] - TCPPacketReceiver::processPendingEvents(127.0.0.1:2863): Throwing REASON_GENERAL_NETWORK - WSAECONNRESET
  INFO root [2018-06-22 09:08:40,759] - 
  INFO root [2018-06-22 09:08:40,760] - -----------------------------------------------------------------------------------------


  INFO root [2018-06-22 09:08:40,762] - Resmgr::initialize: KBE_ROOT=C:/Users/Public/Documents/workspace/kbe/kbengine-kbengine-v1.0.0/kbengine/
  INFO root [2018-06-22 09:08:40,762] - Resmgr::initialize: KBE_RES_PATH=C:/Users/Public/Documents/workspace/kbe/kbengine-kbengine-v1.0.0/kbengine/kbe/res/;C:/Users/Public/Documents/workspace/kbe/kbengine-kbengine-v1.0.0/kbengine/assets/;C:/Users/Public/Documents/workspace/kbe/kbengine-kbengine-v1.0.0/kbengine/assets/scripts/;C:/Users/Public/Documents/workspace/kbe/kbengine-kbengine-v1.0.0/kbengine/assets/res/
  INFO root [2018-06-22 09:08:40,763] - Resmgr::initialize: KBE_BIN_PATH=C:/Users/Public/Documents/workspace/kbe/kbengine-kbengine-v1.0.0/kbengine/kbe/bin/server/
  INFO root [2018-06-22 09:08:40,777] - NetworkInterface::recreateListeningSocket(INTERNAL): bound to all interfaces with default route interface on 192.168.31.56 ( 192.168.31.56:30099 )
  INFO root [2018-06-22 09:08:40,777] - NetworkInterface::recreateListeningSocket(INTERNAL): address 192.168.31.56:30099, SOMAXCONN=5.
  INFO root [2018-06-22 09:08:40,788] - ---- interfaces Version: 1.0.0. ScriptVersion: 0.1.0. Protocol: 1ABB6125D8365C3720079E1D4CCC25C7. Config: Debug X86. Built: 23:15:38 Jun 15 2018. AppID: 3000. UID: 5913. PID: 5768 ----
  INFO root [2018-06-22 09:08:40,794] - Server :        Intel(R) Core(TM) i5-2415M CPU @ 2.30GHz with 4194303kB RAM
  INFO root [2018-06-22 09:08:40,794] - ThreadPool::createThreadPool: creating  threadpool...
  INFO root [2018-06-22 09:08:40,815] - ThreadPool::createThreadPool: successfully(2), newThreadCount=1, normalMaxThreadCount=2, maxThreadCount=8
 DEBUG root [2018-06-22 09:08:41,009] - Script::install_py_dlls(): PyInit_pyexpat
 DEBUG root [2018-06-22 09:08:41,010] - Script::install_py_dlls(): PyInit__socket
 DEBUG root [2018-06-22 09:08:41,011] - Script::install_py_dlls(): PyInit__ssl
 DEBUG root [2018-06-22 09:08:41,019] - Script::install_py_dlls(): PyInit__hashlib
 DEBUG root [2018-06-22 09:08:41,020] - Script::install_py_dlls(): PyInit_select
 DEBUG root [2018-06-22 09:08:41,020] - Script::install_py_dlls(): PyInit__ctypes
 DEBUG root [2018-06-22 09:08:41,022] - Script::install_py_dlls(): PyInit__elementtree
 DEBUG root [2018-06-22 09:08:41,109] - Script::install_py_dlls(): PyInit_unicodedata
  INFO root [2018-06-22 09:08:41,197] - Script::install(): is successfully, Python=(3.4.2 (default, Jun 15 2018, 23:15:28) [MSC v.1913 32 bit (Intel)])!
  INFO root [2018-06-22 09:08:41,197] - Script::install(): KBExtra is successfully!
S_INFO root [2018-06-22 09:08:41,225] - onInterfaceAppReady: bootstrapGroupIndex=0, bootstrapGlobalIndex=0
  INFO root [2018-06-22 09:08:41,258] - TelnetServer server is running on port 33000
  INFO root [2018-06-22 09:08:42,683] - ---- interfaces is running ----
 DEBUG root [2018-06-22 09:08:42,684] - Components::process(): Request for the process of identity...
  INFO root [2018-06-22 09:08:50,526] - Components::process(): Found all the components!
S_INFO root [2018-06-22 09:09:27,127] - onRequestAccountLogin: registerName=lqt01
  WARN root [2018-06-22 09:12:23,846] - TCPPacketReceiver::processPendingEvents(127.0.0.1:3114): Throwing REASON_GENERAL_NETWORK - WSAECONNRESET
  INFO root [2018-06-22 09:12:33,015] - 
  INFO root [2018-06-22 09:12:33,023] - -----------------------------------------------------------------------------------------


  INFO root [2018-06-22 09:12:33,025] - Resmgr::initialize: KBE_ROOT=C:/Users/Public/Documents/workspace/kbe/kbengine-kbengine-v1.0.0/kbengine/
  INFO root [2018-06-22 09:12:33,026] - Resmgr::initialize: KBE_RES_PATH=C:/Users/Public/Documents/workspace/kbe/kbengine-kbengine-v1.0.0/kbengine/kbe/res/;C:/Users/Public/Documents/workspace/kbe/kbengine-kbengine-v1.0.0/kbengine/assets/;C:/Users/Public/Documents/workspace/kbe/kbengine-kbengine-v1.0.0/kbengine/assets/scripts/;C:/Users/Public/Documents/workspace/kbe/kbengine-kbengine-v1.0.0/kbengine/assets/res/
  INFO root [2018-06-22 09:12:33,027] - Resmgr::initialize: KBE_BIN_PATH=C:/Users/Public/Documents/workspace/kbe/kbengine-kbengine-v1.0.0/kbengine/kbe/bin/server/
  INFO root [2018-06-22 09:12:33,048] - NetworkInterface::recreateListeningSocket(INTERNAL): bound to all interfaces with default route interface on 192.168.31.56 ( 192.168.31.56:30099 )
  INFO root [2018-06-22 09:12:33,049] - NetworkInterface::recreateListeningSocket(INTERNAL): address 192.168.31.56:30099, SOMAXCONN=5.
  INFO root [2018-06-22 09:12:33,070] - ---- interfaces Version: 1.0.0. ScriptVersion: 0.1.0. Protocol: 1ABB6125D8365C3720079E1D4CCC25C7. Config: Debug X86. Built: 23:15:38 Jun 15 2018. AppID: 3000. UID: 6674. PID: 372 ----
  INFO root [2018-06-22 09:12:33,071] - Server :        Intel(R) Core(TM) i5-2415M CPU @ 2.30GHz with 4194303kB RAM
  INFO root [2018-06-22 09:12:33,071] - ThreadPool::createThreadPool: creating  threadpool...
  INFO root [2018-06-22 09:12:33,072] - ThreadPool::createThreadPool: successfully(2), newThreadCount=1, normalMaxThreadCount=2, maxThreadCount=8
 DEBUG root [2018-06-22 09:12:33,380] - Script::install_py_dlls(): PyInit_pyexpat
 DEBUG root [2018-06-22 09:12:33,382] - Script::install_py_dlls(): PyInit__socket
 DEBUG root [2018-06-22 09:12:33,383] - Script::install_py_dlls(): PyInit__ssl
 DEBUG root [2018-06-22 09:12:33,390] - Script::install_py_dlls(): PyInit__hashlib
 DEBUG root [2018-06-22 09:12:33,391] - Script::install_py_dlls(): PyInit_select
 DEBUG root [2018-06-22 09:12:33,392] - Script::install_py_dlls(): PyInit__ctypes
 DEBUG root [2018-06-22 09:12:33,393] - Script::install_py_dlls(): PyInit__elementtree
 DEBUG root [2018-06-22 09:12:33,520] - Script::install_py_dlls(): PyInit_unicodedata
  INFO root [2018-06-22 09:12:33,593] - Script::install(): is successfully, Python=(3.4.2 (default, Jun 15 2018, 23:15:28) [MSC v.1913 32 bit (Intel)])!
  INFO root [2018-06-22 09:12:33,594] - Script::install(): KBExtra is successfully!
S_INFO root [2018-06-22 09:12:33,615] - onInterfaceAppReady: bootstrapGroupIndex=0, bootstrapGlobalIndex=0
  INFO root [2018-06-22 09:12:33,633] - TelnetServer server is running on port 33000
  INFO root [2018-06-22 09:12:34,316] - ---- interfaces is running ----
 DEBUG root [2018-06-22 09:12:34,317] - Components::process(): Request for the process of identity...
  INFO root [2018-06-22 09:12:41,515] - Components::process(): Found all the components!
S_INFO root [2018-06-22 09:13:07,816] - onRequestAccountLogin: registerName=lqt01
  WARN root [2018-06-22 09:18:31,197] - TCPPacketReceiver::processPendingEvents(127.0.0.1:3218): Throwing REASON_GENERAL_NETWORK - WSAECONNRESET
  INFO root [2018-06-22 09:18:38,099] - 
  INFO root [2018-06-22 09:18:38,114] - -----------------------------------------------------------------------------------------


  INFO root [2018-06-22 09:18:38,115] - Resmgr::initialize: KBE_ROOT=C:/Users/Public/Documents/workspace/kbe/kbengine-kbengine-v1.0.0/kbengine/
  INFO root [2018-06-22 09:18:38,116] - Resmgr::initialize: KBE_RES_PATH=C:/Users/Public/Documents/workspace/kbe/kbengine-kbengine-v1.0.0/kbengine/kbe/res/;C:/Users/Public/Documents/workspace/kbe/kbengine-kbengine-v1.0.0/kbengine/assets/;C:/Users/Public/Documents/workspace/kbe/kbengine-kbengine-v1.0.0/kbengine/assets/scripts/;C:/Users/Public/Documents/workspace/kbe/kbengine-kbengine-v1.0.0/kbengine/assets/res/
  INFO root [2018-06-22 09:18:38,117] - Resmgr::initialize: KBE_BIN_PATH=C:/Users/Public/Documents/workspace/kbe/kbengine-kbengine-v1.0.0/kbengine/kbe/bin/server/
  INFO root [2018-06-22 09:18:38,148] - NetworkInterface::recreateListeningSocket(INTERNAL): bound to all interfaces with default route interface on 192.168.31.56 ( 192.168.31.56:30099 )
  INFO root [2018-06-22 09:18:38,148] - NetworkInterface::recreateListeningSocket(INTERNAL): address 192.168.31.56:30099, SOMAXCONN=5.
  INFO root [2018-06-22 09:18:38,160] - ---- interfaces Version: 1.0.0. ScriptVersion: 0.1.0. Protocol: 1ABB6125D8365C3720079E1D4CCC25C7. Config: Debug X86. Built: 23:15:38 Jun 15 2018. AppID: 3000. UID: 7863. PID: 3868 ----
  INFO root [2018-06-22 09:18:38,165] - Server :        Intel(R) Core(TM) i5-2415M CPU @ 2.30GHz with 4194303kB RAM
  INFO root [2018-06-22 09:18:38,166] - ThreadPool::createThreadPool: creating  threadpool...
  INFO root [2018-06-22 09:18:38,167] - ThreadPool::createThreadPool: successfully(2), newThreadCount=1, normalMaxThreadCount=2, maxThreadCount=8
 DEBUG root [2018-06-22 09:18:38,356] - Script::install_py_dlls(): PyInit_pyexpat
 DEBUG root [2018-06-22 09:18:38,357] - Script::install_py_dlls(): PyInit__socket
 DEBUG root [2018-06-22 09:18:38,358] - Script::install_py_dlls(): PyInit__ssl
 DEBUG root [2018-06-22 09:18:38,366] - Script::install_py_dlls(): PyInit__hashlib
 DEBUG root [2018-06-22 09:18:38,367] - Script::install_py_dlls(): PyInit_select
 DEBUG root [2018-06-22 09:18:38,367] - Script::install_py_dlls(): PyInit__ctypes
 DEBUG root [2018-06-22 09:18:38,369] - Script::install_py_dlls(): PyInit__elementtree
 DEBUG root [2018-06-22 09:18:38,469] - Script::install_py_dlls(): PyInit_unicodedata
  INFO root [2018-06-22 09:18:38,568] - Script::install(): is successfully, Python=(3.4.2 (default, Jun 15 2018, 23:15:28) [MSC v.1913 32 bit (Intel)])!
  INFO root [2018-06-22 09:18:38,568] - Script::install(): KBExtra is successfully!
S_INFO root [2018-06-22 09:18:38,596] - onInterfaceAppReady: bootstrapGroupIndex=0, bootstrapGlobalIndex=0
  INFO root [2018-06-22 09:18:38,667] - TelnetServer server is running on port 33000
  INFO root [2018-06-22 09:18:39,579] - ---- interfaces is running ----
 DEBUG root [2018-06-22 09:18:39,580] - Components::process(): Request for the process of identity...
  INFO root [2018-06-22 09:18:46,728] - Components::process(): Found all the components!
S_INFO root [2018-06-22 09:19:46,698] - onRequestAccountLogin: registerName=lqt01
S_INFO root [2018-06-22 09:21:17,302] - onRequestAccountLogin: registerName=lqt01
S_INFO root [2018-06-22 09:22:29,403] - onRequestAccountLogin: registerName=lqt01
  WARN root [2018-06-22 22:51:36,828] - TCPPacketReceiver::processPendingEvents(127.0.0.1:3381): Throwing REASON_GENERAL_NETWORK - WSAECONNRESET
  INFO root [2018-06-22 22:51:44,640] - 
  INFO root [2018-06-22 22:51:44,641] - -----------------------------------------------------------------------------------------


  INFO root [2018-06-22 22:51:44,643] - Resmgr::initialize: KBE_ROOT=C:/Users/Public/Documents/workspace/kbe/kbengine-kbengine-v1.0.0/kbengine/
  INFO root [2018-06-22 22:51:44,644] - Resmgr::initialize: KBE_RES_PATH=C:/Users/Public/Documents/workspace/kbe/kbengine-kbengine-v1.0.0/kbengine/kbe/res/;C:/Users/Public/Documents/workspace/kbe/kbengine-kbengine-v1.0.0/kbengine/assets/;C:/Users/Public/Documents/workspace/kbe/kbengine-kbengine-v1.0.0/kbengine/assets/scripts/;C:/Users/Public/Documents/workspace/kbe/kbengine-kbengine-v1.0.0/kbengine/assets/res/
  INFO root [2018-06-22 22:51:44,644] - Resmgr::initialize: KBE_BIN_PATH=C:/Users/Public/Documents/workspace/kbe/kbengine-kbengine-v1.0.0/kbengine/kbe/bin/server/
  INFO root [2018-06-22 22:51:44,657] - NetworkInterface::recreateListeningSocket(INTERNAL): bound to all interfaces with default route interface on 192.168.31.56 ( 192.168.31.56:30099 )
  INFO root [2018-06-22 22:51:44,657] - NetworkInterface::recreateListeningSocket(INTERNAL): address 192.168.31.56:30099, SOMAXCONN=5.
  INFO root [2018-06-22 22:51:44,668] - ---- interfaces Version: 1.0.0. ScriptVersion: 0.1.0. Protocol: 1ABB6125D8365C3720079E1D4CCC25C7. Config: Debug X86. Built: 23:15:38 Jun 15 2018. AppID: 3000. UID: 3337. PID: 9188 ----
  INFO root [2018-06-22 22:51:44,669] - Server :        Intel(R) Core(TM) i5-2415M CPU @ 2.30GHz with 4194303kB RAM
  INFO root [2018-06-22 22:51:44,669] - ThreadPool::createThreadPool: creating  threadpool...
  INFO root [2018-06-22 22:51:44,670] - ThreadPool::createThreadPool: successfully(2), newThreadCount=1, normalMaxThreadCount=2, maxThreadCount=8
 DEBUG root [2018-06-22 22:51:44,832] - Script::install_py_dlls(): PyInit_pyexpat
 DEBUG root [2018-06-22 22:51:44,833] - Script::install_py_dlls(): PyInit__socket
 DEBUG root [2018-06-22 22:51:44,834] - Script::install_py_dlls(): PyInit__ssl
 DEBUG root [2018-06-22 22:51:44,842] - Script::install_py_dlls(): PyInit__hashlib
 DEBUG root [2018-06-22 22:51:44,843] - Script::install_py_dlls(): PyInit_select
 DEBUG root [2018-06-22 22:51:44,844] - Script::install_py_dlls(): PyInit__ctypes
 DEBUG root [2018-06-22 22:51:44,846] - Script::install_py_dlls(): PyInit__elementtree
 DEBUG root [2018-06-22 22:51:45,020] - Script::install_py_dlls(): PyInit_unicodedata
  INFO root [2018-06-22 22:51:45,126] - Script::install(): is successfully, Python=(3.4.2 (default, Jun 15 2018, 23:15:28) [MSC v.1913 32 bit (Intel)])!
  INFO root [2018-06-22 22:51:45,127] - Script::install(): KBExtra is successfully!
S_INFO root [2018-06-22 22:51:45,184] - onInterfaceAppReady: bootstrapGroupIndex=0, bootstrapGlobalIndex=0
  INFO root [2018-06-22 22:51:45,209] - TelnetServer server is running on port 33000
  INFO root [2018-06-22 22:51:46,181] - ---- interfaces is running ----
 DEBUG root [2018-06-22 22:51:46,182] - Components::process(): Request for the process of identity...
  INFO root [2018-06-22 22:51:53,384] - Components::process(): Found all the components!
S_INFO root [2018-06-22 23:00:33,200] - onRequestAccountLogin: registerName=lqt01
S_INFO root [2018-06-22 23:08:27,714] - onRequestAccountLogin: registerName=lqt01
  WARN root [2018-06-22 23:12:41,565] - TCPPacketReceiver::processPendingEvents(127.0.0.1:11023): Throwing REASON_GENERAL_NETWORK - WSAECONNRESET
