  INFO root [2018-06-21 09:33:04,730] - 
  INFO root [2018-06-21 09:33:04,730] - -----------------------------------------------------------------------------------------


  INFO root [2018-06-21 09:33:04,730] - Resmgr::initialize: KBE_ROOT=C:/Users/Public/Documents/workspace/kbe/kbengine-kbengine-v1.0.0/kbengine/
  INFO root [2018-06-21 09:33:04,730] - Resmgr::initialize: KBE_RES_PATH=C:/Users/Public/Documents/workspace/kbe/kbengine-kbengine-v1.0.0/kbengine/kbe/res/;C:/Users/Public/Documents/workspace/kbe/kbengine-kbengine-v1.0.0/kbengine/assets/;C:/Users/Public/Documents/workspace/kbe/kbengine-kbengine-v1.0.0/kbengine/assets/scripts/;C:/Users/Public/Documents/workspace/kbe/kbengine-kbengine-v1.0.0/kbengine/assets/res/
  INFO root [2018-06-21 09:33:04,730] - Resmgr::initialize: KBE_BIN_PATH=C:/Users/Public/Documents/workspace/kbe/kbengine-kbengine-v1.0.0/kbengine/kbe/bin/server/
  INFO root [2018-06-21 09:33:04,740] - NetworkInterface::recreateListeningSocket(INTERNAL): bound to all interfaces with default route interface on 192.168.31.56 ( 192.168.31.56:30099 )
  INFO root [2018-06-21 09:33:04,740] - NetworkInterface::recreateListeningSocket(INTERNAL): address 192.168.31.56:30099, SOMAXCONN=5.
  INFO root [2018-06-21 09:33:04,750] - ---- interfaces Version: 1.0.0. ScriptVersion: 0.1.0. Protocol: 1ABB6125D8365C3720079E1D4CCC25C7. Config: Debug X86. Built: 23:15:38 Jun 15 2018. AppID: 3000. UID: 23460. PID: 8656 ----
  INFO root [2018-06-21 09:33:04,750] - Server :        Intel(R) Core(TM) i5-2415M CPU @ 2.30GHz with 4194303kB RAM
  INFO root [2018-06-21 09:33:04,750] - ThreadPool::createThreadPool: creating  threadpool...
  INFO root [2018-06-21 09:33:04,750] - ThreadPool::createThreadPool: successfully(2), newThreadCount=1, normalMaxThreadCount=2, maxThreadCount=8
 DEBUG root [2018-06-21 09:33:04,910] - Script::install_py_dlls(): PyInit_pyexpat
 DEBUG root [2018-06-21 09:33:04,910] - Script::install_py_dlls(): PyInit__socket
 DEBUG root [2018-06-21 09:33:04,910] - Script::install_py_dlls(): PyInit__ssl
 DEBUG root [2018-06-21 09:33:04,920] - Script::install_py_dlls(): PyInit__hashlib
 DEBUG root [2018-06-21 09:33:04,920] - Script::install_py_dlls(): PyInit_select
 DEBUG root [2018-06-21 09:33:04,920] - Script::install_py_dlls(): PyInit__ctypes
 DEBUG root [2018-06-21 09:33:04,920] - Script::install_py_dlls(): PyInit__elementtree
 DEBUG root [2018-06-21 09:33:04,980] - Script::install_py_dlls(): PyInit_unicodedata
  INFO root [2018-06-21 09:33:05,040] - Script::install(): is successfully, Python=(3.4.2 (default, Jun 15 2018, 23:15:28) [MSC v.1913 32 bit (Intel)])!
  INFO root [2018-06-21 09:33:05,040] - Script::install(): KBExtra is successfully!
S_INFO root [2018-06-21 09:33:05,050] - onInterfaceAppReady: bootstrapGroupIndex=0, bootstrapGlobalIndex=0
  INFO root [2018-06-21 09:33:05,070] - TelnetServer server is running on port 33000
  INFO root [2018-06-21 09:33:05,914] - ---- interfaces is running ----
 DEBUG root [2018-06-21 09:33:05,914] - Components::process(): Request for the process of identity...
  INFO root [2018-06-21 09:33:13,165] - Components::process(): Found all the components!
  INFO root [2018-06-21 09:34:04,342] - 
  INFO root [2018-06-21 09:34:04,362] - -----------------------------------------------------------------------------------------


  INFO root [2018-06-21 09:34:04,372] - Resmgr::initialize: KBE_ROOT=C:/Users/Public/Documents/workspace/kbe/kbengine-kbengine-v1.0.0/kbengine/
  INFO root [2018-06-21 09:34:04,372] - Resmgr::initialize: KBE_RES_PATH=C:/Users/Public/Documents/workspace/kbe/kbengine-kbengine-v1.0.0/kbengine/kbe/res/;C:/Users/Public/Documents/workspace/kbe/kbengine-kbengine-v1.0.0/kbengine/assets/;C:/Users/Public/Documents/workspace/kbe/kbengine-kbengine-v1.0.0/kbengine/assets/scripts/;C:/Users/Public/Documents/workspace/kbe/kbengine-kbengine-v1.0.0/kbengine/assets/res/
  INFO root [2018-06-21 09:34:04,372] - Resmgr::initialize: KBE_BIN_PATH=C:/Users/Public/Documents/workspace/kbe/kbengine-kbengine-v1.0.0/kbengine/kbe/bin/server/
  INFO root [2018-06-21 09:34:04,382] - NetworkInterface::recreateListeningSocket(INTERNAL): bound to all interfaces with default route interface on 192.168.31.56 ( 192.168.31.56:30099 )
  INFO root [2018-06-21 09:34:04,382] - NetworkInterface::recreateListeningSocket(INTERNAL): address 192.168.31.56:30099, SOMAXCONN=5.
  INFO root [2018-06-21 09:34:04,402] - ---- interfaces Version: 1.0.0. ScriptVersion: 0.1.0. Protocol: 1ABB6125D8365C3720079E1D4CCC25C7. Config: Debug X86. Built: 23:15:38 Jun 15 2018. AppID: 3000. UID: 23656. PID: 8580 ----
  INFO root [2018-06-21 09:34:04,402] - Server :        Intel(R) Core(TM) i5-2415M CPU @ 2.30GHz with 4194303kB RAM
  INFO root [2018-06-21 09:34:04,402] - ThreadPool::createThreadPool: creating  threadpool...
  INFO root [2018-06-21 09:34:04,402] - ThreadPool::createThreadPool: successfully(2), newThreadCount=1, normalMaxThreadCount=2, maxThreadCount=8
 DEBUG root [2018-06-21 09:34:04,592] - Script::install_py_dlls(): PyInit_pyexpat
 DEBUG root [2018-06-21 09:34:04,593] - Script::install_py_dlls(): PyInit__socket
 DEBUG root [2018-06-21 09:34:04,595] - Script::install_py_dlls(): PyInit__ssl
 DEBUG root [2018-06-21 09:34:04,602] - Script::install_py_dlls(): PyInit__hashlib
 DEBUG root [2018-06-21 09:34:04,603] - Script::install_py_dlls(): PyInit_select
 DEBUG root [2018-06-21 09:34:04,603] - Script::install_py_dlls(): PyInit__ctypes
 DEBUG root [2018-06-21 09:34:04,605] - Script::install_py_dlls(): PyInit__elementtree
 DEBUG root [2018-06-21 09:34:04,707] - Script::install_py_dlls(): PyInit_unicodedata
  INFO root [2018-06-21 09:34:04,804] - Script::install(): is successfully, Python=(3.4.2 (default, Jun 15 2018, 23:15:28) [MSC v.1913 32 bit (Intel)])!
  INFO root [2018-06-21 09:34:04,804] - Script::install(): KBExtra is successfully!
S_INFO root [2018-06-21 09:34:04,830] - onInterfaceAppReady: bootstrapGroupIndex=0, bootstrapGlobalIndex=0
  INFO root [2018-06-21 09:34:04,851] - TelnetServer server is running on port 33000
  INFO root [2018-06-21 09:34:05,552] - ---- interfaces is running ----
 DEBUG root [2018-06-21 09:34:05,552] - Components::process(): Request for the process of identity...
  INFO root [2018-06-21 09:34:12,736] - Components::process(): Found all the components!
  WARN root [2018-06-21 09:40:44,152] - TCPPacketReceiver::processPendingEvents(127.0.0.1:2664): Throwing REASON_GENERAL_NETWORK - WSAECONNRESET
  INFO root [2018-06-21 09:40:52,031] - 
  INFO root [2018-06-21 09:40:52,037] - -----------------------------------------------------------------------------------------


  INFO root [2018-06-21 09:40:52,039] - Resmgr::initialize: KBE_ROOT=C:/Users/Public/Documents/workspace/kbe/kbengine-kbengine-v1.0.0/kbengine/
  INFO root [2018-06-21 09:40:52,040] - Resmgr::initialize: KBE_RES_PATH=C:/Users/Public/Documents/workspace/kbe/kbengine-kbengine-v1.0.0/kbengine/kbe/res/;C:/Users/Public/Documents/workspace/kbe/kbengine-kbengine-v1.0.0/kbengine/assets/;C:/Users/Public/Documents/workspace/kbe/kbengine-kbengine-v1.0.0/kbengine/assets/scripts/;C:/Users/Public/Documents/workspace/kbe/kbengine-kbengine-v1.0.0/kbengine/assets/res/
  INFO root [2018-06-21 09:40:52,040] - Resmgr::initialize: KBE_BIN_PATH=C:/Users/Public/Documents/workspace/kbe/kbengine-kbengine-v1.0.0/kbengine/kbe/bin/server/
  INFO root [2018-06-21 09:40:52,086] - NetworkInterface::recreateListeningSocket(INTERNAL): bound to all interfaces with default route interface on 192.168.31.56 ( 192.168.31.56:30099 )
  INFO root [2018-06-21 09:40:52,087] - NetworkInterface::recreateListeningSocket(INTERNAL): address 192.168.31.56:30099, SOMAXCONN=5.
  INFO root [2018-06-21 09:40:52,104] - ---- interfaces Version: 1.0.0. ScriptVersion: 0.1.0. Protocol: 1ABB6125D8365C3720079E1D4CCC25C7. Config: Debug X86. Built: 23:15:38 Jun 15 2018. AppID: 3000. UID: 24988. PID: 12704 ----
  INFO root [2018-06-21 09:40:52,113] - Server :        Intel(R) Core(TM) i5-2415M CPU @ 2.30GHz with 4194303kB RAM
  INFO root [2018-06-21 09:40:52,115] - ThreadPool::createThreadPool: creating  threadpool...
  INFO root [2018-06-21 09:40:52,122] - ThreadPool::createThreadPool: successfully(2), newThreadCount=1, normalMaxThreadCount=2, maxThreadCount=8
 DEBUG root [2018-06-21 09:40:52,313] - Script::install_py_dlls(): PyInit_pyexpat
 DEBUG root [2018-06-21 09:40:52,314] - Script::install_py_dlls(): PyInit__socket
 DEBUG root [2018-06-21 09:40:52,315] - Script::install_py_dlls(): PyInit__ssl
 DEBUG root [2018-06-21 09:40:52,322] - Script::install_py_dlls(): PyInit__hashlib
 DEBUG root [2018-06-21 09:40:52,323] - Script::install_py_dlls(): PyInit_select
 DEBUG root [2018-06-21 09:40:52,323] - Script::install_py_dlls(): PyInit__ctypes
 DEBUG root [2018-06-21 09:40:52,325] - Script::install_py_dlls(): PyInit__elementtree
 DEBUG root [2018-06-21 09:40:52,498] - Script::install_py_dlls(): PyInit_unicodedata
  INFO root [2018-06-21 09:40:52,625] - Script::install(): is successfully, Python=(3.4.2 (default, Jun 15 2018, 23:15:28) [MSC v.1913 32 bit (Intel)])!
  INFO root [2018-06-21 09:40:52,626] - Script::install(): KBExtra is successfully!
S_INFO root [2018-06-21 09:40:52,649] - onInterfaceAppReady: bootstrapGroupIndex=0, bootstrapGlobalIndex=0
  INFO root [2018-06-21 09:40:52,668] - TelnetServer server is running on port 33000
  INFO root [2018-06-21 09:40:53,265] - ---- interfaces is running ----
 DEBUG root [2018-06-21 09:40:53,265] - Components::process(): Request for the process of identity...
  INFO root [2018-06-21 09:41:00,450] - Components::process(): Found all the components!
S_INFO root [2018-06-21 09:43:16,054] - onRequestAccountLogin: registerName=lqt01
S_INFO root [2018-06-21 09:48:37,063] - onRequestAccountLogin: registerName=lqt01
  WARN root [2018-06-21 22:33:33,872] - TCPPacketReceiver::processPendingEvents(127.0.0.1:2761): Throwing REASON_GENERAL_NETWORK - WSAECONNRESET
  INFO root [2018-06-21 22:33:43,041] - 
  INFO root [2018-06-21 22:33:43,043] - -----------------------------------------------------------------------------------------


  INFO root [2018-06-21 22:33:43,045] - Resmgr::initialize: KBE_ROOT=C:/Users/Public/Documents/workspace/kbe/kbengine-kbengine-v1.0.0/kbengine/
  INFO root [2018-06-21 22:33:43,045] - Resmgr::initialize: KBE_RES_PATH=C:/Users/Public/Documents/workspace/kbe/kbengine-kbengine-v1.0.0/kbengine/kbe/res/;C:/Users/Public/Documents/workspace/kbe/kbengine-kbengine-v1.0.0/kbengine/assets/;C:/Users/Public/Documents/workspace/kbe/kbengine-kbengine-v1.0.0/kbengine/assets/scripts/;C:/Users/Public/Documents/workspace/kbe/kbengine-kbengine-v1.0.0/kbengine/assets/res/
  INFO root [2018-06-21 22:33:43,045] - Resmgr::initialize: KBE_BIN_PATH=C:/Users/Public/Documents/workspace/kbe/kbengine-kbengine-v1.0.0/kbengine/kbe/bin/server/
  INFO root [2018-06-21 22:33:43,070] - NetworkInterface::recreateListeningSocket(INTERNAL): bound to all interfaces with default route interface on 192.168.31.56 ( 192.168.31.56:30099 )
  INFO root [2018-06-21 22:33:43,071] - NetworkInterface::recreateListeningSocket(INTERNAL): address 192.168.31.56:30099, SOMAXCONN=5.
  INFO root [2018-06-21 22:33:43,085] - ---- interfaces Version: 1.0.0. ScriptVersion: 0.1.0. Protocol: 1ABB6125D8365C3720079E1D4CCC25C7. Config: Debug X86. Built: 23:15:38 Jun 15 2018. AppID: 3000. UID: 12576. PID: 7560 ----
  INFO root [2018-06-21 22:33:43,100] - Server :        Intel(R) Core(TM) i5-2415M CPU @ 2.30GHz with 4194303kB RAM
  INFO root [2018-06-21 22:33:43,104] - ThreadPool::createThreadPool: creating  threadpool...
  INFO root [2018-06-21 22:33:43,112] - ThreadPool::createThreadPool: successfully(2), newThreadCount=1, normalMaxThreadCount=2, maxThreadCount=8
 DEBUG root [2018-06-21 22:33:43,283] - Script::install_py_dlls(): PyInit_pyexpat
 DEBUG root [2018-06-21 22:33:43,283] - Script::install_py_dlls(): PyInit__socket
 DEBUG root [2018-06-21 22:33:43,284] - Script::install_py_dlls(): PyInit__ssl
 DEBUG root [2018-06-21 22:33:43,291] - Script::install_py_dlls(): PyInit__hashlib
 DEBUG root [2018-06-21 22:33:43,292] - Script::install_py_dlls(): PyInit_select
 DEBUG root [2018-06-21 22:33:43,292] - Script::install_py_dlls(): PyInit__ctypes
 DEBUG root [2018-06-21 22:33:43,293] - Script::install_py_dlls(): PyInit__elementtree
 DEBUG root [2018-06-21 22:33:43,502] - Script::install_py_dlls(): PyInit_unicodedata
  INFO root [2018-06-21 22:33:43,601] - Script::install(): is successfully, Python=(3.4.2 (default, Jun 15 2018, 23:15:28) [MSC v.1913 32 bit (Intel)])!
  INFO root [2018-06-21 22:33:43,601] - Script::install(): KBExtra is successfully!
S_INFO root [2018-06-21 22:33:43,626] - onInterfaceAppReady: bootstrapGroupIndex=0, bootstrapGlobalIndex=0
  INFO root [2018-06-21 22:33:43,653] - TelnetServer server is running on port 33000
  INFO root [2018-06-21 22:33:44,428] - ---- interfaces is running ----
 DEBUG root [2018-06-21 22:33:44,429] - Components::process(): Request for the process of identity...
  INFO root [2018-06-21 22:33:51,750] - Components::process(): Found all the components!
  WARN root [2018-06-21 22:33:55,625] - TCPPacketReceiver::processPendingEvents(127.0.0.1:10051): Throwing REASON_GENERAL_NETWORK - WSAECONNRESET
  INFO root [2018-06-21 22:34:10,981] - 
  INFO root [2018-06-21 22:34:10,982] - -----------------------------------------------------------------------------------------


  INFO root [2018-06-21 22:34:10,983] - Resmgr::initialize: KBE_ROOT=C:/Users/Public/Documents/workspace/kbe/kbengine-kbengine-v1.0.0/kbengine/
  INFO root [2018-06-21 22:34:10,985] - Resmgr::initialize: KBE_RES_PATH=C:/Users/Public/Documents/workspace/kbe/kbengine-kbengine-v1.0.0/kbengine/kbe/res/;C:/Users/Public/Documents/workspace/kbe/kbengine-kbengine-v1.0.0/kbengine/assets/;C:/Users/Public/Documents/workspace/kbe/kbengine-kbengine-v1.0.0/kbengine/assets/scripts/;C:/Users/Public/Documents/workspace/kbe/kbengine-kbengine-v1.0.0/kbengine/assets/res/
  INFO root [2018-06-21 22:34:10,986] - Resmgr::initialize: KBE_BIN_PATH=C:/Users/Public/Documents/workspace/kbe/kbengine-kbengine-v1.0.0/kbengine/kbe/bin/server/
  INFO root [2018-06-21 22:34:11,006] - NetworkInterface::recreateListeningSocket(INTERNAL): bound to all interfaces with default route interface on 192.168.31.56 ( 192.168.31.56:30099 )
  INFO root [2018-06-21 22:34:11,007] - NetworkInterface::recreateListeningSocket(INTERNAL): address 192.168.31.56:30099, SOMAXCONN=5.
  INFO root [2018-06-21 22:34:11,017] - ---- interfaces Version: 1.0.0. ScriptVersion: 0.1.0. Protocol: 1ABB6125D8365C3720079E1D4CCC25C7. Config: Debug X86. Built: 23:15:38 Jun 15 2018. AppID: 3000. UID: 12668. PID: 4864 ----
  INFO root [2018-06-21 22:34:11,018] - Server :        Intel(R) Core(TM) i5-2415M CPU @ 2.30GHz with 4194303kB RAM
  INFO root [2018-06-21 22:34:11,018] - ThreadPool::createThreadPool: creating  threadpool...
  INFO root [2018-06-21 22:34:11,019] - ThreadPool::createThreadPool: successfully(2), newThreadCount=1, normalMaxThreadCount=2, maxThreadCount=8
 DEBUG root [2018-06-21 22:34:11,253] - Script::install_py_dlls(): PyInit_pyexpat
 DEBUG root [2018-06-21 22:34:11,254] - Script::install_py_dlls(): PyInit__socket
 DEBUG root [2018-06-21 22:34:11,256] - Script::install_py_dlls(): PyInit__ssl
 DEBUG root [2018-06-21 22:34:11,264] - Script::install_py_dlls(): PyInit__hashlib
 DEBUG root [2018-06-21 22:34:11,265] - Script::install_py_dlls(): PyInit_select
 DEBUG root [2018-06-21 22:34:11,265] - Script::install_py_dlls(): PyInit__ctypes
 DEBUG root [2018-06-21 22:34:11,267] - Script::install_py_dlls(): PyInit__elementtree
 DEBUG root [2018-06-21 22:34:11,363] - Script::install_py_dlls(): PyInit_unicodedata
  INFO root [2018-06-21 22:34:11,457] - Script::install(): is successfully, Python=(3.4.2 (default, Jun 15 2018, 23:15:28) [MSC v.1913 32 bit (Intel)])!
  INFO root [2018-06-21 22:34:11,458] - Script::install(): KBExtra is successfully!
S_INFO root [2018-06-21 22:34:11,480] - onInterfaceAppReady: bootstrapGroupIndex=0, bootstrapGlobalIndex=0
  INFO root [2018-06-21 22:34:11,497] - TelnetServer server is running on port 33000
  INFO root [2018-06-21 22:34:12,091] - ---- interfaces is running ----
 DEBUG root [2018-06-21 22:34:12,091] - Components::process(): Request for the process of identity...
  INFO root [2018-06-21 22:34:19,394] - Components::process(): Found all the components!
  WARN root [2018-06-21 22:34:54,342] - TCPPacketReceiver::processPendingEvents(127.0.0.1:10075): Throwing REASON_GENERAL_NETWORK - WSAECONNRESET
  INFO root [2018-06-21 22:35:02,302] - 
  INFO root [2018-06-21 22:35:02,304] - -----------------------------------------------------------------------------------------


  INFO root [2018-06-21 22:35:02,306] - Resmgr::initialize: KBE_ROOT=C:/Users/Public/Documents/workspace/kbe/kbengine-kbengine-v1.0.0/kbengine/
  INFO root [2018-06-21 22:35:02,307] - Resmgr::initialize: KBE_RES_PATH=C:/Users/Public/Documents/workspace/kbe/kbengine-kbengine-v1.0.0/kbengine/kbe/res/;C:/Users/Public/Documents/workspace/kbe/kbengine-kbengine-v1.0.0/kbengine/assets/;C:/Users/Public/Documents/workspace/kbe/kbengine-kbengine-v1.0.0/kbengine/assets/scripts/;C:/Users/Public/Documents/workspace/kbe/kbengine-kbengine-v1.0.0/kbengine/assets/res/
  INFO root [2018-06-21 22:35:02,308] - Resmgr::initialize: KBE_BIN_PATH=C:/Users/Public/Documents/workspace/kbe/kbengine-kbengine-v1.0.0/kbengine/kbe/bin/server/
  INFO root [2018-06-21 22:35:02,348] - NetworkInterface::recreateListeningSocket(INTERNAL): bound to all interfaces with default route interface on 192.168.31.56 ( 192.168.31.56:30099 )
  INFO root [2018-06-21 22:35:02,349] - NetworkInterface::recreateListeningSocket(INTERNAL): address 192.168.31.56:30099, SOMAXCONN=5.
  INFO root [2018-06-21 22:35:02,360] - ---- interfaces Version: 1.0.0. ScriptVersion: 0.1.0. Protocol: 1ABB6125D8365C3720079E1D4CCC25C7. Config: Debug X86. Built: 23:15:38 Jun 15 2018. AppID: 3000. UID: 12834. PID: 6588 ----
  INFO root [2018-06-21 22:35:02,361] - Server :        Intel(R) Core(TM) i5-2415M CPU @ 2.30GHz with 4194303kB RAM
  INFO root [2018-06-21 22:35:02,361] - ThreadPool::createThreadPool: creating  threadpool...
  INFO root [2018-06-21 22:35:02,362] - ThreadPool::createThreadPool: successfully(2), newThreadCount=1, normalMaxThreadCount=2, maxThreadCount=8
 DEBUG root [2018-06-21 22:35:02,584] - Script::install_py_dlls(): PyInit_pyexpat
 DEBUG root [2018-06-21 22:35:02,585] - Script::install_py_dlls(): PyInit__socket
 DEBUG root [2018-06-21 22:35:02,586] - Script::install_py_dlls(): PyInit__ssl
 DEBUG root [2018-06-21 22:35:02,594] - Script::install_py_dlls(): PyInit__hashlib
 DEBUG root [2018-06-21 22:35:02,595] - Script::install_py_dlls(): PyInit_select
 DEBUG root [2018-06-21 22:35:02,595] - Script::install_py_dlls(): PyInit__ctypes
 DEBUG root [2018-06-21 22:35:02,597] - Script::install_py_dlls(): PyInit__elementtree
 DEBUG root [2018-06-21 22:35:02,695] - Script::install_py_dlls(): PyInit_unicodedata
  INFO root [2018-06-21 22:35:02,790] - Script::install(): is successfully, Python=(3.4.2 (default, Jun 15 2018, 23:15:28) [MSC v.1913 32 bit (Intel)])!
  INFO root [2018-06-21 22:35:02,790] - Script::install(): KBExtra is successfully!
S_INFO root [2018-06-21 22:35:02,817] - onInterfaceAppReady: bootstrapGroupIndex=0, bootstrapGlobalIndex=0
  INFO root [2018-06-21 22:35:02,850] - TelnetServer server is running on port 33000
  INFO root [2018-06-21 22:35:03,494] - ---- interfaces is running ----
 DEBUG root [2018-06-21 22:35:03,495] - Components::process(): Request for the process of identity...
  INFO root [2018-06-21 22:35:10,617] - Components::process(): Found all the components!
S_INFO root [2018-06-21 22:36:55,320] - onRequestAccountLogin: registerName=lqt01
S_INFO root [2018-06-21 22:45:02,435] - onRequestAccountLogin: registerName=lqt01
S_INFO root [2018-06-21 22:50:58,745] - onRequestAccountLogin: registerName=lqt01
S_INFO root [2018-06-21 23:49:12,550] - onRequestAccountLogin: registerName=lqt01
S_INFO root [2018-06-21 23:50:39,552] - onRequestAccountLogin: registerName=lqt01
S_INFO root [2018-06-21 23:53:21,856] - onRequestAccountLogin: registerName=lqt01
