  INFO root [2018-07-03 14:15:25,887] - 
  INFO root [2018-07-03 14:15:25,888] - -----------------------------------------------------------------------------------------


  INFO root [2018-07-03 14:15:25,889] - Resmgr::initialize: KBE_ROOT=C:/Users/Public/Documents/workspace/kbe/kbengine-kbengine-v1.0.0/kbengine/
  INFO root [2018-07-03 14:15:25,890] - Resmgr::initialize: KBE_RES_PATH=C:/Users/Public/Documents/workspace/kbe/kbengine-kbengine-v1.0.0/kbengine/kbe/res/;C:/Users/Public/Documents/workspace/kbe/kbengine-kbengine-v1.0.0/kbengine/assets/;C:/Users/Public/Documents/workspace/kbe/kbengine-kbengine-v1.0.0/kbengine/assets/scripts/;C:/Users/Public/Documents/workspace/kbe/kbengine-kbengine-v1.0.0/kbengine/assets/res/
  INFO root [2018-07-03 14:15:25,891] - Resmgr::initialize: KBE_BIN_PATH=C:/Users/Public/Documents/workspace/kbe/kbengine-kbengine-v1.0.0/kbengine/kbe/bin/server/
  INFO root [2018-07-03 14:15:25,910] - NetworkInterface::recreateListeningSocket(INTERNAL): bound to all interfaces with default route interface on 192.168.31.56 ( 192.168.31.56:30099 )
  INFO root [2018-07-03 14:15:25,910] - NetworkInterface::recreateListeningSocket(INTERNAL): address 192.168.31.56:30099, SOMAXCONN=5.
  INFO root [2018-07-03 14:15:25,921] - ---- interfaces Version: 1.0.0. ScriptVersion: 0.1.0. Protocol: 1ABB6125D8365C3720079E1D4CCC25C7. Config: Debug X86. Built: 23:15:38 Jun 15 2018. AppID: 3000. UID: 23895. PID: 7840 ----
  INFO root [2018-07-03 14:15:25,923] - Server :        Intel(R) Core(TM) i5-2415M CPU @ 2.30GHz with 4194303kB RAM
  INFO root [2018-07-03 14:15:25,923] - ThreadPool::createThreadPool: creating  threadpool...
  INFO root [2018-07-03 14:15:25,924] - ThreadPool::createThreadPool: successfully(2), newThreadCount=1, normalMaxThreadCount=2, maxThreadCount=8
 DEBUG root [2018-07-03 14:15:26,130] - Script::install_py_dlls(): PyInit_pyexpat
 DEBUG root [2018-07-03 14:15:26,132] - Script::install_py_dlls(): PyInit__socket
 DEBUG root [2018-07-03 14:15:26,133] - Script::install_py_dlls(): PyInit__ssl
 DEBUG root [2018-07-03 14:15:26,140] - Script::install_py_dlls(): PyInit__hashlib
 DEBUG root [2018-07-03 14:15:26,141] - Script::install_py_dlls(): PyInit_select
 DEBUG root [2018-07-03 14:15:26,142] - Script::install_py_dlls(): PyInit__ctypes
 DEBUG root [2018-07-03 14:15:26,143] - Script::install_py_dlls(): PyInit__elementtree
 DEBUG root [2018-07-03 14:15:26,224] - Script::install_py_dlls(): PyInit_unicodedata
  INFO root [2018-07-03 14:15:26,284] - Script::install(): is successfully, Python=(3.4.2 (default, Jun 15 2018, 23:15:28) [MSC v.1913 32 bit (Intel)])!
  INFO root [2018-07-03 14:15:26,284] - Script::install(): KBExtra is successfully!
S_INFO root [2018-07-03 14:15:26,314] - onInterfaceAppReady: bootstrapGroupIndex=0, bootstrapGlobalIndex=0
  INFO root [2018-07-03 14:15:26,334] - TelnetServer server is running on port 33000
  INFO root [2018-07-03 14:15:26,946] - ---- interfaces is running ----
 DEBUG root [2018-07-03 14:15:26,946] - Components::process(): Request for the process of identity...
  INFO root [2018-07-03 14:15:34,120] - Components::process(): Found all the components!
  INFO root [2018-07-03 14:17:18,532] - 
  INFO root [2018-07-03 14:17:18,533] - -----------------------------------------------------------------------------------------


  INFO root [2018-07-03 14:17:18,535] - Resmgr::initialize: KBE_ROOT=C:/Users/Public/Documents/workspace/kbe/kbengine-kbengine-v1.0.0/kbengine/
  INFO root [2018-07-03 14:17:18,537] - Resmgr::initialize: KBE_RES_PATH=C:/Users/Public/Documents/workspace/kbe/kbengine-kbengine-v1.0.0/kbengine/kbe/res/;C:/Users/Public/Documents/workspace/kbe/kbengine-kbengine-v1.0.0/kbengine/assets/;C:/Users/Public/Documents/workspace/kbe/kbengine-kbengine-v1.0.0/kbengine/assets/scripts/;C:/Users/Public/Documents/workspace/kbe/kbengine-kbengine-v1.0.0/kbengine/assets/res/
  INFO root [2018-07-03 14:17:18,538] - Resmgr::initialize: KBE_BIN_PATH=C:/Users/Public/Documents/workspace/kbe/kbengine-kbengine-v1.0.0/kbengine/kbe/bin/server/
  INFO root [2018-07-03 14:17:18,550] - NetworkInterface::recreateListeningSocket(INTERNAL): bound to all interfaces with default route interface on 192.168.31.56 ( 192.168.31.56:30099 )
  INFO root [2018-07-03 14:17:18,550] - NetworkInterface::recreateListeningSocket(INTERNAL): address 192.168.31.56:30099, SOMAXCONN=5.
  INFO root [2018-07-03 14:17:18,564] - ---- interfaces Version: 1.0.0. ScriptVersion: 0.1.0. Protocol: 1ABB6125D8365C3720079E1D4CCC25C7. Config: Debug X86. Built: 23:15:38 Jun 15 2018. AppID: 3000. UID: 24264. PID: 8676 ----
  INFO root [2018-07-03 14:17:18,565] - Server :        Intel(R) Core(TM) i5-2415M CPU @ 2.30GHz with 4194303kB RAM
  INFO root [2018-07-03 14:17:18,565] - ThreadPool::createThreadPool: creating  threadpool...
  INFO root [2018-07-03 14:17:18,566] - ThreadPool::createThreadPool: successfully(2), newThreadCount=1, normalMaxThreadCount=2, maxThreadCount=8
 DEBUG root [2018-07-03 14:17:18,793] - Script::install_py_dlls(): PyInit_pyexpat
 DEBUG root [2018-07-03 14:17:18,794] - Script::install_py_dlls(): PyInit__socket
 DEBUG root [2018-07-03 14:17:18,795] - Script::install_py_dlls(): PyInit__ssl
 DEBUG root [2018-07-03 14:17:18,803] - Script::install_py_dlls(): PyInit__hashlib
 DEBUG root [2018-07-03 14:17:18,804] - Script::install_py_dlls(): PyInit_select
 DEBUG root [2018-07-03 14:17:18,804] - Script::install_py_dlls(): PyInit__ctypes
 DEBUG root [2018-07-03 14:17:18,806] - Script::install_py_dlls(): PyInit__elementtree
 DEBUG root [2018-07-03 14:17:18,893] - Script::install_py_dlls(): PyInit_unicodedata
  INFO root [2018-07-03 14:17:18,988] - Script::install(): is successfully, Python=(3.4.2 (default, Jun 15 2018, 23:15:28) [MSC v.1913 32 bit (Intel)])!
  INFO root [2018-07-03 14:17:18,988] - Script::install(): KBExtra is successfully!
S_INFO root [2018-07-03 14:17:19,015] - onInterfaceAppReady: bootstrapGroupIndex=0, bootstrapGlobalIndex=0
  INFO root [2018-07-03 14:17:19,040] - TelnetServer server is running on port 33000
  INFO root [2018-07-03 14:17:20,007] - ---- interfaces is running ----
 DEBUG root [2018-07-03 14:17:20,008] - Components::process(): Request for the process of identity...
  INFO root [2018-07-03 14:17:27,816] - Components::process(): Found all the components!
S_INFO root [2018-07-03 14:17:42,717] - onRequestAccountLogin: registerName=lqt02
S_INFO root [2018-07-03 14:17:47,917] - onRequestAccountLogin: registerName=lqt01
