  INFO root [2018-06-30 19:02:10,602] - 
  INFO root [2018-06-30 19:02:10,603] - -----------------------------------------------------------------------------------------


  INFO root [2018-06-30 19:02:10,605] - Resmgr::initialize: KBE_ROOT=C:/Users/Public/Documents/workspace/kbe/kbengine-kbengine-v1.0.0/kbengine/
  INFO root [2018-06-30 19:02:10,606] - Resmgr::initialize: KBE_RES_PATH=C:/Users/Public/Documents/workspace/kbe/kbengine-kbengine-v1.0.0/kbengine/kbe/res/;C:/Users/Public/Documents/workspace/kbe/kbengine-kbengine-v1.0.0/kbengine/assets/;C:/Users/Public/Documents/workspace/kbe/kbengine-kbengine-v1.0.0/kbengine/assets/scripts/;C:/Users/Public/Documents/workspace/kbe/kbengine-kbengine-v1.0.0/kbengine/assets/res/
  INFO root [2018-06-30 19:02:10,607] - Resmgr::initialize: KBE_BIN_PATH=C:/Users/Public/Documents/workspace/kbe/kbengine-kbengine-v1.0.0/kbengine/kbe/bin/server/
  INFO root [2018-06-30 19:02:10,621] - NetworkInterface::recreateListeningSocket(INTERNAL): bound to all interfaces with default route interface on 192.168.31.56 ( 192.168.31.56:30099 )
  INFO root [2018-06-30 19:02:10,621] - NetworkInterface::recreateListeningSocket(INTERNAL): address 192.168.31.56:30099, SOMAXCONN=5.
  INFO root [2018-06-30 19:02:10,633] - ---- interfaces Version: 1.0.0. ScriptVersion: 0.1.0. Protocol: 1ABB6125D8365C3720079E1D4CCC25C7. Config: Debug X86. Built: 23:15:38 Jun 15 2018. AppID: 3000. UID: 20073. PID: 4588 ----
  INFO root [2018-06-30 19:02:10,634] - Server :        Intel(R) Core(TM) i5-2415M CPU @ 2.30GHz with 4194303kB RAM
  INFO root [2018-06-30 19:02:10,635] - ThreadPool::createThreadPool: creating  threadpool...
  INFO root [2018-06-30 19:02:10,635] - ThreadPool::createThreadPool: successfully(2), newThreadCount=1, normalMaxThreadCount=2, maxThreadCount=8
 DEBUG root [2018-06-30 19:02:10,822] - Script::install_py_dlls(): PyInit_pyexpat
 DEBUG root [2018-06-30 19:02:10,823] - Script::install_py_dlls(): PyInit__socket
 DEBUG root [2018-06-30 19:02:10,824] - Script::install_py_dlls(): PyInit__ssl
 DEBUG root [2018-06-30 19:02:10,833] - Script::install_py_dlls(): PyInit__hashlib
 DEBUG root [2018-06-30 19:02:10,834] - Script::install_py_dlls(): PyInit_select
 DEBUG root [2018-06-30 19:02:10,835] - Script::install_py_dlls(): PyInit__ctypes
 DEBUG root [2018-06-30 19:02:10,836] - Script::install_py_dlls(): PyInit__elementtree
 DEBUG root [2018-06-30 19:02:10,933] - Script::install_py_dlls(): PyInit_unicodedata
  INFO root [2018-06-30 19:02:11,029] - Script::install(): is successfully, Python=(3.4.2 (default, Jun 15 2018, 23:15:28) [MSC v.1913 32 bit (Intel)])!
  INFO root [2018-06-30 19:02:11,029] - Script::install(): KBExtra is successfully!
S_INFO root [2018-06-30 19:02:11,054] - onInterfaceAppReady: bootstrapGroupIndex=0, bootstrapGlobalIndex=0
  INFO root [2018-06-30 19:02:11,074] - TelnetServer server is running on port 33000
  INFO root [2018-06-30 19:02:11,738] - ---- interfaces is running ----
 DEBUG root [2018-06-30 19:02:11,739] - Components::process(): Request for the process of identity...
  INFO root [2018-06-30 19:02:18,954] - Components::process(): Found all the components!
S_INFO root [2018-06-30 19:02:39,055] - onRequestAccountLogin: registerName=lqt01
S_INFO root [2018-06-30 19:02:49,855] - onRequestAccountLogin: registerName=lqt02
  WARN root [2018-06-30 20:18:17,682] - TCPPacketReceiver::processPendingEvents(127.0.0.1:18295): Throwing REASON_GENERAL_NETWORK - WSAECONNRESET
  INFO root [2018-06-30 20:18:50,578] - 
  INFO root [2018-06-30 20:18:50,579] - -----------------------------------------------------------------------------------------


  INFO root [2018-06-30 20:18:50,581] - Resmgr::initialize: KBE_ROOT=C:/Users/Public/Documents/workspace/kbe/kbengine-kbengine-v1.0.0/kbengine/
  INFO root [2018-06-30 20:18:50,582] - Resmgr::initialize: KBE_RES_PATH=C:/Users/Public/Documents/workspace/kbe/kbengine-kbengine-v1.0.0/kbengine/kbe/res/;C:/Users/Public/Documents/workspace/kbe/kbengine-kbengine-v1.0.0/kbengine/assets/;C:/Users/Public/Documents/workspace/kbe/kbengine-kbengine-v1.0.0/kbengine/assets/scripts/;C:/Users/Public/Documents/workspace/kbe/kbengine-kbengine-v1.0.0/kbengine/assets/res/
  INFO root [2018-06-30 20:18:50,582] - Resmgr::initialize: KBE_BIN_PATH=C:/Users/Public/Documents/workspace/kbe/kbengine-kbengine-v1.0.0/kbengine/kbe/bin/server/
  INFO root [2018-06-30 20:18:50,611] - NetworkInterface::recreateListeningSocket(INTERNAL): bound to all interfaces with default route interface on 192.168.31.56 ( 192.168.31.56:30099 )
  INFO root [2018-06-30 20:18:50,611] - NetworkInterface::recreateListeningSocket(INTERNAL): address 192.168.31.56:30099, SOMAXCONN=5.
  INFO root [2018-06-30 20:18:50,622] - ---- interfaces Version: 1.0.0. ScriptVersion: 0.1.0. Protocol: 1ABB6125D8365C3720079E1D4CCC25C7. Config: Debug X86. Built: 23:15:38 Jun 15 2018. AppID: 3000. UID: 2326. PID: 5868 ----
  INFO root [2018-06-30 20:18:50,623] - Server :        Intel(R) Core(TM) i5-2415M CPU @ 2.30GHz with 4194303kB RAM
  INFO root [2018-06-30 20:18:50,623] - ThreadPool::createThreadPool: creating  threadpool...
  INFO root [2018-06-30 20:18:50,624] - ThreadPool::createThreadPool: successfully(2), newThreadCount=1, normalMaxThreadCount=2, maxThreadCount=8
 DEBUG root [2018-06-30 20:18:50,842] - Script::install_py_dlls(): PyInit_pyexpat
 DEBUG root [2018-06-30 20:18:50,844] - Script::install_py_dlls(): PyInit__socket
 DEBUG root [2018-06-30 20:18:50,845] - Script::install_py_dlls(): PyInit__ssl
 DEBUG root [2018-06-30 20:18:50,852] - Script::install_py_dlls(): PyInit__hashlib
 DEBUG root [2018-06-30 20:18:50,853] - Script::install_py_dlls(): PyInit_select
 DEBUG root [2018-06-30 20:18:50,854] - Script::install_py_dlls(): PyInit__ctypes
 DEBUG root [2018-06-30 20:18:50,855] - Script::install_py_dlls(): PyInit__elementtree
 DEBUG root [2018-06-30 20:18:50,948] - Script::install_py_dlls(): PyInit_unicodedata
  INFO root [2018-06-30 20:18:51,044] - Script::install(): is successfully, Python=(3.4.2 (default, Jun 15 2018, 23:15:28) [MSC v.1913 32 bit (Intel)])!
  INFO root [2018-06-30 20:18:51,045] - Script::install(): KBExtra is successfully!
S_INFO root [2018-06-30 20:18:51,074] - onInterfaceAppReady: bootstrapGroupIndex=0, bootstrapGlobalIndex=0
  INFO root [2018-06-30 20:18:51,103] - TelnetServer server is running on port 33000
  INFO root [2018-06-30 20:18:52,267] - ---- interfaces is running ----
 DEBUG root [2018-06-30 20:18:52,268] - Components::process(): Request for the process of identity...
  INFO root [2018-06-30 20:18:59,575] - Components::process(): Found all the components!
S_INFO root [2018-06-30 20:19:33,376] - onRequestAccountLogin: registerName=lqt01
S_INFO root [2018-06-30 20:19:41,276] - onRequestAccountLogin: registerName=lqt02
  WARN root [2018-06-30 20:21:55,311] - TCPPacketReceiver::processPendingEvents(127.0.0.1:20622): Throwing REASON_GENERAL_NETWORK - WSAECONNRESET
  INFO root [2018-06-30 20:22:12,964] - 
  INFO root [2018-06-30 20:22:12,966] - -----------------------------------------------------------------------------------------


  INFO root [2018-06-30 20:22:12,968] - Resmgr::initialize: KBE_ROOT=C:/Users/Public/Documents/workspace/kbe/kbengine-kbengine-v1.0.0/kbengine/
  INFO root [2018-06-30 20:22:12,969] - Resmgr::initialize: KBE_RES_PATH=C:/Users/Public/Documents/workspace/kbe/kbengine-kbengine-v1.0.0/kbengine/kbe/res/;C:/Users/Public/Documents/workspace/kbe/kbengine-kbengine-v1.0.0/kbengine/assets/;C:/Users/Public/Documents/workspace/kbe/kbengine-kbengine-v1.0.0/kbengine/assets/scripts/;C:/Users/Public/Documents/workspace/kbe/kbengine-kbengine-v1.0.0/kbengine/assets/res/
  INFO root [2018-06-30 20:22:12,970] - Resmgr::initialize: KBE_BIN_PATH=C:/Users/Public/Documents/workspace/kbe/kbengine-kbengine-v1.0.0/kbengine/kbe/bin/server/
  INFO root [2018-06-30 20:22:13,005] - NetworkInterface::recreateListeningSocket(INTERNAL): bound to all interfaces with default route interface on 192.168.31.56 ( 192.168.31.56:30099 )
  INFO root [2018-06-30 20:22:13,007] - NetworkInterface::recreateListeningSocket(INTERNAL): address 192.168.31.56:30099, SOMAXCONN=5.
  INFO root [2018-06-30 20:22:13,039] - ---- interfaces Version: 1.0.0. ScriptVersion: 0.1.0. Protocol: 1ABB6125D8365C3720079E1D4CCC25C7. Config: Debug X86. Built: 23:15:38 Jun 15 2018. AppID: 3000. UID: 2989. PID: 11296 ----
  INFO root [2018-06-30 20:22:13,041] - Server :        Intel(R) Core(TM) i5-2415M CPU @ 2.30GHz with 4194303kB RAM
  INFO root [2018-06-30 20:22:13,041] - ThreadPool::createThreadPool: creating  threadpool...
  INFO root [2018-06-30 20:22:13,042] - ThreadPool::createThreadPool: successfully(2), newThreadCount=1, normalMaxThreadCount=2, maxThreadCount=8
 DEBUG root [2018-06-30 20:22:13,303] - Script::install_py_dlls(): PyInit_pyexpat
 DEBUG root [2018-06-30 20:22:13,304] - Script::install_py_dlls(): PyInit__socket
 DEBUG root [2018-06-30 20:22:13,306] - Script::install_py_dlls(): PyInit__ssl
 DEBUG root [2018-06-30 20:22:13,313] - Script::install_py_dlls(): PyInit__hashlib
 DEBUG root [2018-06-30 20:22:13,314] - Script::install_py_dlls(): PyInit_select
 DEBUG root [2018-06-30 20:22:13,314] - Script::install_py_dlls(): PyInit__ctypes
 DEBUG root [2018-06-30 20:22:13,316] - Script::install_py_dlls(): PyInit__elementtree
 DEBUG root [2018-06-30 20:22:13,432] - Script::install_py_dlls(): PyInit_unicodedata
  INFO root [2018-06-30 20:22:13,529] - Script::install(): is successfully, Python=(3.4.2 (default, Jun 15 2018, 23:15:28) [MSC v.1913 32 bit (Intel)])!
  INFO root [2018-06-30 20:22:13,529] - Script::install(): KBExtra is successfully!
S_INFO root [2018-06-30 20:22:13,557] - onInterfaceAppReady: bootstrapGroupIndex=0, bootstrapGlobalIndex=0
  INFO root [2018-06-30 20:22:13,583] - TelnetServer server is running on port 33000
  INFO root [2018-06-30 20:22:14,413] - ---- interfaces is running ----
 DEBUG root [2018-06-30 20:22:14,414] - Components::process(): Request for the process of identity...
  INFO root [2018-06-30 20:22:21,688] - 
  INFO root [2018-06-30 20:22:21,697] - -----------------------------------------------------------------------------------------


  INFO root [2018-06-30 20:22:21,699] - Resmgr::initialize: KBE_ROOT=C:/Users/Public/Documents/workspace/kbe/kbengine-kbengine-v1.0.0/kbengine/
  INFO root [2018-06-30 20:22:21,700] - Resmgr::initialize: KBE_RES_PATH=C:/Users/Public/Documents/workspace/kbe/kbengine-kbengine-v1.0.0/kbengine/kbe/res/;C:/Users/Public/Documents/workspace/kbe/kbengine-kbengine-v1.0.0/kbengine/assets/;C:/Users/Public/Documents/workspace/kbe/kbengine-kbengine-v1.0.0/kbengine/assets/scripts/;C:/Users/Public/Documents/workspace/kbe/kbengine-kbengine-v1.0.0/kbengine/assets/res/
  INFO root [2018-06-30 20:22:21,701] - Resmgr::initialize: KBE_BIN_PATH=C:/Users/Public/Documents/workspace/kbe/kbengine-kbengine-v1.0.0/kbengine/kbe/bin/server/
  INFO root [2018-06-30 20:22:21,722] - NetworkInterface::recreateListeningSocket(INTERNAL): bound to all interfaces with default route interface on 192.168.31.56 ( 192.168.31.56:30099 )
  INFO root [2018-06-30 20:22:21,722] - NetworkInterface::recreateListeningSocket(INTERNAL): address 192.168.31.56:30099, SOMAXCONN=5.
  INFO root [2018-06-30 20:22:21,739] - ---- interfaces Version: 1.0.0. ScriptVersion: 0.1.0. Protocol: 1ABB6125D8365C3720079E1D4CCC25C7. Config: Debug X86. Built: 23:15:38 Jun 15 2018. AppID: 3000. UID: 3015. PID: 3704 ----
  INFO root [2018-06-30 20:22:21,740] - Server :        Intel(R) Core(TM) i5-2415M CPU @ 2.30GHz with 4194303kB RAM
  INFO root [2018-06-30 20:22:21,740] - ThreadPool::createThreadPool: creating  threadpool...
  INFO root [2018-06-30 20:22:21,743] - ThreadPool::createThreadPool: successfully(2), newThreadCount=1, normalMaxThreadCount=2, maxThreadCount=8
 DEBUG root [2018-06-30 20:22:21,963] - Script::install_py_dlls(): PyInit_pyexpat
 DEBUG root [2018-06-30 20:22:21,965] - Script::install_py_dlls(): PyInit__socket
 DEBUG root [2018-06-30 20:22:21,966] - Script::install_py_dlls(): PyInit__ssl
 DEBUG root [2018-06-30 20:22:21,974] - Script::install_py_dlls(): PyInit__hashlib
 DEBUG root [2018-06-30 20:22:21,975] - Script::install_py_dlls(): PyInit_select
 DEBUG root [2018-06-30 20:22:21,976] - Script::install_py_dlls(): PyInit__ctypes
 DEBUG root [2018-06-30 20:22:21,977] - Script::install_py_dlls(): PyInit__elementtree
 DEBUG root [2018-06-30 20:22:22,222] - Script::install_py_dlls(): PyInit_unicodedata
  INFO root [2018-06-30 20:22:22,322] - Script::install(): is successfully, Python=(3.4.2 (default, Jun 15 2018, 23:15:28) [MSC v.1913 32 bit (Intel)])!
  INFO root [2018-06-30 20:22:22,323] - Script::install(): KBExtra is successfully!
S_INFO root [2018-06-30 20:22:22,352] - onInterfaceAppReady: bootstrapGroupIndex=0, bootstrapGlobalIndex=0
  INFO root [2018-06-30 20:22:22,376] - TelnetServer server is running on port 33000
  INFO root [2018-06-30 20:22:23,147] - ---- interfaces is running ----
 DEBUG root [2018-06-30 20:22:23,148] - Components::process(): Request for the process of identity...
  INFO root [2018-06-30 20:22:30,353] - Components::process(): Found all the components!
S_INFO root [2018-06-30 20:22:56,153] - onRequestAccountLogin: registerName=lqt01
S_INFO root [2018-06-30 20:23:04,554] - onRequestAccountLogin: registerName=lqt02
  WARN root [2018-06-30 22:12:12,141] - TCPPacketReceiver::processPendingEvents(127.0.0.1:20821): Throwing REASON_GENERAL_NETWORK - WSAECONNRESET
  INFO root [2018-06-30 22:12:14,190] - 
  INFO root [2018-06-30 22:12:14,198] - -----------------------------------------------------------------------------------------


  INFO root [2018-06-30 22:12:14,202] - Resmgr::initialize: KBE_ROOT=C:/Users/Public/Documents/workspace/kbe/kbengine-kbengine-v1.0.0/kbengine/
  INFO root [2018-06-30 22:12:14,203] - Resmgr::initialize: KBE_RES_PATH=C:/Users/Public/Documents/workspace/kbe/kbengine-kbengine-v1.0.0/kbengine/kbe/res/;C:/Users/Public/Documents/workspace/kbe/kbengine-kbengine-v1.0.0/kbengine/assets/;C:/Users/Public/Documents/workspace/kbe/kbengine-kbengine-v1.0.0/kbengine/assets/scripts/;C:/Users/Public/Documents/workspace/kbe/kbengine-kbengine-v1.0.0/kbengine/assets/res/
  INFO root [2018-06-30 22:12:14,203] - Resmgr::initialize: KBE_BIN_PATH=C:/Users/Public/Documents/workspace/kbe/kbengine-kbengine-v1.0.0/kbengine/kbe/bin/server/
  INFO root [2018-06-30 22:12:14,223] - NetworkInterface::recreateListeningSocket(INTERNAL): bound to all interfaces with default route interface on 192.168.31.56 ( 192.168.31.56:30099 )
  INFO root [2018-06-30 22:12:14,224] - NetworkInterface::recreateListeningSocket(INTERNAL): address 192.168.31.56:30099, SOMAXCONN=5.
  INFO root [2018-06-30 22:12:14,236] - ---- interfaces Version: 1.0.0. ScriptVersion: 0.1.0. Protocol: 1ABB6125D8365C3720079E1D4CCC25C7. Config: Debug X86. Built: 23:15:38 Jun 15 2018. AppID: 3000. UID: 24542. PID: 11320 ----
  INFO root [2018-06-30 22:12:14,243] - Server :        Intel(R) Core(TM) i5-2415M CPU @ 2.30GHz with 4194303kB RAM
  INFO root [2018-06-30 22:12:14,244] - ThreadPool::createThreadPool: creating  threadpool...
  INFO root [2018-06-30 22:12:14,244] - ThreadPool::createThreadPool: successfully(2), newThreadCount=1, normalMaxThreadCount=2, maxThreadCount=8
 DEBUG root [2018-06-30 22:12:14,428] - Script::install_py_dlls(): PyInit_pyexpat
 DEBUG root [2018-06-30 22:12:14,429] - Script::install_py_dlls(): PyInit__socket
 DEBUG root [2018-06-30 22:12:14,430] - Script::install_py_dlls(): PyInit__ssl
 DEBUG root [2018-06-30 22:12:14,437] - Script::install_py_dlls(): PyInit__hashlib
 DEBUG root [2018-06-30 22:12:14,438] - Script::install_py_dlls(): PyInit_select
 DEBUG root [2018-06-30 22:12:14,439] - Script::install_py_dlls(): PyInit__ctypes
 DEBUG root [2018-06-30 22:12:14,440] - Script::install_py_dlls(): PyInit__elementtree
 DEBUG root [2018-06-30 22:12:14,530] - Script::install_py_dlls(): PyInit_unicodedata
  INFO root [2018-06-30 22:12:14,629] - Script::install(): is successfully, Python=(3.4.2 (default, Jun 15 2018, 23:15:28) [MSC v.1913 32 bit (Intel)])!
  INFO root [2018-06-30 22:12:14,629] - Script::install(): KBExtra is successfully!
S_INFO root [2018-06-30 22:12:14,654] - onInterfaceAppReady: bootstrapGroupIndex=0, bootstrapGlobalIndex=0
  INFO root [2018-06-30 22:12:14,687] - TelnetServer server is running on port 33000
  INFO root [2018-06-30 22:12:15,416] - ---- interfaces is running ----
 DEBUG root [2018-06-30 22:12:15,417] - Components::process(): Request for the process of identity...
  INFO root [2018-06-30 22:12:22,656] - Components::process(): Found all the components!
S_INFO root [2018-06-30 22:13:01,256] - onRequestAccountLogin: registerName=lqt01
S_INFO root [2018-06-30 22:13:12,757] - onRequestAccountLogin: registerName=lqt02
  WARN root [2018-06-30 23:19:22,824] - TCPPacketReceiver::processPendingEvents(127.0.0.1:24242): Throwing REASON_GENERAL_NETWORK - WSAECONNRESET
  INFO root [2018-06-30 23:19:24,575] - 
  INFO root [2018-06-30 23:19:24,576] - -----------------------------------------------------------------------------------------


  INFO root [2018-06-30 23:19:24,577] - Resmgr::initialize: KBE_ROOT=C:/Users/Public/Documents/workspace/kbe/kbengine-kbengine-v1.0.0/kbengine/
  INFO root [2018-06-30 23:19:24,578] - Resmgr::initialize: KBE_RES_PATH=C:/Users/Public/Documents/workspace/kbe/kbengine-kbengine-v1.0.0/kbengine/kbe/res/;C:/Users/Public/Documents/workspace/kbe/kbengine-kbengine-v1.0.0/kbengine/assets/;C:/Users/Public/Documents/workspace/kbe/kbengine-kbengine-v1.0.0/kbengine/assets/scripts/;C:/Users/Public/Documents/workspace/kbe/kbengine-kbengine-v1.0.0/kbengine/assets/res/
  INFO root [2018-06-30 23:19:24,578] - Resmgr::initialize: KBE_BIN_PATH=C:/Users/Public/Documents/workspace/kbe/kbengine-kbengine-v1.0.0/kbengine/kbe/bin/server/
  INFO root [2018-06-30 23:19:24,586] - NetworkInterface::recreateListeningSocket(INTERNAL): bound to all interfaces with default route interface on 192.168.31.56 ( 192.168.31.56:30099 )
  INFO root [2018-06-30 23:19:24,586] - NetworkInterface::recreateListeningSocket(INTERNAL): address 192.168.31.56:30099, SOMAXCONN=5.
  INFO root [2018-06-30 23:19:24,593] - ---- interfaces Version: 1.0.0. ScriptVersion: 0.1.0. Protocol: 1ABB6125D8365C3720079E1D4CCC25C7. Config: Debug X86. Built: 23:15:38 Jun 15 2018. AppID: 3000. UID: 4938. PID: 16848 ----
  INFO root [2018-06-30 23:19:24,594] - Server :        Intel(R) Core(TM) i5-2415M CPU @ 2.30GHz with 4194303kB RAM
  INFO root [2018-06-30 23:19:24,594] - ThreadPool::createThreadPool: creating  threadpool...
  INFO root [2018-06-30 23:19:24,595] - ThreadPool::createThreadPool: successfully(2), newThreadCount=1, normalMaxThreadCount=2, maxThreadCount=8
 DEBUG root [2018-06-30 23:19:24,821] - Script::install_py_dlls(): PyInit_pyexpat
 DEBUG root [2018-06-30 23:19:24,822] - Script::install_py_dlls(): PyInit__socket
 DEBUG root [2018-06-30 23:19:24,823] - Script::install_py_dlls(): PyInit__ssl
 DEBUG root [2018-06-30 23:19:24,830] - Script::install_py_dlls(): PyInit__hashlib
 DEBUG root [2018-06-30 23:19:24,831] - Script::install_py_dlls(): PyInit_select
 DEBUG root [2018-06-30 23:19:24,832] - Script::install_py_dlls(): PyInit__ctypes
 DEBUG root [2018-06-30 23:19:24,833] - Script::install_py_dlls(): PyInit__elementtree
 DEBUG root [2018-06-30 23:19:24,926] - Script::install_py_dlls(): PyInit_unicodedata
  INFO root [2018-06-30 23:19:25,025] - Script::install(): is successfully, Python=(3.4.2 (default, Jun 15 2018, 23:15:28) [MSC v.1913 32 bit (Intel)])!
  INFO root [2018-06-30 23:19:25,026] - Script::install(): KBExtra is successfully!
S_INFO root [2018-06-30 23:19:25,052] - onInterfaceAppReady: bootstrapGroupIndex=0, bootstrapGlobalIndex=0
  INFO root [2018-06-30 23:19:25,087] - TelnetServer server is running on port 33000
  INFO root [2018-06-30 23:19:25,872] - ---- interfaces is running ----
 DEBUG root [2018-06-30 23:19:25,872] - Components::process(): Request for the process of identity...
  INFO root [2018-06-30 23:19:33,179] - Components::process(): Found all the components!
S_INFO root [2018-06-30 23:20:00,753] - onRequestAccountLogin: registerName=lqt02
S_INFO root [2018-06-30 23:20:09,553] - onRequestAccountLogin: registerName=lqt01
  WARN root [2018-06-30 23:39:23,906] - TCPPacketReceiver::processPendingEvents(127.0.0.1:25034): Throwing REASON_GENERAL_NETWORK - WSAECONNRESET
