  INFO root [2018-06-20 10:57:53,818] - 
  INFO root [2018-06-20 10:57:53,819] - -----------------------------------------------------------------------------------------


  INFO root [2018-06-20 10:57:53,821] - Resmgr::initialize: KBE_ROOT=C:/Users/Public/Documents/workspace/kbe/kbengine-kbengine-v1.0.0/kbengine/
  INFO root [2018-06-20 10:57:53,822] - Resmgr::initialize: KBE_RES_PATH=C:/Users/Public/Documents/workspace/kbe/kbengine-kbengine-v1.0.0/kbengine/kbe/res/;C:/Users/Public/Documents/workspace/kbe/kbengine-kbengine-v1.0.0/kbengine/assets/;C:/Users/Public/Documents/workspace/kbe/kbengine-kbengine-v1.0.0/kbengine/assets/scripts/;C:/Users/Public/Documents/workspace/kbe/kbengine-kbengine-v1.0.0/kbengine/assets/res/
  INFO root [2018-06-20 10:57:53,823] - Resmgr::initialize: KBE_BIN_PATH=C:/Users/Public/Documents/workspace/kbe/kbengine-kbengine-v1.0.0/kbengine/kbe/bin/server/
  INFO root [2018-06-20 10:57:53,837] - NetworkInterface::recreateListeningSocket(INTERNAL): bound to all interfaces with default route interface on 192.168.31.56 ( 192.168.31.56:30099 )
  INFO root [2018-06-20 10:57:53,838] - NetworkInterface::recreateListeningSocket(INTERNAL): address 192.168.31.56:30099, SOMAXCONN=5.
  INFO root [2018-06-20 10:57:53,852] - ---- interfaces Version: 1.0.0. ScriptVersion: 0.1.0. Protocol: 1ABB6125D8365C3720079E1D4CCC25C7. Config: Debug X86. Built: 23:15:38 Jun 15 2018. AppID: 3000. UID: 20076. PID: 7384 ----
  INFO root [2018-06-20 10:57:53,853] - Server :        Intel(R) Core(TM) i5-2415M CPU @ 2.30GHz with 4194303kB RAM
  INFO root [2018-06-20 10:57:53,853] - ThreadPool::createThreadPool: creating  threadpool...
  INFO root [2018-06-20 10:57:53,854] - ThreadPool::createThreadPool: successfully(2), newThreadCount=1, normalMaxThreadCount=2, maxThreadCount=8
 DEBUG root [2018-06-20 10:57:54,078] - Script::install_py_dlls(): PyInit_pyexpat
 DEBUG root [2018-06-20 10:57:54,080] - Script::install_py_dlls(): PyInit__socket
 DEBUG root [2018-06-20 10:57:54,081] - Script::install_py_dlls(): PyInit__ssl
 DEBUG root [2018-06-20 10:57:54,088] - Script::install_py_dlls(): PyInit__hashlib
 DEBUG root [2018-06-20 10:57:54,088] - Script::install_py_dlls(): PyInit_select
 DEBUG root [2018-06-20 10:57:54,089] - Script::install_py_dlls(): PyInit__ctypes
 DEBUG root [2018-06-20 10:57:54,090] - Script::install_py_dlls(): PyInit__elementtree
 DEBUG root [2018-06-20 10:57:54,183] - Script::install_py_dlls(): PyInit_unicodedata
  INFO root [2018-06-20 10:57:54,325] - Script::install(): is successfully, Python=(3.4.2 (default, Jun 15 2018, 23:15:28) [MSC v.1913 32 bit (Intel)])!
  INFO root [2018-06-20 10:57:54,325] - Script::install(): KBExtra is successfully!
S_INFO root [2018-06-20 10:57:54,347] - onInterfaceAppReady: bootstrapGroupIndex=0, bootstrapGlobalIndex=0
  INFO root [2018-06-20 10:57:54,367] - TelnetServer server is running on port 33000
  INFO root [2018-06-20 10:57:55,063] - ---- interfaces is running ----
 DEBUG root [2018-06-20 10:57:55,064] - Components::process(): Request for the process of identity...
  INFO root [2018-06-20 10:58:02,227] - Components::process(): Found all the components!
  WARN root [2018-06-20 10:58:33,838] - TCPPacketReceiver::processPendingEvents(127.0.0.1:3563): Throwing REASON_GENERAL_NETWORK - WSAECONNRESET
  INFO root [2018-06-20 10:58:51,510] - 
  INFO root [2018-06-20 10:58:51,511] - -----------------------------------------------------------------------------------------


  INFO root [2018-06-20 10:58:51,513] - Resmgr::initialize: KBE_ROOT=C:/Users/Public/Documents/workspace/kbe/kbengine-kbengine-v1.0.0/kbengine/
  INFO root [2018-06-20 10:58:51,514] - Resmgr::initialize: KBE_RES_PATH=C:/Users/Public/Documents/workspace/kbe/kbengine-kbengine-v1.0.0/kbengine/kbe/res/;C:/Users/Public/Documents/workspace/kbe/kbengine-kbengine-v1.0.0/kbengine/assets/;C:/Users/Public/Documents/workspace/kbe/kbengine-kbengine-v1.0.0/kbengine/assets/scripts/;C:/Users/Public/Documents/workspace/kbe/kbengine-kbengine-v1.0.0/kbengine/assets/res/
  INFO root [2018-06-20 10:58:51,514] - Resmgr::initialize: KBE_BIN_PATH=C:/Users/Public/Documents/workspace/kbe/kbengine-kbengine-v1.0.0/kbengine/kbe/bin/server/
  INFO root [2018-06-20 10:58:51,537] - NetworkInterface::recreateListeningSocket(INTERNAL): bound to all interfaces with default route interface on 192.168.31.56 ( 192.168.31.56:30099 )
  INFO root [2018-06-20 10:58:51,539] - NetworkInterface::recreateListeningSocket(INTERNAL): address 192.168.31.56:30099, SOMAXCONN=5.
  INFO root [2018-06-20 10:58:51,550] - ---- interfaces Version: 1.0.0. ScriptVersion: 0.1.0. Protocol: 1ABB6125D8365C3720079E1D4CCC25C7. Config: Debug X86. Built: 23:15:38 Jun 15 2018. AppID: 3000. UID: 20266. PID: 6488 ----
  INFO root [2018-06-20 10:58:51,551] - Server :        Intel(R) Core(TM) i5-2415M CPU @ 2.30GHz with 4194303kB RAM
  INFO root [2018-06-20 10:58:51,553] - ThreadPool::createThreadPool: creating  threadpool...
  INFO root [2018-06-20 10:58:51,555] - ThreadPool::createThreadPool: successfully(2), newThreadCount=1, normalMaxThreadCount=2, maxThreadCount=8
 DEBUG root [2018-06-20 10:58:51,747] - Script::install_py_dlls(): PyInit_pyexpat
 DEBUG root [2018-06-20 10:58:51,748] - Script::install_py_dlls(): PyInit__socket
 DEBUG root [2018-06-20 10:58:51,749] - Script::install_py_dlls(): PyInit__ssl
 DEBUG root [2018-06-20 10:58:51,756] - Script::install_py_dlls(): PyInit__hashlib
 DEBUG root [2018-06-20 10:58:51,757] - Script::install_py_dlls(): PyInit_select
 DEBUG root [2018-06-20 10:58:51,757] - Script::install_py_dlls(): PyInit__ctypes
 DEBUG root [2018-06-20 10:58:51,758] - Script::install_py_dlls(): PyInit__elementtree
 DEBUG root [2018-06-20 10:58:51,858] - Script::install_py_dlls(): PyInit_unicodedata
  INFO root [2018-06-20 10:58:51,961] - Script::install(): is successfully, Python=(3.4.2 (default, Jun 15 2018, 23:15:28) [MSC v.1913 32 bit (Intel)])!
  INFO root [2018-06-20 10:58:51,962] - Script::install(): KBExtra is successfully!
S_INFO root [2018-06-20 10:58:51,989] - onInterfaceAppReady: bootstrapGroupIndex=0, bootstrapGlobalIndex=0
  INFO root [2018-06-20 10:58:52,014] - TelnetServer server is running on port 33000
  INFO root [2018-06-20 10:58:52,973] - ---- interfaces is running ----
 DEBUG root [2018-06-20 10:58:52,973] - Components::process(): Request for the process of identity...
  INFO root [2018-06-20 10:59:00,189] - Components::process(): Found all the components!
S_INFO root [2018-06-20 11:15:51,723] - onRequestAccountLogin: registerName=lqt03
S_INFO root [2018-06-20 11:31:06,120] - onRequestAccountLogin: registerName=lqt01
  WARN root [2018-06-20 14:22:26,261] - TCPPacketReceiver::processPendingEvents(127.0.0.1:3603): Throwing REASON_GENERAL_NETWORK - WSAECONNRESET
  INFO root [2018-06-20 14:22:41,010] - 
  INFO root [2018-06-20 14:22:41,014] - -----------------------------------------------------------------------------------------


  INFO root [2018-06-20 14:22:41,016] - Resmgr::initialize: KBE_ROOT=C:/Users/Public/Documents/workspace/kbe/kbengine-kbengine-v1.0.0/kbengine/
  INFO root [2018-06-20 14:22:41,017] - Resmgr::initialize: KBE_RES_PATH=C:/Users/Public/Documents/workspace/kbe/kbengine-kbengine-v1.0.0/kbengine/kbe/res/;C:/Users/Public/Documents/workspace/kbe/kbengine-kbengine-v1.0.0/kbengine/assets/;C:/Users/Public/Documents/workspace/kbe/kbengine-kbengine-v1.0.0/kbengine/assets/scripts/;C:/Users/Public/Documents/workspace/kbe/kbengine-kbengine-v1.0.0/kbengine/assets/res/
  INFO root [2018-06-20 14:22:41,018] - Resmgr::initialize: KBE_BIN_PATH=C:/Users/Public/Documents/workspace/kbe/kbengine-kbengine-v1.0.0/kbengine/kbe/bin/server/
  INFO root [2018-06-20 14:22:41,069] - NetworkInterface::recreateListeningSocket(INTERNAL): bound to all interfaces with default route interface on 192.168.31.56 ( 192.168.31.56:30099 )
  INFO root [2018-06-20 14:22:41,070] - NetworkInterface::recreateListeningSocket(INTERNAL): address 192.168.31.56:30099, SOMAXCONN=5.
  INFO root [2018-06-20 14:22:41,080] - ---- interfaces Version: 1.0.0. ScriptVersion: 0.1.0. Protocol: 1ABB6125D8365C3720079E1D4CCC25C7. Config: Debug X86. Built: 23:15:38 Jun 15 2018. AppID: 3000. UID: 27432. PID: 6668 ----
  INFO root [2018-06-20 14:22:41,083] - Server :        Intel(R) Core(TM) i5-2415M CPU @ 2.30GHz with 4194303kB RAM
  INFO root [2018-06-20 14:22:41,083] - ThreadPool::createThreadPool: creating  threadpool...
  INFO root [2018-06-20 14:22:41,086] - ThreadPool::createThreadPool: successfully(2), newThreadCount=1, normalMaxThreadCount=2, maxThreadCount=8
 DEBUG root [2018-06-20 14:22:41,335] - Script::install_py_dlls(): PyInit_pyexpat
 DEBUG root [2018-06-20 14:22:41,336] - Script::install_py_dlls(): PyInit__socket
 DEBUG root [2018-06-20 14:22:41,337] - Script::install_py_dlls(): PyInit__ssl
 DEBUG root [2018-06-20 14:22:41,345] - Script::install_py_dlls(): PyInit__hashlib
 DEBUG root [2018-06-20 14:22:41,346] - Script::install_py_dlls(): PyInit_select
 DEBUG root [2018-06-20 14:22:41,346] - Script::install_py_dlls(): PyInit__ctypes
 DEBUG root [2018-06-20 14:22:41,347] - Script::install_py_dlls(): PyInit__elementtree
 DEBUG root [2018-06-20 14:22:41,469] - Script::install_py_dlls(): PyInit_unicodedata
  INFO root [2018-06-20 14:22:41,561] - Script::install(): is successfully, Python=(3.4.2 (default, Jun 15 2018, 23:15:28) [MSC v.1913 32 bit (Intel)])!
  INFO root [2018-06-20 14:22:41,562] - Script::install(): KBExtra is successfully!
S_INFO root [2018-06-20 14:22:41,591] - onInterfaceAppReady: bootstrapGroupIndex=0, bootstrapGlobalIndex=0
  INFO root [2018-06-20 14:22:41,614] - TelnetServer server is running on port 33000
  INFO root [2018-06-20 14:22:42,250] - ---- interfaces is running ----
 DEBUG root [2018-06-20 14:22:42,251] - Components::process(): Request for the process of identity...
  INFO root [2018-06-20 14:22:49,492] - Components::process(): Found all the components!
  WARN root [2018-06-20 14:23:01,332] - TCPPacketReceiver::processPendingEvents(127.0.0.1:7665): Throwing REASON_GENERAL_NETWORK - WSAECONNRESET
  INFO root [2018-06-20 14:23:18,311] - 
  INFO root [2018-06-20 14:23:18,312] - -----------------------------------------------------------------------------------------


  INFO root [2018-06-20 14:23:18,313] - Resmgr::initialize: KBE_ROOT=C:/Users/Public/Documents/workspace/kbe/kbengine-kbengine-v1.0.0/kbengine/
  INFO root [2018-06-20 14:23:18,313] - Resmgr::initialize: KBE_RES_PATH=C:/Users/Public/Documents/workspace/kbe/kbengine-kbengine-v1.0.0/kbengine/kbe/res/;C:/Users/Public/Documents/workspace/kbe/kbengine-kbengine-v1.0.0/kbengine/assets/;C:/Users/Public/Documents/workspace/kbe/kbengine-kbengine-v1.0.0/kbengine/assets/scripts/;C:/Users/Public/Documents/workspace/kbe/kbengine-kbengine-v1.0.0/kbengine/assets/res/
  INFO root [2018-06-20 14:23:18,313] - Resmgr::initialize: KBE_BIN_PATH=C:/Users/Public/Documents/workspace/kbe/kbengine-kbengine-v1.0.0/kbengine/kbe/bin/server/
  INFO root [2018-06-20 14:23:18,322] - NetworkInterface::recreateListeningSocket(INTERNAL): bound to all interfaces with default route interface on 192.168.31.56 ( 192.168.31.56:30099 )
  INFO root [2018-06-20 14:23:18,322] - NetworkInterface::recreateListeningSocket(INTERNAL): address 192.168.31.56:30099, SOMAXCONN=5.
  INFO root [2018-06-20 14:23:18,328] - ---- interfaces Version: 1.0.0. ScriptVersion: 0.1.0. Protocol: 1ABB6125D8365C3720079E1D4CCC25C7. Config: Debug X86. Built: 23:15:38 Jun 15 2018. AppID: 3000. UID: 27557. PID: 5172 ----
  INFO root [2018-06-20 14:23:18,328] - Server :        Intel(R) Core(TM) i5-2415M CPU @ 2.30GHz with 4194303kB RAM
  INFO root [2018-06-20 14:23:18,329] - ThreadPool::createThreadPool: creating  threadpool...
  INFO root [2018-06-20 14:23:18,329] - ThreadPool::createThreadPool: successfully(2), newThreadCount=1, normalMaxThreadCount=2, maxThreadCount=8
 DEBUG root [2018-06-20 14:23:18,502] - Script::install_py_dlls(): PyInit_pyexpat
 DEBUG root [2018-06-20 14:23:18,503] - Script::install_py_dlls(): PyInit__socket
 DEBUG root [2018-06-20 14:23:18,503] - Script::install_py_dlls(): PyInit__ssl
 DEBUG root [2018-06-20 14:23:18,511] - Script::install_py_dlls(): PyInit__hashlib
 DEBUG root [2018-06-20 14:23:18,512] - Script::install_py_dlls(): PyInit_select
 DEBUG root [2018-06-20 14:23:18,512] - Script::install_py_dlls(): PyInit__ctypes
 DEBUG root [2018-06-20 14:23:18,514] - Script::install_py_dlls(): PyInit__elementtree
 DEBUG root [2018-06-20 14:23:18,617] - Script::install_py_dlls(): PyInit_unicodedata
  INFO root [2018-06-20 14:23:18,732] - Script::install(): is successfully, Python=(3.4.2 (default, Jun 15 2018, 23:15:28) [MSC v.1913 32 bit (Intel)])!
  INFO root [2018-06-20 14:23:18,732] - Script::install(): KBExtra is successfully!
S_INFO root [2018-06-20 14:23:18,756] - onInterfaceAppReady: bootstrapGroupIndex=0, bootstrapGlobalIndex=0
  INFO root [2018-06-20 14:23:18,776] - TelnetServer server is running on port 33000
  INFO root [2018-06-20 14:23:19,619] - ---- interfaces is running ----
 DEBUG root [2018-06-20 14:23:19,620] - Components::process(): Request for the process of identity...
  INFO root [2018-06-20 14:23:26,857] - Components::process(): Found all the components!
S_INFO root [2018-06-20 14:24:18,058] - onRequestAccountLogin: registerName=lqt01
S_INFO root [2018-06-20 15:14:59,209] - onRequestAccountLogin: registerName=lqt01
  WARN root [2018-06-20 19:26:38,936] - TCPPacketReceiver::processPendingEvents(127.0.0.1:7702): Throwing REASON_GENERAL_NETWORK - WSAECONNRESET
  INFO root [2018-06-20 19:26:57,669] - 
  INFO root [2018-06-20 19:26:57,670] - -----------------------------------------------------------------------------------------


  INFO root [2018-06-20 19:26:57,672] - Resmgr::initialize: KBE_ROOT=C:/Users/Public/Documents/workspace/kbe/kbengine-kbengine-v1.0.0/kbengine/
  INFO root [2018-06-20 19:26:57,673] - Resmgr::initialize: KBE_RES_PATH=C:/Users/Public/Documents/workspace/kbe/kbengine-kbengine-v1.0.0/kbengine/kbe/res/;C:/Users/Public/Documents/workspace/kbe/kbengine-kbengine-v1.0.0/kbengine/assets/;C:/Users/Public/Documents/workspace/kbe/kbengine-kbengine-v1.0.0/kbengine/assets/scripts/;C:/Users/Public/Documents/workspace/kbe/kbengine-kbengine-v1.0.0/kbengine/assets/res/
  INFO root [2018-06-20 19:26:57,674] - Resmgr::initialize: KBE_BIN_PATH=C:/Users/Public/Documents/workspace/kbe/kbengine-kbengine-v1.0.0/kbengine/kbe/bin/server/
  INFO root [2018-06-20 19:26:57,691] - NetworkInterface::recreateListeningSocket(INTERNAL): bound to all interfaces with default route interface on 192.168.31.56 ( 192.168.31.56:30099 )
  INFO root [2018-06-20 19:26:57,692] - NetworkInterface::recreateListeningSocket(INTERNAL): address 192.168.31.56:30099, SOMAXCONN=5.
  INFO root [2018-06-20 19:26:57,712] - ---- interfaces Version: 1.0.0. ScriptVersion: 0.1.0. Protocol: 1ABB6125D8365C3720079E1D4CCC25C7. Config: Debug X86. Built: 23:15:38 Jun 15 2018. AppID: 3000. UID: 21516. PID: 10896 ----
  INFO root [2018-06-20 19:26:57,713] - Server :        Intel(R) Core(TM) i5-2415M CPU @ 2.30GHz with 4194303kB RAM
  INFO root [2018-06-20 19:26:57,714] - ThreadPool::createThreadPool: creating  threadpool...
  INFO root [2018-06-20 19:26:57,715] - ThreadPool::createThreadPool: successfully(2), newThreadCount=1, normalMaxThreadCount=2, maxThreadCount=8
 DEBUG root [2018-06-20 19:26:57,910] - Script::install_py_dlls(): PyInit_pyexpat
 DEBUG root [2018-06-20 19:26:57,911] - Script::install_py_dlls(): PyInit__socket
 DEBUG root [2018-06-20 19:26:57,913] - Script::install_py_dlls(): PyInit__ssl
 DEBUG root [2018-06-20 19:26:57,922] - Script::install_py_dlls(): PyInit__hashlib
 DEBUG root [2018-06-20 19:26:57,923] - Script::install_py_dlls(): PyInit_select
 DEBUG root [2018-06-20 19:26:57,923] - Script::install_py_dlls(): PyInit__ctypes
 DEBUG root [2018-06-20 19:26:57,925] - Script::install_py_dlls(): PyInit__elementtree
 DEBUG root [2018-06-20 19:26:58,038] - Script::install_py_dlls(): PyInit_unicodedata
  INFO root [2018-06-20 19:26:58,169] - Script::install(): is successfully, Python=(3.4.2 (default, Jun 15 2018, 23:15:28) [MSC v.1913 32 bit (Intel)])!
  INFO root [2018-06-20 19:26:58,170] - Script::install(): KBExtra is successfully!
S_INFO root [2018-06-20 19:26:58,206] - onInterfaceAppReady: bootstrapGroupIndex=0, bootstrapGlobalIndex=0
  INFO root [2018-06-20 19:26:58,233] - TelnetServer server is running on port 33000
  INFO root [2018-06-20 19:26:59,858] - ---- interfaces is running ----
 DEBUG root [2018-06-20 19:26:59,859] - Components::process(): Request for the process of identity...
  INFO root [2018-06-20 19:27:07,176] - Components::process(): Found all the components!
S_INFO root [2018-06-20 19:27:45,509] - onRequestAccountLogin: registerName=lqt01
  WARN root [2018-06-20 19:29:30,342] - TCPPacketReceiver::processPendingEvents(127.0.0.1:10550): Throwing REASON_GENERAL_NETWORK - WSAECONNRESET
  INFO root [2018-06-20 19:29:44,562] - 
  INFO root [2018-06-20 19:29:44,563] - -----------------------------------------------------------------------------------------


  INFO root [2018-06-20 19:29:44,565] - Resmgr::initialize: KBE_ROOT=C:/Users/Public/Documents/workspace/kbe/kbengine-kbengine-v1.0.0/kbengine/
  INFO root [2018-06-20 19:29:44,565] - Resmgr::initialize: KBE_RES_PATH=C:/Users/Public/Documents/workspace/kbe/kbengine-kbengine-v1.0.0/kbengine/kbe/res/;C:/Users/Public/Documents/workspace/kbe/kbengine-kbengine-v1.0.0/kbengine/assets/;C:/Users/Public/Documents/workspace/kbe/kbengine-kbengine-v1.0.0/kbengine/assets/scripts/;C:/Users/Public/Documents/workspace/kbe/kbengine-kbengine-v1.0.0/kbengine/assets/res/
  INFO root [2018-06-20 19:29:44,566] - Resmgr::initialize: KBE_BIN_PATH=C:/Users/Public/Documents/workspace/kbe/kbengine-kbengine-v1.0.0/kbengine/kbe/bin/server/
  INFO root [2018-06-20 19:29:44,579] - NetworkInterface::recreateListeningSocket(INTERNAL): bound to all interfaces with default route interface on 192.168.31.56 ( 192.168.31.56:30099 )
  INFO root [2018-06-20 19:29:44,579] - NetworkInterface::recreateListeningSocket(INTERNAL): address 192.168.31.56:30099, SOMAXCONN=5.
  INFO root [2018-06-20 19:29:44,595] - ---- interfaces Version: 1.0.0. ScriptVersion: 0.1.0. Protocol: 1ABB6125D8365C3720079E1D4CCC25C7. Config: Debug X86. Built: 23:15:38 Jun 15 2018. AppID: 3000. UID: 22062. PID: 8880 ----
  INFO root [2018-06-20 19:29:44,596] - Server :        Intel(R) Core(TM) i5-2415M CPU @ 2.30GHz with 4194303kB RAM
  INFO root [2018-06-20 19:29:44,605] - ThreadPool::createThreadPool: creating  threadpool...
  INFO root [2018-06-20 19:29:44,606] - ThreadPool::createThreadPool: successfully(2), newThreadCount=1, normalMaxThreadCount=2, maxThreadCount=8
 DEBUG root [2018-06-20 19:29:44,871] - Script::install_py_dlls(): PyInit_pyexpat
 DEBUG root [2018-06-20 19:29:44,872] - Script::install_py_dlls(): PyInit__socket
 DEBUG root [2018-06-20 19:29:44,873] - Script::install_py_dlls(): PyInit__ssl
 DEBUG root [2018-06-20 19:29:44,881] - Script::install_py_dlls(): PyInit__hashlib
 DEBUG root [2018-06-20 19:29:44,882] - Script::install_py_dlls(): PyInit_select
 DEBUG root [2018-06-20 19:29:44,882] - Script::install_py_dlls(): PyInit__ctypes
 DEBUG root [2018-06-20 19:29:44,884] - Script::install_py_dlls(): PyInit__elementtree
 DEBUG root [2018-06-20 19:29:45,109] - Script::install_py_dlls(): PyInit_unicodedata
  INFO root [2018-06-20 19:29:45,211] - Script::install(): is successfully, Python=(3.4.2 (default, Jun 15 2018, 23:15:28) [MSC v.1913 32 bit (Intel)])!
  INFO root [2018-06-20 19:29:45,211] - Script::install(): KBExtra is successfully!
S_INFO root [2018-06-20 19:29:45,238] - onInterfaceAppReady: bootstrapGroupIndex=0, bootstrapGlobalIndex=0
  INFO root [2018-06-20 19:29:45,256] - TelnetServer server is running on port 33000
  INFO root [2018-06-20 19:29:45,974] - ---- interfaces is running ----
 DEBUG root [2018-06-20 19:29:45,974] - Components::process(): Request for the process of identity...
  INFO root [2018-06-20 19:29:53,184] - Components::process(): Found all the components!
S_INFO root [2018-06-20 19:30:23,738] - onRequestAccountLogin: registerName=lqt01
  WARN root [2018-06-20 19:31:24,522] - TCPPacketReceiver::processPendingEvents(127.0.0.1:10623): Throwing REASON_GENERAL_NETWORK - WSAECONNRESET
  INFO root [2018-06-20 19:32:43,312] - 
  INFO root [2018-06-20 19:32:43,312] - -----------------------------------------------------------------------------------------


  INFO root [2018-06-20 19:32:43,314] - Resmgr::initialize: KBE_ROOT=C:/Users/Public/Documents/workspace/kbe/kbengine-kbengine-v1.0.0/kbengine/
  INFO root [2018-06-20 19:32:43,315] - Resmgr::initialize: KBE_RES_PATH=C:/Users/Public/Documents/workspace/kbe/kbengine-kbengine-v1.0.0/kbengine/kbe/res/;C:/Users/Public/Documents/workspace/kbe/kbengine-kbengine-v1.0.0/kbengine/assets/;C:/Users/Public/Documents/workspace/kbe/kbengine-kbengine-v1.0.0/kbengine/assets/scripts/;C:/Users/Public/Documents/workspace/kbe/kbengine-kbengine-v1.0.0/kbengine/assets/res/
  INFO root [2018-06-20 19:32:43,316] - Resmgr::initialize: KBE_BIN_PATH=C:/Users/Public/Documents/workspace/kbe/kbengine-kbengine-v1.0.0/kbengine/kbe/bin/server/
  INFO root [2018-06-20 19:32:43,326] - NetworkInterface::recreateListeningSocket(INTERNAL): bound to all interfaces with default route interface on 192.168.31.56 ( 192.168.31.56:30099 )
  INFO root [2018-06-20 19:32:43,327] - NetworkInterface::recreateListeningSocket(INTERNAL): address 192.168.31.56:30099, SOMAXCONN=5.
  INFO root [2018-06-20 19:32:43,375] - ---- interfaces Version: 1.0.0. ScriptVersion: 0.1.0. Protocol: 1ABB6125D8365C3720079E1D4CCC25C7. Config: Debug X86. Built: 23:15:38 Jun 15 2018. AppID: 3000. UID: 22646. PID: 12212 ----
  INFO root [2018-06-20 19:32:43,376] - Server :        Intel(R) Core(TM) i5-2415M CPU @ 2.30GHz with 4194303kB RAM
  INFO root [2018-06-20 19:32:43,377] - ThreadPool::createThreadPool: creating  threadpool...
  INFO root [2018-06-20 19:32:43,379] - ThreadPool::createThreadPool: successfully(2), newThreadCount=1, normalMaxThreadCount=2, maxThreadCount=8
 DEBUG root [2018-06-20 19:32:43,702] - Script::install_py_dlls(): PyInit_pyexpat
 DEBUG root [2018-06-20 19:32:43,703] - Script::install_py_dlls(): PyInit__socket
 DEBUG root [2018-06-20 19:32:43,704] - Script::install_py_dlls(): PyInit__ssl
 DEBUG root [2018-06-20 19:32:43,712] - Script::install_py_dlls(): PyInit__hashlib
 DEBUG root [2018-06-20 19:32:43,713] - Script::install_py_dlls(): PyInit_select
 DEBUG root [2018-06-20 19:32:43,713] - Script::install_py_dlls(): PyInit__ctypes
 DEBUG root [2018-06-20 19:32:43,715] - Script::install_py_dlls(): PyInit__elementtree
 DEBUG root [2018-06-20 19:32:43,834] - Script::install_py_dlls(): PyInit_unicodedata
  INFO root [2018-06-20 19:32:43,962] - Script::install(): is successfully, Python=(3.4.2 (default, Jun 15 2018, 23:15:28) [MSC v.1913 32 bit (Intel)])!
  INFO root [2018-06-20 19:32:43,962] - Script::install(): KBExtra is successfully!
S_INFO root [2018-06-20 19:32:44,005] - onInterfaceAppReady: bootstrapGroupIndex=0, bootstrapGlobalIndex=0
  INFO root [2018-06-20 19:32:44,032] - TelnetServer server is running on port 33000
  INFO root [2018-06-20 19:32:46,230] - ---- interfaces is running ----
 DEBUG root [2018-06-20 19:32:46,231] - Components::process(): Request for the process of identity...
  INFO root [2018-06-20 19:32:53,617] - Components::process(): Found all the components!
S_INFO root [2018-06-20 19:33:25,807] - onRequestAccountLogin: registerName=lqt01
  WARN root [2018-06-20 19:58:15,928] - TCPPacketReceiver::processPendingEvents(127.0.0.1:10696): Throwing REASON_GENERAL_NETWORK - WSAECONNRESET
  INFO root [2018-06-20 19:58:27,554] - 
  INFO root [2018-06-20 19:58:27,555] - -----------------------------------------------------------------------------------------


  INFO root [2018-06-20 19:58:27,557] - Resmgr::initialize: KBE_ROOT=C:/Users/Public/Documents/workspace/kbe/kbengine-kbengine-v1.0.0/kbengine/
  INFO root [2018-06-20 19:58:27,558] - Resmgr::initialize: KBE_RES_PATH=C:/Users/Public/Documents/workspace/kbe/kbengine-kbengine-v1.0.0/kbengine/kbe/res/;C:/Users/Public/Documents/workspace/kbe/kbengine-kbengine-v1.0.0/kbengine/assets/;C:/Users/Public/Documents/workspace/kbe/kbengine-kbengine-v1.0.0/kbengine/assets/scripts/;C:/Users/Public/Documents/workspace/kbe/kbengine-kbengine-v1.0.0/kbengine/assets/res/
  INFO root [2018-06-20 19:58:27,558] - Resmgr::initialize: KBE_BIN_PATH=C:/Users/Public/Documents/workspace/kbe/kbengine-kbengine-v1.0.0/kbengine/kbe/bin/server/
  INFO root [2018-06-20 19:58:27,577] - NetworkInterface::recreateListeningSocket(INTERNAL): bound to all interfaces with default route interface on 192.168.31.56 ( 192.168.31.56:30099 )
  INFO root [2018-06-20 19:58:27,577] - NetworkInterface::recreateListeningSocket(INTERNAL): address 192.168.31.56:30099, SOMAXCONN=5.
  INFO root [2018-06-20 19:58:27,596] - ---- interfaces Version: 1.0.0. ScriptVersion: 0.1.0. Protocol: 1ABB6125D8365C3720079E1D4CCC25C7. Config: Debug X86. Built: 23:15:38 Jun 15 2018. AppID: 3000. UID: 27688. PID: 8684 ----
  INFO root [2018-06-20 19:58:27,596] - Server :        Intel(R) Core(TM) i5-2415M CPU @ 2.30GHz with 4194303kB RAM
  INFO root [2018-06-20 19:58:27,597] - ThreadPool::createThreadPool: creating  threadpool...
  INFO root [2018-06-20 19:58:27,601] - ThreadPool::createThreadPool: successfully(2), newThreadCount=1, normalMaxThreadCount=2, maxThreadCount=8
 DEBUG root [2018-06-20 19:58:27,858] - Script::install_py_dlls(): PyInit_pyexpat
 DEBUG root [2018-06-20 19:58:27,859] - Script::install_py_dlls(): PyInit__socket
 DEBUG root [2018-06-20 19:58:27,860] - Script::install_py_dlls(): PyInit__ssl
 DEBUG root [2018-06-20 19:58:27,869] - Script::install_py_dlls(): PyInit__hashlib
 DEBUG root [2018-06-20 19:58:27,870] - Script::install_py_dlls(): PyInit_select
 DEBUG root [2018-06-20 19:58:27,871] - Script::install_py_dlls(): PyInit__ctypes
 DEBUG root [2018-06-20 19:58:27,873] - Script::install_py_dlls(): PyInit__elementtree
 DEBUG root [2018-06-20 19:58:28,001] - Script::install_py_dlls(): PyInit_unicodedata
  INFO root [2018-06-20 19:58:28,112] - Script::install(): is successfully, Python=(3.4.2 (default, Jun 15 2018, 23:15:28) [MSC v.1913 32 bit (Intel)])!
  INFO root [2018-06-20 19:58:28,113] - Script::install(): KBExtra is successfully!
S_INFO root [2018-06-20 19:58:28,143] - onInterfaceAppReady: bootstrapGroupIndex=0, bootstrapGlobalIndex=0
  INFO root [2018-06-20 19:58:28,201] - TelnetServer server is running on port 33000
  INFO root [2018-06-20 19:58:28,925] - ---- interfaces is running ----
 DEBUG root [2018-06-20 19:58:28,926] - Components::process(): Request for the process of identity...
  INFO root [2018-06-20 19:58:36,161] - Components::process(): Found all the components!
  WARN root [2018-06-20 20:00:29,553] - TCPPacketReceiver::processPendingEvents(127.0.0.1:10917): Throwing REASON_GENERAL_NETWORK - WSAECONNRESET
  INFO root [2018-06-20 22:27:46,863] - 
  INFO root [2018-06-20 22:27:46,863] - -----------------------------------------------------------------------------------------


  INFO root [2018-06-20 22:27:46,865] - Resmgr::initialize: KBE_ROOT=C:/Users/Public/Documents/workspace/kbe/kbengine-kbengine-v1.0.0/kbengine/
  INFO root [2018-06-20 22:27:46,865] - Resmgr::initialize: KBE_RES_PATH=C:/Users/Public/Documents/workspace/kbe/kbengine-kbengine-v1.0.0/kbengine/kbe/res/;C:/Users/Public/Documents/workspace/kbe/kbengine-kbengine-v1.0.0/kbengine/assets/;C:/Users/Public/Documents/workspace/kbe/kbengine-kbengine-v1.0.0/kbengine/assets/scripts/;C:/Users/Public/Documents/workspace/kbe/kbengine-kbengine-v1.0.0/kbengine/assets/res/
  INFO root [2018-06-20 22:27:46,865] - Resmgr::initialize: KBE_BIN_PATH=C:/Users/Public/Documents/workspace/kbe/kbengine-kbengine-v1.0.0/kbengine/kbe/bin/server/
  INFO root [2018-06-20 22:27:46,876] - NetworkInterface::recreateListeningSocket(INTERNAL): bound to all interfaces with default route interface on 192.168.31.56 ( 192.168.31.56:30099 )
  INFO root [2018-06-20 22:27:46,876] - NetworkInterface::recreateListeningSocket(INTERNAL): address 192.168.31.56:30099, SOMAXCONN=5.
  INFO root [2018-06-20 22:27:46,886] - ---- interfaces Version: 1.0.0. ScriptVersion: 0.1.0. Protocol: 1ABB6125D8365C3720079E1D4CCC25C7. Config: Debug X86. Built: 23:15:38 Jun 15 2018. AppID: 3000. UID: 24176. PID: 5040 ----
  INFO root [2018-06-20 22:27:46,886] - Server :        Intel(R) Core(TM) i5-2415M CPU @ 2.30GHz with 4194303kB RAM
  INFO root [2018-06-20 22:27:46,887] - ThreadPool::createThreadPool: creating  threadpool...
  INFO root [2018-06-20 22:27:46,887] - ThreadPool::createThreadPool: successfully(2), newThreadCount=1, normalMaxThreadCount=2, maxThreadCount=8
 DEBUG root [2018-06-20 22:27:47,071] - Script::install_py_dlls(): PyInit_pyexpat
 DEBUG root [2018-06-20 22:27:47,072] - Script::install_py_dlls(): PyInit__socket
 DEBUG root [2018-06-20 22:27:47,074] - Script::install_py_dlls(): PyInit__ssl
 DEBUG root [2018-06-20 22:27:47,081] - Script::install_py_dlls(): PyInit__hashlib
 DEBUG root [2018-06-20 22:27:47,082] - Script::install_py_dlls(): PyInit_select
 DEBUG root [2018-06-20 22:27:47,082] - Script::install_py_dlls(): PyInit__ctypes
 DEBUG root [2018-06-20 22:27:47,084] - Script::install_py_dlls(): PyInit__elementtree
 DEBUG root [2018-06-20 22:27:47,175] - Script::install_py_dlls(): PyInit_unicodedata
  INFO root [2018-06-20 22:27:47,277] - Script::install(): is successfully, Python=(3.4.2 (default, Jun 15 2018, 23:15:28) [MSC v.1913 32 bit (Intel)])!
  INFO root [2018-06-20 22:27:47,278] - Script::install(): KBExtra is successfully!
S_INFO root [2018-06-20 22:27:47,298] - onInterfaceAppReady: bootstrapGroupIndex=0, bootstrapGlobalIndex=0
  INFO root [2018-06-20 22:27:47,318] - TelnetServer server is running on port 33000
  INFO root [2018-06-20 22:27:47,961] - ---- interfaces is running ----
 DEBUG root [2018-06-20 22:27:47,962] - Components::process(): Request for the process of identity...
  INFO root [2018-06-20 22:27:55,298] - Components::process(): Found all the components!
S_INFO root [2018-06-20 22:28:38,800] - onRequestAccountLogin: registerName=lqt01
  WARN root [2018-06-20 23:41:51,036] - TCPPacketReceiver::processPendingEvents(127.0.0.1:11491): Throwing REASON_GENERAL_NETWORK - WSAECONNRESET
