    INFO    cellapp-1 15410 8001  [2018-07-02 15:14:30 137] - -----------------------------------------------------------------------------------------


    INFO    cellapp-1 15410 8001  [2018-07-02 15:14:31 817] - Resmgr::initialize: KBE_ROOT=C:/Users/Public/Documents/workspace/kbe/kbengine-kbengine-v1.0.0/kbengine/
    INFO    cellapp-1 15410 8001  [2018-07-02 15:14:31 818] - Resmgr::initialize: KBE_RES_PATH=C:/Users/Public/Documents/workspace/kbe/kbengine-kbengine-v1.0.0/kbengine/kbe/res/;C:/Users/Public/Documents/workspace/kbe/kbengine-kbengine-v1.0.0/kbengine/assets/;C:/Users/Public/Documents/workspace/kbe/kbengine-kbengine-v1.0.0/kbengine/assets/scripts/;C:/Users/Public/Documents/workspace/kbe/kbengine-kbengine-v1.0.0/kbengine/assets/res/
    INFO    cellapp-1 15410 8001  [2018-07-02 15:14:31 818] - Resmgr::initialize: KBE_BIN_PATH=C:/Users/Public/Documents/workspace/kbe/kbengine-kbengine-v1.0.0/kbengine/kbe/bin/server/
    INFO    cellapp-1 15410 8001  [2018-07-02 15:14:32 377] - NetworkInterface::recreateListeningSocket(INTERNAL): bound to all interfaces with default route interface on 192.168.31.56 ( 192.168.31.56:10999 )
    INFO    cellapp-1 15410 8001  [2018-07-02 15:14:32 449] - NetworkInterface::recreateListeningSocket(INTERNAL): address 192.168.31.56:10999, SOMAXCONN=5.
    INFO    cellapp-1 15410 8001  [2018-07-02 15:14:32 450] - server-configs:
    INFO    cellapp-1 15410 8001  [2018-07-02 15:14:32 450] - 	gameUpdateHertz : 10
    INFO    cellapp-1 15410 8001  [2018-07-02 15:14:32 522] - 	defaultAoIRadius : 80
    INFO    cellapp-1 15410 8001  [2018-07-02 15:14:32 522] - 	defaultAoIHysteresisArea : 5
    INFO    cellapp-1 15410 8001  [2018-07-02 15:14:32 522] - 	entryScriptFile : kbemain
    INFO    cellapp-1 15410 8001  [2018-07-02 15:14:32 522] - 	internalAddr : 192.168.31.56:10999
    INFO    cellapp-1 15410 8001  [2018-07-02 15:14:32 522] - 	componentID : 8001
    INFO    cellapp-1 15410 8001  [2018-07-02 15:14:32 771] - ---- cellapp Version: 1.0.0. ScriptVersion: 0.1.0. Protocol: D25B4E16028C33EB467B7BE2F3500426. Config: Debug X86. Built: 23:20:13 Jun 15 2018. AppID: 8001. UID: 15410. PID: 4740 ----
    INFO    cellapp-1 15410 8001  [2018-07-02 15:14:32 771] - Server :        Intel(R) Core(TM) i5-2415M CPU @ 2.30GHz with 4194303kB RAM
    INFO    cellapp-1 15410 8001  [2018-07-02 15:14:32 826] - ThreadPool::createThreadPool: creating  threadpool...
    INFO    cellapp-1 15410 8001  [2018-07-02 15:14:32 828] - ThreadPool::createThreadPool: successfully(2), newThreadCount=1, normalMaxThreadCount=2, maxThreadCount=8
   DEBUG    cellapp-1 15410 8001  [2018-07-02 15:14:38 355] - Script::install_py_dlls(): PyInit_pyexpat
   DEBUG    cellapp-1 15410 8001  [2018-07-02 15:14:38 486] - Script::install_py_dlls(): PyInit__socket
   DEBUG    cellapp-1 15410 8001  [2018-07-02 15:14:38 635] - Script::install_py_dlls(): PyInit__ssl
   DEBUG    cellapp-1 15410 8001  [2018-07-02 15:14:40 332] - Script::install_py_dlls(): PyInit__hashlib
   DEBUG    cellapp-1 15410 8001  [2018-07-02 15:14:40 389] - Script::install_py_dlls(): PyInit_select
   DEBUG    cellapp-1 15410 8001  [2018-07-02 15:14:40 542] - Script::install_py_dlls(): PyInit__ctypes
   DEBUG    cellapp-1 15410 8001  [2018-07-02 15:14:40 638] - Script::install_py_dlls(): PyInit__elementtree
   DEBUG    cellapp-1 15410 8001  [2018-07-02 15:14:41 637] - Script::install_py_dlls(): PyInit_unicodedata
    INFO    cellapp-1 15410 8001  [2018-07-02 15:14:42 658] - Script::install(): is successfully, Python=(3.4.2 (default, Jun 15 2018, 23:17:57) [MSC v.1913 32 bit (Intel)])!
    INFO    cellapp-1 15410 8001  [2018-07-02 15:14:42 658] - Script::install(): KBExtra is successfully!
   DEBUG    cellapp-1 15410 8001  [2018-07-02 15:14:43 691] - loaded script:BattleField(3).
   DEBUG    cellapp-1 15410 8001  [2018-07-02 15:14:43 881] - loaded script:Avatar(4).
   DEBUG    cellapp-1 15410 8001  [2018-07-02 15:14:43 935] - loaded script:card(5).
    INFO    cellapp-1 15410 8001  [2018-07-02 15:14:44 018] - TelnetServer server is running on port 50000
    INFO    cellapp-1 15410 8001  [2018-07-02 15:14:44 833] - ---- cellapp is running ----
   DEBUG    cellapp-1 15410 8001  [2018-07-02 15:14:44 883] - Components::process(): Request for the process of identity...
 WARNING    cellapp-1 15410 8001  [2018-07-02 15:14:51 127] - EntityApp::checkTickPeriod: tick took 6293% (6.29 seconds)!
    INFO    cellapp-1 15410 8001  [2018-07-02 15:14:52 227] - Components::findComponents: find logger(1)...
    INFO    cellapp-1 15410 8001  [2018-07-02 15:14:52 325] - Components::findComponents: found logger, addr:192.168.31.56:10989
    INFO    cellapp-1 15410 8001  [2018-07-02 15:14:52 329] - Components::addComponent: reset orderLog, uid=15410!
    INFO    cellapp-1 15410 8001  [2018-07-02 15:14:52 329] - Components::addComponent[logger], uid=15410, componentID=2000, globalorderid=1, grouporderid=1, totalcount=1
    INFO    cellapp-1 15410 8001  [2018-07-02 15:14:52 342] - Components::findComponents: find dbmgr(2)...
    INFO    cellapp-1 15410 8001  [2018-07-02 15:14:52 428] - Components::findComponents: found dbmgr, addr:192.168.31.56:10993
    INFO    cellapp-1 15410 8001  [2018-07-02 15:14:52 428] - Components::addComponent: reset orderLog, uid=15410!
    INFO    cellapp-1 15410 8001  [2018-07-02 15:14:52 428] - Components::addComponent[dbmgr], uid=15410, componentID=4000, globalorderid=1, grouporderid=1, totalcount=1
    INFO    cellapp-1 15410 8001  [2018-07-02 15:14:52 429] - Components::findComponents: found dbmgr, addr:192.168.31.56:10993
 WARNING    cellapp-1 15410 8001  [2018-07-02 15:14:53 441] - EntityApp::checkTickPeriod: tick took 1307% (1.31 seconds)!
    INFO    cellapp-1 15410 8001  [2018-07-02 15:14:54 434] - Components::findComponents: find cellappmgr(1)...
    INFO    cellapp-1 15410 8001  [2018-07-02 15:14:54 445] - Components::findComponents: found cellappmgr, addr:192.168.31.56:10996
    INFO    cellapp-1 15410 8001  [2018-07-02 15:14:54 445] - Components::addComponent[cellappmgr], uid=15410, componentID=6000, globalorderid=2, grouporderid=1, totalcount=1
    INFO    cellapp-1 15410 8001  [2018-07-02 15:14:54 446] - Components::findComponents: found cellappmgr, addr:192.168.31.56:10996
 WARNING    cellapp-1 15410 8001  [2018-07-02 15:14:55 446] - EntityApp::checkTickPeriod: tick took 1112% (1.11 seconds)!
    INFO    cellapp-1 15410 8001  [2018-07-02 15:14:56 527] - Components::findComponents: find baseappmgr(1)...
    INFO    cellapp-1 15410 8001  [2018-07-02 15:14:56 551] - Components::findComponents: found baseappmgr, addr:192.168.31.56:10994
    INFO    cellapp-1 15410 8001  [2018-07-02 15:14:56 552] - Components::addComponent[baseappmgr], uid=15410, componentID=5000, globalorderid=3, grouporderid=1, totalcount=1
    INFO    cellapp-1 15410 8001  [2018-07-02 15:14:56 552] - Components::findComponents: found baseappmgr, addr:192.168.31.56:10994
 WARNING    cellapp-1 15410 8001  [2018-07-02 15:14:57 552] - EntityApp::checkTickPeriod: tick took 1118% (1.12 seconds)!
    INFO    cellapp-1 15410 8001  [2018-07-02 15:14:58 727] - Components::findComponents: register self to dbmgr...
    INFO    cellapp-1 15410 8001  [2018-07-02 15:14:58 734] - Components::findComponents: register self to cellappmgr...
    INFO    cellapp-1 15410 8001  [2018-07-02 15:14:58 827] - Components::findComponents: register self to baseappmgr...
    INFO    cellapp-1 15410 8001  [2018-07-02 15:14:58 845] - Components::process(): Found all the components!
    INFO    cellapp-1 15410 8001  [2018-07-02 15:14:59 134] - ServerApp::onRegisterNewApp: uid:15410, username:, componentType:baseapp, componentID:7001, globalorderID=6, grouporderID=1, intaddr:192.168.31.56, intport:10998, extaddr:192.168.31.56, extport:20015,  from 192.168.31.56:10993/0/0/0.
    INFO    cellapp-1 15410 8001  [2018-07-02 15:14:59 134] - Components::addComponent[baseapp], uid=15410, componentID=7001, globalorderid=6, grouporderid=1, totalcount=1
    INFO    cellapp-1 15410 8001  [2018-07-02 15:15:02 134] - EntityApp::onDbmgrInitCompleted: entityID alloc(1-2001), startGlobalOrder=5, startGroupOrder=1, digest=D83ADB1A7AC1302E807E36F0AD174A02.
    INFO    cellapp01 15410 8001  [2018-07-02 15:15:02 134] - IDClient::onAddRange: number of ids increased from 1 to 2001.
   S_DBG    cellapp01 15410 8001  [2018-07-02 15:15:03 338] - onInit::isReload:0
 WARNING    cellapp01 15410 8001  [2018-07-02 15:15:03 338] - c:\users\public\documents\workspace\kbe\kbengine-kbengine-v1.0.0\kbengine\kbe\src\lib\server\entity_app.h:758: Profile processRecvMessages took 1.20 seconds
 WARNING    cellapp01 15410 8001  [2018-07-02 15:15:03 338] - c:\users\public\documents\workspace\kbe\kbengine-kbengine-v1.0.0\kbengine\kbe\src\server\cellapp\cellapp.cpp:259: Profile gameTick took 1.20 seconds
 WARNING    cellapp01 15410 8001  [2018-07-02 15:15:03 338] - c:\users\public\documents\workspace\kbe\kbengine-kbengine-v1.0.0\kbengine\kbe\src\lib\network\event_dispatcher.cpp:171: Profile callSystemTimers took 1.20 seconds
 WARNING    cellapp01 15410 8001  [2018-07-02 15:15:03 339] - EntityApp::checkTickPeriod: tick took 1205% (1.21 seconds)!
   DEBUG    cellapp01 15410 8001  [2018-07-02 15:15:03 458] - InitProgressHandler::~InitProgressHandler()
   S_DBG    cellapp01 15410 8001  [2018-07-02 15:15:04 139] - onGlobalData: Halls
