    INFO    cellapp-1 7919 8001  [2018-06-17 12:15:41 872] - -----------------------------------------------------------------------------------------


    INFO    cellapp-1 7919 8001  [2018-06-17 12:15:43 378] - Resmgr::initialize: KBE_ROOT=C:/Users/Public/Documents/workspace/kbe/kbengine-kbengine-v1.0.0/kbengine/
    INFO    cellapp-1 7919 8001  [2018-06-17 12:15:43 378] - Resmgr::initialize: KBE_RES_PATH=C:/Users/Public/Documents/workspace/kbe/kbengine-kbengine-v1.0.0/kbengine/kbe/res/;C:/Users/Public/Documents/workspace/kbe/kbengine-kbengine-v1.0.0/kbengine/assets/;C:/Users/Public/Documents/workspace/kbe/kbengine-kbengine-v1.0.0/kbengine/assets/scripts/;C:/Users/Public/Documents/workspace/kbe/kbengine-kbengine-v1.0.0/kbengine/assets/res/
    INFO    cellapp-1 7919 8001  [2018-06-17 12:15:43 378] - Resmgr::initialize: KBE_BIN_PATH=C:/Users/Public/Documents/workspace/kbe/kbengine-kbengine-v1.0.0/kbengine/kbe/bin/server/
    INFO    cellapp-1 7919 8001  [2018-06-17 12:15:43 726] - NetworkInterface::recreateListeningSocket(INTERNAL): bound to all interfaces with default route interface on 192.168.31.56 ( 192.168.31.56:38537 )
    INFO    cellapp-1 7919 8001  [2018-06-17 12:15:43 800] - NetworkInterface::recreateListeningSocket(INTERNAL): address 192.168.31.56:38537, SOMAXCONN=5.
    INFO    cellapp-1 7919 8001  [2018-06-17 12:15:43 800] - server-configs:
    INFO    cellapp-1 7919 8001  [2018-06-17 12:15:43 800] - 	gameUpdateHertz : 10
    INFO    cellapp-1 7919 8001  [2018-06-17 12:15:43 924] - 	defaultAoIRadius : 80
    INFO    cellapp-1 7919 8001  [2018-06-17 12:15:43 925] - 	defaultAoIHysteresisArea : 5
    INFO    cellapp-1 7919 8001  [2018-06-17 12:15:43 925] - 	entryScriptFile : kbemain
    INFO    cellapp-1 7919 8001  [2018-06-17 12:15:43 925] - 	internalAddr : 192.168.31.56:38537
    INFO    cellapp-1 7919 8001  [2018-06-17 12:15:43 925] - 	componentID : 8001
    INFO    cellapp-1 7919 8001  [2018-06-17 12:15:44 408] - Components::findLogger: found logger, addr:192.168.31.56:38529
    INFO    cellapp-1 7919 8001  [2018-06-17 12:15:44 409] - Components::addComponent: reset orderLog, uid=7919!
    INFO    cellapp-1 7919 8001  [2018-06-17 12:15:44 409] - Components::addComponent[logger], uid=7919, componentID=2000, globalorderid=1, grouporderid=1, totalcount=1
    INFO    cellapp-1 7919 8001  [2018-06-17 12:15:44 626] - ---- cellapp Version: 1.0.0. ScriptVersion: 0.1.0. Protocol: D25B4E16028C33EB467B7BE2F3500426. Config: Debug X86. Built: 23:20:13 Jun 15 2018. AppID: 8001. UID: 7919. PID: 13472 ----
    INFO    cellapp-1 7919 8001  [2018-06-17 12:15:44 627] - Server :        Intel(R) Core(TM) i5-2415M CPU @ 2.30GHz with 4194303kB RAM
    INFO    cellapp-1 7919 8001  [2018-06-17 12:15:44 702] - ThreadPool::createThreadPool: creating  threadpool...
    INFO    cellapp-1 7919 8001  [2018-06-17 12:15:44 754] - ThreadPool::createThreadPool: successfully(2), newThreadCount=1, normalMaxThreadCount=2, maxThreadCount=8
   DEBUG    cellapp-1 7919 8001  [2018-06-17 12:15:47 305] - Script::install_py_dlls(): PyInit_pyexpat
   DEBUG    cellapp-1 7919 8001  [2018-06-17 12:15:47 322] - Script::install_py_dlls(): PyInit__socket
   DEBUG    cellapp-1 7919 8001  [2018-06-17 12:15:47 398] - Script::install_py_dlls(): PyInit__ssl
   DEBUG    cellapp-1 7919 8001  [2018-06-17 12:15:48 496] - Script::install_py_dlls(): PyInit__hashlib
   DEBUG    cellapp-1 7919 8001  [2018-06-17 12:15:48 496] - Script::install_py_dlls(): PyInit_select
   DEBUG    cellapp-1 7919 8001  [2018-06-17 12:15:48 531] - Script::install_py_dlls(): PyInit__ctypes
   DEBUG    cellapp-1 7919 8001  [2018-06-17 12:15:48 559] - Script::install_py_dlls(): PyInit__elementtree
   DEBUG    cellapp-1 7919 8001  [2018-06-17 12:15:48 678] - Script::install_py_dlls(): PyInit_unicodedata
    INFO    cellapp-1 7919 8001  [2018-06-17 12:15:49 307] - Script::install(): is successfully, Python=(3.4.2 (default, Jun 15 2018, 23:17:57) [MSC v.1913 32 bit (Intel)])!
    INFO    cellapp-1 7919 8001  [2018-06-17 12:15:49 307] - Script::install(): KBExtra is successfully!
    INFO    cellapp-1 7919 8001  [2018-06-17 12:15:49 932] - TelnetServer server is running on port 50000
    INFO    cellapp-1 7919 8001  [2018-06-17 12:15:50 597] - ---- cellapp is running ----
   DEBUG    cellapp-1 7919 8001  [2018-06-17 12:15:50 618] - Components::process(): Request for the process of identity...
 WARNING    cellapp-1 7919 8001  [2018-06-17 12:15:56 755] - EntityApp::checkTickPeriod: tick took 6157% (6.16 seconds)!
    INFO    cellapp-1 7919 8001  [2018-06-17 12:15:57 802] - Components::findComponents: find dbmgr(1)...
 WARNING    cellapp-1 7919 8001  [2018-06-17 12:15:58 831] - EntityApp::checkTickPeriod: tick took 1033% (1.03 seconds)!
    INFO    cellapp-1 7919 8001  [2018-06-17 12:15:59 898] - Components::findComponents: find dbmgr(2)...
 WARNING    cellapp-1 7919 8001  [2018-06-17 12:16:00 948] - EntityApp::checkTickPeriod: tick took 1150% (1.15 seconds)!
    INFO    cellapp-1 7919 8001  [2018-06-17 12:16:01 998] - Components::findComponents: find dbmgr(3)...
 WARNING    cellapp-1 7919 8001  [2018-06-17 12:16:03 068] - EntityApp::checkTickPeriod: tick took 1170% (1.17 seconds)!
    INFO    cellapp-1 7919 8001  [2018-06-17 12:16:04 097] - Components::findComponents: find dbmgr(4)...
 WARNING    cellapp-1 7919 8001  [2018-06-17 12:16:05 185] - EntityApp::checkTickPeriod: tick took 1188% (1.19 seconds)!
    INFO    cellapp-1 7919 8001  [2018-06-17 12:16:06 197] - Components::findComponents: find dbmgr(5)...
 WARNING    cellapp-1 7919 8001  [2018-06-17 12:16:07 205] - EntityApp::checkTickPeriod: tick took 1108% (1.11 seconds)!
    INFO    cellapp-1 7919 8001  [2018-06-17 12:16:08 297] - Components::findComponents: find dbmgr(6)...
 WARNING    cellapp-1 7919 8001  [2018-06-17 12:16:09 327] - EntityApp::checkTickPeriod: tick took 1130% (1.13 seconds)!
    INFO    cellapp-1 7919 8001  [2018-06-17 12:16:10 398] - Components::findComponents: find dbmgr(7)...
 WARNING    cellapp-1 7919 8001  [2018-06-17 12:16:11 445] - EntityApp::checkTickPeriod: tick took 1147% (1.15 seconds)!
    INFO    cellapp-1 7919 8001  [2018-06-17 12:16:12 498] - Components::findComponents: find dbmgr(8)...
 WARNING    cellapp-1 7919 8001  [2018-06-17 12:16:13 561] - EntityApp::checkTickPeriod: tick took 1163% (1.16 seconds)!
    INFO    cellapp-1 7919 8001  [2018-06-17 12:16:14 590] - Components::findComponents: find dbmgr(9)...
 WARNING    cellapp-1 7919 8001  [2018-06-17 12:16:15 678] - EntityApp::checkTickPeriod: tick took 1180% (1.18 seconds)!
    INFO    cellapp-1 7919 8001  [2018-06-17 12:16:16 698] - Components::findComponents: find dbmgr(10)...
 WARNING    cellapp-1 7919 8001  [2018-06-17 12:16:17 795] - EntityApp::checkTickPeriod: tick took 1197% (1.20 seconds)!
    INFO    cellapp-1 7919 8001  [2018-06-17 12:16:18 798] - Components::findComponents: find dbmgr(11)...
 WARNING    cellapp-1 7919 8001  [2018-06-17 12:16:19 812] - EntityApp::checkTickPeriod: tick took 1114% (1.11 seconds)!
    INFO    cellapp-1 7919 8001  [2018-06-17 12:16:20 898] - Components::findComponents: find dbmgr(12)...
 WARNING    cellapp-1 7919 8001  [2018-06-17 12:16:21 929] - EntityApp::checkTickPeriod: tick took 1131% (1.13 seconds)!
    INFO    cellapp-1 7919 8001  [2018-06-17 12:16:22 998] - Components::findComponents: find dbmgr(13)...
 WARNING    cellapp-1 7919 8001  [2018-06-17 12:16:24 050] - EntityApp::checkTickPeriod: tick took 1152% (1.15 seconds)!
    INFO    cellapp-1 7919 8001  [2018-06-17 12:16:25 098] - Components::findComponents: find dbmgr(14)...
 WARNING    cellapp-1 7919 8001  [2018-06-17 12:16:26 172] - EntityApp::checkTickPeriod: tick took 1174% (1.17 seconds)!
    INFO    cellapp-1 7919 8001  [2018-06-17 12:16:27 197] - Components::findComponents: find dbmgr(15)...
 WARNING    cellapp-1 7919 8001  [2018-06-17 12:16:28 296] - EntityApp::checkTickPeriod: tick took 1198% (1.20 seconds)!
    INFO    cellapp-1 7919 8001  [2018-06-17 12:16:29 298] - Components::findComponents: find dbmgr(16)...
 WARNING    cellapp-1 7919 8001  [2018-06-17 12:16:30 322] - EntityApp::checkTickPeriod: tick took 1124% (1.12 seconds)!
 WARNING    cellapp-1 7919 8001  [2018-06-17 12:16:31 398] - Components::findComponents: find dbmgr(17)...
delay time is too long, please check the dbmgr logs!
 WARNING    cellapp-1 7919 8001  [2018-06-17 12:16:32 450] - EntityApp::checkTickPeriod: tick took 1152% (1.15 seconds)!
 WARNING    cellapp-1 7919 8001  [2018-06-17 12:16:33 498] - Components::findComponents: find dbmgr(18)...
delay time is too long, please check the dbmgr logs!
 WARNING    cellapp-1 7919 8001  [2018-06-17 12:16:34 568] - EntityApp::checkTickPeriod: tick took 1170% (1.17 seconds)!
 WARNING    cellapp-1 7919 8001  [2018-06-17 12:16:35 598] - Components::findComponents: find dbmgr(19)...
delay time is too long, please check the dbmgr logs!
 WARNING    cellapp-1 7919 8001  [2018-06-17 12:16:36 688] - EntityApp::checkTickPeriod: tick took 1190% (1.19 seconds)!
 WARNING    cellapp-1 7919 8001  [2018-06-17 12:16:37 698] - Components::findComponents: find dbmgr(20)...
delay time is too long, please check the dbmgr logs!
 WARNING    cellapp-1 7919 8001  [2018-06-17 12:16:38 708] - EntityApp::checkTickPeriod: tick took 1110% (1.11 seconds)!
 WARNING    cellapp-1 7919 8001  [2018-06-17 12:16:39 798] - Components::findComponents: find dbmgr(21)...
delay time is too long, please check the dbmgr logs!
 WARNING    cellapp-1 7919 8001  [2018-06-17 12:16:40 828] - EntityApp::checkTickPeriod: tick took 1130% (1.13 seconds)!
 WARNING    cellapp-1 7919 8001  [2018-06-17 12:16:41 898] - Components::findComponents: find dbmgr(22)...
delay time is too long, please check the dbmgr logs!
 WARNING    cellapp-1 7919 8001  [2018-06-17 12:16:42 950] - EntityApp::checkTickPeriod: tick took 1152% (1.15 seconds)!
 WARNING    cellapp-1 7919 8001  [2018-06-17 12:16:43 998] - Components::findComponents: find dbmgr(23)...
delay time is too long, please check the dbmgr logs!
 WARNING    cellapp-1 7919 8001  [2018-06-17 12:16:45 072] - EntityApp::checkTickPeriod: tick took 1173% (1.17 seconds)!
 WARNING    cellapp-1 7919 8001  [2018-06-17 12:16:46 099] - Components::findComponents: find dbmgr(24)...
delay time is too long, please check the dbmgr logs!
 WARNING    cellapp-1 7919 8001  [2018-06-17 12:16:46 412] - BundleBroadcast::BundleBroadcast: Cannot bind to port 20626, errorno=10048
 WARNING    cellapp-1 7919 8001  [2018-06-17 12:16:46 412] - EntityApp::checkTickPeriod: tick took 413% (0.41 seconds)!
 WARNING    cellapp-1 7919 8001  [2018-06-17 12:16:47 498] - Components::findComponents: find dbmgr(25)...
delay time is too long, please check the dbmgr logs!
 WARNING    cellapp-1 7919 8001  [2018-06-17 12:16:47 810] - BundleBroadcast::BundleBroadcast: Cannot bind to port 20211, errorno=10048
 WARNING    cellapp-1 7919 8001  [2018-06-17 12:16:47 810] - EntityApp::checkTickPeriod: tick took 412% (0.41 seconds)!
 WARNING    cellapp-1 7919 8001  [2018-06-17 12:16:48 898] - Components::findComponents: find dbmgr(26)...
delay time is too long, please check the dbmgr logs!
 WARNING    cellapp-1 7919 8001  [2018-06-17 12:16:49 910] - EntityApp::checkTickPeriod: tick took 1112% (1.11 seconds)!
 WARNING    cellapp-1 7919 8001  [2018-06-17 12:16:50 998] - Components::findComponents: find dbmgr(27)...
delay time is too long, please check the dbmgr logs!
 WARNING    cellapp-1 7919 8001  [2018-06-17 12:16:52 028] - EntityApp::checkTickPeriod: tick took 1130% (1.13 seconds)!
 WARNING    cellapp-1 7919 8001  [2018-06-17 12:16:53 098] - Components::findComponents: find dbmgr(28)...
delay time is too long, please check the dbmgr logs!
 WARNING    cellapp-1 7919 8001  [2018-06-17 12:16:54 144] - EntityApp::checkTickPeriod: tick took 1146% (1.15 seconds)!
 WARNING    cellapp-1 7919 8001  [2018-06-17 12:16:55 198] - Components::findComponents: find dbmgr(29)...
delay time is too long, please check the dbmgr logs!
 WARNING    cellapp-1 7919 8001  [2018-06-17 12:16:56 264] - EntityApp::checkTickPeriod: tick took 1166% (1.17 seconds)!
 WARNING    cellapp-1 7919 8001  [2018-06-17 12:16:57 298] - Components::findComponents: find dbmgr(30)...
delay time is too long, please check the dbmgr logs!
 WARNING    cellapp-1 7919 8001  [2018-06-17 12:16:58 386] - EntityApp::checkTickPeriod: tick took 1188% (1.19 seconds)!
 WARNING    cellapp-1 7919 8001  [2018-06-17 12:16:59 398] - Components::findComponents: find dbmgr(31)...
delay time is too long, please check the dbmgr logs!
 WARNING    cellapp-1 7919 8001  [2018-06-17 12:17:00 504] - EntityApp::checkTickPeriod: tick took 1206% (1.21 seconds)!
 WARNING    cellapp-1 7919 8001  [2018-06-17 12:17:01 598] - Components::findComponents: find dbmgr(32)...
delay time is too long, please check the dbmgr logs!
 WARNING    cellapp-1 7919 8001  [2018-06-17 12:17:02 625] - EntityApp::checkTickPeriod: tick took 1126% (1.13 seconds)!
 WARNING    cellapp-1 7919 8001  [2018-06-17 12:17:03 699] - Components::findComponents: find dbmgr(33)...
delay time is too long, please check the dbmgr logs!
 WARNING    cellapp-1 7919 8001  [2018-06-17 12:17:04 742] - EntityApp::checkTickPeriod: tick took 1143% (1.14 seconds)!
 WARNING    cellapp-1 7919 8001  [2018-06-17 12:17:05 799] - Components::findComponents: find dbmgr(34)...
delay time is too long, please check the dbmgr logs!
 WARNING    cellapp-1 7919 8001  [2018-06-17 12:17:06 860] - EntityApp::checkTickPeriod: tick took 1161% (1.16 seconds)!
 WARNING    cellapp-1 7919 8001  [2018-06-17 12:17:07 899] - Components::findComponents: find dbmgr(35)...
delay time is too long, please check the dbmgr logs!
 WARNING    cellapp-1 7919 8001  [2018-06-17 12:17:08 976] - EntityApp::checkTickPeriod: tick took 1177% (1.18 seconds)!
 WARNING    cellapp-1 7919 8001  [2018-06-17 12:17:09 999] - Components::findComponents: find dbmgr(36)...
delay time is too long, please check the dbmgr logs!
 WARNING    cellapp-1 7919 8001  [2018-06-17 12:17:11 096] - EntityApp::checkTickPeriod: tick took 1198% (1.20 seconds)!
 WARNING    cellapp-1 7919 8001  [2018-06-17 12:17:12 098] - Components::findComponents: find dbmgr(37)...
delay time is too long, please check the dbmgr logs!
 WARNING    cellapp-1 7919 8001  [2018-06-17 12:17:13 121] - EntityApp::checkTickPeriod: tick took 1123% (1.12 seconds)!
 WARNING    cellapp-1 7919 8001  [2018-06-17 12:17:14 198] - Components::findComponents: find dbmgr(38)...
delay time is too long, please check the dbmgr logs!
 WARNING    cellapp-1 7919 8001  [2018-06-17 12:17:15 240] - EntityApp::checkTickPeriod: tick took 1142% (1.14 seconds)!
 WARNING    cellapp-1 7919 8001  [2018-06-17 12:17:16 298] - Components::findComponents: find dbmgr(39)...
delay time is too long, please check the dbmgr logs!
 WARNING    cellapp-1 7919 8001  [2018-06-17 12:17:17 356] - EntityApp::checkTickPeriod: tick took 1158% (1.16 seconds)!
 WARNING    cellapp-1 7919 8001  [2018-06-17 12:17:18 398] - Components::findComponents: find dbmgr(40)...
delay time is too long, please check the dbmgr logs!
 WARNING    cellapp-1 7919 8001  [2018-06-17 12:17:19 474] - EntityApp::checkTickPeriod: tick took 1176% (1.18 seconds)!
 WARNING    cellapp-1 7919 8001  [2018-06-17 12:17:20 499] - Components::findComponents: find dbmgr(41)...
delay time is too long, please check the dbmgr logs!
 WARNING    cellapp-1 7919 8001  [2018-06-17 12:17:21 591] - EntityApp::checkTickPeriod: tick took 1192% (1.19 seconds)!
 WARNING    cellapp-1 7919 8001  [2018-06-17 12:17:22 599] - Components::findComponents: find dbmgr(42)...
delay time is too long, please check the dbmgr logs!
 WARNING    cellapp-1 7919 8001  [2018-06-17 12:17:23 611] - EntityApp::checkTickPeriod: tick took 1112% (1.11 seconds)!
 WARNING    cellapp-1 7919 8001  [2018-06-17 12:17:24 699] - Components::findComponents: find dbmgr(43)...
delay time is too long, please check the dbmgr logs!
 WARNING    cellapp-1 7919 8001  [2018-06-17 12:17:25 731] - EntityApp::checkTickPeriod: tick took 1132% (1.13 seconds)!
 WARNING    cellapp-1 7919 8001  [2018-06-17 12:17:26 799] - Components::findComponents: find dbmgr(44)...
delay time is too long, please check the dbmgr logs!
 WARNING    cellapp-1 7919 8001  [2018-06-17 12:17:27 853] - EntityApp::checkTickPeriod: tick took 1154% (1.15 seconds)!
 WARNING    cellapp-1 7919 8001  [2018-06-17 12:17:28 898] - Components::findComponents: find dbmgr(45)...
delay time is too long, please check the dbmgr logs!
 WARNING    cellapp-1 7919 8001  [2018-06-17 12:17:29 974] - EntityApp::checkTickPeriod: tick took 1175% (1.17 seconds)!
 WARNING    cellapp-1 7919 8001  [2018-06-17 12:17:30 998] - Components::findComponents: find dbmgr(46)...
delay time is too long, please check the dbmgr logs!
 WARNING    cellapp-1 7919 8001  [2018-06-17 12:17:32 093] - EntityApp::checkTickPeriod: tick took 1193% (1.19 seconds)!
 WARNING    cellapp-1 7919 8001  [2018-06-17 12:17:33 098] - Components::findComponents: find dbmgr(47)...
delay time is too long, please check the dbmgr logs!
 WARNING    cellapp-1 7919 8001  [2018-06-17 12:17:34 112] - EntityApp::checkTickPeriod: tick took 1114% (1.11 seconds)!
 WARNING    cellapp-1 7919 8001  [2018-06-17 12:17:35 198] - Components::findComponents: find dbmgr(48)...
delay time is too long, please check the dbmgr logs!
 WARNING    cellapp-1 7919 8001  [2018-06-17 12:17:36 235] - EntityApp::checkTickPeriod: tick took 1137% (1.14 seconds)!
 WARNING    cellapp-1 7919 8001  [2018-06-17 12:17:37 298] - Components::findComponents: find dbmgr(49)...
delay time is too long, please check the dbmgr logs!
 WARNING    cellapp-1 7919 8001  [2018-06-17 12:17:38 354] - EntityApp::checkTickPeriod: tick took 1155% (1.15 seconds)!
 WARNING    cellapp-1 7919 8001  [2018-06-17 12:17:39 399] - Components::findComponents: find dbmgr(50)...
delay time is too long, please check the dbmgr logs!
 WARNING    cellapp-1 7919 8001  [2018-06-17 12:17:40 413] - EntityApp::checkTickPeriod: tick took 1114% (1.11 seconds)!
 WARNING    cellapp-1 7919 8001  [2018-06-17 12:17:41 499] - Components::findComponents: find dbmgr(51)...
delay time is too long, please check the dbmgr logs!
 WARNING    cellapp-1 7919 8001  [2018-06-17 12:17:42 531] - EntityApp::checkTickPeriod: tick took 1132% (1.13 seconds)!
 WARNING    cellapp-1 7919 8001  [2018-06-17 12:17:43 599] - Components::findComponents: find dbmgr(52)...
delay time is too long, please check the dbmgr logs!
 WARNING    cellapp-1 7919 8001  [2018-06-17 12:17:44 651] - EntityApp::checkTickPeriod: tick took 1152% (1.15 seconds)!
 WARNING    cellapp-1 7919 8001  [2018-06-17 12:17:45 699] - Components::findComponents: find dbmgr(53)...
delay time is too long, please check the dbmgr logs!
 WARNING    cellapp-1 7919 8001  [2018-06-17 12:17:46 772] - EntityApp::checkTickPeriod: tick took 1173% (1.17 seconds)!
 WARNING    cellapp-1 7919 8001  [2018-06-17 12:17:47 799] - Components::findComponents: find dbmgr(54)...
delay time is too long, please check the dbmgr logs!
 WARNING    cellapp-1 7919 8001  [2018-06-17 12:17:48 889] - EntityApp::checkTickPeriod: tick took 1190% (1.19 seconds)!
 WARNING    cellapp-1 7919 8001  [2018-06-17 12:17:49 899] - Components::findComponents: find dbmgr(55)...
delay time is too long, please check the dbmgr logs!
 WARNING    cellapp-1 7919 8001  [2018-06-17 12:17:50 915] - EntityApp::checkTickPeriod: tick took 1116% (1.12 seconds)!
 WARNING    cellapp-1 7919 8001  [2018-06-17 12:17:51 999] - Components::findComponents: find dbmgr(56)...
delay time is too long, please check the dbmgr logs!
 WARNING    cellapp-1 7919 8001  [2018-06-17 12:17:53 034] - EntityApp::checkTickPeriod: tick took 1135% (1.13 seconds)!
 WARNING    cellapp-1 7919 8001  [2018-06-17 12:17:54 098] - Components::findComponents: find dbmgr(57)...
delay time is too long, please check the dbmgr logs!
 WARNING    cellapp-1 7919 8001  [2018-06-17 12:17:55 154] - EntityApp::checkTickPeriod: tick took 1155% (1.15 seconds)!
 WARNING    cellapp-1 7919 8001  [2018-06-17 12:17:56 199] - Components::findComponents: find dbmgr(58)...
delay time is too long, please check the dbmgr logs!
 WARNING    cellapp-1 7919 8001  [2018-06-17 12:17:57 274] - EntityApp::checkTickPeriod: tick took 1175% (1.17 seconds)!
 WARNING    cellapp-1 7919 8001  [2018-06-17 12:17:58 299] - Components::findComponents: find dbmgr(59)...
delay time is too long, please check the dbmgr logs!
 WARNING    cellapp-1 7919 8001  [2018-06-17 12:17:59 324] - EntityApp::checkTickPeriod: tick took 1125% (1.13 seconds)!
 WARNING    cellapp-1 7919 8001  [2018-06-17 12:18:00 399] - Components::findComponents: find dbmgr(60)...
delay time is too long, please check the dbmgr logs!
 WARNING    cellapp-1 7919 8001  [2018-06-17 12:18:01 444] - EntityApp::checkTickPeriod: tick took 1145% (1.14 seconds)!
 WARNING    cellapp-1 7919 8001  [2018-06-17 12:18:02 499] - Components::findComponents: find dbmgr(61)...
delay time is too long, please check the dbmgr logs!
 WARNING    cellapp-1 7919 8001  [2018-06-17 12:18:03 561] - EntityApp::checkTickPeriod: tick took 1162% (1.16 seconds)!
 WARNING    cellapp-1 7919 8001  [2018-06-17 12:18:04 599] - Components::findComponents: find dbmgr(62)...
delay time is too long, please check the dbmgr logs!
 WARNING    cellapp-1 7919 8001  [2018-06-17 12:18:05 680] - EntityApp::checkTickPeriod: tick took 1181% (1.18 seconds)!
 WARNING    cellapp-1 7919 8001  [2018-06-17 12:18:06 699] - Components::findComponents: find dbmgr(63)...
delay time is too long, please check the dbmgr logs!
 WARNING    cellapp-1 7919 8001  [2018-06-17 12:18:07 804] - EntityApp::checkTickPeriod: tick took 1205% (1.21 seconds)!
 WARNING    cellapp-1 7919 8001  [2018-06-17 12:18:08 899] - Components::findComponents: find dbmgr(64)...
delay time is too long, please check the dbmgr logs!
 WARNING    cellapp-1 7919 8001  [2018-06-17 12:18:09 922] - EntityApp::checkTickPeriod: tick took 1123% (1.12 seconds)!
 WARNING    cellapp-1 7919 8001  [2018-06-17 12:18:10 999] - Components::findComponents: find dbmgr(65)...
delay time is too long, please check the dbmgr logs!
 WARNING    cellapp-1 7919 8001  [2018-06-17 12:18:12 041] - EntityApp::checkTickPeriod: tick took 1142% (1.14 seconds)!
 WARNING    cellapp-1 7919 8001  [2018-06-17 12:18:13 099] - Components::findComponents: find dbmgr(66)...
delay time is too long, please check the dbmgr logs!
 WARNING    cellapp-1 7919 8001  [2018-06-17 12:18:14 159] - EntityApp::checkTickPeriod: tick took 1159% (1.16 seconds)!
 WARNING    cellapp-1 7919 8001  [2018-06-17 12:18:15 199] - Components::findComponents: find dbmgr(67)...
delay time is too long, please check the dbmgr logs!
 WARNING    cellapp-1 7919 8001  [2018-06-17 12:18:16 277] - EntityApp::checkTickPeriod: tick took 1177% (1.18 seconds)!
 WARNING    cellapp-1 7919 8001  [2018-06-17 12:18:17 299] - Components::findComponents: find dbmgr(68)...
delay time is too long, please check the dbmgr logs!
 WARNING    cellapp-1 7919 8001  [2018-06-17 12:18:18 400] - EntityApp::checkTickPeriod: tick took 1201% (1.20 seconds)!
    INFO    cellapp-1 9218 8001  [2018-06-17 12:21:29 008] - -----------------------------------------------------------------------------------------


    INFO    cellapp-1 9218 8001  [2018-06-17 12:21:29 009] - Resmgr::initialize: KBE_ROOT=C:/Users/Public/Documents/workspace/kbe/kbengine-kbengine-v1.0.0/kbengine/
    INFO    cellapp-1 9218 8001  [2018-06-17 12:21:29 010] - Resmgr::initialize: KBE_RES_PATH=C:/Users/Public/Documents/workspace/kbe/kbengine-kbengine-v1.0.0/kbengine/kbe/res/;C:/Users/Public/Documents/workspace/kbe/kbengine-kbengine-v1.0.0/kbengine/assets/;C:/Users/Public/Documents/workspace/kbe/kbengine-kbengine-v1.0.0/kbengine/assets/scripts/;C:/Users/Public/Documents/workspace/kbe/kbengine-kbengine-v1.0.0/kbengine/assets/res/
    INFO    cellapp-1 9218 8001  [2018-06-17 12:21:29 010] - Resmgr::initialize: KBE_BIN_PATH=C:/Users/Public/Documents/workspace/kbe/kbengine-kbengine-v1.0.0/kbengine/kbe/bin/server/
    INFO    cellapp-1 9218 8001  [2018-06-17 12:21:29 020] - NetworkInterface::recreateListeningSocket(INTERNAL): bound to all interfaces with default route interface on 192.168.31.56 ( 192.168.31.56:38588 )
    INFO    cellapp-1 9218 8001  [2018-06-17 12:21:29 020] - NetworkInterface::recreateListeningSocket(INTERNAL): address 192.168.31.56:38588, SOMAXCONN=5.
    INFO    cellapp-1 9218 8001  [2018-06-17 12:21:29 020] - server-configs:
    INFO    cellapp-1 9218 8001  [2018-06-17 12:21:29 021] - 	gameUpdateHertz : 10
    INFO    cellapp-1 9218 8001  [2018-06-17 12:21:29 021] - 	defaultAoIRadius : 80
    INFO    cellapp-1 9218 8001  [2018-06-17 12:21:29 021] - 	defaultAoIHysteresisArea : 5
    INFO    cellapp-1 9218 8001  [2018-06-17 12:21:29 021] - 	entryScriptFile : kbemain
    INFO    cellapp-1 9218 8001  [2018-06-17 12:21:29 021] - 	internalAddr : 192.168.31.56:38588
    INFO    cellapp-1 9218 8001  [2018-06-17 12:21:29 021] - 	componentID : 8001
    INFO    cellapp-1 9218 8001  [2018-06-17 12:21:30 532] - ---- cellapp Version: 1.0.0. ScriptVersion: 0.1.0. Protocol: D25B4E16028C33EB467B7BE2F3500426. Config: Debug X86. Built: 23:20:13 Jun 15 2018. AppID: 8001. UID: 9218. PID: 12280 ----
    INFO    cellapp-1 9218 8001  [2018-06-17 12:21:30 533] - Server :        Intel(R) Core(TM) i5-2415M CPU @ 2.30GHz with 4194303kB RAM
    INFO    cellapp-1 9218 8001  [2018-06-17 12:21:30 533] - ThreadPool::createThreadPool: creating  threadpool...
    INFO    cellapp-1 9218 8001  [2018-06-17 12:21:30 534] - ThreadPool::createThreadPool: successfully(2), newThreadCount=1, normalMaxThreadCount=2, maxThreadCount=8
   DEBUG    cellapp-1 9218 8001  [2018-06-17 12:21:30 684] - Script::install_py_dlls(): PyInit_pyexpat
   DEBUG    cellapp-1 9218 8001  [2018-06-17 12:21:30 684] - Script::install_py_dlls(): PyInit__socket
   DEBUG    cellapp-1 9218 8001  [2018-06-17 12:21:30 685] - Script::install_py_dlls(): PyInit__ssl
   DEBUG    cellapp-1 9218 8001  [2018-06-17 12:21:30 689] - Script::install_py_dlls(): PyInit__hashlib
   DEBUG    cellapp-1 9218 8001  [2018-06-17 12:21:30 690] - Script::install_py_dlls(): PyInit_select
   DEBUG    cellapp-1 9218 8001  [2018-06-17 12:21:30 690] - Script::install_py_dlls(): PyInit__ctypes
   DEBUG    cellapp-1 9218 8001  [2018-06-17 12:21:30 691] - Script::install_py_dlls(): PyInit__elementtree
   DEBUG    cellapp-1 9218 8001  [2018-06-17 12:21:30 740] - Script::install_py_dlls(): PyInit_unicodedata
    INFO    cellapp-1 9218 8001  [2018-06-17 12:21:30 793] - Script::install(): is successfully, Python=(3.4.2 (default, Jun 15 2018, 23:17:57) [MSC v.1913 32 bit (Intel)])!
    INFO    cellapp-1 9218 8001  [2018-06-17 12:21:30 793] - Script::install(): KBExtra is successfully!
    INFO    cellapp-1 9218 8001  [2018-06-17 12:21:30 807] - TelnetServer server is running on port 50000
    INFO    cellapp-1 9218 8001  [2018-06-17 12:21:32 265] - ---- cellapp is running ----
   DEBUG    cellapp-1 9218 8001  [2018-06-17 12:21:32 266] - Components::process(): Request for the process of identity...
 WARNING    cellapp-1 9218 8001  [2018-06-17 12:21:38 459] - EntityApp::checkTickPeriod: tick took 6194% (6.19 seconds)!
    INFO    cellapp-1 9218 8001  [2018-06-17 12:21:39 512] - Components::findComponents: find logger(1)...
    INFO    cellapp-1 9218 8001  [2018-06-17 12:21:39 562] - Components::findComponents: found logger, addr:192.168.31.56:38594
    INFO    cellapp-1 9218 8001  [2018-06-17 12:21:39 562] - Components::addComponent: reset orderLog, uid=9218!
    INFO    cellapp-1 9218 8001  [2018-06-17 12:21:39 563] - Components::addComponent[logger], uid=9218, componentID=2000, globalorderid=1, grouporderid=1, totalcount=1
    INFO    cellapp-1 9218 8001  [2018-06-17 12:21:39 565] - Components::findComponents: find dbmgr(2)...
 WARNING    cellapp-1 9218 8001  [2018-06-17 12:21:40 667] - EntityApp::checkTickPeriod: tick took 1202% (1.20 seconds)!
    INFO    cellapp-1 9218 8001  [2018-06-17 12:21:41 712] - Components::findComponents: find dbmgr(3)...
 WARNING    cellapp-1 9218 8001  [2018-06-17 12:21:42 804] - EntityApp::checkTickPeriod: tick took 1138% (1.14 seconds)!
    INFO    cellapp-1 9218 8001  [2018-06-17 12:21:43 813] - Components::findComponents: find dbmgr(4)...
 WARNING    cellapp-1 9218 8001  [2018-06-17 12:21:44 823] - EntityApp::checkTickPeriod: tick took 1058% (1.06 seconds)!
    INFO    cellapp-1 9218 8001  [2018-06-17 12:21:45 865] - Components::findComponents: find dbmgr(5)...
 WARNING    cellapp-1 9218 8001  [2018-06-17 12:21:46 940] - EntityApp::checkTickPeriod: tick took 1175% (1.17 seconds)!
    INFO    cellapp-1 9218 8001  [2018-06-17 12:21:47 965] - Components::findComponents: find dbmgr(6)...
 WARNING    cellapp-1 9218 8001  [2018-06-17 12:21:49 057] - EntityApp::checkTickPeriod: tick took 1192% (1.19 seconds)!
    INFO    cellapp-1 9218 8001  [2018-06-17 12:21:50 065] - Components::findComponents: find dbmgr(7)...
 WARNING    cellapp-1 9218 8001  [2018-06-17 12:21:51 084] - EntityApp::checkTickPeriod: tick took 1119% (1.12 seconds)!
    INFO    cellapp-1 9218 8001  [2018-06-17 12:21:52 112] - Components::findComponents: find dbmgr(8)...
 WARNING    cellapp-1 9218 8001  [2018-06-17 12:21:53 202] - EntityApp::checkTickPeriod: tick took 1137% (1.14 seconds)!
    INFO    cellapp-1 9218 8001  [2018-06-17 12:21:54 212] - Components::findComponents: find dbmgr(9)...
 WARNING    cellapp-1 9218 8001  [2018-06-17 12:21:55 217] - EntityApp::checkTickPeriod: tick took 1052% (1.05 seconds)!
    INFO    cellapp-1 9218 8001  [2018-06-17 12:21:56 265] - Components::findComponents: find dbmgr(10)...
 WARNING    cellapp-1 9218 8001  [2018-06-17 12:21:57 333] - EntityApp::checkTickPeriod: tick took 1168% (1.17 seconds)!
    INFO    cellapp-1 9218 8001  [2018-06-17 12:21:58 365] - Components::findComponents: find dbmgr(11)...
 WARNING    cellapp-1 9218 8001  [2018-06-17 12:21:59 450] - EntityApp::checkTickPeriod: tick took 1185% (1.18 seconds)!
    INFO    cellapp-1 9218 8001  [2018-06-17 12:22:00 466] - Components::findComponents: find dbmgr(12)...
 WARNING    cellapp-1 9218 8001  [2018-06-17 12:22:01 570] - EntityApp::checkTickPeriod: tick took 1203% (1.20 seconds)!
    INFO    cellapp-1 9218 8001  [2018-06-17 12:22:02 612] - Components::findComponents: find dbmgr(13)...
 WARNING    cellapp-1 9218 8001  [2018-06-17 12:22:03 683] - EntityApp::checkTickPeriod: tick took 1117% (1.12 seconds)!
    INFO    cellapp-1 9218 8001  [2018-06-17 12:22:04 712] - Components::findComponents: find dbmgr(14)...
 WARNING    cellapp-1 9218 8001  [2018-06-17 12:22:05 800] - EntityApp::checkTickPeriod: tick took 1135% (1.13 seconds)!
    INFO    cellapp-1 9218 8001  [2018-06-17 12:22:06 812] - Components::findComponents: find dbmgr(15)...
 WARNING    cellapp-1 9218 8001  [2018-06-17 12:22:07 819] - EntityApp::checkTickPeriod: tick took 1054% (1.05 seconds)!
    INFO    cellapp-1 9218 8001  [2018-06-17 12:22:08 865] - Components::findComponents: find dbmgr(16)...
 WARNING    cellapp-1 9218 8001  [2018-06-17 12:22:09 935] - EntityApp::checkTickPeriod: tick took 1170% (1.17 seconds)!
 WARNING    cellapp-1 9218 8001  [2018-06-17 12:22:10 965] - Components::findComponents: find dbmgr(17)...
delay time is too long, please check the dbmgr logs!
 WARNING    cellapp-1 9218 8001  [2018-06-17 12:22:12 052] - EntityApp::checkTickPeriod: tick took 1187% (1.19 seconds)!
 WARNING    cellapp-1 9218 8001  [2018-06-17 12:22:13 065] - Components::findComponents: find dbmgr(18)...
delay time is too long, please check the dbmgr logs!
 WARNING    cellapp-1 9218 8001  [2018-06-17 12:22:14 080] - EntityApp::checkTickPeriod: tick took 1115% (1.12 seconds)!
 WARNING    cellapp-1 9218 8001  [2018-06-17 12:22:15 112] - Components::findComponents: find dbmgr(19)...
delay time is too long, please check the dbmgr logs!
 WARNING    cellapp-1 9218 8001  [2018-06-17 12:22:16 196] - EntityApp::checkTickPeriod: tick took 1131% (1.13 seconds)!
 WARNING    cellapp-1 9218 8001  [2018-06-17 12:22:17 213] - Components::findComponents: find dbmgr(20)...
delay time is too long, please check the dbmgr logs!
 WARNING    cellapp-1 9218 8001  [2018-06-17 12:22:18 316] - EntityApp::checkTickPeriod: tick took 1150% (1.15 seconds)!
 WARNING    cellapp-1 9218 8001  [2018-06-17 12:22:19 366] - Components::findComponents: find dbmgr(21)...
delay time is too long, please check the dbmgr logs!
 WARNING    cellapp-1 9218 8001  [2018-06-17 12:22:20 390] - EntityApp::checkTickPeriod: tick took 1124% (1.12 seconds)!
 WARNING    cellapp-1 9218 8001  [2018-06-17 12:22:21 413] - Components::findComponents: find dbmgr(22)...
delay time is too long, please check the dbmgr logs!
 WARNING    cellapp-1 9218 8001  [2018-06-17 12:22:22 510] - EntityApp::checkTickPeriod: tick took 1144% (1.14 seconds)!
 WARNING    cellapp-1 9218 8001  [2018-06-17 12:22:23 513] - Components::findComponents: find dbmgr(23)...
delay time is too long, please check the dbmgr logs!
 WARNING    cellapp-1 9218 8001  [2018-06-17 12:22:24 528] - EntityApp::checkTickPeriod: tick took 1062% (1.06 seconds)!
 WARNING    cellapp-1 9218 8001  [2018-06-17 12:22:25 566] - Components::findComponents: find dbmgr(24)...
delay time is too long, please check the dbmgr logs!
 WARNING    cellapp-1 9218 8001  [2018-06-17 12:22:26 646] - EntityApp::checkTickPeriod: tick took 1180% (1.18 seconds)!
 WARNING    cellapp-1 9218 8001  [2018-06-17 12:22:27 665] - Components::findComponents: find dbmgr(25)...
delay time is too long, please check the dbmgr logs!
 WARNING    cellapp-1 9218 8001  [2018-06-17 12:22:28 765] - EntityApp::checkTickPeriod: tick took 1200% (1.20 seconds)!
 WARNING    cellapp-1 9218 8001  [2018-06-17 12:22:29 812] - Components::findComponents: find dbmgr(26)...
delay time is too long, please check the dbmgr logs!
 WARNING    cellapp-1 9218 8001  [2018-06-17 12:22:30 881] - EntityApp::checkTickPeriod: tick took 1116% (1.12 seconds)!
 WARNING    cellapp-1 9218 8001  [2018-06-17 12:22:31 912] - Components::findComponents: find dbmgr(27)...
delay time is too long, please check the dbmgr logs!
 WARNING    cellapp-1 9218 8001  [2018-06-17 12:22:32 997] - EntityApp::checkTickPeriod: tick took 1132% (1.13 seconds)!
 WARNING    cellapp-1 9218 8001  [2018-06-17 12:22:34 012] - Components::findComponents: find dbmgr(28)...
delay time is too long, please check the dbmgr logs!
 WARNING    cellapp-1 9218 8001  [2018-06-17 12:22:35 117] - EntityApp::checkTickPeriod: tick took 1151% (1.15 seconds)!
 WARNING    cellapp-1 9218 8001  [2018-06-17 12:22:36 166] - Components::findComponents: find dbmgr(29)...
delay time is too long, please check the dbmgr logs!
 WARNING    cellapp-1 9218 8001  [2018-06-17 12:22:37 236] - EntityApp::checkTickPeriod: tick took 1170% (1.17 seconds)!
 WARNING    cellapp-1 9218 8001  [2018-06-17 12:22:38 266] - Components::findComponents: find dbmgr(30)...
delay time is too long, please check the dbmgr logs!
 WARNING    cellapp-1 9218 8001  [2018-06-17 12:22:39 349] - EntityApp::checkTickPeriod: tick took 1183% (1.18 seconds)!
 WARNING    cellapp-1 9218 8001  [2018-06-17 12:22:40 366] - Components::findComponents: find dbmgr(31)...
delay time is too long, please check the dbmgr logs!
 WARNING    cellapp-1 9218 8001  [2018-06-17 12:22:41 374] - EntityApp::checkTickPeriod: tick took 1108% (1.11 seconds)!
 WARNING    cellapp-1 9218 8001  [2018-06-17 12:22:42 413] - Components::findComponents: find dbmgr(32)...
delay time is too long, please check the dbmgr logs!
 WARNING    cellapp-1 9218 8001  [2018-06-17 12:22:43 491] - EntityApp::checkTickPeriod: tick took 1125% (1.13 seconds)!
 WARNING    cellapp-1 9218 8001  [2018-06-17 12:22:44 513] - Components::findComponents: find dbmgr(33)...
delay time is too long, please check the dbmgr logs!
 WARNING    cellapp-1 9218 8001  [2018-06-17 12:22:45 610] - EntityApp::checkTickPeriod: tick took 1144% (1.14 seconds)!
 WARNING    cellapp-1 9218 8001  [2018-06-17 12:22:46 613] - Components::findComponents: find dbmgr(34)...
delay time is too long, please check the dbmgr logs!
 WARNING    cellapp-1 9218 8001  [2018-06-17 12:22:47 628] - EntityApp::checkTickPeriod: tick took 1062% (1.06 seconds)!
    INFO    cellapp-1 10623 8001  [2018-06-17 12:28:39 283] - -----------------------------------------------------------------------------------------


    INFO    cellapp-1 10623 8001  [2018-06-17 12:28:39 284] - Resmgr::initialize: KBE_ROOT=C:/Users/Public/Documents/workspace/kbe/kbengine-kbengine-v1.0.0/kbengine/
    INFO    cellapp-1 10623 8001  [2018-06-17 12:28:39 284] - Resmgr::initialize: KBE_RES_PATH=C:/Users/Public/Documents/workspace/kbe/kbengine-kbengine-v1.0.0/kbengine/kbe/res/;C:/Users/Public/Documents/workspace/kbe/kbengine-kbengine-v1.0.0/kbengine/assets/;C:/Users/Public/Documents/workspace/kbe/kbengine-kbengine-v1.0.0/kbengine/assets/scripts/;C:/Users/Public/Documents/workspace/kbe/kbengine-kbengine-v1.0.0/kbengine/assets/res/
    INFO    cellapp-1 10623 8001  [2018-06-17 12:28:39 284] - Resmgr::initialize: KBE_BIN_PATH=C:/Users/Public/Documents/workspace/kbe/kbengine-kbengine-v1.0.0/kbengine/kbe/bin/server/
    INFO    cellapp-1 10623 8001  [2018-06-17 12:28:39 294] - NetworkInterface::recreateListeningSocket(INTERNAL): bound to all interfaces with default route interface on 192.168.31.56 ( 192.168.31.56:38697 )
    INFO    cellapp-1 10623 8001  [2018-06-17 12:28:39 295] - NetworkInterface::recreateListeningSocket(INTERNAL): address 192.168.31.56:38697, SOMAXCONN=5.
    INFO    cellapp-1 10623 8001  [2018-06-17 12:28:39 295] - server-configs:
    INFO    cellapp-1 10623 8001  [2018-06-17 12:28:39 295] - 	gameUpdateHertz : 10
    INFO    cellapp-1 10623 8001  [2018-06-17 12:28:39 296] - 	defaultAoIRadius : 80
    INFO    cellapp-1 10623 8001  [2018-06-17 12:28:39 296] - 	defaultAoIHysteresisArea : 5
    INFO    cellapp-1 10623 8001  [2018-06-17 12:28:39 296] - 	entryScriptFile : kbemain
    INFO    cellapp-1 10623 8001  [2018-06-17 12:28:39 296] - 	internalAddr : 192.168.31.56:38697
    INFO    cellapp-1 10623 8001  [2018-06-17 12:28:39 296] - 	componentID : 8001
    INFO    cellapp-1 10623 8001  [2018-06-17 12:28:40 811] - ---- cellapp Version: 1.0.0. ScriptVersion: 0.1.0. Protocol: D25B4E16028C33EB467B7BE2F3500426. Config: Debug X86. Built: 23:20:13 Jun 15 2018. AppID: 8001. UID: 10623. PID: 15544 ----
    INFO    cellapp-1 10623 8001  [2018-06-17 12:28:40 812] - Server :        Intel(R) Core(TM) i5-2415M CPU @ 2.30GHz with 4194303kB RAM
    INFO    cellapp-1 10623 8001  [2018-06-17 12:28:40 812] - ThreadPool::createThreadPool: creating  threadpool...
    INFO    cellapp-1 10623 8001  [2018-06-17 12:28:40 813] - ThreadPool::createThreadPool: successfully(2), newThreadCount=1, normalMaxThreadCount=2, maxThreadCount=8
   DEBUG    cellapp-1 10623 8001  [2018-06-17 12:28:40 960] - Script::install_py_dlls(): PyInit_pyexpat
   DEBUG    cellapp-1 10623 8001  [2018-06-17 12:28:40 960] - Script::install_py_dlls(): PyInit__socket
   DEBUG    cellapp-1 10623 8001  [2018-06-17 12:28:40 961] - Script::install_py_dlls(): PyInit__ssl
   DEBUG    cellapp-1 10623 8001  [2018-06-17 12:28:40 965] - Script::install_py_dlls(): PyInit__hashlib
   DEBUG    cellapp-1 10623 8001  [2018-06-17 12:28:40 966] - Script::install_py_dlls(): PyInit_select
   DEBUG    cellapp-1 10623 8001  [2018-06-17 12:28:40 966] - Script::install_py_dlls(): PyInit__ctypes
   DEBUG    cellapp-1 10623 8001  [2018-06-17 12:28:40 967] - Script::install_py_dlls(): PyInit__elementtree
   DEBUG    cellapp-1 10623 8001  [2018-06-17 12:28:41 026] - Script::install_py_dlls(): PyInit_unicodedata
    INFO    cellapp-1 10623 8001  [2018-06-17 12:28:41 078] - Script::install(): is successfully, Python=(3.4.2 (default, Jun 15 2018, 23:17:57) [MSC v.1913 32 bit (Intel)])!
    INFO    cellapp-1 10623 8001  [2018-06-17 12:28:41 079] - Script::install(): KBExtra is successfully!
    INFO    cellapp-1 10623 8001  [2018-06-17 12:28:41 089] - TelnetServer server is running on port 50000
    INFO    cellapp-1 10623 8001  [2018-06-17 12:28:42 202] - ---- cellapp is running ----
   DEBUG    cellapp-1 10623 8001  [2018-06-17 12:28:42 203] - Components::process(): Request for the process of identity...
 WARNING    cellapp-1 10623 8001  [2018-06-17 12:28:48 363] - EntityApp::checkTickPeriod: tick took 6161% (6.16 seconds)!
    INFO    cellapp-1 10623 8001  [2018-06-17 12:28:49 386] - Components::findComponents: find logger(1)...
    INFO    cellapp-1 10623 8001  [2018-06-17 12:28:49 460] - Components::findComponents: found logger, addr:192.168.31.56:38701
    INFO    cellapp-1 10623 8001  [2018-06-17 12:28:49 460] - Components::addComponent: reset orderLog, uid=10623!
    INFO    cellapp-1 10623 8001  [2018-06-17 12:28:49 460] - Components::addComponent[logger], uid=10623, componentID=2000, globalorderid=1, grouporderid=1, totalcount=1
    INFO    cellapp-1 10623 8001  [2018-06-17 12:28:49 463] - Components::findComponents: find dbmgr(2)...
 WARNING    cellapp-1 10623 8001  [2018-06-17 12:28:50 565] - EntityApp::checkTickPeriod: tick took 1263% (1.26 seconds)!
    INFO    cellapp-1 10623 8001  [2018-06-17 12:28:51 586] - Components::findComponents: find dbmgr(3)...
 WARNING    cellapp-1 10623 8001  [2018-06-17 12:28:52 683] - EntityApp::checkTickPeriod: tick took 1181% (1.18 seconds)!
    INFO    cellapp-1 10694 8001  [2018-06-17 12:29:01 272] - -----------------------------------------------------------------------------------------


    INFO    cellapp-1 10694 8001  [2018-06-17 12:29:01 273] - Resmgr::initialize: KBE_ROOT=C:/Users/Public/Documents/workspace/kbe/kbengine-kbengine-v1.0.0/kbengine/
    INFO    cellapp-1 10694 8001  [2018-06-17 12:29:01 274] - Resmgr::initialize: KBE_RES_PATH=C:/Users/Public/Documents/workspace/kbe/kbengine-kbengine-v1.0.0/kbengine/kbe/res/;C:/Users/Public/Documents/workspace/kbe/kbengine-kbengine-v1.0.0/kbengine/assets/;C:/Users/Public/Documents/workspace/kbe/kbengine-kbengine-v1.0.0/kbengine/assets/scripts/;C:/Users/Public/Documents/workspace/kbe/kbengine-kbengine-v1.0.0/kbengine/assets/res/
    INFO    cellapp-1 10694 8001  [2018-06-17 12:29:01 275] - Resmgr::initialize: KBE_BIN_PATH=C:/Users/Public/Documents/workspace/kbe/kbengine-kbengine-v1.0.0/kbengine/kbe/bin/server/
    INFO    cellapp-1 10694 8001  [2018-06-17 12:29:01 337] - NetworkInterface::recreateListeningSocket(INTERNAL): bound to all interfaces with default route interface on 192.168.31.56 ( 192.168.31.56:38723 )
    INFO    cellapp-1 10694 8001  [2018-06-17 12:29:01 338] - NetworkInterface::recreateListeningSocket(INTERNAL): address 192.168.31.56:38723, SOMAXCONN=5.
    INFO    cellapp-1 10694 8001  [2018-06-17 12:29:01 338] - server-configs:
    INFO    cellapp-1 10694 8001  [2018-06-17 12:29:01 338] - 	gameUpdateHertz : 10
    INFO    cellapp-1 10694 8001  [2018-06-17 12:29:01 339] - 	defaultAoIRadius : 80
    INFO    cellapp-1 10694 8001  [2018-06-17 12:29:01 339] - 	defaultAoIHysteresisArea : 5
    INFO    cellapp-1 10694 8001  [2018-06-17 12:29:01 339] - 	entryScriptFile : kbemain
    INFO    cellapp-1 10694 8001  [2018-06-17 12:29:01 340] - 	internalAddr : 192.168.31.56:38723
    INFO    cellapp-1 10694 8001  [2018-06-17 12:29:01 340] - 	componentID : 8001
    INFO    cellapp-1 10694 8001  [2018-06-17 12:29:02 855] - ---- cellapp Version: 1.0.0. ScriptVersion: 0.1.0. Protocol: D25B4E16028C33EB467B7BE2F3500426. Config: Debug X86. Built: 23:20:13 Jun 15 2018. AppID: 8001. UID: 10694. PID: 15604 ----
    INFO    cellapp-1 10694 8001  [2018-06-17 12:29:02 855] - Server :        Intel(R) Core(TM) i5-2415M CPU @ 2.30GHz with 4194303kB RAM
    INFO    cellapp-1 10694 8001  [2018-06-17 12:29:02 856] - ThreadPool::createThreadPool: creating  threadpool...
    INFO    cellapp-1 10694 8001  [2018-06-17 12:29:02 857] - ThreadPool::createThreadPool: successfully(2), newThreadCount=1, normalMaxThreadCount=2, maxThreadCount=8
   DEBUG    cellapp-1 10694 8001  [2018-06-17 12:29:03 068] - Script::install_py_dlls(): PyInit_pyexpat
   DEBUG    cellapp-1 10694 8001  [2018-06-17 12:29:03 069] - Script::install_py_dlls(): PyInit__socket
   DEBUG    cellapp-1 10694 8001  [2018-06-17 12:29:03 070] - Script::install_py_dlls(): PyInit__ssl
   DEBUG    cellapp-1 10694 8001  [2018-06-17 12:29:03 077] - Script::install_py_dlls(): PyInit__hashlib
   DEBUG    cellapp-1 10694 8001  [2018-06-17 12:29:03 077] - Script::install_py_dlls(): PyInit_select
   DEBUG    cellapp-1 10694 8001  [2018-06-17 12:29:03 078] - Script::install_py_dlls(): PyInit__ctypes
   DEBUG    cellapp-1 10694 8001  [2018-06-17 12:29:03 079] - Script::install_py_dlls(): PyInit__elementtree
   DEBUG    cellapp-1 10694 8001  [2018-06-17 12:29:03 200] - Script::install_py_dlls(): PyInit_unicodedata
    INFO    cellapp-1 10694 8001  [2018-06-17 12:29:03 288] - Script::install(): is successfully, Python=(3.4.2 (default, Jun 15 2018, 23:17:57) [MSC v.1913 32 bit (Intel)])!
    INFO    cellapp-1 10694 8001  [2018-06-17 12:29:03 289] - Script::install(): KBExtra is successfully!
    INFO    cellapp-1 10694 8001  [2018-06-17 12:29:03 342] - TelnetServer server is running on port 50000
    INFO    cellapp-1 10694 8001  [2018-06-17 12:29:04 961] - ---- cellapp is running ----
   DEBUG    cellapp-1 10694 8001  [2018-06-17 12:29:04 962] - Components::process(): Request for the process of identity...
 WARNING    cellapp-1 10694 8001  [2018-06-17 12:29:11 075] - EntityApp::checkTickPeriod: tick took 6114% (6.11 seconds)!
    INFO    cellapp-1 10694 8001  [2018-06-17 12:29:12 162] - Components::findComponents: find logger(1)...
    INFO    cellapp-1 10694 8001  [2018-06-17 12:29:12 247] - Components::findComponents: found logger, addr:192.168.31.56:38718
    INFO    cellapp-1 10694 8001  [2018-06-17 12:29:12 247] - Components::addComponent: reset orderLog, uid=10694!
    INFO    cellapp-1 10694 8001  [2018-06-17 12:29:12 247] - Components::addComponent[logger], uid=10694, componentID=2000, globalorderid=1, grouporderid=1, totalcount=1
    INFO    cellapp-1 10694 8001  [2018-06-17 12:29:12 249] - Components::findComponents: find dbmgr(2)...
 WARNING    cellapp-1 10694 8001  [2018-06-17 12:29:13 351] - EntityApp::checkTickPeriod: tick took 1289% (1.29 seconds)!
    INFO    cellapp-1 10694 8001  [2018-06-17 12:29:14 361] - Components::findComponents: find dbmgr(3)...
 WARNING    cellapp-1 10694 8001  [2018-06-17 12:29:15 368] - EntityApp::checkTickPeriod: tick took 1107% (1.11 seconds)!
    INFO    cellapp-1 10694 8001  [2018-06-17 12:29:16 376] - Components::findComponents: find dbmgr(4)...
 WARNING    cellapp-1 10694 8001  [2018-06-17 12:29:17 390] - EntityApp::checkTickPeriod: tick took 1028% (1.03 seconds)!
    INFO    cellapp-1 10694 8001  [2018-06-17 12:29:18 462] - Components::findComponents: find dbmgr(5)...
 WARNING    cellapp-1 10694 8001  [2018-06-17 12:29:19 548] - EntityApp::checkTickPeriod: tick took 1186% (1.19 seconds)!
    INFO    cellapp-1 10694 8001  [2018-06-17 12:29:20 562] - Components::findComponents: find dbmgr(6)...
 WARNING    cellapp-1 10694 8001  [2018-06-17 12:29:21 669] - EntityApp::checkTickPeriod: tick took 1207% (1.21 seconds)!
    INFO    cellapp-1 10694 8001  [2018-06-17 12:29:22 676] - Components::findComponents: find dbmgr(7)...
 WARNING    cellapp-1 10694 8001  [2018-06-17 12:29:23 687] - EntityApp::checkTickPeriod: tick took 1025% (1.02 seconds)!
    INFO    cellapp-1 10694 8001  [2018-06-17 12:29:24 762] - Components::findComponents: find dbmgr(8)...
 WARNING    cellapp-1 10694 8001  [2018-06-17 12:29:25 810] - EntityApp::checkTickPeriod: tick took 1148% (1.15 seconds)!
    INFO    cellapp-1 10694 8001  [2018-06-17 12:29:26 861] - Components::findComponents: find dbmgr(9)...
 WARNING    cellapp-1 10694 8001  [2018-06-17 12:29:27 927] - EntityApp::checkTickPeriod: tick took 1166% (1.17 seconds)!
    INFO    cellapp-1 10694 8001  [2018-06-17 12:29:28 961] - Components::findComponents: find dbmgr(10)...
 WARNING    cellapp-1 10694 8001  [2018-06-17 12:29:30 042] - EntityApp::checkTickPeriod: tick took 1181% (1.18 seconds)!
    INFO    cellapp-1 10694 8001  [2018-06-17 12:29:31 046] - Components::findComponents: find dbmgr(11)...
 WARNING    cellapp-1 10694 8001  [2018-06-17 12:29:32 057] - EntityApp::checkTickPeriod: tick took 1096% (1.10 seconds)!
    INFO    cellapp-1 10694 8001  [2018-06-17 12:29:33 061] - Components::findComponents: find dbmgr(12)...
 WARNING    cellapp-1 10694 8001  [2018-06-17 12:29:34 073] - EntityApp::checkTickPeriod: tick took 1112% (1.11 seconds)!
    INFO    cellapp-1 10694 8001  [2018-06-17 12:29:35 077] - Components::findComponents: find dbmgr(13)...
 WARNING    cellapp-1 10694 8001  [2018-06-17 12:29:36 090] - EntityApp::checkTickPeriod: tick took 1028% (1.03 seconds)!
    INFO    cellapp-1 10694 8001  [2018-06-17 12:29:37 162] - Components::findComponents: find dbmgr(14)...
 WARNING    cellapp-1 10694 8001  [2018-06-17 12:29:38 204] - EntityApp::checkTickPeriod: tick took 1142% (1.14 seconds)!
    INFO    cellapp-1 10694 8001  [2018-06-17 12:29:39 262] - Components::findComponents: find dbmgr(15)...
 WARNING    cellapp-1 10694 8001  [2018-06-17 12:29:40 320] - EntityApp::checkTickPeriod: tick took 1158% (1.16 seconds)!
    INFO    cellapp-1 10694 8001  [2018-06-17 12:29:41 362] - Components::findComponents: find dbmgr(16)...
 WARNING    cellapp-1 10694 8001  [2018-06-17 12:29:42 436] - EntityApp::checkTickPeriod: tick took 1174% (1.17 seconds)!
 WARNING    cellapp-1 10694 8001  [2018-06-17 12:29:43 462] - Components::findComponents: find dbmgr(17)...
delay time is too long, please check the dbmgr logs!
 WARNING    cellapp-1 10694 8001  [2018-06-17 12:29:44 555] - EntityApp::checkTickPeriod: tick took 1193% (1.19 seconds)!
 WARNING    cellapp-1 10694 8001  [2018-06-17 12:29:45 562] - Components::findComponents: find dbmgr(18)...
delay time is too long, please check the dbmgr logs!
 WARNING    cellapp-1 10694 8001  [2018-06-17 12:29:46 572] - EntityApp::checkTickPeriod: tick took 1110% (1.11 seconds)!
 WARNING    cellapp-1 10694 8001  [2018-06-17 12:29:47 576] - Components::findComponents: find dbmgr(19)...
delay time is too long, please check the dbmgr logs!
 WARNING    cellapp-1 10694 8001  [2018-06-17 12:29:48 588] - EntityApp::checkTickPeriod: tick took 1026% (1.03 seconds)!
 WARNING    cellapp-1 10694 8001  [2018-06-17 12:29:49 661] - Components::findComponents: find dbmgr(20)...
delay time is too long, please check the dbmgr logs!
 WARNING    cellapp-1 10694 8001  [2018-06-17 12:29:50 704] - EntityApp::checkTickPeriod: tick took 1143% (1.14 seconds)!
 WARNING    cellapp-1 10694 8001  [2018-06-17 12:29:51 761] - Components::findComponents: find dbmgr(21)...
delay time is too long, please check the dbmgr logs!
 WARNING    cellapp-1 10694 8001  [2018-06-17 12:29:52 822] - EntityApp::checkTickPeriod: tick took 1160% (1.16 seconds)!
 WARNING    cellapp-1 10694 8001  [2018-06-17 12:29:53 862] - Components::findComponents: find dbmgr(22)...
delay time is too long, please check the dbmgr logs!
 WARNING    cellapp-1 10694 8001  [2018-06-17 12:29:54 942] - EntityApp::checkTickPeriod: tick took 1180% (1.18 seconds)!
 WARNING    cellapp-1 10694 8001  [2018-06-17 12:29:55 962] - Components::findComponents: find dbmgr(23)...
delay time is too long, please check the dbmgr logs!
 WARNING    cellapp-1 10694 8001  [2018-06-17 12:29:57 057] - EntityApp::checkTickPeriod: tick took 1195% (1.20 seconds)!
 WARNING    cellapp-1 10694 8001  [2018-06-17 12:29:58 062] - Components::findComponents: find dbmgr(24)...
delay time is too long, please check the dbmgr logs!
 WARNING    cellapp-1 10694 8001  [2018-06-17 12:29:59 078] - EntityApp::checkTickPeriod: tick took 1116% (1.12 seconds)!
 WARNING    cellapp-1 10694 8001  [2018-06-17 12:30:00 162] - Components::findComponents: find dbmgr(25)...
delay time is too long, please check the dbmgr logs!
 WARNING    cellapp-1 10694 8001  [2018-06-17 12:30:01 193] - EntityApp::checkTickPeriod: tick took 1131% (1.13 seconds)!
 WARNING    cellapp-1 10694 8001  [2018-06-17 12:30:02 262] - Components::findComponents: find dbmgr(26)...
delay time is too long, please check the dbmgr logs!
 WARNING    cellapp-1 10694 8001  [2018-06-17 12:30:03 311] - EntityApp::checkTickPeriod: tick took 1149% (1.15 seconds)!
 WARNING    cellapp-1 10694 8001  [2018-06-17 12:30:04 362] - Components::findComponents: find dbmgr(27)...
delay time is too long, please check the dbmgr logs!
 WARNING    cellapp-1 10694 8001  [2018-06-17 12:30:05 428] - EntityApp::checkTickPeriod: tick took 1166% (1.17 seconds)!
 WARNING    cellapp-1 10694 8001  [2018-06-17 12:30:06 462] - Components::findComponents: find dbmgr(28)...
delay time is too long, please check the dbmgr logs!
 WARNING    cellapp-1 10694 8001  [2018-06-17 12:30:07 545] - EntityApp::checkTickPeriod: tick took 1183% (1.18 seconds)!
 WARNING    cellapp-1 10694 8001  [2018-06-17 12:30:08 562] - Components::findComponents: find dbmgr(29)...
delay time is too long, please check the dbmgr logs!
 WARNING    cellapp-1 10694 8001  [2018-06-17 12:30:09 671] - EntityApp::checkTickPeriod: tick took 1208% (1.21 seconds)!
 WARNING    cellapp-1 10694 8001  [2018-06-17 12:30:10 677] - Components::findComponents: find dbmgr(30)...
delay time is too long, please check the dbmgr logs!
 WARNING    cellapp-1 10694 8001  [2018-06-17 12:30:11 688] - EntityApp::checkTickPeriod: tick took 1026% (1.03 seconds)!
    INFO    cellapp-1 11690 8001  [2018-06-17 12:34:06 607] - -----------------------------------------------------------------------------------------


    INFO    cellapp-1 11690 8001  [2018-06-17 12:34:06 609] - Resmgr::initialize: KBE_ROOT=C:/Users/Public/Documents/workspace/kbe/kbengine-kbengine-v1.0.0/kbengine/
    INFO    cellapp-1 11690 8001  [2018-06-17 12:34:06 610] - Resmgr::initialize: KBE_RES_PATH=C:/Users/Public/Documents/workspace/kbe/kbengine-kbengine-v1.0.0/kbengine/kbe/res/;C:/Users/Public/Documents/workspace/kbe/kbengine-kbengine-v1.0.0/kbengine/assets/;C:/Users/Public/Documents/workspace/kbe/kbengine-kbengine-v1.0.0/kbengine/assets/scripts/;C:/Users/Public/Documents/workspace/kbe/kbengine-kbengine-v1.0.0/kbengine/assets/res/
    INFO    cellapp-1 11690 8001  [2018-06-17 12:34:06 610] - Resmgr::initialize: KBE_BIN_PATH=C:/Users/Public/Documents/workspace/kbe/kbengine-kbengine-v1.0.0/kbengine/kbe/bin/server/
    INFO    cellapp-1 11690 8001  [2018-06-17 12:34:06 647] - NetworkInterface::recreateListeningSocket(INTERNAL): bound to all interfaces with default route interface on 192.168.31.56 ( 192.168.31.56:38774 )
    INFO    cellapp-1 11690 8001  [2018-06-17 12:34:06 647] - NetworkInterface::recreateListeningSocket(INTERNAL): address 192.168.31.56:38774, SOMAXCONN=5.
    INFO    cellapp-1 11690 8001  [2018-06-17 12:34:06 648] - server-configs:
    INFO    cellapp-1 11690 8001  [2018-06-17 12:34:06 648] - 	gameUpdateHertz : 10
    INFO    cellapp-1 11690 8001  [2018-06-17 12:34:06 648] - 	defaultAoIRadius : 80
    INFO    cellapp-1 11690 8001  [2018-06-17 12:34:06 649] - 	defaultAoIHysteresisArea : 5
    INFO    cellapp-1 11690 8001  [2018-06-17 12:34:06 649] - 	entryScriptFile : kbemain
    INFO    cellapp-1 11690 8001  [2018-06-17 12:34:06 649] - 	internalAddr : 192.168.31.56:38774
    INFO    cellapp-1 11690 8001  [2018-06-17 12:34:06 649] - 	componentID : 8001
    INFO    cellapp-1 11690 8001  [2018-06-17 12:34:08 163] - ---- cellapp Version: 1.0.0. ScriptVersion: 0.1.0. Protocol: D25B4E16028C33EB467B7BE2F3500426. Config: Debug X86. Built: 23:20:13 Jun 15 2018. AppID: 8001. UID: 11690. PID: 11124 ----
    INFO    cellapp-1 11690 8001  [2018-06-17 12:34:08 164] - Server :        Intel(R) Core(TM) i5-2415M CPU @ 2.30GHz with 4194303kB RAM
    INFO    cellapp-1 11690 8001  [2018-06-17 12:34:08 164] - ThreadPool::createThreadPool: creating  threadpool...
    INFO    cellapp-1 11690 8001  [2018-06-17 12:34:08 165] - ThreadPool::createThreadPool: successfully(2), newThreadCount=1, normalMaxThreadCount=2, maxThreadCount=8
   DEBUG    cellapp-1 11690 8001  [2018-06-17 12:34:08 341] - Script::install_py_dlls(): PyInit_pyexpat
   DEBUG    cellapp-1 11690 8001  [2018-06-17 12:34:08 342] - Script::install_py_dlls(): PyInit__socket
   DEBUG    cellapp-1 11690 8001  [2018-06-17 12:34:08 343] - Script::install_py_dlls(): PyInit__ssl
   DEBUG    cellapp-1 11690 8001  [2018-06-17 12:34:08 351] - Script::install_py_dlls(): PyInit__hashlib
   DEBUG    cellapp-1 11690 8001  [2018-06-17 12:34:08 351] - Script::install_py_dlls(): PyInit_select
   DEBUG    cellapp-1 11690 8001  [2018-06-17 12:34:08 352] - Script::install_py_dlls(): PyInit__ctypes
   DEBUG    cellapp-1 11690 8001  [2018-06-17 12:34:08 353] - Script::install_py_dlls(): PyInit__elementtree
   DEBUG    cellapp-1 11690 8001  [2018-06-17 12:34:08 437] - Script::install_py_dlls(): PyInit_unicodedata
    INFO    cellapp-1 11690 8001  [2018-06-17 12:34:08 526] - Script::install(): is successfully, Python=(3.4.2 (default, Jun 15 2018, 23:17:57) [MSC v.1913 32 bit (Intel)])!
    INFO    cellapp-1 11690 8001  [2018-06-17 12:34:08 526] - Script::install(): KBExtra is successfully!
    INFO    cellapp-1 11690 8001  [2018-06-17 12:34:08 544] - TelnetServer server is running on port 50000
    INFO    cellapp-1 11690 8001  [2018-06-17 12:34:09 929] - ---- cellapp is running ----
   DEBUG    cellapp-1 11690 8001  [2018-06-17 12:34:09 931] - Components::process(): Request for the process of identity...
 WARNING    cellapp-1 11690 8001  [2018-06-17 12:34:16 066] - EntityApp::checkTickPeriod: tick took 6136% (6.14 seconds)!
    INFO    cellapp-1 11690 8001  [2018-06-17 12:34:17 113] - Components::findComponents: find logger(1)...
    INFO    cellapp-1 11690 8001  [2018-06-17 12:34:17 180] - Components::findComponents: found logger, addr:192.168.31.56:38772
    INFO    cellapp-1 11690 8001  [2018-06-17 12:34:17 180] - Components::addComponent: reset orderLog, uid=11690!
    INFO    cellapp-1 11690 8001  [2018-06-17 12:34:17 181] - Components::addComponent[logger], uid=11690, componentID=2000, globalorderid=1, grouporderid=1, totalcount=1
    INFO    cellapp-1 11690 8001  [2018-06-17 12:34:17 182] - Components::findComponents: find dbmgr(2)...
    INFO    cellapp-1 11690 8001  [2018-06-17 12:34:17 284] - Components::findComponents: found dbmgr, addr:192.168.31.56:38776
    INFO    cellapp-1 11690 8001  [2018-06-17 12:34:17 284] - Components::addComponent: reset orderLog, uid=11690!
    INFO    cellapp-1 11690 8001  [2018-06-17 12:34:17 284] - Components::addComponent[dbmgr], uid=11690, componentID=4000, globalorderid=1, grouporderid=1, totalcount=1
    INFO    cellapp-1 11690 8001  [2018-06-17 12:34:17 285] - Components::findComponents: found dbmgr, addr:192.168.31.56:38776
 WARNING    cellapp-1 11690 8001  [2018-06-17 12:34:18 286] - EntityApp::checkTickPeriod: tick took 1255% (1.25 seconds)!
    INFO    cellapp-1 11690 8001  [2018-06-17 12:34:19 313] - Components::findComponents: find cellappmgr(1)...
    INFO    cellapp-1 11690 8001  [2018-06-17 12:34:19 410] - Components::findComponents: found cellappmgr, addr:192.168.31.56:38770
    INFO    cellapp-1 11690 8001  [2018-06-17 12:34:19 410] - Components::addComponent[cellappmgr], uid=11690, componentID=6000, globalorderid=2, grouporderid=1, totalcount=1
    INFO    cellapp-1 11690 8001  [2018-06-17 12:34:19 411] - Components::findComponents: found cellappmgr, addr:192.168.31.56:38770
 WARNING    cellapp-1 11690 8001  [2018-06-17 12:34:20 411] - EntityApp::checkTickPeriod: tick took 1181% (1.18 seconds)!
    INFO    cellapp-1 11690 8001  [2018-06-17 12:34:21 413] - Components::findComponents: find baseappmgr(1)...
    INFO    cellapp-1 11690 8001  [2018-06-17 12:34:21 422] - Components::findComponents: found baseappmgr, addr:192.168.31.56:38773
    INFO    cellapp-1 11690 8001  [2018-06-17 12:34:21 422] - Components::addComponent[baseappmgr], uid=11690, componentID=5000, globalorderid=3, grouporderid=1, totalcount=1
    INFO    cellapp-1 11690 8001  [2018-06-17 12:34:21 423] - Components::findComponents: found baseappmgr, addr:192.168.31.56:38773
 WARNING    cellapp-1 11690 8001  [2018-06-17 12:34:22 423] - EntityApp::checkTickPeriod: tick took 1093% (1.09 seconds)!
    INFO    cellapp-1 11690 8001  [2018-06-17 12:34:23 513] - Components::findComponents: register self to dbmgr...
    INFO    cellapp-1 11690 8001  [2018-06-17 12:34:23 529] - Components::findComponents: register self to cellappmgr...
    INFO    cellapp-1 11690 8001  [2018-06-17 12:34:23 612] - Components::findComponents: register self to baseappmgr...
    INFO    cellapp-1 11690 8001  [2018-06-17 12:34:23 629] - Components::process(): Found all the components!
    INFO    cellapp-1 11690 8001  [2018-06-17 12:34:23 930] - ServerApp::onRegisterNewApp: uid:11690, username:, componentType:baseapp, componentID:7001, globalorderID=6, grouporderID=1, intaddr:192.168.31.56, intport:38769, extaddr:192.168.31.56, extport:20015,  from 192.168.31.56:38776/0/0/0.
    INFO    cellapp-1 11690 8001  [2018-06-17 12:34:23 930] - Components::addComponent[baseapp], uid=11690, componentID=7001, globalorderid=6, grouporderid=1, totalcount=1
    INFO    cellapp-1 11690 8001  [2018-06-17 12:34:26 930] - EntityApp::onDbmgrInitCompleted: entityID alloc(1-2001), startGlobalOrder=5, startGroupOrder=1, digest=363BB7D9C7C9010E5779213C13D38542.
    INFO    cellapp01 11690 8001  [2018-06-17 12:34:26 930] - IDClient::onAddRange: number of ids increased from 1 to 2001.
   S_DBG    cellapp01 11690 8001  [2018-06-17 12:34:28 135] - onInit::isReload:0
 WARNING    cellapp01 11690 8001  [2018-06-17 12:34:28 135] - c:\users\public\documents\workspace\kbe\kbengine-kbengine-v1.0.0\kbengine\kbe\src\lib\server\entity_app.h:758: Profile processRecvMessages took 1.21 seconds
 WARNING    cellapp01 11690 8001  [2018-06-17 12:34:28 136] - c:\users\public\documents\workspace\kbe\kbengine-kbengine-v1.0.0\kbengine\kbe\src\server\cellapp\cellapp.cpp:259: Profile gameTick took 1.21 seconds
 WARNING    cellapp01 11690 8001  [2018-06-17 12:34:28 136] - c:\users\public\documents\workspace\kbe\kbengine-kbengine-v1.0.0\kbengine\kbe\src\lib\network\event_dispatcher.cpp:171: Profile callSystemTimers took 1.21 seconds
 WARNING    cellapp01 11690 8001  [2018-06-17 12:34:28 136] - EntityApp::checkTickPeriod: tick took 1206% (1.21 seconds)!
   DEBUG    cellapp01 11690 8001  [2018-06-17 12:34:28 212] - InitProgressHandler::~InitProgressHandler()
