    INFO      dbmgr-1 11690 4000  [2018-06-17 12:34:06 718] - -----------------------------------------------------------------------------------------


    INFO      dbmgr-1 11690 4000  [2018-06-17 12:34:06 719] - Resmgr::initialize: KBE_ROOT=C:/Users/Public/Documents/workspace/kbe/kbengine-kbengine-v1.0.0/kbengine/
    INFO      dbmgr-1 11690 4000  [2018-06-17 12:34:06 720] - Resmgr::initialize: KBE_RES_PATH=C:/Users/Public/Documents/workspace/kbe/kbengine-kbengine-v1.0.0/kbengine/kbe/res/;C:/Users/Public/Documents/workspace/kbe/kbengine-kbengine-v1.0.0/kbengine/assets/;C:/Users/Public/Documents/workspace/kbe/kbengine-kbengine-v1.0.0/kbengine/assets/scripts/;C:/Users/Public/Documents/workspace/kbe/kbengine-kbengine-v1.0.0/kbengine/assets/res/
    INFO      dbmgr-1 11690 4000  [2018-06-17 12:34:06 720] - Resmgr::initialize: KBE_BIN_PATH=C:/Users/Public/Documents/workspace/kbe/kbengine-kbengine-v1.0.0/kbengine/kbe/bin/server/
    INFO      dbmgr-1 11690 4000  [2018-06-17 12:34:06 764] - NetworkInterface::recreateListeningSocket(INTERNAL): bound to all interfaces with default route interface on 192.168.31.56 ( 192.168.31.56:38776 )
    INFO      dbmgr-1 11690 4000  [2018-06-17 12:34:06 765] - NetworkInterface::recreateListeningSocket(INTERNAL): address 192.168.31.56:38776, SOMAXCONN=5.
    INFO      dbmgr-1 11690 4000  [2018-06-17 12:34:06 765] - server-configs:
    INFO      dbmgr-1 11690 4000  [2018-06-17 12:34:06 765] - 	internalAddr : 192.168.31.56:38776
    INFO      dbmgr-1 11690 4000  [2018-06-17 12:34:06 765] - 	componentID : 4000
    INFO      dbmgr-1 11690 4000  [2018-06-17 12:34:08 304] - ---- dbmgr Version: 1.0.0. ScriptVersion: 0.1.0. Protocol: 253D45E587CB031BFD545E02866042FC. Config: Debug X86. Built: 23:15:53 Jun 15 2018. AppID: 4000. UID: 11690. PID: 21892 ----
    INFO      dbmgr-1 11690 4000  [2018-06-17 12:34:08 308] - Server :        Intel(R) Core(TM) i5-2415M CPU @ 2.30GHz with 4194303kB RAM
    INFO      dbmgr-1 11690 4000  [2018-06-17 12:34:08 309] - ThreadPool::createThreadPool: creating  threadpool...
    INFO      dbmgr-1 11690 4000  [2018-06-17 12:34:08 309] - ThreadPool::createThreadPool: successfully(2), newThreadCount=1, normalMaxThreadCount=2, maxThreadCount=8
   DEBUG      dbmgr-1 11690 4000  [2018-06-17 12:34:08 492] - Script::install_py_dlls(): PyInit_pyexpat
   DEBUG      dbmgr-1 11690 4000  [2018-06-17 12:34:08 493] - Script::install_py_dlls(): PyInit__socket
   DEBUG      dbmgr-1 11690 4000  [2018-06-17 12:34:08 494] - Script::install_py_dlls(): PyInit__ssl
   DEBUG      dbmgr-1 11690 4000  [2018-06-17 12:34:08 502] - Script::install_py_dlls(): PyInit__hashlib
   DEBUG      dbmgr-1 11690 4000  [2018-06-17 12:34:08 503] - Script::install_py_dlls(): PyInit_select
   DEBUG      dbmgr-1 11690 4000  [2018-06-17 12:34:08 503] - Script::install_py_dlls(): PyInit__ctypes
   DEBUG      dbmgr-1 11690 4000  [2018-06-17 12:34:08 505] - Script::install_py_dlls(): PyInit__elementtree
   DEBUG      dbmgr-1 11690 4000  [2018-06-17 12:34:08 589] - Script::install_py_dlls(): PyInit_unicodedata
    INFO      dbmgr-1 11690 4000  [2018-06-17 12:34:08 676] - Script::install(): is successfully, Python=(3.4.2 (default, Jun 15 2018, 23:15:28) [MSC v.1913 32 bit (Intel)])!
    INFO      dbmgr-1 11690 4000  [2018-06-17 12:34:08 676] - Script::install(): KBExtra is successfully!
    INFO      dbmgr-1 11690 4000  [2018-06-17 12:34:08 687] - Dbmgr::initializeEnd: digest(363BB7D9C7C9010E5779213C13D38542)
  S_INFO      dbmgr-1 11690 4000  [2018-06-17 12:34:08 688] - onDBMgrReady: bootstrapGroupIndex=0, bootstrapGlobalIndex=0
    INFO      dbmgr-1 11690 4000  [2018-06-17 12:34:08 689] - TelnetServer server is running on port 32000
    INFO      dbmgr-1 11690 4000  [2018-06-17 12:34:08 690] - Dbmgr::initInterfacesHandler: interfaces addr(127.0.0.1:30099), accountType:(interfaces), chargeType:(interfaces).
 WARNING      dbmgr-1 11690 4000  [2018-06-17 12:34:09 576] - DBUtil::initialize: db(default) password is not encrypted!
please use password(rsa):
719DCEF3679A17285D7E6BF0A94D0562D7114D85145DFC4A9FEA5906CF2E0E5C620E09419C21FEFEDF13109564E94A0ED59B8274DBB374FD15C7E01405E5011D892669E15CEDB0895401CEB2E715C27E166E9CEDBA2E43F8E236CF65FCBBDB1C0F38375691B111E8FD6592751E7FD4A8804DBF15A583DD00B5BB4EE94E063312
   DEBUG      dbmgr-1 11690 4000  [2018-06-17 12:34:09 581] - DBInterfaceMysql::attach: connect: localhost:3306 starting...
   DEBUG      dbmgr-1 11690 4000  [2018-06-17 12:34:09 592] - DBInterfaceMysql::attach: successfully! addr: localhost:3306
    INFO      dbmgr-1 11690 4000  [2018-06-17 12:34:09 592] - DBUtil::createInterface[0x24ef90]: interface=default, dbtype=mysql, ip=localhost, port=3306, currdatabase=kbe1, username=kbe, connected=yes.

    INFO      dbmgr-1 11690 4000  [2018-06-17 12:34:09 593] - ThreadPool::createThreadPool: creating  threadpool...
    INFO      dbmgr-1 11690 4000  [2018-06-17 12:34:09 594] - ThreadPool::createThreadPool: successfully(5), newThreadCount=5, normalMaxThreadCount=5, maxThreadCount=5
    INFO      dbmgr-1 11690 4000  [2018-06-17 12:34:09 698] - DBInterfaceMysql::query: successfully!
    INFO      dbmgr-1 11690 4000  [2018-06-17 12:34:09 709] - DBInterfaceMysql::query: successfully!
 WARNING      dbmgr-1 11690 4000  [2018-06-17 12:34:09 710] - DBInterfaceRedis::checkErrors: not found Account table, reset kbe_* table...
 WARNING      dbmgr-1 11690 4000  [2018-06-17 12:34:09 712] - DBInterfaceRedis::checkErrors: reset kbe_* table end!
 WARNING      dbmgr-1 11690 4000  [2018-06-17 12:34:12 453] - c:\users\public\documents\workspace\kbe\kbengine-kbengine-v1.0.0\kbengine\kbe\src\server\dbmgr\dbmgr.cpp:293: Profile scriptCall took 3.77 seconds
    INFO      dbmgr-1 11690 4000  [2018-06-17 12:34:12 943] - ---- dbmgr is running ----
   DEBUG      dbmgr-1 11690 4000  [2018-06-17 12:34:12 943] - Components::process(): Request for the process of identity...
   DEBUG      dbmgr-1 11690 4000  [2018-06-17 12:34:09 594] - DBInterfaceMysql::attach: connect: localhost:3306 starting...
   DEBUG      dbmgr-1 11690 4000  [2018-06-17 12:34:09 597] - DBInterfaceMysql::attach: connect: localhost:3306 starting...
   DEBUG      dbmgr-1 11690 4000  [2018-06-17 12:34:09 598] - DBInterfaceMysql::attach: connect: localhost:3306 starting...
   DEBUG      dbmgr-1 11690 4000  [2018-06-17 12:34:09 598] - DBInterfaceMysql::attach: connect: localhost:3306 starting...
   DEBUG      dbmgr-1 11690 4000  [2018-06-17 12:34:09 603] - DBInterfaceMysql::attach: successfully! addr: localhost:3306
   DEBUG      dbmgr-1 11690 4000  [2018-06-17 12:34:09 604] - DBThread::onStart(): 0x5f7248!
   DEBUG      dbmgr-1 11690 4000  [2018-06-17 12:34:09 606] - DBInterfaceMysql::attach: successfully! addr: localhost:3306
   DEBUG      dbmgr-1 11690 4000  [2018-06-17 12:34:09 606] - DBThread::onStart(): 0x5f73e0!
   DEBUG      dbmgr-1 11690 4000  [2018-06-17 12:34:09 608] - DBInterfaceMysql::attach: connect: localhost:3306 starting...
   DEBUG      dbmgr-1 11690 4000  [2018-06-17 12:34:09 612] - DBInterfaceMysql::attach: successfully! addr: localhost:3306
   DEBUG      dbmgr-1 11690 4000  [2018-06-17 12:34:09 612] - DBThread::onStart(): 0x5f7468!
   DEBUG      dbmgr-1 11690 4000  [2018-06-17 12:34:09 617] - DBInterfaceMysql::attach: successfully! addr: localhost:3306
   DEBUG      dbmgr-1 11690 4000  [2018-06-17 12:34:09 617] - DBThread::onStart(): 0x5f7358!
   DEBUG      dbmgr-1 11690 4000  [2018-06-17 12:34:09 619] - DBInterfaceMysql::attach: successfully! addr: localhost:3306
   DEBUG      dbmgr-1 11690 4000  [2018-06-17 12:34:09 619] - DBThread::onStart(): 0x5f72d0!
    INFO      dbmgr-1 11690 4000  [2018-06-17 12:34:10 883] - DBInterfaceMysql::query: successfully!
    INFO      dbmgr-1 11690 4000  [2018-06-17 12:34:11 272] - DBInterfaceMysql::query: successfully!
    INFO      dbmgr-1 11690 4000  [2018-06-17 12:34:11 444] - DBInterfaceMysql::query: successfully!
    INFO      dbmgr-1 11690 4000  [2018-06-17 12:34:11 444] - DBInterfaceMysql::query: successfully!
 WARNING      dbmgr-1 11690 4000  [2018-06-17 12:34:11 444] - DBTask::process(): took 1.73 seconds
sql:(CREATE TABLE IF NOT EXISTS kbe_accountinfos (`accountName` varchar(128) not null, PRIMARY KEY idKey (`accountName`),`password` varchar(255),`bindata` blob,`email` varchar(255) not null, UNIQUE KEY `email` (`email`),`entityDBID` bigint(20) unsigned not null DEFAULT 0, UNIQUE KEY `entityDBID` (`entityDBID`),`flags` int unsigned not null DEFAULT 0,`deadline` bigint(20) not null DEFAULT 0,`regtime` bigint(20) not null DEFAULT 0,`lasttime` bigint(20) not null DEFAULT 0,`numlogin` int unsigned not null DEFAULT 0)ENGINE=InnoDB)
    INFO      dbmgr-1 11690 4000  [2018-06-17 12:34:11 591] - DBInterfaceMysql::query: successfully!
 WARNING      dbmgr-1 11690 4000  [2018-06-17 12:34:11 591] - DBTask::process(): took 1.88 seconds
sql:(delete from kbe_entitylog where logger in (4000))
    INFO      dbmgr-1 11690 4000  [2018-06-17 12:34:11 592] - DBInterfaceMysql::query: successfully!
    INFO      dbmgr-1 11690 4000  [2018-06-17 12:34:11 593] - DBInterfaceMysql::query: successfully!
    INFO      dbmgr-1 11690 4000  [2018-06-17 12:34:11 593] - DBInterfaceMysql::query: successfully!
 WARNING      dbmgr-1 11690 4000  [2018-06-17 12:34:11 593] - DBTask::process(): took 1.88 seconds
sql:(delete from kbe_email_verification where logtime<1529206451 and type=3)
 WARNING      dbmgr-1 11690 4000  [2018-06-17 12:34:11 633] - DBTask::process(): took 1.92 seconds
sql:(insert into kbe_serverlog (heartbeatTime, logger) values(1529210051,4000) ON DUPLICATE KEY UPDATE heartbeatTime=1529210051)
   DEBUG      dbmgr-1 11690 4000  [2018-06-17 12:34:11 701] - syncToDB(): Account->sm_autoLoad(tinyint not null DEFAULT 0).
    INFO      dbmgr-1 11690 4000  [2018-06-17 12:34:12 431] - DBInterfaceMysql::query: successfully!
 WARNING      dbmgr-1 11690 4000  [2018-06-17 12:34:12 432] - DBTask::process(): took 2.72 seconds
sql:(show index from tbl_Account)
    INFO      dbmgr-1 11690 4000  [2018-06-17 12:34:19 849] - ServerApp::onRegisterNewApp: uid:11690, username:, componentType:loginapp, componentID:9000, globalorderID=-1, grouporderID=-1, intaddr:192.168.31.56, intport:38775, extaddr:192.168.31.56, extport:20013,  from 192.168.31.56:38789/0/0/0.
    INFO      dbmgr-1 11690 4000  [2018-06-17 12:34:19 849] - Components::addComponent: reset orderLog, uid=11690!
    INFO      dbmgr-1 11690 4000  [2018-06-17 12:34:19 849] - Components::addComponent[loginapp], uid=11690, componentID=9000, globalorderid=1, grouporderid=1, totalcount=1
    INFO      dbmgr-1 11690 4000  [2018-06-17 12:34:20 068] - Components::findComponents: find logger(1)...
    INFO      dbmgr-1 11690 4000  [2018-06-17 12:34:20 118] - Components::findComponents: found logger, addr:192.168.31.56:38772
    INFO      dbmgr-1 11690 4000  [2018-06-17 12:34:20 118] - Components::addComponent[logger], uid=11690, componentID=2000, globalorderid=2, grouporderid=1, totalcount=1
    INFO      dbmgr-1 11690 4000  [2018-06-17 12:34:20 132] - Components::process(): Found all the components!
    INFO      dbmgr-1 11690 4000  [2018-06-17 12:34:20 728] - ServerApp::onRegisterNewApp: uid:11690, username:, componentType:baseappmgr, componentID:5000, globalorderID=-1, grouporderID=-1, intaddr:192.168.31.56, intport:38773, extaddr:nonsupport, extport:0,  from 192.168.31.56:38792/0/0/0.
    INFO      dbmgr-1 11690 4000  [2018-06-17 12:34:20 728] - Components::addComponent[baseappmgr], uid=11690, componentID=5000, globalorderid=3, grouporderid=1, totalcount=1
    INFO      dbmgr-1 11690 4000  [2018-06-17 12:34:20 848] - ServerApp::onRegisterNewApp: uid:11690, username:, componentType:cellappmgr, componentID:6000, globalorderID=-1, grouporderID=-1, intaddr:192.168.31.56, intport:38770, extaddr:nonsupport, extport:0,  from 192.168.31.56:38794/0/0/0.
    INFO      dbmgr-1 11690 4000  [2018-06-17 12:34:20 848] - Components::addComponent[cellappmgr], uid=11690, componentID=6000, globalorderid=4, grouporderid=1, totalcount=1
    INFO      dbmgr-1 11690 4000  [2018-06-17 12:34:23 527] - ServerApp::onRegisterNewApp: uid:11690, username:, componentType:cellapp, componentID:8001, globalorderID=-1, grouporderID=-1, intaddr:192.168.31.56, intport:38774, extaddr:nonsupport, extport:0,  from 192.168.31.56:38796/0/0/0.
    INFO      dbmgr-1 11690 4000  [2018-06-17 12:34:23 527] - Components::addComponent[cellapp], uid=11690, componentID=8001, globalorderid=5, grouporderid=1, totalcount=1
    INFO      dbmgr-1 11690 4000  [2018-06-17 12:34:23 887] - ServerApp::onRegisterNewApp: uid:11690, username:, componentType:baseapp, componentID:7001, globalorderID=-1, grouporderID=-1, intaddr:192.168.31.56, intport:38769, extaddr:192.168.31.56, extport:20015,  from 192.168.31.56:38799/0/0/0.
    INFO      dbmgr-1 11690 4000  [2018-06-17 12:34:23 887] - Components::addComponent[baseapp], uid=11690, componentID=7001, globalorderid=6, grouporderid=1, totalcount=1
    INFO      dbmgr-1 11690 4000  [2018-06-17 12:34:26 907] - IDServer::allocRange: 1-2001.
    INFO      dbmgr-1 11690 4000  [2018-06-17 12:34:26 907] - IDServer::allocRange: 2001-4001.
   DEBUG      dbmgr-1 11690 4000  [2018-06-17 12:34:26 908] - SyncAppDatasHandler::~SyncAppDatasHandler()
