    INFO baseappmgr-1 23895 5000  [2018-07-03 14:15:25 848] - -----------------------------------------------------------------------------------------


    INFO baseappmgr-1 23895 5000  [2018-07-03 14:15:25 849] - Resmgr::initialize: KBE_ROOT=C:/Users/Public/Documents/workspace/kbe/kbengine-kbengine-v1.0.0/kbengine/
    INFO baseappmgr-1 23895 5000  [2018-07-03 14:15:25 850] - Resmgr::initialize: KBE_RES_PATH=C:/Users/Public/Documents/workspace/kbe/kbengine-kbengine-v1.0.0/kbengine/kbe/res/;C:/Users/Public/Documents/workspace/kbe/kbengine-kbengine-v1.0.0/kbengine/assets/;C:/Users/Public/Documents/workspace/kbe/kbengine-kbengine-v1.0.0/kbengine/assets/scripts/;C:/Users/Public/Documents/workspace/kbe/kbengine-kbengine-v1.0.0/kbengine/assets/res/
    INFO baseappmgr-1 23895 5000  [2018-07-03 14:15:25 851] - Resmgr::initialize: KBE_BIN_PATH=C:/Users/Public/Documents/workspace/kbe/kbengine-kbengine-v1.0.0/kbengine/kbe/bin/server/
    INFO baseappmgr-1 23895 5000  [2018-07-03 14:15:25 869] - NetworkInterface::recreateListeningSocket(INTERNAL): bound to all interfaces with default route interface on 192.168.31.56 ( 192.168.31.56:5928 )
    INFO baseappmgr-1 23895 5000  [2018-07-03 14:15:25 869] - NetworkInterface::recreateListeningSocket(INTERNAL): address 192.168.31.56:5928, SOMAXCONN=5.
    INFO baseappmgr-1 23895 5000  [2018-07-03 14:15:25 869] - server-configs:
    INFO baseappmgr-1 23895 5000  [2018-07-03 14:15:25 870] - 	internalAddr : 192.168.31.56:5928
    INFO baseappmgr-1 23895 5000  [2018-07-03 14:15:25 870] - 	componentID : 5000
    INFO baseappmgr-1 23895 5000  [2018-07-03 14:15:27 386] - ---- baseappmgr Version: 1.0.0. ScriptVersion: 0.1.0. Protocol: BD45623450AB79CC04B6C6D196650737. Config: Debug X86. Built: 23:17:13 Jun 15 2018. AppID: 5000. UID: 23895. PID: 7504 ----
    INFO baseappmgr-1 23895 5000  [2018-07-03 14:15:27 386] - Server :        Intel(R) Core(TM) i5-2415M CPU @ 2.30GHz with 4194303kB RAM
    INFO baseappmgr-1 23895 5000  [2018-07-03 14:15:27 386] - ThreadPool::createThreadPool: creating  threadpool...
    INFO baseappmgr-1 23895 5000  [2018-07-03 14:15:27 386] - ThreadPool::createThreadPool: successfully(2), newThreadCount=1, normalMaxThreadCount=2, maxThreadCount=8
    INFO baseappmgr-1 23895 5000  [2018-07-03 14:15:28 355] - ---- baseappmgr is running ----
   DEBUG baseappmgr-1 23895 5000  [2018-07-03 14:15:28 355] - Components::process(): Request for the process of identity...
    INFO baseappmgr-1 23895 5000  [2018-07-03 14:15:35 628] - Components::findComponents: find logger(1)...
    INFO baseappmgr-1 23895 5000  [2018-07-03 14:15:35 700] - Components::findComponents: found logger, addr:192.168.31.56:5930
    INFO baseappmgr-1 23895 5000  [2018-07-03 14:15:35 700] - Components::addComponent: reset orderLog, uid=23895!
    INFO baseappmgr-1 23895 5000  [2018-07-03 14:15:35 700] - Components::addComponent[logger], uid=23895, componentID=2000, globalorderid=1, grouporderid=1, totalcount=1
    INFO baseappmgr-1 23895 5000  [2018-07-03 14:15:35 700] - Components::findComponents: find dbmgr(2)...
    INFO baseappmgr-1 23895 5000  [2018-07-03 14:15:37 810] - Components::findComponents: find dbmgr(3)...
    INFO baseappmgr-1 23895 5000  [2018-07-03 14:15:39 911] - Components::findComponents: find dbmgr(4)...
    INFO baseappmgr-1 23895 5000  [2018-07-03 14:15:42 012] - Components::findComponents: find dbmgr(5)...
    INFO baseappmgr-1 23895 5000  [2018-07-03 14:15:44 112] - Components::findComponents: find dbmgr(6)...
    INFO baseappmgr-1 23895 5000  [2018-07-03 14:15:46 212] - Components::findComponents: find dbmgr(7)...
    INFO baseappmgr-1 23895 5000  [2018-07-03 14:15:48 308] - Components::findComponents: find dbmgr(8)...
    INFO baseappmgr-1 23895 5000  [2018-07-03 14:15:50 348] - Components::findComponents: find dbmgr(9)...
    INFO baseappmgr-1 23895 5000  [2018-07-03 14:15:52 449] - Components::findComponents: find dbmgr(10)...
    INFO baseappmgr-1 23895 5000  [2018-07-03 14:15:54 549] - Components::findComponents: find dbmgr(11)...
    INFO baseappmgr-1 23895 5000  [2018-07-03 14:15:56 649] - Components::findComponents: find dbmgr(12)...
    INFO baseappmgr-1 23895 5000  [2018-07-03 14:15:58 755] - Components::findComponents: find dbmgr(13)...
    INFO baseappmgr-1 23895 5000  [2018-07-03 14:16:00 775] - Components::findComponents: find dbmgr(14)...
    INFO baseappmgr-1 23895 5000  [2018-07-03 14:16:02 876] - Components::findComponents: find dbmgr(15)...
    INFO baseappmgr-1 23895 5000  [2018-07-03 14:16:04 977] - Components::findComponents: find dbmgr(16)...
 WARNING baseappmgr-1 23895 5000  [2018-07-03 14:16:07 077] - Components::findComponents: find dbmgr(17)...
delay time is too long, please check the dbmgr logs!
 WARNING baseappmgr-1 23895 5000  [2018-07-03 14:16:09 168] - Components::findComponents: find dbmgr(18)...
delay time is too long, please check the dbmgr logs!
 WARNING baseappmgr-1 23895 5000  [2018-07-03 14:16:11 268] - Components::findComponents: find dbmgr(19)...
delay time is too long, please check the dbmgr logs!
 WARNING baseappmgr-1 23895 5000  [2018-07-03 14:16:13 368] - Components::findComponents: find dbmgr(20)...
delay time is too long, please check the dbmgr logs!
 WARNING baseappmgr-1 23895 5000  [2018-07-03 14:16:15 470] - Components::findComponents: find dbmgr(21)...
delay time is too long, please check the dbmgr logs!
 WARNING baseappmgr-1 23895 5000  [2018-07-03 14:16:17 508] - Components::findComponents: find dbmgr(22)...
delay time is too long, please check the dbmgr logs!
 WARNING baseappmgr-1 23895 5000  [2018-07-03 14:16:19 608] - Components::findComponents: find dbmgr(23)...
delay time is too long, please check the dbmgr logs!
 WARNING baseappmgr-1 23895 5000  [2018-07-03 14:16:21 628] - Components::findComponents: find dbmgr(24)...
delay time is too long, please check the dbmgr logs!
 WARNING baseappmgr-1 23895 5000  [2018-07-03 14:16:23 648] - Components::findComponents: find dbmgr(25)...
delay time is too long, please check the dbmgr logs!
 WARNING baseappmgr-1 23895 5000  [2018-07-03 14:16:25 668] - Components::findComponents: find dbmgr(26)...
delay time is too long, please check the dbmgr logs!
 WARNING baseappmgr-1 23895 5000  [2018-07-03 14:16:27 688] - Components::findComponents: find dbmgr(27)...
delay time is too long, please check the dbmgr logs!
 WARNING baseappmgr-1 23895 5000  [2018-07-03 14:16:29 808] - Components::findComponents: find dbmgr(28)...
delay time is too long, please check the dbmgr logs!
 WARNING baseappmgr-1 23895 5000  [2018-07-03 14:16:31 828] - Components::findComponents: find dbmgr(29)...
delay time is too long, please check the dbmgr logs!
 WARNING baseappmgr-1 23895 5000  [2018-07-03 14:16:33 848] - Components::findComponents: find dbmgr(30)...
delay time is too long, please check the dbmgr logs!
 WARNING baseappmgr-1 23895 5000  [2018-07-03 14:16:35 868] - Components::findComponents: find dbmgr(31)...
delay time is too long, please check the dbmgr logs!
 WARNING baseappmgr-1 23895 5000  [2018-07-03 14:16:37 908] - Components::findComponents: find dbmgr(32)...
delay time is too long, please check the dbmgr logs!
 WARNING baseappmgr-1 23895 5000  [2018-07-03 14:16:39 929] - Components::findComponents: find dbmgr(33)...
delay time is too long, please check the dbmgr logs!
 WARNING baseappmgr-1 23895 5000  [2018-07-03 14:16:41 948] - Components::findComponents: find dbmgr(34)...
delay time is too long, please check the dbmgr logs!
 WARNING baseappmgr-1 23895 5000  [2018-07-03 14:16:43 988] - Components::findComponents: find dbmgr(35)...
delay time is too long, please check the dbmgr logs!
 WARNING baseappmgr-1 23895 5000  [2018-07-03 14:16:46 008] - Components::findComponents: find dbmgr(36)...
delay time is too long, please check the dbmgr logs!
 WARNING baseappmgr-1 23895 5000  [2018-07-03 14:16:48 108] - Components::findComponents: find dbmgr(37)...
delay time is too long, please check the dbmgr logs!
 WARNING baseappmgr-1 23895 5000  [2018-07-03 14:16:50 229] - Components::findComponents: find dbmgr(38)...
delay time is too long, please check the dbmgr logs!
 WARNING baseappmgr-1 23895 5000  [2018-07-03 14:16:52 249] - Components::findComponents: find dbmgr(39)...
delay time is too long, please check the dbmgr logs!
 WARNING baseappmgr-1 23895 5000  [2018-07-03 14:16:54 289] - Components::findComponents: find dbmgr(40)...
delay time is too long, please check the dbmgr logs!
 WARNING baseappmgr-1 23895 5000  [2018-07-03 14:16:56 409] - Components::findComponents: find dbmgr(41)...
delay time is too long, please check the dbmgr logs!
 WARNING baseappmgr-1 23895 5000  [2018-07-03 14:16:58 529] - Components::findComponents: find dbmgr(42)...
delay time is too long, please check the dbmgr logs!
 WARNING baseappmgr-1 23895 5000  [2018-07-03 14:17:00 648] - Components::findComponents: find dbmgr(43)...
delay time is too long, please check the dbmgr logs!
 WARNING baseappmgr-1 23895 5000  [2018-07-03 14:17:02 755] - Components::findComponents: find dbmgr(44)...
delay time is too long, please check the dbmgr logs!
 WARNING baseappmgr-1 23895 5000  [2018-07-03 14:17:04 788] - Components::findComponents: find dbmgr(45)...
delay time is too long, please check the dbmgr logs!
 WARNING baseappmgr-1 23895 5000  [2018-07-03 14:17:06 809] - Components::findComponents: find dbmgr(46)...
delay time is too long, please check the dbmgr logs!
    INFO baseappmgr-1 24264 5000  [2018-07-03 14:17:18 485] - -----------------------------------------------------------------------------------------


    INFO baseappmgr-1 24264 5000  [2018-07-03 14:17:18 486] - Resmgr::initialize: KBE_ROOT=C:/Users/Public/Documents/workspace/kbe/kbengine-kbengine-v1.0.0/kbengine/
    INFO baseappmgr-1 24264 5000  [2018-07-03 14:17:18 487] - Resmgr::initialize: KBE_RES_PATH=C:/Users/Public/Documents/workspace/kbe/kbengine-kbengine-v1.0.0/kbengine/kbe/res/;C:/Users/Public/Documents/workspace/kbe/kbengine-kbengine-v1.0.0/kbengine/assets/;C:/Users/Public/Documents/workspace/kbe/kbengine-kbengine-v1.0.0/kbengine/assets/scripts/;C:/Users/Public/Documents/workspace/kbe/kbengine-kbengine-v1.0.0/kbengine/assets/res/
    INFO baseappmgr-1 24264 5000  [2018-07-03 14:17:18 487] - Resmgr::initialize: KBE_BIN_PATH=C:/Users/Public/Documents/workspace/kbe/kbengine-kbengine-v1.0.0/kbengine/kbe/bin/server/
    INFO baseappmgr-1 24264 5000  [2018-07-03 14:17:18 499] - NetworkInterface::recreateListeningSocket(INTERNAL): bound to all interfaces with default route interface on 192.168.31.56 ( 192.168.31.56:6003 )
    INFO baseappmgr-1 24264 5000  [2018-07-03 14:17:18 500] - NetworkInterface::recreateListeningSocket(INTERNAL): address 192.168.31.56:6003, SOMAXCONN=5.
    INFO baseappmgr-1 24264 5000  [2018-07-03 14:17:18 500] - server-configs:
    INFO baseappmgr-1 24264 5000  [2018-07-03 14:17:18 500] - 	internalAddr : 192.168.31.56:6003
    INFO baseappmgr-1 24264 5000  [2018-07-03 14:17:18 500] - 	componentID : 5000
    INFO baseappmgr-1 24264 5000  [2018-07-03 14:17:20 016] - ---- baseappmgr Version: 1.0.0. ScriptVersion: 0.1.0. Protocol: BD45623450AB79CC04B6C6D196650737. Config: Debug X86. Built: 23:17:13 Jun 15 2018. AppID: 5000. UID: 24264. PID: 8720 ----
    INFO baseappmgr-1 24264 5000  [2018-07-03 14:17:20 055] - Server :        Intel(R) Core(TM) i5-2415M CPU @ 2.30GHz with 4194303kB RAM
    INFO baseappmgr-1 24264 5000  [2018-07-03 14:17:20 056] - ThreadPool::createThreadPool: creating  threadpool...
    INFO baseappmgr-1 24264 5000  [2018-07-03 14:17:20 056] - ThreadPool::createThreadPool: successfully(2), newThreadCount=1, normalMaxThreadCount=2, maxThreadCount=8
    INFO baseappmgr-1 24264 5000  [2018-07-03 14:17:22 084] - ---- baseappmgr is running ----
   DEBUG baseappmgr-1 24264 5000  [2018-07-03 14:17:22 084] - Components::process(): Request for the process of identity...
    INFO baseappmgr-1 24264 5000  [2018-07-03 14:17:29 342] - Components::findComponents: find logger(1)...
    INFO baseappmgr-1 24264 5000  [2018-07-03 14:17:29 350] - Components::findComponents: found logger, addr:192.168.31.56:5999
    INFO baseappmgr-1 24264 5000  [2018-07-03 14:17:29 350] - Components::addComponent: reset orderLog, uid=24264!
    INFO baseappmgr-1 24264 5000  [2018-07-03 14:17:29 350] - Components::addComponent[logger], uid=24264, componentID=2000, globalorderid=1, grouporderid=1, totalcount=1
    INFO baseappmgr-1 24264 5000  [2018-07-03 14:17:29 351] - Components::findComponents: find dbmgr(2)...
    INFO baseappmgr-1 24264 5000  [2018-07-03 14:17:29 453] - Components::findComponents: found dbmgr, addr:192.168.31.56:6000
    INFO baseappmgr-1 24264 5000  [2018-07-03 14:17:29 454] - Components::addComponent: reset orderLog, uid=24264!
    INFO baseappmgr-1 24264 5000  [2018-07-03 14:17:29 454] - Components::addComponent[dbmgr], uid=24264, componentID=4000, globalorderid=1, grouporderid=1, totalcount=1
    INFO baseappmgr-1 24264 5000  [2018-07-03 14:17:29 455] - Components::findComponents: found dbmgr, addr:192.168.31.56:6000
    INFO baseappmgr-1 24264 5000  [2018-07-03 14:17:31 462] - Components::findComponents: find cellappmgr(1)...
    INFO baseappmgr-1 24264 5000  [2018-07-03 14:17:31 477] - Components::findComponents: found cellappmgr, addr:192.168.31.56:6002
    INFO baseappmgr-1 24264 5000  [2018-07-03 14:17:31 477] - Components::addComponent[cellappmgr], uid=24264, componentID=6000, globalorderid=2, grouporderid=1, totalcount=1
    INFO baseappmgr-1 24264 5000  [2018-07-03 14:17:31 478] - Components::findComponents: found cellappmgr, addr:192.168.31.56:6002
    INFO baseappmgr-1 24264 5000  [2018-07-03 14:17:32 942] - ServerApp::onRegisterNewApp: uid:24264, username:, componentType:cellappmgr, componentID:6000, globalorderID=-1, grouporderID=-1, intaddr:192.168.31.56, intport:6002, extaddr:nonsupport, extport:0,  from 192.168.31.56:6039/0/0/0.
    INFO baseappmgr-1 24264 5000  [2018-07-03 14:17:33 502] - Components::findComponents: register self to dbmgr...
    INFO baseappmgr-1 24264 5000  [2018-07-03 14:17:33 522] - Components::findComponents: register self to cellappmgr...
    INFO baseappmgr-1 24264 5000  [2018-07-03 14:17:33 541] - Components::process(): Found all the components!
    INFO baseappmgr-1 24264 5000  [2018-07-03 14:17:33 802] - ServerApp::onRegisterNewApp: uid:24264, username:, componentType:loginapp, componentID:9000, globalorderID=-1, grouporderID=-1, intaddr:192.168.31.56, intport:6006, extaddr:192.168.31.56, extport:20013,  from 192.168.31.56:6043/0/0/0.
    INFO baseappmgr-1 24264 5000  [2018-07-03 14:17:33 802] - Components::addComponent[loginapp], uid=24264, componentID=9000, globalorderid=3, grouporderid=1, totalcount=1
    INFO baseappmgr-1 24264 5000  [2018-07-03 14:17:36 402] - ServerApp::onRegisterNewApp: uid:24264, username:, componentType:baseapp, componentID:7001, globalorderID=-1, grouporderID=-1, intaddr:192.168.31.56, intport:6005, extaddr:192.168.31.56, extport:20015,  from 192.168.31.56:6045/0/0/0.
    INFO baseappmgr-1 24264 5000  [2018-07-03 14:17:36 402] - Components::addComponent[baseapp], uid=24264, componentID=7001, globalorderid=4, grouporderid=1, totalcount=1
    INFO baseappmgr-1 24264 5000  [2018-07-03 14:17:36 502] - ServerApp::onRegisterNewApp: uid:24264, username:, componentType:cellapp, componentID:8001, globalorderID=-1, grouporderID=-1, intaddr:192.168.31.56, intport:6004, extaddr:nonsupport, extport:0,  from 192.168.31.56:6050/0/0/0.
    INFO baseappmgr-1 24264 5000  [2018-07-03 14:17:36 502] - Components::addComponent[cellapp], uid=24264, componentID=8001, globalorderid=5, grouporderid=1, totalcount=1
    INFO baseappmgr-1 24264 5000  [2018-07-03 14:17:41 903] - Baseappmgr::onBaseappInitProgress: cid=7001, progress=1.
    INFO baseappmgr-1 24264 5000  [2018-07-03 14:17:41 903] - Baseappmgr::onBaseappInitProgress: all completed!
   DEBUG baseappmgr-1 24264 5000  [2018-07-03 14:17:42 863] - Baseappmgr::registerPendingAccountToBaseapp:lqt02. allocBaseapp=7001, numEntities=1.
   DEBUG baseappmgr-1 24264 5000  [2018-07-03 14:17:48 022] - Baseappmgr::registerPendingAccountToBaseapp:lqt01. allocBaseapp=7001, numEntities=2.
