    INFO      dbmgr-1 7221 4000  [2018-06-19 14:21:38 795] - -----------------------------------------------------------------------------------------


    INFO      dbmgr-1 7221 4000  [2018-06-19 14:21:38 797] - Resmgr::initialize: KBE_ROOT=C:/Users/Public/Documents/workspace/kbe/kbengine-kbengine-v1.0.0/kbengine/
    INFO      dbmgr-1 7221 4000  [2018-06-19 14:21:38 798] - Resmgr::initialize: KBE_RES_PATH=C:/Users/Public/Documents/workspace/kbe/kbengine-kbengine-v1.0.0/kbengine/kbe/res/;C:/Users/Public/Documents/workspace/kbe/kbengine-kbengine-v1.0.0/kbengine/assets/;C:/Users/Public/Documents/workspace/kbe/kbengine-kbengine-v1.0.0/kbengine/assets/scripts/;C:/Users/Public/Documents/workspace/kbe/kbengine-kbengine-v1.0.0/kbengine/assets/res/
    INFO      dbmgr-1 7221 4000  [2018-06-19 14:21:38 798] - Resmgr::initialize: KBE_BIN_PATH=C:/Users/Public/Documents/workspace/kbe/kbengine-kbengine-v1.0.0/kbengine/kbe/bin/server/
    INFO      dbmgr-1 7221 4000  [2018-06-19 14:21:38 810] - NetworkInterface::recreateListeningSocket(INTERNAL): bound to all interfaces with default route interface on 192.168.31.56 ( 192.168.31.56:2631 )
    INFO      dbmgr-1 7221 4000  [2018-06-19 14:21:38 810] - NetworkInterface::recreateListeningSocket(INTERNAL): address 192.168.31.56:2631, SOMAXCONN=5.
    INFO      dbmgr-1 7221 4000  [2018-06-19 14:21:38 810] - server-configs:
    INFO      dbmgr-1 7221 4000  [2018-06-19 14:21:38 811] - 	internalAddr : 192.168.31.56:2631
    INFO      dbmgr-1 7221 4000  [2018-06-19 14:21:38 811] - 	componentID : 4000
    INFO      dbmgr-1 7221 4000  [2018-06-19 14:21:39 213] - Components::findLogger: found logger, addr:192.168.31.56:2627
    INFO      dbmgr-1 7221 4000  [2018-06-19 14:21:39 342] - Components::addComponent: reset orderLog, uid=7221!
    INFO      dbmgr-1 7221 4000  [2018-06-19 14:21:39 343] - Components::addComponent[logger], uid=7221, componentID=2000, globalorderid=1, grouporderid=1, totalcount=1
    INFO      dbmgr-1 7221 4000  [2018-06-19 14:21:39 479] - ---- dbmgr Version: 1.0.0. ScriptVersion: 0.1.0. Protocol: 253D45E587CB031BFD545E02866042FC. Config: Debug X86. Built: 23:15:53 Jun 15 2018. AppID: 4000. UID: 7221. PID: 20736 ----
    INFO      dbmgr-1 7221 4000  [2018-06-19 14:21:39 481] - Server :        Intel(R) Core(TM) i5-2415M CPU @ 2.30GHz with 4194303kB RAM
    INFO      dbmgr-1 7221 4000  [2018-06-19 14:21:39 483] - ThreadPool::createThreadPool: creating  threadpool...
    INFO      dbmgr-1 7221 4000  [2018-06-19 14:21:39 483] - ThreadPool::createThreadPool: successfully(2), newThreadCount=1, normalMaxThreadCount=2, maxThreadCount=8
   DEBUG      dbmgr-1 7221 4000  [2018-06-19 14:21:39 665] - Script::install_py_dlls(): PyInit_pyexpat
   DEBUG      dbmgr-1 7221 4000  [2018-06-19 14:21:39 666] - Script::install_py_dlls(): PyInit__socket
   DEBUG      dbmgr-1 7221 4000  [2018-06-19 14:21:39 666] - Script::install_py_dlls(): PyInit__ssl
   DEBUG      dbmgr-1 7221 4000  [2018-06-19 14:21:39 673] - Script::install_py_dlls(): PyInit__hashlib
   DEBUG      dbmgr-1 7221 4000  [2018-06-19 14:21:39 673] - Script::install_py_dlls(): PyInit_select
   DEBUG      dbmgr-1 7221 4000  [2018-06-19 14:21:39 673] - Script::install_py_dlls(): PyInit__ctypes
   DEBUG      dbmgr-1 7221 4000  [2018-06-19 14:21:39 674] - Script::install_py_dlls(): PyInit__elementtree
   DEBUG      dbmgr-1 7221 4000  [2018-06-19 14:21:39 767] - Script::install_py_dlls(): PyInit_unicodedata
    INFO      dbmgr-1 7221 4000  [2018-06-19 14:21:39 850] - Script::install(): is successfully, Python=(3.4.2 (default, Jun 15 2018, 23:15:28) [MSC v.1913 32 bit (Intel)])!
    INFO      dbmgr-1 7221 4000  [2018-06-19 14:21:39 850] - Script::install(): KBExtra is successfully!
    INFO      dbmgr-1 7221 4000  [2018-06-19 14:21:39 857] - Dbmgr::initializeEnd: digest(363BB7D9C7C9010E5779213C13D38542)
  S_INFO      dbmgr-1 7221 4000  [2018-06-19 14:21:39 857] - onDBMgrReady: bootstrapGroupIndex=0, bootstrapGlobalIndex=0
    INFO      dbmgr-1 7221 4000  [2018-06-19 14:21:39 858] - TelnetServer server is running on port 32000
    INFO      dbmgr-1 7221 4000  [2018-06-19 14:21:39 859] - Dbmgr::initInterfacesHandler: interfaces addr(127.0.0.1:30099), accountType:(interfaces), chargeType:(interfaces).
 WARNING      dbmgr-1 7221 4000  [2018-06-19 14:21:40 716] - DBUtil::initialize: db(default) password is not encrypted!
please use password(rsa):
566B7299600036B116CF5E4571272E2EB78CD0C8C52731E26A398FD138705D2262377367AACBAC671C4208E7D9B83FF0B2965C6C4BD2D35B12E9C96C1B665C93E0B3620498CBE1769F456232014B92F24EA73B4BC7215712EDA72A994E19314C7C7F27165F7900428C41F6934AA2CF3AEA9A533AA0C8E3EDD76F28D97A15CD57
   DEBUG      dbmgr-1 7221 4000  [2018-06-19 14:21:40 718] - DBInterfaceMysql::attach: connect: localhost:3306 starting...
   DEBUG      dbmgr-1 7221 4000  [2018-06-19 14:21:41 963] - DBInterfaceMysql::attach: successfully! addr: localhost:3306
    INFO      dbmgr-1 7221 4000  [2018-06-19 14:21:41 963] - DBUtil::createInterface[0x28f43c]: interface=default, dbtype=mysql, ip=localhost, port=3306, currdatabase=kbe1, username=kbe, connected=yes.

    INFO      dbmgr-1 7221 4000  [2018-06-19 14:21:41 964] - ThreadPool::createThreadPool: creating  threadpool...
    INFO      dbmgr-1 7221 4000  [2018-06-19 14:21:41 965] - ThreadPool::createThreadPool: successfully(5), newThreadCount=5, normalMaxThreadCount=5, maxThreadCount=5
    INFO      dbmgr-1 7221 4000  [2018-06-19 14:21:42 488] - DBInterfaceMysql::query: successfully!
    INFO      dbmgr-1 7221 4000  [2018-06-19 14:21:42 516] - DBInterfaceMysql::query: successfully!
 WARNING      dbmgr-1 7221 4000  [2018-06-19 14:21:43 768] - c:\users\public\documents\workspace\kbe\kbengine-kbengine-v1.0.0\kbengine\kbe\src\server\dbmgr\dbmgr.cpp:293: Profile scriptCall took 3.91 seconds
    INFO      dbmgr-1 7221 4000  [2018-06-19 14:21:44 302] - ---- dbmgr is running ----
   DEBUG      dbmgr-1 7221 4000  [2018-06-19 14:21:44 302] - Components::process(): Request for the process of identity...
   DEBUG      dbmgr-1 7221 4000  [2018-06-19 14:21:41 964] - DBInterfaceMysql::attach: connect: localhost:3306 starting...
   DEBUG      dbmgr-1 7221 4000  [2018-06-19 14:21:41 965] - DBInterfaceMysql::attach: connect: localhost:3306 starting...
   DEBUG      dbmgr-1 7221 4000  [2018-06-19 14:21:41 965] - DBInterfaceMysql::attach: connect: localhost:3306 starting...
   DEBUG      dbmgr-1 7221 4000  [2018-06-19 14:21:41 965] - DBInterfaceMysql::attach: connect: localhost:3306 starting...
   DEBUG      dbmgr-1 7221 4000  [2018-06-19 14:21:41 966] - DBInterfaceMysql::attach: connect: localhost:3306 starting...
   DEBUG      dbmgr-1 7221 4000  [2018-06-19 14:21:41 970] - DBInterfaceMysql::attach: successfully! addr: localhost:3306
   DEBUG      dbmgr-1 7221 4000  [2018-06-19 14:21:41 970] - DBThread::onStart(): 0x740d20!
   DEBUG      dbmgr-1 7221 4000  [2018-06-19 14:21:41 972] - DBInterfaceMysql::attach: successfully! addr: localhost:3306
   DEBUG      dbmgr-1 7221 4000  [2018-06-19 14:21:41 972] - DBThread::onStart(): 0x740da8!
   DEBUG      dbmgr-1 7221 4000  [2018-06-19 14:21:41 974] - DBInterfaceMysql::attach: successfully! addr: localhost:3306
   DEBUG      dbmgr-1 7221 4000  [2018-06-19 14:21:41 974] - DBThread::onStart(): 0x740f40!
   DEBUG      dbmgr-1 7221 4000  [2018-06-19 14:21:41 976] - DBInterfaceMysql::attach: successfully! addr: localhost:3306
   DEBUG      dbmgr-1 7221 4000  [2018-06-19 14:21:41 976] - DBThread::onStart(): 0x740e30!
   DEBUG      dbmgr-1 7221 4000  [2018-06-19 14:21:41 977] - DBInterfaceMysql::attach: successfully! addr: localhost:3306
   DEBUG      dbmgr-1 7221 4000  [2018-06-19 14:21:41 977] - DBThread::onStart(): 0x740eb8!
    INFO      dbmgr-1 7221 4000  [2018-06-19 14:21:42 921] - DBInterfaceMysql::query: successfully!
    INFO      dbmgr-1 7221 4000  [2018-06-19 14:21:42 921] - DBInterfaceMysql::query: successfully!
    INFO      dbmgr-1 7221 4000  [2018-06-19 14:21:42 921] - DBInterfaceMysql::query: successfully!
    INFO      dbmgr-1 7221 4000  [2018-06-19 14:21:42 922] - DBInterfaceMysql::query: successfully!
 WARNING      dbmgr-1 7221 4000  [2018-06-19 14:21:42 922] - DBTask::process(): took 0.41 seconds
sql:(CREATE TABLE IF NOT EXISTS kbe_accountinfos (`accountName` varchar(128) not null, PRIMARY KEY idKey (`accountName`),`password` varchar(255),`bindata` blob,`email` varchar(255) not null, UNIQUE KEY `email` (`email`),`entityDBID` bigint(20) unsigned not null DEFAULT 0, UNIQUE KEY `entityDBID` (`entityDBID`),`flags` int unsigned not null DEFAULT 0,`deadline` bigint(20) not null DEFAULT 0,`regtime` bigint(20) not null DEFAULT 0,`lasttime` bigint(20) not null DEFAULT 0,`numlogin` int unsigned not null DEFAULT 0)ENGINE=InnoDB)
 WARNING      dbmgr-1 7221 4000  [2018-06-19 14:21:42 989] - DBTask::process(): took 0.47 seconds
sql:(show index from tbl_Account)
    INFO      dbmgr-1 7221 4000  [2018-06-19 14:21:43 227] - DBInterfaceMysql::query: successfully!
    INFO      dbmgr-1 7221 4000  [2018-06-19 14:21:43 227] - DBInterfaceMysql::query: successfully!
    INFO      dbmgr-1 7221 4000  [2018-06-19 14:21:43 227] - DBInterfaceMysql::query: successfully!
 WARNING      dbmgr-1 7221 4000  [2018-06-19 14:21:43 228] - DBTask::process(): took 0.71 seconds
sql:(delete from kbe_email_verification where logtime<1529385703 and type=3)
    INFO      dbmgr-1 7221 4000  [2018-06-19 14:21:43 304] - DBInterfaceMysql::query: successfully!
 WARNING      dbmgr-1 7221 4000  [2018-06-19 14:21:43 304] - DBTask::process(): took 0.79 seconds
sql:(delete from kbe_entitylog where logger in (4000))
 WARNING      dbmgr-1 7221 4000  [2018-06-19 14:21:43 753] - DBTask::process(): took 1.24 seconds
sql:(insert into kbe_serverlog (heartbeatTime, logger) values(1529389302,4000) ON DUPLICATE KEY UPDATE heartbeatTime=1529389302)
 WARNING      dbmgr-1 7221 4000  [2018-06-19 14:21:50 714] - c:\users\public\documents\workspace\kbe\kbengine-kbengine-v1.0.0\kbengine\kbe\src\lib\network\event_dispatcher.cpp:171: Profile callSystemTimers took 0.21 seconds
    INFO      dbmgr-1 7221 4000  [2018-06-19 14:21:51 757] - Components::process(): Found all the components!
    INFO      dbmgr-1 7221 4000  [2018-06-19 14:21:52 288] - ServerApp::onRegisterNewApp: uid:7221, username:, componentType:baseappmgr, componentID:5000, globalorderID=-1, grouporderID=-1, intaddr:192.168.31.56, intport:2632, extaddr:nonsupport, extport:0,  from 192.168.31.56:2655/0/0/0.
    INFO      dbmgr-1 7221 4000  [2018-06-19 14:21:52 288] - Components::addComponent: reset orderLog, uid=7221!
    INFO      dbmgr-1 7221 4000  [2018-06-19 14:21:52 288] - Components::addComponent[baseappmgr], uid=7221, componentID=5000, globalorderid=1, grouporderid=1, totalcount=1
 WARNING      dbmgr-1 7221 4000  [2018-06-19 14:21:52 305] - c:\users\public\documents\workspace\kbe\kbengine-kbengine-v1.0.0\kbengine\kbe\src\server\dbmgr\dbmgr.cpp:231: Profile mainTick took 0.27 seconds
 WARNING      dbmgr-1 7221 4000  [2018-06-19 14:21:52 305] - c:\users\public\documents\workspace\kbe\kbengine-kbengine-v1.0.0\kbengine\kbe\src\lib\network\event_dispatcher.cpp:171: Profile callSystemTimers took 0.27 seconds
    INFO      dbmgr-1 7221 4000  [2018-06-19 14:21:52 617] - ServerApp::onRegisterNewApp: uid:7221, username:, componentType:cellappmgr, componentID:6000, globalorderID=-1, grouporderID=-1, intaddr:192.168.31.56, intport:2635, extaddr:nonsupport, extport:0,  from 192.168.31.56:2657/0/0/0.
    INFO      dbmgr-1 7221 4000  [2018-06-19 14:21:52 617] - Components::addComponent[cellappmgr], uid=7221, componentID=6000, globalorderid=2, grouporderid=1, totalcount=1
    INFO      dbmgr-1 7221 4000  [2018-06-19 14:21:55 677] - ServerApp::onRegisterNewApp: uid:7221, username:, componentType:baseapp, componentID:7001, globalorderID=-1, grouporderID=-1, intaddr:192.168.31.56, intport:2638, extaddr:192.168.31.56, extport:20015,  from 192.168.31.56:2667/0/0/0.
    INFO      dbmgr-1 7221 4000  [2018-06-19 14:21:55 677] - Components::addComponent[baseapp], uid=7221, componentID=7001, globalorderid=3, grouporderid=1, totalcount=1
    INFO      dbmgr-1 7221 4000  [2018-06-19 14:21:58 697] - IDServer::allocRange: 1-2001.
   DEBUG      dbmgr-1 7221 4000  [2018-06-19 14:21:58 724] - SyncAppDatasHandler::~SyncAppDatasHandler()
    INFO      dbmgr-1 7221 4000  [2018-06-19 14:22:04 737] - ServerApp::onRegisterNewApp: uid:7221, username:, componentType:loginapp, componentID:9000, globalorderID=-1, grouporderID=-1, intaddr:192.168.31.56, intport:2651, extaddr:192.168.31.56, extport:20013,  from 192.168.31.56:2685/0/0/0.
    INFO      dbmgr-1 7221 4000  [2018-06-19 14:22:04 737] - Components::addComponent[loginapp], uid=7221, componentID=9000, globalorderid=4, grouporderid=1, totalcount=1
    INFO      dbmgr-1 7221 4000  [2018-06-19 14:22:05 177] - ServerApp::onRegisterNewApp: uid:7221, username:, componentType:cellapp, componentID:8001, globalorderID=-1, grouporderID=-1, intaddr:192.168.31.56, intport:2648, extaddr:nonsupport, extport:0,  from 192.168.31.56:2687/0/0/0.
    INFO      dbmgr-1 7221 4000  [2018-06-19 14:22:05 177] - Components::addComponent[cellapp], uid=7221, componentID=8001, globalorderid=5, grouporderid=1, totalcount=1
    INFO      dbmgr-1 7221 4000  [2018-06-19 14:22:08 197] - IDServer::allocRange: 2001-4001.
   DEBUG      dbmgr-1 7221 4000  [2018-06-19 14:22:08 197] - SyncAppDatasHandler::~SyncAppDatasHandler()
   DEBUG      dbmgr-1 7221 4000  [2018-06-19 15:21:43 753] - Dbmgr::DBTaskServerLog()
    INFO      dbmgr-1 7221 4000  [2018-06-19 15:28:22 069] - DBTaskAccountLogin::db_thread_process(): not found account[lqt], autocreate successfully!
 WARNING      dbmgr-1 7221 4000  [2018-06-19 15:28:22 131] - DBTask::process(): took 0.25 seconds
sql:(select entityID, ip, port, componentID, logger from kbe_entitylog where entityDBID=1 and entityType=1 LIMIT 1)
   DEBUG      dbmgr-1 7221 4000  [2018-06-19 15:28:22 193] - Dbmgr::onAccountLogin:loginName=lqt, accountName=lqt, success=0, componentID=0, entityID=0, dbid=1, flags=0, deadline=0.
   DEBUG      dbmgr-1 7221 4000  [2018-06-19 15:28:23 233] - Dbmgr::queryAccount: lqt, success=1, flags=0, deadline=0.
   DEBUG      dbmgr-1 7221 4000  [2018-06-19 15:29:19 652] - Dbmgr::writeEntity: Account(1).
    INFO      dbmgr-1 7221 4000  [2018-06-19 15:29:19 640] - Buffered_DBTasks::onFiniTask: Playing buffered task for entityID=0, dbid=1, dbid_tasks_size=1, entityid_tasks_size=0.
   DEBUG      dbmgr-1 7221 4000  [2018-06-19 15:29:19 752] - Dbmgr::onEntityOffline: 1, entityType=1.
   DEBUG      dbmgr-1 7221 4000  [2018-06-19 15:58:27 991] - Dbmgr::onAccountLogin:loginName=lqt, accountName=lqt, success=6, componentID=0, entityID=0, dbid=0, flags=0, deadline=0.
   DEBUG      dbmgr-1 7221 4000  [2018-06-19 16:04:37 654] - Dbmgr::onAccountLogin:loginName=lqt, accountName=lqt, success=0, componentID=0, entityID=0, dbid=1, flags=0, deadline=0.
   DEBUG      dbmgr-1 7221 4000  [2018-06-19 16:04:38 074] - Dbmgr::queryAccount: lqt, success=1, flags=0, deadline=0.
   DEBUG      dbmgr-1 7221 4000  [2018-06-19 16:04:43 333] - Dbmgr::writeEntity: Account(1).
    INFO      dbmgr-1 7221 4000  [2018-06-19 16:04:43 313] - Buffered_DBTasks::onFiniTask: Playing buffered task for entityID=0, dbid=1, dbid_tasks_size=1, entityid_tasks_size=0.
   DEBUG      dbmgr-1 7221 4000  [2018-06-19 16:04:43 413] - Dbmgr::onEntityOffline: 1, entityType=1.
   DEBUG      dbmgr-1 7221 4000  [2018-06-19 16:21:43 626] - Dbmgr::DBTaskServerLog()
    INFO      dbmgr-1 2247 4000  [2018-06-19 16:43:27 679] - -----------------------------------------------------------------------------------------


    INFO      dbmgr-1 2247 4000  [2018-06-19 16:43:27 681] - Resmgr::initialize: KBE_ROOT=C:/Users/Public/Documents/workspace/kbe/kbengine-kbengine-v1.0.0/kbengine/
    INFO      dbmgr-1 2247 4000  [2018-06-19 16:43:27 682] - Resmgr::initialize: KBE_RES_PATH=C:/Users/Public/Documents/workspace/kbe/kbengine-kbengine-v1.0.0/kbengine/kbe/res/;C:/Users/Public/Documents/workspace/kbe/kbengine-kbengine-v1.0.0/kbengine/assets/;C:/Users/Public/Documents/workspace/kbe/kbengine-kbengine-v1.0.0/kbengine/assets/scripts/;C:/Users/Public/Documents/workspace/kbe/kbengine-kbengine-v1.0.0/kbengine/assets/res/
    INFO      dbmgr-1 2247 4000  [2018-06-19 16:43:27 682] - Resmgr::initialize: KBE_BIN_PATH=C:/Users/Public/Documents/workspace/kbe/kbengine-kbengine-v1.0.0/kbengine/kbe/bin/server/
    INFO      dbmgr-1 2247 4000  [2018-06-19 16:43:27 714] - NetworkInterface::recreateListeningSocket(INTERNAL): bound to all interfaces with default route interface on 192.168.31.56 ( 192.168.31.56:5973 )
    INFO      dbmgr-1 2247 4000  [2018-06-19 16:43:27 714] - NetworkInterface::recreateListeningSocket(INTERNAL): address 192.168.31.56:5973, SOMAXCONN=5.
    INFO      dbmgr-1 2247 4000  [2018-06-19 16:43:27 715] - server-configs:
    INFO      dbmgr-1 2247 4000  [2018-06-19 16:43:27 715] - 	internalAddr : 192.168.31.56:5973
    INFO      dbmgr-1 2247 4000  [2018-06-19 16:43:27 715] - 	componentID : 4000
    INFO      dbmgr-1 2247 4000  [2018-06-19 16:43:29 230] - ---- dbmgr Version: 1.0.0. ScriptVersion: 0.1.0. Protocol: 253D45E587CB031BFD545E02866042FC. Config: Debug X86. Built: 23:15:53 Jun 15 2018. AppID: 4000. UID: 2247. PID: 30072 ----
    INFO      dbmgr-1 2247 4000  [2018-06-19 16:43:29 231] - Server :        Intel(R) Core(TM) i5-2415M CPU @ 2.30GHz with 4194303kB RAM
    INFO      dbmgr-1 2247 4000  [2018-06-19 16:43:29 231] - ThreadPool::createThreadPool: creating  threadpool...
    INFO      dbmgr-1 2247 4000  [2018-06-19 16:43:29 232] - ThreadPool::createThreadPool: successfully(2), newThreadCount=1, normalMaxThreadCount=2, maxThreadCount=8
   DEBUG      dbmgr-1 2247 4000  [2018-06-19 16:43:29 440] - Script::install_py_dlls(): PyInit_pyexpat
   DEBUG      dbmgr-1 2247 4000  [2018-06-19 16:43:29 441] - Script::install_py_dlls(): PyInit__socket
   DEBUG      dbmgr-1 2247 4000  [2018-06-19 16:43:29 443] - Script::install_py_dlls(): PyInit__ssl
   DEBUG      dbmgr-1 2247 4000  [2018-06-19 16:43:29 450] - Script::install_py_dlls(): PyInit__hashlib
   DEBUG      dbmgr-1 2247 4000  [2018-06-19 16:43:29 451] - Script::install_py_dlls(): PyInit_select
   DEBUG      dbmgr-1 2247 4000  [2018-06-19 16:43:29 451] - Script::install_py_dlls(): PyInit__ctypes
   DEBUG      dbmgr-1 2247 4000  [2018-06-19 16:43:29 453] - Script::install_py_dlls(): PyInit__elementtree
   DEBUG      dbmgr-1 2247 4000  [2018-06-19 16:43:29 572] - Script::install_py_dlls(): PyInit_unicodedata
    INFO      dbmgr-1 2247 4000  [2018-06-19 16:43:29 698] - Script::install(): is successfully, Python=(3.4.2 (default, Jun 15 2018, 23:15:28) [MSC v.1913 32 bit (Intel)])!
    INFO      dbmgr-1 2247 4000  [2018-06-19 16:43:29 698] - Script::install(): KBExtra is successfully!
    INFO      dbmgr-1 2247 4000  [2018-06-19 16:43:29 742] - Dbmgr::initializeEnd: digest(5821CA671259129ADD652042F1CB10F6)
  S_INFO      dbmgr-1 2247 4000  [2018-06-19 16:43:29 742] - onDBMgrReady: bootstrapGroupIndex=0, bootstrapGlobalIndex=0
    INFO      dbmgr-1 2247 4000  [2018-06-19 16:43:29 744] - TelnetServer server is running on port 32000
    INFO      dbmgr-1 2247 4000  [2018-06-19 16:43:29 745] - Dbmgr::initInterfacesHandler: interfaces addr(127.0.0.1:30099), accountType:(interfaces), chargeType:(interfaces).
 WARNING      dbmgr-1 2247 4000  [2018-06-19 16:43:30 647] - DBUtil::initialize: db(default) password is not encrypted!
please use password(rsa):
05343551DB0F6CAF789C44C6E92519A2F4B914928F0FC97A07FE111B0B45ADC474B6A90B3B443A21C2988E69B0F3DFE9155DD0F9AE2AC8253789A86A0BF49CA9800220C4C74EB1FC824511E33C24DFF476E022D3584B3C9707036ED1EC27D3EB9D78F6DD0C72D360C65BA18232A1CCEB4A1FB713CA81EEB76528689B2DC18544
   DEBUG      dbmgr-1 2247 4000  [2018-06-19 16:43:30 652] - DBInterfaceMysql::attach: connect: localhost:3306 starting...
   DEBUG      dbmgr-1 2247 4000  [2018-06-19 16:43:30 661] - DBInterfaceMysql::attach: successfully! addr: localhost:3306
    INFO      dbmgr-1 2247 4000  [2018-06-19 16:43:30 662] - DBUtil::createInterface[0x179f3c8]: interface=default, dbtype=mysql, ip=localhost, port=3306, currdatabase=kbe1, username=kbe, connected=yes.

    INFO      dbmgr-1 2247 4000  [2018-06-19 16:43:30 663] - ThreadPool::createThreadPool: creating  threadpool...
    INFO      dbmgr-1 2247 4000  [2018-06-19 16:43:30 665] - ThreadPool::createThreadPool: successfully(5), newThreadCount=5, normalMaxThreadCount=5, maxThreadCount=5
    INFO      dbmgr-1 2247 4000  [2018-06-19 16:43:30 799] - DBInterfaceMysql::query: successfully!
    INFO      dbmgr-1 2247 4000  [2018-06-19 16:43:30 805] - DBInterfaceMysql::query: successfully!
 WARNING      dbmgr-1 2247 4000  [2018-06-19 16:43:32 106] - c:\users\public\documents\workspace\kbe\kbengine-kbengine-v1.0.0\kbengine\kbe\src\server\dbmgr\dbmgr.cpp:293: Profile scriptCall took 2.36 seconds
    INFO      dbmgr-1 2247 4000  [2018-06-19 16:43:32 639] - ---- dbmgr is running ----
   DEBUG      dbmgr-1 2247 4000  [2018-06-19 16:43:32 640] - Components::process(): Request for the process of identity...
   DEBUG      dbmgr-1 2247 4000  [2018-06-19 16:43:30 664] - DBInterfaceMysql::attach: connect: localhost:3306 starting...
   DEBUG      dbmgr-1 2247 4000  [2018-06-19 16:43:30 664] - DBInterfaceMysql::attach: connect: localhost:3306 starting...
   DEBUG      dbmgr-1 2247 4000  [2018-06-19 16:43:30 665] - DBInterfaceMysql::attach: connect: localhost:3306 starting...
   DEBUG      dbmgr-1 2247 4000  [2018-06-19 16:43:30 666] - DBInterfaceMysql::attach: connect: localhost:3306 starting...
   DEBUG      dbmgr-1 2247 4000  [2018-06-19 16:43:30 666] - DBInterfaceMysql::attach: connect: localhost:3306 starting...
   DEBUG      dbmgr-1 2247 4000  [2018-06-19 16:43:30 673] - DBInterfaceMysql::attach: successfully! addr: localhost:3306
   DEBUG      dbmgr-1 2247 4000  [2018-06-19 16:43:30 674] - DBThread::onStart(): 0x18f0b00!
   DEBUG      dbmgr-1 2247 4000  [2018-06-19 16:43:30 677] - DBInterfaceMysql::attach: successfully! addr: localhost:3306
   DEBUG      dbmgr-1 2247 4000  [2018-06-19 16:43:30 677] - DBThread::onStart(): 0x18f0c98!
   DEBUG      dbmgr-1 2247 4000  [2018-06-19 16:43:30 679] - DBInterfaceMysql::attach: successfully! addr: localhost:3306
   DEBUG      dbmgr-1 2247 4000  [2018-06-19 16:43:30 680] - DBThread::onStart(): 0x18f0c10!
   DEBUG      dbmgr-1 2247 4000  [2018-06-19 16:43:30 681] - DBInterfaceMysql::attach: successfully! addr: localhost:3306
   DEBUG      dbmgr-1 2247 4000  [2018-06-19 16:43:30 682] - DBThread::onStart(): 0x18f0b88!
   DEBUG      dbmgr-1 2247 4000  [2018-06-19 16:43:30 683] - DBInterfaceMysql::attach: successfully! addr: localhost:3306
   DEBUG      dbmgr-1 2247 4000  [2018-06-19 16:43:30 684] - DBThread::onStart(): 0x18f0d20!
    INFO      dbmgr-1 2247 4000  [2018-06-19 16:43:30 809] - DBInterfaceMysql::query: successfully!
    INFO      dbmgr-1 2247 4000  [2018-06-19 16:43:30 809] - DBInterfaceMysql::query: successfully!
    INFO      dbmgr-1 2247 4000  [2018-06-19 16:43:30 810] - DBInterfaceMysql::query: successfully!
    INFO      dbmgr-1 2247 4000  [2018-06-19 16:43:30 810] - DBInterfaceMysql::query: successfully!
    INFO      dbmgr-1 2247 4000  [2018-06-19 16:43:30 811] - DBInterfaceMysql::query: successfully!
    INFO      dbmgr-1 2247 4000  [2018-06-19 16:43:30 811] - DBInterfaceMysql::query: successfully!
    INFO      dbmgr-1 2247 4000  [2018-06-19 16:43:30 812] - DBInterfaceMysql::query: successfully!
   DEBUG      dbmgr-1 2247 4000  [2018-06-19 16:43:30 816] - syncToDB(): Account->sm_Name(varchar(255) not null DEFAULT '').
    INFO      dbmgr-1 2247 4000  [2018-06-19 16:43:30 835] - DBInterfaceMysql::query: successfully!
 WARNING      dbmgr-1 2247 4000  [2018-06-19 16:43:32 094] - DBTask::process(): took 1.29 seconds
sql:(show index from tbl_Account)
    INFO      dbmgr-1 2247 4000  [2018-06-19 16:43:39 781] - Components::findComponents: find logger(1)...
    INFO      dbmgr-1 2247 4000  [2018-06-19 16:43:39 798] - Components::findComponents: found logger, addr:192.168.31.56:5968
    INFO      dbmgr-1 2247 4000  [2018-06-19 16:43:39 798] - Components::addComponent: reset orderLog, uid=2247!
    INFO      dbmgr-1 2247 4000  [2018-06-19 16:43:39 798] - Components::addComponent[logger], uid=2247, componentID=2000, globalorderid=1, grouporderid=1, totalcount=1
    INFO      dbmgr-1 2247 4000  [2018-06-19 16:43:39 821] - Components::process(): Found all the components!
    INFO      dbmgr-1 2247 4000  [2018-06-19 16:43:41 441] - ServerApp::onRegisterNewApp: uid:2247, username:, componentType:loginapp, componentID:9000, globalorderID=-1, grouporderID=-1, intaddr:192.168.31.56, intport:5965, extaddr:192.168.31.56, extport:20013,  from 192.168.31.56:6003/0/0/0.
    INFO      dbmgr-1 2247 4000  [2018-06-19 16:43:41 441] - Components::addComponent: reset orderLog, uid=2247!
    INFO      dbmgr-1 2247 4000  [2018-06-19 16:43:41 441] - Components::addComponent[loginapp], uid=2247, componentID=9000, globalorderid=1, grouporderid=1, totalcount=1
    INFO      dbmgr-1 2247 4000  [2018-06-19 16:43:41 541] - ServerApp::onRegisterNewApp: uid:2247, username:, componentType:cellappmgr, componentID:6000, globalorderID=-1, grouporderID=-1, intaddr:192.168.31.56, intport:5969, extaddr:nonsupport, extport:0,  from 192.168.31.56:6005/0/0/0.
    INFO      dbmgr-1 2247 4000  [2018-06-19 16:43:41 541] - Components::addComponent[cellappmgr], uid=2247, componentID=6000, globalorderid=2, grouporderid=1, totalcount=1
    INFO      dbmgr-1 2247 4000  [2018-06-19 16:43:41 641] - ServerApp::onRegisterNewApp: uid:2247, username:, componentType:baseappmgr, componentID:5000, globalorderID=-1, grouporderID=-1, intaddr:192.168.31.56, intport:5971, extaddr:nonsupport, extport:0,  from 192.168.31.56:6007/0/0/0.
    INFO      dbmgr-1 2247 4000  [2018-06-19 16:43:41 641] - Components::addComponent[baseappmgr], uid=2247, componentID=5000, globalorderid=3, grouporderid=1, totalcount=1
    INFO      dbmgr-1 2247 4000  [2018-06-19 16:43:43 441] - ServerApp::onRegisterNewApp: uid:2247, username:, componentType:cellapp, componentID:8001, globalorderID=-1, grouporderID=-1, intaddr:192.168.31.56, intport:5970, extaddr:nonsupport, extport:0,  from 192.168.31.56:6010/0/0/0.
    INFO      dbmgr-1 2247 4000  [2018-06-19 16:43:43 441] - Components::addComponent[cellapp], uid=2247, componentID=8001, globalorderid=4, grouporderid=1, totalcount=1
    INFO      dbmgr-1 2247 4000  [2018-06-19 16:43:44 861] - ServerApp::onRegisterNewApp: uid:2247, username:, componentType:baseapp, componentID:7001, globalorderID=-1, grouporderID=-1, intaddr:192.168.31.56, intport:5966, extaddr:192.168.31.56, extport:20015,  from 192.168.31.56:6013/0/0/0.
    INFO      dbmgr-1 2247 4000  [2018-06-19 16:43:44 861] - Components::addComponent[baseapp], uid=2247, componentID=7001, globalorderid=5, grouporderid=1, totalcount=1
    INFO      dbmgr-1 2247 4000  [2018-06-19 16:43:47 861] - IDServer::allocRange: 1-2001.
    INFO      dbmgr-1 2247 4000  [2018-06-19 16:43:47 861] - IDServer::allocRange: 2001-4001.
   DEBUG      dbmgr-1 2247 4000  [2018-06-19 16:43:47 861] - SyncAppDatasHandler::~SyncAppDatasHandler()
   DEBUG      dbmgr-1 2247 4000  [2018-06-19 16:44:15 779] - Dbmgr::onAccountLogin:loginName=lqt, accountName=lqt, success=0, componentID=0, entityID=0, dbid=1, flags=0, deadline=0.
   DEBUG      dbmgr-1 2247 4000  [2018-06-19 16:44:16 519] - Dbmgr::queryAccount: lqt, success=1, flags=0, deadline=0.
   DEBUG      dbmgr-1 2247 4000  [2018-06-19 16:44:30 279] - Dbmgr::writeEntity: Account(1).
    INFO      dbmgr-1 2247 4000  [2018-06-19 16:44:30 277] - Buffered_DBTasks::onFiniTask: Playing buffered task for entityID=0, dbid=1, dbid_tasks_size=1, entityid_tasks_size=0.
   DEBUG      dbmgr-1 2247 4000  [2018-06-19 16:44:30 358] - Dbmgr::onEntityOffline: 1, entityType=1.
   DEBUG      dbmgr-1 2247 4000  [2018-06-19 16:58:37 980] - Dbmgr::onAccountLogin:loginName=lqt, accountName=lqt, success=0, componentID=0, entityID=0, dbid=1, flags=0, deadline=0.
   DEBUG      dbmgr-1 2247 4000  [2018-06-19 16:58:38 580] - Dbmgr::queryAccount: lqt, success=1, flags=0, deadline=0.
   DEBUG      dbmgr-1 2247 4000  [2018-06-19 16:59:09 898] - Dbmgr::writeEntity: Account(1).
    INFO      dbmgr-1 2247 4000  [2018-06-19 16:59:09 896] - Buffered_DBTasks::onFiniTask: Playing buffered task for entityID=0, dbid=1, dbid_tasks_size=1, entityid_tasks_size=0.
   DEBUG      dbmgr-1 2247 4000  [2018-06-19 16:59:09 958] - Dbmgr::onEntityOffline: 1, entityType=1.
   DEBUG      dbmgr-1 2247 4000  [2018-06-19 17:43:31 936] - Dbmgr::DBTaskServerLog()
    INFO      dbmgr-1 16805 4000  [2018-06-19 17:57:45 562] - -----------------------------------------------------------------------------------------


    INFO      dbmgr-1 16805 4000  [2018-06-19 17:57:45 563] - Resmgr::initialize: KBE_ROOT=C:/Users/Public/Documents/workspace/kbe/kbengine-kbengine-v1.0.0/kbengine/
    INFO      dbmgr-1 16805 4000  [2018-06-19 17:57:45 564] - Resmgr::initialize: KBE_RES_PATH=C:/Users/Public/Documents/workspace/kbe/kbengine-kbengine-v1.0.0/kbengine/kbe/res/;C:/Users/Public/Documents/workspace/kbe/kbengine-kbengine-v1.0.0/kbengine/assets/;C:/Users/Public/Documents/workspace/kbe/kbengine-kbengine-v1.0.0/kbengine/assets/scripts/;C:/Users/Public/Documents/workspace/kbe/kbengine-kbengine-v1.0.0/kbengine/assets/res/
    INFO      dbmgr-1 16805 4000  [2018-06-19 17:57:45 565] - Resmgr::initialize: KBE_BIN_PATH=C:/Users/Public/Documents/workspace/kbe/kbengine-kbengine-v1.0.0/kbengine/kbe/bin/server/
    INFO      dbmgr-1 16805 4000  [2018-06-19 17:57:45 588] - NetworkInterface::recreateListeningSocket(INTERNAL): bound to all interfaces with default route interface on 192.168.31.56 ( 192.168.31.56:7024 )
    INFO      dbmgr-1 16805 4000  [2018-06-19 17:57:45 588] - NetworkInterface::recreateListeningSocket(INTERNAL): address 192.168.31.56:7024, SOMAXCONN=5.
    INFO      dbmgr-1 16805 4000  [2018-06-19 17:57:45 588] - server-configs:
    INFO      dbmgr-1 16805 4000  [2018-06-19 17:57:45 589] - 	internalAddr : 192.168.31.56:7024
    INFO      dbmgr-1 16805 4000  [2018-06-19 17:57:45 589] - 	componentID : 4000
    INFO      dbmgr-1 16805 4000  [2018-06-19 17:57:47 110] - ---- dbmgr Version: 1.0.0. ScriptVersion: 0.1.0. Protocol: 253D45E587CB031BFD545E02866042FC. Config: Debug X86. Built: 23:15:53 Jun 15 2018. AppID: 4000. UID: 16805. PID: 22212 ----
    INFO      dbmgr-1 16805 4000  [2018-06-19 17:57:47 111] - Server :        Intel(R) Core(TM) i5-2415M CPU @ 2.30GHz with 4194303kB RAM
    INFO      dbmgr-1 16805 4000  [2018-06-19 17:57:47 112] - ThreadPool::createThreadPool: creating  threadpool...
    INFO      dbmgr-1 16805 4000  [2018-06-19 17:57:47 113] - ThreadPool::createThreadPool: successfully(2), newThreadCount=1, normalMaxThreadCount=2, maxThreadCount=8
   DEBUG      dbmgr-1 16805 4000  [2018-06-19 17:57:47 297] - Script::install_py_dlls(): PyInit_pyexpat
   DEBUG      dbmgr-1 16805 4000  [2018-06-19 17:57:47 298] - Script::install_py_dlls(): PyInit__socket
   DEBUG      dbmgr-1 16805 4000  [2018-06-19 17:57:47 299] - Script::install_py_dlls(): PyInit__ssl
   DEBUG      dbmgr-1 16805 4000  [2018-06-19 17:57:47 307] - Script::install_py_dlls(): PyInit__hashlib
   DEBUG      dbmgr-1 16805 4000  [2018-06-19 17:57:47 308] - Script::install_py_dlls(): PyInit_select
   DEBUG      dbmgr-1 16805 4000  [2018-06-19 17:57:47 308] - Script::install_py_dlls(): PyInit__ctypes
   DEBUG      dbmgr-1 16805 4000  [2018-06-19 17:57:47 310] - Script::install_py_dlls(): PyInit__elementtree
   DEBUG      dbmgr-1 16805 4000  [2018-06-19 17:57:47 427] - Script::install_py_dlls(): PyInit_unicodedata
    INFO      dbmgr-1 16805 4000  [2018-06-19 17:57:47 518] - Script::install(): is successfully, Python=(3.4.2 (default, Jun 15 2018, 23:15:28) [MSC v.1913 32 bit (Intel)])!
    INFO      dbmgr-1 16805 4000  [2018-06-19 17:57:47 519] - Script::install(): KBExtra is successfully!
    INFO      dbmgr-1 16805 4000  [2018-06-19 17:57:47 533] - Dbmgr::initializeEnd: digest(5821CA671259129ADD652042F1CB10F6)
  S_INFO      dbmgr-1 16805 4000  [2018-06-19 17:57:47 534] - onDBMgrReady: bootstrapGroupIndex=0, bootstrapGlobalIndex=0
    INFO      dbmgr-1 16805 4000  [2018-06-19 17:57:47 535] - TelnetServer server is running on port 32000
    INFO      dbmgr-1 16805 4000  [2018-06-19 17:57:47 536] - Dbmgr::initInterfacesHandler: interfaces addr(127.0.0.1:30099), accountType:(interfaces), chargeType:(interfaces).
 WARNING      dbmgr-1 16805 4000  [2018-06-19 17:57:48 519] - DBUtil::initialize: db(default) password is not encrypted!
please use password(rsa):
61DD138F97C429921CE9928E47A69644819BCAE3589CB69F32C1F58C1521E6E8AA2D888507BBCF9E34C40BEFC0A8916679423B4B80C9945FD02CD72A93C19B6AF905E3674864159973536BF2876740BA2B9DCBB17B7F21EB9C98A06391D025F92D4654A2F8B6F37ED8BB5AD3B4ED27ABB3AE209D58EC422EDE81DA47EA721950
   DEBUG      dbmgr-1 16805 4000  [2018-06-19 17:57:48 521] - DBInterfaceMysql::attach: connect: localhost:3306 starting...
   DEBUG      dbmgr-1 16805 4000  [2018-06-19 17:57:48 527] - DBInterfaceMysql::attach: successfully! addr: localhost:3306
    INFO      dbmgr-1 16805 4000  [2018-06-19 17:57:48 527] - DBUtil::createInterface[0x3ff3a0]: interface=default, dbtype=mysql, ip=localhost, port=3306, currdatabase=kbe1, username=kbe, connected=yes.

    INFO      dbmgr-1 16805 4000  [2018-06-19 17:57:48 527] - ThreadPool::createThreadPool: creating  threadpool...
    INFO      dbmgr-1 16805 4000  [2018-06-19 17:57:48 529] - ThreadPool::createThreadPool: successfully(5), newThreadCount=5, normalMaxThreadCount=5, maxThreadCount=5
    INFO      dbmgr-1 16805 4000  [2018-06-19 17:57:48 632] - DBInterfaceMysql::query: successfully!
    INFO      dbmgr-1 16805 4000  [2018-06-19 17:57:48 639] - DBInterfaceMysql::query: successfully!
 WARNING      dbmgr-1 16805 4000  [2018-06-19 17:57:48 780] - c:\users\public\documents\workspace\kbe\kbengine-kbengine-v1.0.0\kbengine\kbe\src\server\dbmgr\dbmgr.cpp:293: Profile scriptCall took 1.25 seconds
    INFO      dbmgr-1 16805 4000  [2018-06-19 17:57:49 349] - ---- dbmgr is running ----
   DEBUG      dbmgr-1 16805 4000  [2018-06-19 17:57:49 349] - Components::process(): Request for the process of identity...
   DEBUG      dbmgr-1 16805 4000  [2018-06-19 17:57:48 528] - DBInterfaceMysql::attach: connect: localhost:3306 starting...
   DEBUG      dbmgr-1 16805 4000  [2018-06-19 17:57:48 529] - DBInterfaceMysql::attach: connect: localhost:3306 starting...
   DEBUG      dbmgr-1 16805 4000  [2018-06-19 17:57:48 529] - DBInterfaceMysql::attach: connect: localhost:3306 starting...
   DEBUG      dbmgr-1 16805 4000  [2018-06-19 17:57:48 530] - DBInterfaceMysql::attach: connect: localhost:3306 starting...
   DEBUG      dbmgr-1 16805 4000  [2018-06-19 17:57:48 530] - DBInterfaceMysql::attach: connect: localhost:3306 starting...
   DEBUG      dbmgr-1 16805 4000  [2018-06-19 17:57:48 536] - DBInterfaceMysql::attach: successfully! addr: localhost:3306
   DEBUG      dbmgr-1 16805 4000  [2018-06-19 17:57:48 536] - DBThread::onStart(): 0x5071f0!
   DEBUG      dbmgr-1 16805 4000  [2018-06-19 17:57:48 537] - DBInterfaceMysql::attach: successfully! addr: localhost:3306
   DEBUG      dbmgr-1 16805 4000  [2018-06-19 17:57:48 537] - DBInterfaceMysql::attach: successfully! addr: localhost:3306
   DEBUG      dbmgr-1 16805 4000  [2018-06-19 17:57:48 537] - DBThread::onStart(): 0x507300!
   DEBUG      dbmgr-1 16805 4000  [2018-06-19 17:57:48 538] - DBThread::onStart(): 0x507410!
   DEBUG      dbmgr-1 16805 4000  [2018-06-19 17:57:48 538] - DBInterfaceMysql::attach: successfully! addr: localhost:3306
   DEBUG      dbmgr-1 16805 4000  [2018-06-19 17:57:48 538] - DBInterfaceMysql::attach: successfully! addr: localhost:3306
   DEBUG      dbmgr-1 16805 4000  [2018-06-19 17:57:48 538] - DBThread::onStart(): 0x507388!
   DEBUG      dbmgr-1 16805 4000  [2018-06-19 17:57:48 539] - DBThread::onStart(): 0x507278!
    INFO      dbmgr-1 16805 4000  [2018-06-19 17:57:48 640] - DBInterfaceMysql::query: successfully!
    INFO      dbmgr-1 16805 4000  [2018-06-19 17:57:48 647] - DBInterfaceMysql::query: successfully!
    INFO      dbmgr-1 16805 4000  [2018-06-19 17:57:48 647] - DBInterfaceMysql::query: successfully!
    INFO      dbmgr-1 16805 4000  [2018-06-19 17:57:48 653] - DBInterfaceMysql::query: successfully!
    INFO      dbmgr-1 16805 4000  [2018-06-19 17:57:48 654] - DBInterfaceMysql::query: successfully!
    INFO      dbmgr-1 16805 4000  [2018-06-19 17:57:48 654] - DBInterfaceMysql::query: successfully!
    INFO      dbmgr-1 16805 4000  [2018-06-19 17:57:48 655] - DBInterfaceMysql::query: successfully!
    INFO      dbmgr-1 16805 4000  [2018-06-19 17:57:48 701] - DBInterfaceMysql::query: successfully!
    INFO      dbmgr-1 16805 4000  [2018-06-19 17:57:56 514] - Components::findComponents: find logger(1)...
    INFO      dbmgr-1 16805 4000  [2018-06-19 17:57:56 527] - Components::findComponents: found logger, addr:192.168.31.56:7020
    INFO      dbmgr-1 16805 4000  [2018-06-19 17:57:56 528] - Components::addComponent: reset orderLog, uid=16805!
    INFO      dbmgr-1 16805 4000  [2018-06-19 17:57:56 528] - Components::addComponent[logger], uid=16805, componentID=2000, globalorderid=1, grouporderid=1, totalcount=1
    INFO      dbmgr-1 16805 4000  [2018-06-19 17:57:56 534] - Components::process(): Found all the components!
    INFO      dbmgr-1 16805 4000  [2018-06-19 17:57:59 353] - ServerApp::onRegisterNewApp: uid:16805, username:, componentType:loginapp, componentID:9000, globalorderID=-1, grouporderID=-1, intaddr:192.168.31.56, intport:7027, extaddr:192.168.31.56, extport:20013,  from 192.168.31.56:7042/0/0/0.
    INFO      dbmgr-1 16805 4000  [2018-06-19 17:57:59 353] - Components::addComponent: reset orderLog, uid=16805!
    INFO      dbmgr-1 16805 4000  [2018-06-19 17:57:59 353] - Components::addComponent[loginapp], uid=16805, componentID=9000, globalorderid=1, grouporderid=1, totalcount=1
    INFO      dbmgr-1 16805 4000  [2018-06-19 17:57:59 693] - ServerApp::onRegisterNewApp: uid:16805, username:, componentType:cellappmgr, componentID:6000, globalorderID=-1, grouporderID=-1, intaddr:192.168.31.56, intport:7021, extaddr:nonsupport, extport:0,  from 192.168.31.56:7045/0/0/0.
    INFO      dbmgr-1 16805 4000  [2018-06-19 17:57:59 693] - Components::addComponent[cellappmgr], uid=16805, componentID=6000, globalorderid=2, grouporderid=1, totalcount=1
    INFO      dbmgr-1 16805 4000  [2018-06-19 17:57:59 773] - ServerApp::onRegisterNewApp: uid:16805, username:, componentType:baseappmgr, componentID:5000, globalorderID=-1, grouporderID=-1, intaddr:192.168.31.56, intport:7026, extaddr:nonsupport, extport:0,  from 192.168.31.56:7047/0/0/0.
    INFO      dbmgr-1 16805 4000  [2018-06-19 17:57:59 773] - Components::addComponent[baseappmgr], uid=16805, componentID=5000, globalorderid=3, grouporderid=1, totalcount=1
    INFO      dbmgr-1 16805 4000  [2018-06-19 17:58:02 513] - ServerApp::onRegisterNewApp: uid:16805, username:, componentType:cellapp, componentID:8001, globalorderID=-1, grouporderID=-1, intaddr:192.168.31.56, intport:7023, extaddr:nonsupport, extport:0,  from 192.168.31.56:7049/0/0/0.
    INFO      dbmgr-1 16805 4000  [2018-06-19 17:58:02 513] - Components::addComponent[cellapp], uid=16805, componentID=8001, globalorderid=4, grouporderid=1, totalcount=1
    INFO      dbmgr-1 16805 4000  [2018-06-19 17:58:05 533] - IDServer::allocRange: 1-2001.
   DEBUG      dbmgr-1 16805 4000  [2018-06-19 17:58:05 533] - SyncAppDatasHandler::~SyncAppDatasHandler()
    INFO      dbmgr-1 17504 4000  [2018-06-19 18:01:19 398] - -----------------------------------------------------------------------------------------


    INFO      dbmgr-1 17504 4000  [2018-06-19 18:01:19 400] - Resmgr::initialize: KBE_ROOT=C:/Users/Public/Documents/workspace/kbe/kbengine-kbengine-v1.0.0/kbengine/
    INFO      dbmgr-1 17504 4000  [2018-06-19 18:01:19 400] - Resmgr::initialize: KBE_RES_PATH=C:/Users/Public/Documents/workspace/kbe/kbengine-kbengine-v1.0.0/kbengine/kbe/res/;C:/Users/Public/Documents/workspace/kbe/kbengine-kbengine-v1.0.0/kbengine/assets/;C:/Users/Public/Documents/workspace/kbe/kbengine-kbengine-v1.0.0/kbengine/assets/scripts/;C:/Users/Public/Documents/workspace/kbe/kbengine-kbengine-v1.0.0/kbengine/assets/res/
    INFO      dbmgr-1 17504 4000  [2018-06-19 18:01:19 401] - Resmgr::initialize: KBE_BIN_PATH=C:/Users/Public/Documents/workspace/kbe/kbengine-kbengine-v1.0.0/kbengine/kbe/bin/server/
    INFO      dbmgr-1 17504 4000  [2018-06-19 18:01:19 414] - NetworkInterface::recreateListeningSocket(INTERNAL): bound to all interfaces with default route interface on 192.168.31.56 ( 192.168.31.56:7090 )
    INFO      dbmgr-1 17504 4000  [2018-06-19 18:01:19 414] - NetworkInterface::recreateListeningSocket(INTERNAL): address 192.168.31.56:7090, SOMAXCONN=5.
    INFO      dbmgr-1 17504 4000  [2018-06-19 18:01:19 414] - server-configs:
    INFO      dbmgr-1 17504 4000  [2018-06-19 18:01:19 415] - 	internalAddr : 192.168.31.56:7090
    INFO      dbmgr-1 17504 4000  [2018-06-19 18:01:19 415] - 	componentID : 4000
    INFO      dbmgr-1 17504 4000  [2018-06-19 18:01:20 924] - ---- dbmgr Version: 1.0.0. ScriptVersion: 0.1.0. Protocol: 253D45E587CB031BFD545E02866042FC. Config: Debug X86. Built: 23:15:53 Jun 15 2018. AppID: 4000. UID: 17504. PID: 27628 ----
    INFO      dbmgr-1 17504 4000  [2018-06-19 18:01:20 925] - Server :        Intel(R) Core(TM) i5-2415M CPU @ 2.30GHz with 4194303kB RAM
    INFO      dbmgr-1 17504 4000  [2018-06-19 18:01:20 925] - ThreadPool::createThreadPool: creating  threadpool...
    INFO      dbmgr-1 17504 4000  [2018-06-19 18:01:20 925] - ThreadPool::createThreadPool: successfully(2), newThreadCount=1, normalMaxThreadCount=2, maxThreadCount=8
   DEBUG      dbmgr-1 17504 4000  [2018-06-19 18:01:21 119] - Script::install_py_dlls(): PyInit_pyexpat
   DEBUG      dbmgr-1 17504 4000  [2018-06-19 18:01:21 120] - Script::install_py_dlls(): PyInit__socket
   DEBUG      dbmgr-1 17504 4000  [2018-06-19 18:01:21 121] - Script::install_py_dlls(): PyInit__ssl
   DEBUG      dbmgr-1 17504 4000  [2018-06-19 18:01:21 129] - Script::install_py_dlls(): PyInit__hashlib
   DEBUG      dbmgr-1 17504 4000  [2018-06-19 18:01:21 130] - Script::install_py_dlls(): PyInit_select
   DEBUG      dbmgr-1 17504 4000  [2018-06-19 18:01:21 130] - Script::install_py_dlls(): PyInit__ctypes
   DEBUG      dbmgr-1 17504 4000  [2018-06-19 18:01:21 131] - Script::install_py_dlls(): PyInit__elementtree
   DEBUG      dbmgr-1 17504 4000  [2018-06-19 18:01:21 212] - Script::install_py_dlls(): PyInit_unicodedata
    INFO      dbmgr-1 17504 4000  [2018-06-19 18:01:21 297] - Script::install(): is successfully, Python=(3.4.2 (default, Jun 15 2018, 23:15:28) [MSC v.1913 32 bit (Intel)])!
    INFO      dbmgr-1 17504 4000  [2018-06-19 18:01:21 297] - Script::install(): KBExtra is successfully!
    INFO      dbmgr-1 17504 4000  [2018-06-19 18:01:21 310] - Dbmgr::initializeEnd: digest(5821CA671259129ADD652042F1CB10F6)
  S_INFO      dbmgr-1 17504 4000  [2018-06-19 18:01:21 311] - onDBMgrReady: bootstrapGroupIndex=0, bootstrapGlobalIndex=0
    INFO      dbmgr-1 17504 4000  [2018-06-19 18:01:21 312] - TelnetServer server is running on port 32000
    INFO      dbmgr-1 17504 4000  [2018-06-19 18:01:21 313] - Dbmgr::initInterfacesHandler: interfaces addr(127.0.0.1:30099), accountType:(interfaces), chargeType:(interfaces).
 WARNING      dbmgr-1 17504 4000  [2018-06-19 18:01:22 192] - DBUtil::initialize: db(default) password is not encrypted!
please use password(rsa):
8EFE1A6D3F3FEB0D6EA83EE686E5925F1594717B44722460AA9DB3B7FE6F6604973BCF5E442E9AFAEDBA1C0CCEA161B083DAFBA1BCD22865587D29D57BA41F840BCE36A8E520561E999DAA866A4BD354419749DF6439104260C08AD9253FBED3C9C7D460AF209C735A360B333703E4C611B432178B053F0DA8FBC00643B8BE94
   DEBUG      dbmgr-1 17504 4000  [2018-06-19 18:01:22 196] - DBInterfaceMysql::attach: connect: localhost:3306 starting...
   DEBUG      dbmgr-1 17504 4000  [2018-06-19 18:01:22 203] - DBInterfaceMysql::attach: successfully! addr: localhost:3306
    INFO      dbmgr-1 17504 4000  [2018-06-19 18:01:22 203] - DBUtil::createInterface[0x3ef21c]: interface=default, dbtype=mysql, ip=localhost, port=3306, currdatabase=kbe1, username=kbe, connected=yes.

    INFO      dbmgr-1 17504 4000  [2018-06-19 18:01:22 204] - ThreadPool::createThreadPool: creating  threadpool...
    INFO      dbmgr-1 17504 4000  [2018-06-19 18:01:22 205] - ThreadPool::createThreadPool: successfully(5), newThreadCount=5, normalMaxThreadCount=5, maxThreadCount=5
    INFO      dbmgr-1 17504 4000  [2018-06-19 18:01:22 309] - DBInterfaceMysql::query: successfully!
    INFO      dbmgr-1 17504 4000  [2018-06-19 18:01:22 314] - DBInterfaceMysql::query: successfully!
 WARNING      dbmgr-1 17504 4000  [2018-06-19 18:01:22 385] - c:\users\public\documents\workspace\kbe\kbengine-kbengine-v1.0.0\kbengine\kbe\src\server\dbmgr\dbmgr.cpp:293: Profile scriptCall took 1.07 seconds
    INFO      dbmgr-1 17504 4000  [2018-06-19 18:01:23 144] - ---- dbmgr is running ----
   DEBUG      dbmgr-1 17504 4000  [2018-06-19 18:01:23 145] - Components::process(): Request for the process of identity...
   DEBUG      dbmgr-1 17504 4000  [2018-06-19 18:01:22 205] - DBInterfaceMysql::attach: connect: localhost:3306 starting...
   DEBUG      dbmgr-1 17504 4000  [2018-06-19 18:01:22 205] - DBInterfaceMysql::attach: connect: localhost:3306 starting...
   DEBUG      dbmgr-1 17504 4000  [2018-06-19 18:01:22 206] - DBInterfaceMysql::attach: connect: localhost:3306 starting...
   DEBUG      dbmgr-1 17504 4000  [2018-06-19 18:01:22 206] - DBInterfaceMysql::attach: connect: localhost:3306 starting...
   DEBUG      dbmgr-1 17504 4000  [2018-06-19 18:01:22 206] - DBInterfaceMysql::attach: connect: localhost:3306 starting...
   DEBUG      dbmgr-1 17504 4000  [2018-06-19 18:01:22 211] - DBInterfaceMysql::attach: successfully! addr: localhost:3306
   DEBUG      dbmgr-1 17504 4000  [2018-06-19 18:01:22 211] - DBThread::onStart(): 0x5e0b88!
   DEBUG      dbmgr-1 17504 4000  [2018-06-19 18:01:22 212] - DBInterfaceMysql::attach: successfully! addr: localhost:3306
   DEBUG      dbmgr-1 17504 4000  [2018-06-19 18:01:22 212] - DBInterfaceMysql::attach: successfully! addr: localhost:3306
   DEBUG      dbmgr-1 17504 4000  [2018-06-19 18:01:22 213] - DBThread::onStart(): 0x5e0c98!
   DEBUG      dbmgr-1 17504 4000  [2018-06-19 18:01:22 213] - DBThread::onStart(): 0x5e0d20!
   DEBUG      dbmgr-1 17504 4000  [2018-06-19 18:01:22 213] - DBInterfaceMysql::attach: successfully! addr: localhost:3306
   DEBUG      dbmgr-1 17504 4000  [2018-06-19 18:01:22 214] - DBThread::onStart(): 0x5e0c10!
   DEBUG      dbmgr-1 17504 4000  [2018-06-19 18:01:22 215] - DBInterfaceMysql::attach: successfully! addr: localhost:3306
   DEBUG      dbmgr-1 17504 4000  [2018-06-19 18:01:22 215] - DBThread::onStart(): 0x5e0b00!
    INFO      dbmgr-1 17504 4000  [2018-06-19 18:01:22 315] - DBInterfaceMysql::query: successfully!
    INFO      dbmgr-1 17504 4000  [2018-06-19 18:01:22 316] - DBInterfaceMysql::query: successfully!
    INFO      dbmgr-1 17504 4000  [2018-06-19 18:01:22 316] - DBInterfaceMysql::query: successfully!
    INFO      dbmgr-1 17504 4000  [2018-06-19 18:01:22 317] - DBInterfaceMysql::query: successfully!
    INFO      dbmgr-1 17504 4000  [2018-06-19 18:01:22 318] - DBInterfaceMysql::query: successfully!
    INFO      dbmgr-1 17504 4000  [2018-06-19 18:01:22 318] - DBInterfaceMysql::query: successfully!
    INFO      dbmgr-1 17504 4000  [2018-06-19 18:01:22 319] - DBInterfaceMysql::query: successfully!
    INFO      dbmgr-1 17504 4000  [2018-06-19 18:01:22 320] - DBInterfaceMysql::query: successfully!
    INFO      dbmgr-1 17504 4000  [2018-06-19 18:01:30 302] - Components::findComponents: find logger(1)...
    INFO      dbmgr-1 17504 4000  [2018-06-19 18:01:30 350] - Components::findComponents: found logger, addr:192.168.31.56:7083
    INFO      dbmgr-1 17504 4000  [2018-06-19 18:01:30 351] - Components::addComponent: reset orderLog, uid=17504!
    INFO      dbmgr-1 17504 4000  [2018-06-19 18:01:30 351] - Components::addComponent[logger], uid=17504, componentID=2000, globalorderid=1, grouporderid=1, totalcount=1
    INFO      dbmgr-1 17504 4000  [2018-06-19 18:01:30 390] - Components::process(): Found all the components!
    INFO      dbmgr-1 17575 4000  [2018-06-19 18:01:41 944] - -----------------------------------------------------------------------------------------


    INFO      dbmgr-1 17575 4000  [2018-06-19 18:01:41 945] - Resmgr::initialize: KBE_ROOT=C:/Users/Public/Documents/workspace/kbe/kbengine-kbengine-v1.0.0/kbengine/
    INFO      dbmgr-1 17575 4000  [2018-06-19 18:01:41 946] - Resmgr::initialize: KBE_RES_PATH=C:/Users/Public/Documents/workspace/kbe/kbengine-kbengine-v1.0.0/kbengine/kbe/res/;C:/Users/Public/Documents/workspace/kbe/kbengine-kbengine-v1.0.0/kbengine/assets/;C:/Users/Public/Documents/workspace/kbe/kbengine-kbengine-v1.0.0/kbengine/assets/scripts/;C:/Users/Public/Documents/workspace/kbe/kbengine-kbengine-v1.0.0/kbengine/assets/res/
    INFO      dbmgr-1 17575 4000  [2018-06-19 18:01:41 946] - Resmgr::initialize: KBE_BIN_PATH=C:/Users/Public/Documents/workspace/kbe/kbengine-kbengine-v1.0.0/kbengine/kbe/bin/server/
    INFO      dbmgr-1 17575 4000  [2018-06-19 18:01:41 964] - NetworkInterface::recreateListeningSocket(INTERNAL): bound to all interfaces with default route interface on 192.168.31.56 ( 192.168.31.56:7110 )
    INFO      dbmgr-1 17575 4000  [2018-06-19 18:01:41 965] - NetworkInterface::recreateListeningSocket(INTERNAL): address 192.168.31.56:7110, SOMAXCONN=5.
    INFO      dbmgr-1 17575 4000  [2018-06-19 18:01:41 965] - server-configs:
    INFO      dbmgr-1 17575 4000  [2018-06-19 18:01:41 966] - 	internalAddr : 192.168.31.56:7110
    INFO      dbmgr-1 17575 4000  [2018-06-19 18:01:41 966] - 	componentID : 4000
    INFO      dbmgr-1 17575 4000  [2018-06-19 18:01:43 478] - ---- dbmgr Version: 1.0.0. ScriptVersion: 0.1.0. Protocol: 253D45E587CB031BFD545E02866042FC. Config: Debug X86. Built: 23:15:53 Jun 15 2018. AppID: 4000. UID: 17575. PID: 29920 ----
    INFO      dbmgr-1 17575 4000  [2018-06-19 18:01:43 479] - Server :        Intel(R) Core(TM) i5-2415M CPU @ 2.30GHz with 4194303kB RAM
    INFO      dbmgr-1 17575 4000  [2018-06-19 18:01:43 480] - ThreadPool::createThreadPool: creating  threadpool...
    INFO      dbmgr-1 17575 4000  [2018-06-19 18:01:43 480] - ThreadPool::createThreadPool: successfully(2), newThreadCount=1, normalMaxThreadCount=2, maxThreadCount=8
   DEBUG      dbmgr-1 17575 4000  [2018-06-19 18:01:43 671] - Script::install_py_dlls(): PyInit_pyexpat
   DEBUG      dbmgr-1 17575 4000  [2018-06-19 18:01:43 672] - Script::install_py_dlls(): PyInit__socket
   DEBUG      dbmgr-1 17575 4000  [2018-06-19 18:01:43 673] - Script::install_py_dlls(): PyInit__ssl
   DEBUG      dbmgr-1 17575 4000  [2018-06-19 18:01:43 681] - Script::install_py_dlls(): PyInit__hashlib
   DEBUG      dbmgr-1 17575 4000  [2018-06-19 18:01:43 681] - Script::install_py_dlls(): PyInit_select
   DEBUG      dbmgr-1 17575 4000  [2018-06-19 18:01:43 682] - Script::install_py_dlls(): PyInit__ctypes
   DEBUG      dbmgr-1 17575 4000  [2018-06-19 18:01:43 683] - Script::install_py_dlls(): PyInit__elementtree
   DEBUG      dbmgr-1 17575 4000  [2018-06-19 18:01:43 778] - Script::install_py_dlls(): PyInit_unicodedata
    INFO      dbmgr-1 17575 4000  [2018-06-19 18:01:43 866] - Script::install(): is successfully, Python=(3.4.2 (default, Jun 15 2018, 23:15:28) [MSC v.1913 32 bit (Intel)])!
    INFO      dbmgr-1 17575 4000  [2018-06-19 18:01:43 867] - Script::install(): KBExtra is successfully!
    INFO      dbmgr-1 17575 4000  [2018-06-19 18:01:43 880] - Dbmgr::initializeEnd: digest(5821CA671259129ADD652042F1CB10F6)
  S_INFO      dbmgr-1 17575 4000  [2018-06-19 18:01:43 880] - onDBMgrReady: bootstrapGroupIndex=0, bootstrapGlobalIndex=0
    INFO      dbmgr-1 17575 4000  [2018-06-19 18:01:43 882] - TelnetServer server is running on port 32000
    INFO      dbmgr-1 17575 4000  [2018-06-19 18:01:43 882] - Dbmgr::initInterfacesHandler: interfaces addr(127.0.0.1:30099), accountType:(interfaces), chargeType:(interfaces).
 WARNING      dbmgr-1 17575 4000  [2018-06-19 18:01:44 974] - DBUtil::initialize: db(default) password is not encrypted!
please use password(rsa):
2D90D1F7DCC56721C31736961A97D888DE7DAED5F61227DFEF567F123917E40231466AC67D007A98CBF2E119EC50593F7A0852AFC06336C4A8CB2FD85615296B5CEA475C090A46AA90D274EB7821A296C950149A97A7B96E45295DC6D46C4D69E2EE5ADD15A1CA78917500D6AA86BF2CD53E29A90B05C8EF3BADE6AA427C9E9D
   DEBUG      dbmgr-1 17575 4000  [2018-06-19 18:01:44 976] - DBInterfaceMysql::attach: connect: localhost:3306 starting...
   DEBUG      dbmgr-1 17575 4000  [2018-06-19 18:01:44 985] - DBInterfaceMysql::attach: successfully! addr: localhost:3306
    INFO      dbmgr-1 17575 4000  [2018-06-19 18:01:44 986] - DBUtil::createInterface[0x42f490]: interface=default, dbtype=mysql, ip=localhost, port=3306, currdatabase=kbe1, username=kbe, connected=yes.

    INFO      dbmgr-1 17575 4000  [2018-06-19 18:01:44 987] - ThreadPool::createThreadPool: creating  threadpool...
    INFO      dbmgr-1 17575 4000  [2018-06-19 18:01:44 988] - ThreadPool::createThreadPool: successfully(5), newThreadCount=5, normalMaxThreadCount=5, maxThreadCount=5
    INFO      dbmgr-1 17575 4000  [2018-06-19 18:01:45 091] - DBInterfaceMysql::query: successfully!
    INFO      dbmgr-1 17575 4000  [2018-06-19 18:01:45 093] - DBInterfaceMysql::query: successfully!
 WARNING      dbmgr-1 17575 4000  [2018-06-19 18:01:45 204] - c:\users\public\documents\workspace\kbe\kbengine-kbengine-v1.0.0\kbengine\kbe\src\server\dbmgr\dbmgr.cpp:293: Profile scriptCall took 1.32 seconds
    INFO      dbmgr-1 17575 4000  [2018-06-19 18:01:45 976] - ---- dbmgr is running ----
   DEBUG      dbmgr-1 17575 4000  [2018-06-19 18:01:45 976] - Components::process(): Request for the process of identity...
   DEBUG      dbmgr-1 17575 4000  [2018-06-19 18:01:44 987] - DBInterfaceMysql::attach: connect: localhost:3306 starting...
   DEBUG      dbmgr-1 17575 4000  [2018-06-19 18:01:44 988] - DBInterfaceMysql::attach: connect: localhost:3306 starting...
   DEBUG      dbmgr-1 17575 4000  [2018-06-19 18:01:44 988] - DBInterfaceMysql::attach: connect: localhost:3306 starting...
   DEBUG      dbmgr-1 17575 4000  [2018-06-19 18:01:44 988] - DBInterfaceMysql::attach: connect: localhost:3306 starting...
   DEBUG      dbmgr-1 17575 4000  [2018-06-19 18:01:44 989] - DBInterfaceMysql::attach: connect: localhost:3306 starting...
   DEBUG      dbmgr-1 17575 4000  [2018-06-19 18:01:44 995] - DBInterfaceMysql::attach: successfully! addr: localhost:3306
   DEBUG      dbmgr-1 17575 4000  [2018-06-19 18:01:44 995] - DBThread::onStart(): 0x567498!
   DEBUG      dbmgr-1 17575 4000  [2018-06-19 18:01:44 995] - DBInterfaceMysql::attach: successfully! addr: localhost:3306
   DEBUG      dbmgr-1 17575 4000  [2018-06-19 18:01:44 996] - DBInterfaceMysql::attach: successfully! addr: localhost:3306
   DEBUG      dbmgr-1 17575 4000  [2018-06-19 18:01:44 996] - DBThread::onStart(): 0x567388!
   DEBUG      dbmgr-1 17575 4000  [2018-06-19 18:01:44 996] - DBThread::onStart(): 0x567410!
   DEBUG      dbmgr-1 17575 4000  [2018-06-19 18:01:44 996] - DBInterfaceMysql::attach: successfully! addr: localhost:3306
   DEBUG      dbmgr-1 17575 4000  [2018-06-19 18:01:44 996] - DBInterfaceMysql::attach: successfully! addr: localhost:3306
   DEBUG      dbmgr-1 17575 4000  [2018-06-19 18:01:44 997] - DBThread::onStart(): 0x567300!
   DEBUG      dbmgr-1 17575 4000  [2018-06-19 18:01:44 997] - DBThread::onStart(): 0x567520!
    INFO      dbmgr-1 17575 4000  [2018-06-19 18:01:45 094] - DBInterfaceMysql::query: successfully!
    INFO      dbmgr-1 17575 4000  [2018-06-19 18:01:45 095] - DBInterfaceMysql::query: successfully!
    INFO      dbmgr-1 17575 4000  [2018-06-19 18:01:45 097] - DBInterfaceMysql::query: successfully!
    INFO      dbmgr-1 17575 4000  [2018-06-19 18:01:45 098] - DBInterfaceMysql::query: successfully!
    INFO      dbmgr-1 17575 4000  [2018-06-19 18:01:45 099] - DBInterfaceMysql::query: successfully!
    INFO      dbmgr-1 17575 4000  [2018-06-19 18:01:45 099] - DBInterfaceMysql::query: successfully!
    INFO      dbmgr-1 17575 4000  [2018-06-19 18:01:45 099] - DBInterfaceMysql::query: successfully!
    INFO      dbmgr-1 17575 4000  [2018-06-19 18:01:45 116] - DBInterfaceMysql::query: successfully!
    INFO      dbmgr-1 17575 4000  [2018-06-19 18:01:53 119] - Components::findComponents: find logger(1)...
    INFO      dbmgr-1 17575 4000  [2018-06-19 18:01:53 141] - Components::findComponents: found logger, addr:192.168.31.56:7108
    INFO      dbmgr-1 17575 4000  [2018-06-19 18:01:53 141] - Components::addComponent: reset orderLog, uid=17575!
    INFO      dbmgr-1 17575 4000  [2018-06-19 18:01:53 141] - Components::addComponent[logger], uid=17575, componentID=2000, globalorderid=1, grouporderid=1, totalcount=1
    INFO      dbmgr-1 17575 4000  [2018-06-19 18:01:53 148] - Components::process(): Found all the components!
    INFO      dbmgr-1 17575 4000  [2018-06-19 18:01:56 079] - ServerApp::onRegisterNewApp: uid:17575, username:, componentType:cellappmgr, componentID:6000, globalorderID=-1, grouporderID=-1, intaddr:192.168.31.56, intport:7111, extaddr:nonsupport, extport:0,  from 192.168.31.56:7129/0/0/0.
    INFO      dbmgr-1 17575 4000  [2018-06-19 18:01:56 079] - Components::addComponent: reset orderLog, uid=17575!
    INFO      dbmgr-1 17575 4000  [2018-06-19 18:01:56 079] - Components::addComponent[cellappmgr], uid=17575, componentID=6000, globalorderid=1, grouporderid=1, totalcount=1
    INFO      dbmgr-1 17575 4000  [2018-06-19 18:01:56 399] - ServerApp::onRegisterNewApp: uid:17575, username:, componentType:baseappmgr, componentID:5000, globalorderID=-1, grouporderID=-1, intaddr:192.168.31.56, intport:7109, extaddr:nonsupport, extport:0,  from 192.168.31.56:7131/0/0/0.
    INFO      dbmgr-1 17575 4000  [2018-06-19 18:01:56 399] - Components::addComponent[baseappmgr], uid=17575, componentID=5000, globalorderid=2, grouporderid=1, totalcount=1
    INFO      dbmgr-1 17575 4000  [2018-06-19 18:01:57 499] - ServerApp::onRegisterNewApp: uid:17575, username:, componentType:loginapp, componentID:9000, globalorderID=-1, grouporderID=-1, intaddr:192.168.31.56, intport:7114, extaddr:192.168.31.56, extport:20013,  from 192.168.31.56:7134/0/0/0.
    INFO      dbmgr-1 17575 4000  [2018-06-19 18:01:57 499] - Components::addComponent[loginapp], uid=17575, componentID=9000, globalorderid=3, grouporderid=1, totalcount=1
    INFO      dbmgr-1 17575 4000  [2018-06-19 18:01:58 839] - ServerApp::onRegisterNewApp: uid:17575, username:, componentType:cellapp, componentID:8001, globalorderID=-1, grouporderID=-1, intaddr:192.168.31.56, intport:7113, extaddr:nonsupport, extport:0,  from 192.168.31.56:7136/0/0/0.
    INFO      dbmgr-1 17575 4000  [2018-06-19 18:01:58 839] - Components::addComponent[cellapp], uid=17575, componentID=8001, globalorderid=4, grouporderid=1, totalcount=1
    INFO      dbmgr-1 17575 4000  [2018-06-19 18:02:01 848] - IDServer::allocRange: 1-2001.
   DEBUG      dbmgr-1 17575 4000  [2018-06-19 18:02:01 848] - SyncAppDatasHandler::~SyncAppDatasHandler()
    INFO      dbmgr-1 17768 4000  [2018-06-19 18:02:40 924] - -----------------------------------------------------------------------------------------


    INFO      dbmgr-1 17768 4000  [2018-06-19 18:02:40 926] - Resmgr::initialize: KBE_ROOT=C:/Users/Public/Documents/workspace/kbe/kbengine-kbengine-v1.0.0/kbengine/
    INFO      dbmgr-1 17768 4000  [2018-06-19 18:02:40 926] - Resmgr::initialize: KBE_RES_PATH=C:/Users/Public/Documents/workspace/kbe/kbengine-kbengine-v1.0.0/kbengine/kbe/res/;C:/Users/Public/Documents/workspace/kbe/kbengine-kbengine-v1.0.0/kbengine/assets/;C:/Users/Public/Documents/workspace/kbe/kbengine-kbengine-v1.0.0/kbengine/assets/scripts/;C:/Users/Public/Documents/workspace/kbe/kbengine-kbengine-v1.0.0/kbengine/assets/res/
    INFO      dbmgr-1 17768 4000  [2018-06-19 18:02:40 927] - Resmgr::initialize: KBE_BIN_PATH=C:/Users/Public/Documents/workspace/kbe/kbengine-kbengine-v1.0.0/kbengine/kbe/bin/server/
    INFO      dbmgr-1 17768 4000  [2018-06-19 18:02:40 972] - NetworkInterface::recreateListeningSocket(INTERNAL): bound to all interfaces with default route interface on 192.168.31.56 ( 192.168.31.56:7146 )
    INFO      dbmgr-1 17768 4000  [2018-06-19 18:02:40 973] - NetworkInterface::recreateListeningSocket(INTERNAL): address 192.168.31.56:7146, SOMAXCONN=5.
    INFO      dbmgr-1 17768 4000  [2018-06-19 18:02:40 973] - server-configs:
    INFO      dbmgr-1 17768 4000  [2018-06-19 18:02:40 973] - 	internalAddr : 192.168.31.56:7146
    INFO      dbmgr-1 17768 4000  [2018-06-19 18:02:40 974] - 	componentID : 4000
    INFO      dbmgr-1 17768 4000  [2018-06-19 18:02:42 486] - ---- dbmgr Version: 1.0.0. ScriptVersion: 0.1.0. Protocol: 253D45E587CB031BFD545E02866042FC. Config: Debug X86. Built: 23:15:53 Jun 15 2018. AppID: 4000. UID: 17768. PID: 19504 ----
    INFO      dbmgr-1 17768 4000  [2018-06-19 18:02:42 486] - Server :        Intel(R) Core(TM) i5-2415M CPU @ 2.30GHz with 4194303kB RAM
    INFO      dbmgr-1 17768 4000  [2018-06-19 18:02:42 486] - ThreadPool::createThreadPool: creating  threadpool...
    INFO      dbmgr-1 17768 4000  [2018-06-19 18:02:42 487] - ThreadPool::createThreadPool: successfully(2), newThreadCount=1, normalMaxThreadCount=2, maxThreadCount=8
   DEBUG      dbmgr-1 17768 4000  [2018-06-19 18:02:42 635] - Script::install_py_dlls(): PyInit_pyexpat
   DEBUG      dbmgr-1 17768 4000  [2018-06-19 18:02:42 635] - Script::install_py_dlls(): PyInit__socket
   DEBUG      dbmgr-1 17768 4000  [2018-06-19 18:02:42 636] - Script::install_py_dlls(): PyInit__ssl
   DEBUG      dbmgr-1 17768 4000  [2018-06-19 18:02:42 640] - Script::install_py_dlls(): PyInit__hashlib
   DEBUG      dbmgr-1 17768 4000  [2018-06-19 18:02:42 641] - Script::install_py_dlls(): PyInit_select
   DEBUG      dbmgr-1 17768 4000  [2018-06-19 18:02:42 641] - Script::install_py_dlls(): PyInit__ctypes
   DEBUG      dbmgr-1 17768 4000  [2018-06-19 18:02:42 642] - Script::install_py_dlls(): PyInit__elementtree
   DEBUG      dbmgr-1 17768 4000  [2018-06-19 18:02:42 717] - Script::install_py_dlls(): PyInit_unicodedata
    INFO      dbmgr-1 17768 4000  [2018-06-19 18:02:42 836] - Script::install(): is successfully, Python=(3.4.2 (default, Jun 15 2018, 23:15:28) [MSC v.1913 32 bit (Intel)])!
    INFO      dbmgr-1 17768 4000  [2018-06-19 18:02:42 836] - Script::install(): KBExtra is successfully!
    INFO      dbmgr-1 17768 4000  [2018-06-19 18:02:42 849] - Dbmgr::initializeEnd: digest(5821CA671259129ADD652042F1CB10F6)
  S_INFO      dbmgr-1 17768 4000  [2018-06-19 18:02:42 850] - onDBMgrReady: bootstrapGroupIndex=0, bootstrapGlobalIndex=0
    INFO      dbmgr-1 17768 4000  [2018-06-19 18:02:42 851] - TelnetServer server is running on port 32000
    INFO      dbmgr-1 17768 4000  [2018-06-19 18:02:42 852] - Dbmgr::initInterfacesHandler: interfaces addr(127.0.0.1:30099), accountType:(interfaces), chargeType:(interfaces).
 WARNING      dbmgr-1 17768 4000  [2018-06-19 18:02:43 979] - DBUtil::initialize: db(default) password is not encrypted!
please use password(rsa):
9053276C08A4FD8F09D10ADFFA60A1C1B2001F6EFE00AF94C55222F78A3E938DDAF8A7E4663188B9631BEDB7BFEC01B4AB8587588D284DFA5B97E2E418CD2A4764716D473D2063EE301B032CDF947B6CC09E3FB7EB0D3F5BC7F340CBFD0CB1E3F6DCD24E615894E1DF2FF56253CA3C8FBAD1645434A5C4D18EE54816EFF0952B
   DEBUG      dbmgr-1 17768 4000  [2018-06-19 18:02:43 983] - DBInterfaceMysql::attach: connect: localhost:3306 starting...
   DEBUG      dbmgr-1 17768 4000  [2018-06-19 18:02:43 993] - DBInterfaceMysql::attach: successfully! addr: localhost:3306
    INFO      dbmgr-1 17768 4000  [2018-06-19 18:02:43 993] - DBUtil::createInterface[0x30f3b4]: interface=default, dbtype=mysql, ip=localhost, port=3306, currdatabase=kbe1, username=kbe, connected=yes.

    INFO      dbmgr-1 17768 4000  [2018-06-19 18:02:43 994] - ThreadPool::createThreadPool: creating  threadpool...
    INFO      dbmgr-1 17768 4000  [2018-06-19 18:02:44 006] - ThreadPool::createThreadPool: successfully(5), newThreadCount=5, normalMaxThreadCount=5, maxThreadCount=5
    INFO      dbmgr-1 17768 4000  [2018-06-19 18:02:44 109] - DBInterfaceMysql::query: successfully!
    INFO      dbmgr-1 17768 4000  [2018-06-19 18:02:44 115] - DBInterfaceMysql::query: successfully!
 WARNING      dbmgr-1 17768 4000  [2018-06-19 18:02:44 206] - c:\users\public\documents\workspace\kbe\kbengine-kbengine-v1.0.0\kbengine\kbe\src\server\dbmgr\dbmgr.cpp:293: Profile scriptCall took 1.36 seconds
    INFO      dbmgr-1 17768 4000  [2018-06-19 18:02:45 160] - ---- dbmgr is running ----
   DEBUG      dbmgr-1 17768 4000  [2018-06-19 18:02:45 161] - Components::process(): Request for the process of identity...
   DEBUG      dbmgr-1 17768 4000  [2018-06-19 18:02:44 004] - DBInterfaceMysql::attach: connect: localhost:3306 starting...
   DEBUG      dbmgr-1 17768 4000  [2018-06-19 18:02:44 005] - DBInterfaceMysql::attach: connect: localhost:3306 starting...
   DEBUG      dbmgr-1 17768 4000  [2018-06-19 18:02:44 006] - DBInterfaceMysql::attach: connect: localhost:3306 starting...
   DEBUG      dbmgr-1 17768 4000  [2018-06-19 18:02:44 007] - DBInterfaceMysql::attach: connect: localhost:3306 starting...
   DEBUG      dbmgr-1 17768 4000  [2018-06-19 18:02:44 009] - DBInterfaceMysql::attach: connect: localhost:3306 starting...
   DEBUG      dbmgr-1 17768 4000  [2018-06-19 18:02:44 020] - DBInterfaceMysql::attach: successfully! addr: localhost:3306
   DEBUG      dbmgr-1 17768 4000  [2018-06-19 18:02:44 021] - DBThread::onStart(): 0x600b88!
   DEBUG      dbmgr-1 17768 4000  [2018-06-19 18:02:44 021] - DBInterfaceMysql::attach: successfully! addr: localhost:3306
   DEBUG      dbmgr-1 17768 4000  [2018-06-19 18:02:44 021] - DBThread::onStart(): 0x600b00!
   DEBUG      dbmgr-1 17768 4000  [2018-06-19 18:02:44 023] - DBInterfaceMysql::attach: successfully! addr: localhost:3306
   DEBUG      dbmgr-1 17768 4000  [2018-06-19 18:02:44 023] - DBThread::onStart(): 0x600d20!
   DEBUG      dbmgr-1 17768 4000  [2018-06-19 18:02:44 024] - DBInterfaceMysql::attach: successfully! addr: localhost:3306
   DEBUG      dbmgr-1 17768 4000  [2018-06-19 18:02:44 024] - DBThread::onStart(): 0x600c98!
   DEBUG      dbmgr-1 17768 4000  [2018-06-19 18:02:44 026] - DBInterfaceMysql::attach: successfully! addr: localhost:3306
   DEBUG      dbmgr-1 17768 4000  [2018-06-19 18:02:44 026] - DBThread::onStart(): 0x600c10!
    INFO      dbmgr-1 17768 4000  [2018-06-19 18:02:44 116] - DBInterfaceMysql::query: successfully!
    INFO      dbmgr-1 17768 4000  [2018-06-19 18:02:44 117] - DBInterfaceMysql::query: successfully!
    INFO      dbmgr-1 17768 4000  [2018-06-19 18:02:44 118] - DBInterfaceMysql::query: successfully!
    INFO      dbmgr-1 17768 4000  [2018-06-19 18:02:44 119] - DBInterfaceMysql::query: successfully!
    INFO      dbmgr-1 17768 4000  [2018-06-19 18:02:44 119] - DBInterfaceMysql::query: successfully!
    INFO      dbmgr-1 17768 4000  [2018-06-19 18:02:44 119] - DBInterfaceMysql::query: successfully!
    INFO      dbmgr-1 17768 4000  [2018-06-19 18:02:44 120] - DBInterfaceMysql::query: successfully!
    INFO      dbmgr-1 17768 4000  [2018-06-19 18:02:44 149] - DBInterfaceMysql::query: successfully!
    INFO      dbmgr-1 17768 4000  [2018-06-19 18:02:52 310] - Components::findComponents: find logger(1)...
    INFO      dbmgr-1 17768 4000  [2018-06-19 18:02:52 323] - Components::findComponents: found logger, addr:192.168.31.56:7151
    INFO      dbmgr-1 17768 4000  [2018-06-19 18:02:52 323] - Components::addComponent: reset orderLog, uid=17768!
    INFO      dbmgr-1 17768 4000  [2018-06-19 18:02:52 324] - Components::addComponent[logger], uid=17768, componentID=2000, globalorderid=1, grouporderid=1, totalcount=1
    INFO      dbmgr-1 17768 4000  [2018-06-19 18:02:52 335] - Components::process(): Found all the components!
    INFO      dbmgr-1 17768 4000  [2018-06-19 18:02:55 310] - ServerApp::onRegisterNewApp: uid:17768, username:, componentType:cellappmgr, componentID:6000, globalorderID=-1, grouporderID=-1, intaddr:192.168.31.56, intport:7149, extaddr:nonsupport, extport:0,  from 192.168.31.56:7185/0/0/0.
    INFO      dbmgr-1 17768 4000  [2018-06-19 18:02:55 310] - Components::addComponent: reset orderLog, uid=17768!
    INFO      dbmgr-1 17768 4000  [2018-06-19 18:02:55 310] - Components::addComponent[cellappmgr], uid=17768, componentID=6000, globalorderid=1, grouporderid=1, totalcount=1
    INFO      dbmgr-1 17768 4000  [2018-06-19 18:02:55 310] - ServerApp::onRegisterNewApp: uid:17768, username:, componentType:baseappmgr, componentID:5000, globalorderID=-1, grouporderID=-1, intaddr:192.168.31.56, intport:7147, extaddr:nonsupport, extport:0,  from 192.168.31.56:7186/0/0/0.
    INFO      dbmgr-1 17768 4000  [2018-06-19 18:02:55 310] - Components::addComponent[baseappmgr], uid=17768, componentID=5000, globalorderid=2, grouporderid=1, totalcount=1
    INFO      dbmgr-1 17768 4000  [2018-06-19 18:02:56 330] - ServerApp::onRegisterNewApp: uid:17768, username:, componentType:loginapp, componentID:9000, globalorderID=-1, grouporderID=-1, intaddr:192.168.31.56, intport:7148, extaddr:192.168.31.56, extport:20013,  from 192.168.31.56:7192/0/0/0.
    INFO      dbmgr-1 17768 4000  [2018-06-19 18:02:56 330] - Components::addComponent[loginapp], uid=17768, componentID=9000, globalorderid=3, grouporderid=1, totalcount=1
    INFO      dbmgr-1 17768 4000  [2018-06-19 18:02:58 630] - ServerApp::onRegisterNewApp: uid:17768, username:, componentType:cellapp, componentID:8001, globalorderID=-1, grouporderID=-1, intaddr:192.168.31.56, intport:7154, extaddr:nonsupport, extport:0,  from 192.168.31.56:7196/0/0/0.
    INFO      dbmgr-1 17768 4000  [2018-06-19 18:02:58 630] - Components::addComponent[cellapp], uid=17768, componentID=8001, globalorderid=4, grouporderid=1, totalcount=1
    INFO      dbmgr-1 17768 4000  [2018-06-19 18:02:58 690] - ServerApp::onRegisterNewApp: uid:17768, username:, componentType:baseapp, componentID:7001, globalorderID=-1, grouporderID=-1, intaddr:192.168.31.56, intport:7152, extaddr:192.168.31.56, extport:20015,  from 192.168.31.56:7198/0/0/0.
    INFO      dbmgr-1 17768 4000  [2018-06-19 18:02:58 690] - Components::addComponent[baseapp], uid=17768, componentID=7001, globalorderid=5, grouporderid=1, totalcount=1
    INFO      dbmgr-1 17768 4000  [2018-06-19 18:03:01 709] - IDServer::allocRange: 1-2001.
    INFO      dbmgr-1 17768 4000  [2018-06-19 18:03:01 709] - IDServer::allocRange: 2001-4001.
   DEBUG      dbmgr-1 17768 4000  [2018-06-19 18:03:01 709] - SyncAppDatasHandler::~SyncAppDatasHandler()
   DEBUG      dbmgr-1 17768 4000  [2018-06-19 18:04:59 510] - Dbmgr::onAccountLogin:loginName=lqt, accountName=lqt, success=0, componentID=0, entityID=0, dbid=1, flags=0, deadline=0.
   DEBUG      dbmgr-1 17768 4000  [2018-06-19 18:05:00 030] - Dbmgr::queryAccount: lqt, success=1, flags=0, deadline=0.
   DEBUG      dbmgr-1 17768 4000  [2018-06-19 18:05:48 290] - Dbmgr::writeEntity: Account(1).
    INFO      dbmgr-1 17768 4000  [2018-06-19 18:05:48 289] - Buffered_DBTasks::onFiniTask: Playing buffered task for entityID=0, dbid=1, dbid_tasks_size=1, entityid_tasks_size=0.
   DEBUG      dbmgr-1 17768 4000  [2018-06-19 18:05:48 350] - Dbmgr::onEntityOffline: 1, entityType=1.
    INFO      dbmgr-1 17768 4000  [2018-06-19 18:07:36 462] - DBTaskAccountLogin::db_thread_process(): not found account[lqt01], autocreate successfully!
   DEBUG      dbmgr-1 17768 4000  [2018-06-19 18:07:36 570] - Dbmgr::onAccountLogin:loginName=lqt01, accountName=lqt01, success=0, componentID=0, entityID=0, dbid=2, flags=0, deadline=0.
   DEBUG      dbmgr-1 17768 4000  [2018-06-19 18:07:37 030] - Dbmgr::queryAccount: lqt01, success=1, flags=0, deadline=0.
   DEBUG      dbmgr-1 17768 4000  [2018-06-19 18:09:51 432] - Dbmgr::writeEntity: Account(2).
    INFO      dbmgr-1 17768 4000  [2018-06-19 18:09:51 422] - Buffered_DBTasks::onFiniTask: Playing buffered task for entityID=0, dbid=2, dbid_tasks_size=1, entityid_tasks_size=0.
   DEBUG      dbmgr-1 17768 4000  [2018-06-19 18:09:51 489] - Dbmgr::onEntityOffline: 2, entityType=1.
    INFO      dbmgr-1 17768 4000  [2018-06-19 18:13:06 057] - DBTaskAccountLogin::db_thread_process(): not found account[lqt02], autocreate successfully!
   DEBUG      dbmgr-1 17768 4000  [2018-06-19 18:13:06 169] - Dbmgr::onAccountLogin:loginName=lqt02, accountName=lqt02, success=0, componentID=0, entityID=0, dbid=3, flags=0, deadline=0.
   DEBUG      dbmgr-1 17768 4000  [2018-06-19 18:13:06 649] - Dbmgr::queryAccount: lqt02, success=1, flags=0, deadline=0.
   DEBUG      dbmgr-1 17768 4000  [2018-06-19 18:20:06 129] - Dbmgr::writeEntity: Account(3).
    INFO      dbmgr-1 17768 4000  [2018-06-19 18:20:06 110] - Buffered_DBTasks::onFiniTask: Playing buffered task for entityID=0, dbid=3, dbid_tasks_size=1, entityid_tasks_size=0.
   DEBUG      dbmgr-1 17768 4000  [2018-06-19 18:20:06 169] - Dbmgr::onEntityOffline: 3, entityType=1.
   DEBUG      dbmgr-1 17768 4000  [2018-06-19 18:20:19 928] - Dbmgr::onAccountLogin:loginName=lqt02, accountName=lqt02, success=0, componentID=0, entityID=0, dbid=3, flags=0, deadline=0.
   DEBUG      dbmgr-1 17768 4000  [2018-06-19 18:20:20 388] - Dbmgr::queryAccount: lqt02, success=1, flags=0, deadline=0.
   DEBUG      dbmgr-1 17768 4000  [2018-06-19 18:27:43 548] - Dbmgr::writeEntity: Account(3).
   DEBUG      dbmgr-1 17768 4000  [2018-06-19 19:02:44 305] - Dbmgr::DBTaskServerLog()
   DEBUG      dbmgr-1 17768 4000  [2018-06-19 19:22:39 583] - Dbmgr::writeEntity: Account(3).
   DEBUG      dbmgr-1 17768 4000  [2018-06-19 19:22:39 623] - Dbmgr::onEntityOffline: 3, entityType=1.
    INFO      dbmgr-1 17768 4000  [2018-06-19 19:22:39 574] - Buffered_DBTasks::onFiniTask: Playing buffered task for entityID=0, dbid=3, dbid_tasks_size=1, entityid_tasks_size=0.
   DEBUG      dbmgr-1 17768 4000  [2018-06-19 20:02:44 320] - Dbmgr::DBTaskServerLog()
   DEBUG      dbmgr-1 17768 4000  [2018-06-19 21:02:44 335] - Dbmgr::DBTaskServerLog()
   DEBUG      dbmgr-1 17768 4000  [2018-06-19 22:02:44 330] - Dbmgr::DBTaskServerLog()
   DEBUG      dbmgr-1 17768 4000  [2018-06-19 23:02:44 345] - Dbmgr::DBTaskServerLog()
