    INFO baseappmgr-1 9218 5000  [2018-06-17 12:21:29 206] - -----------------------------------------------------------------------------------------


    INFO baseappmgr-1 9218 5000  [2018-06-17 12:21:29 207] - Resmgr::initialize: KBE_ROOT=C:/Users/Public/Documents/workspace/kbe/kbengine-kbengine-v1.0.0/kbengine/
    INFO baseappmgr-1 9218 5000  [2018-06-17 12:21:29 208] - Resmgr::initialize: KBE_RES_PATH=C:/Users/Public/Documents/workspace/kbe/kbengine-kbengine-v1.0.0/kbengine/kbe/res/;C:/Users/Public/Documents/workspace/kbe/kbengine-kbengine-v1.0.0/kbengine/assets/;C:/Users/Public/Documents/workspace/kbe/kbengine-kbengine-v1.0.0/kbengine/assets/scripts/;C:/Users/Public/Documents/workspace/kbe/kbengine-kbengine-v1.0.0/kbengine/assets/res/
    INFO baseappmgr-1 9218 5000  [2018-06-17 12:21:29 209] - Resmgr::initialize: KBE_BIN_PATH=C:/Users/Public/Documents/workspace/kbe/kbengine-kbengine-v1.0.0/kbengine/kbe/bin/server/
    INFO baseappmgr-1 9218 5000  [2018-06-17 12:21:29 276] - NetworkInterface::recreateListeningSocket(INTERNAL): bound to all interfaces with default route interface on 192.168.31.56 ( 192.168.31.56:38591 )
    INFO baseappmgr-1 9218 5000  [2018-06-17 12:21:29 276] - NetworkInterface::recreateListeningSocket(INTERNAL): address 192.168.31.56:38591, SOMAXCONN=5.
    INFO baseappmgr-1 9218 5000  [2018-06-17 12:21:29 276] - server-configs:
    INFO baseappmgr-1 9218 5000  [2018-06-17 12:21:29 277] - 	internalAddr : 192.168.31.56:38591
    INFO baseappmgr-1 9218 5000  [2018-06-17 12:21:29 277] - 	componentID : 5000
    INFO baseappmgr-1 9218 5000  [2018-06-17 12:21:30 789] - ---- baseappmgr Version: 1.0.0. ScriptVersion: 0.1.0. Protocol: BD45623450AB79CC04B6C6D196650737. Config: Debug X86. Built: 23:17:13 Jun 15 2018. AppID: 5000. UID: 9218. PID: 23296 ----
    INFO baseappmgr-1 9218 5000  [2018-06-17 12:21:30 790] - Server :        Intel(R) Core(TM) i5-2415M CPU @ 2.30GHz with 4194303kB RAM
    INFO baseappmgr-1 9218 5000  [2018-06-17 12:21:30 790] - ThreadPool::createThreadPool: creating  threadpool...
    INFO baseappmgr-1 9218 5000  [2018-06-17 12:21:30 791] - ThreadPool::createThreadPool: successfully(2), newThreadCount=1, normalMaxThreadCount=2, maxThreadCount=8
    INFO baseappmgr-1 9218 5000  [2018-06-17 12:21:31 748] - ---- baseappmgr is running ----
   DEBUG baseappmgr-1 9218 5000  [2018-06-17 12:21:31 749] - Components::process(): Request for the process of identity...
    INFO baseappmgr-1 9218 5000  [2018-06-17 12:21:39 351] - Components::findComponents: find logger(1)...
    INFO baseappmgr-1 9218 5000  [2018-06-17 12:21:39 448] - Components::findComponents: found logger, addr:192.168.31.56:38594
    INFO baseappmgr-1 9218 5000  [2018-06-17 12:21:39 448] - Components::addComponent: reset orderLog, uid=9218!
    INFO baseappmgr-1 9218 5000  [2018-06-17 12:21:39 448] - Components::addComponent[logger], uid=9218, componentID=2000, globalorderid=1, grouporderid=1, totalcount=1
    INFO baseappmgr-1 9218 5000  [2018-06-17 12:21:39 452] - Components::findComponents: find dbmgr(2)...
    INFO baseappmgr-1 9218 5000  [2018-06-17 12:21:41 571] - Components::findComponents: find dbmgr(3)...
    INFO baseappmgr-1 9218 5000  [2018-06-17 12:21:43 611] - Components::findComponents: find dbmgr(4)...
    INFO baseappmgr-1 9218 5000  [2018-06-17 12:21:45 731] - Components::findComponents: find dbmgr(5)...
    INFO baseappmgr-1 9218 5000  [2018-06-17 12:21:47 741] - Components::findComponents: find dbmgr(6)...
    INFO baseappmgr-1 9218 5000  [2018-06-17 12:21:49 771] - Components::findComponents: find dbmgr(7)...
    INFO baseappmgr-1 9218 5000  [2018-06-17 12:21:51 791] - Components::findComponents: find dbmgr(8)...
    INFO baseappmgr-1 9218 5000  [2018-06-17 12:21:53 811] - Components::findComponents: find dbmgr(9)...
    INFO baseappmgr-1 9218 5000  [2018-06-17 12:21:55 931] - Components::findComponents: find dbmgr(10)...
    INFO baseappmgr-1 9218 5000  [2018-06-17 12:21:58 031] - Components::findComponents: find dbmgr(11)...
    INFO baseappmgr-1 9218 5000  [2018-06-17 12:22:00 052] - Components::findComponents: find dbmgr(12)...
    INFO baseappmgr-1 9218 5000  [2018-06-17 12:22:02 072] - Components::findComponents: find dbmgr(13)...
 WARNING baseappmgr-1 9218 5000  [2018-06-17 12:22:02 383] - BundleBroadcast::BundleBroadcast: Cannot bind to port 20908, errorno=10048
    INFO baseappmgr-1 9218 5000  [2018-06-17 12:22:03 391] - Components::findComponents: find dbmgr(14)...
    INFO baseappmgr-1 9218 5000  [2018-06-17 12:22:05 511] - Components::findComponents: find dbmgr(15)...
    INFO baseappmgr-1 9218 5000  [2018-06-17 12:22:07 631] - Components::findComponents: find dbmgr(16)...
 WARNING baseappmgr-1 9218 5000  [2018-06-17 12:22:09 731] - Components::findComponents: find dbmgr(17)...
delay time is too long, please check the dbmgr logs!
 WARNING baseappmgr-1 9218 5000  [2018-06-17 12:22:11 751] - Components::findComponents: find dbmgr(18)...
delay time is too long, please check the dbmgr logs!
 WARNING baseappmgr-1 9218 5000  [2018-06-17 12:22:13 771] - Components::findComponents: find dbmgr(19)...
delay time is too long, please check the dbmgr logs!
 WARNING baseappmgr-1 9218 5000  [2018-06-17 12:22:15 791] - Components::findComponents: find dbmgr(20)...
delay time is too long, please check the dbmgr logs!
 WARNING baseappmgr-1 9218 5000  [2018-06-17 12:22:17 812] - Components::findComponents: find dbmgr(21)...
delay time is too long, please check the dbmgr logs!
 WARNING baseappmgr-1 9218 5000  [2018-06-17 12:22:19 831] - Components::findComponents: find dbmgr(22)...
delay time is too long, please check the dbmgr logs!
 WARNING baseappmgr-1 9218 5000  [2018-06-17 12:22:21 911] - Components::findComponents: find dbmgr(23)...
delay time is too long, please check the dbmgr logs!
 WARNING baseappmgr-1 9218 5000  [2018-06-17 12:22:24 031] - Components::findComponents: find dbmgr(24)...
delay time is too long, please check the dbmgr logs!
 WARNING baseappmgr-1 9218 5000  [2018-06-17 12:22:26 141] - Components::findComponents: find dbmgr(25)...
delay time is too long, please check the dbmgr logs!
 WARNING baseappmgr-1 9218 5000  [2018-06-17 12:22:28 151] - Components::findComponents: find dbmgr(26)...
delay time is too long, please check the dbmgr logs!
 WARNING baseappmgr-1 9218 5000  [2018-06-17 12:22:30 171] - Components::findComponents: find dbmgr(27)...
delay time is too long, please check the dbmgr logs!
 WARNING baseappmgr-1 9218 5000  [2018-06-17 12:22:32 191] - Components::findComponents: find dbmgr(28)...
delay time is too long, please check the dbmgr logs!
 WARNING baseappmgr-1 9218 5000  [2018-06-17 12:22:34 211] - Components::findComponents: find dbmgr(29)...
delay time is too long, please check the dbmgr logs!
 WARNING baseappmgr-1 9218 5000  [2018-06-17 12:22:36 231] - Components::findComponents: find dbmgr(30)...
delay time is too long, please check the dbmgr logs!
 WARNING baseappmgr-1 9218 5000  [2018-06-17 12:22:38 342] - Components::findComponents: find dbmgr(31)...
delay time is too long, please check the dbmgr logs!
 WARNING baseappmgr-1 9218 5000  [2018-06-17 12:22:40 371] - Components::findComponents: find dbmgr(32)...
delay time is too long, please check the dbmgr logs!
 WARNING baseappmgr-1 9218 5000  [2018-06-17 12:22:40 683] - BundleBroadcast::BundleBroadcast: Cannot bind to port 20669, errorno=10048
 WARNING baseappmgr-1 9218 5000  [2018-06-17 12:22:41 691] - Components::findComponents: find dbmgr(33)...
delay time is too long, please check the dbmgr logs!
 WARNING baseappmgr-1 9218 5000  [2018-06-17 12:22:43 791] - Components::findComponents: find dbmgr(34)...
delay time is too long, please check the dbmgr logs!
 WARNING baseappmgr-1 9218 5000  [2018-06-17 12:22:45 811] - Components::findComponents: find dbmgr(35)...
delay time is too long, please check the dbmgr logs!
 WARNING baseappmgr-1 9218 5000  [2018-06-17 12:22:47 831] - Components::findComponents: find dbmgr(36)...
delay time is too long, please check the dbmgr logs!
    INFO baseappmgr-1 10623 5000  [2018-06-17 12:28:39 420] - -----------------------------------------------------------------------------------------


    INFO baseappmgr-1 10623 5000  [2018-06-17 12:28:39 430] - Resmgr::initialize: KBE_ROOT=C:/Users/Public/Documents/workspace/kbe/kbengine-kbengine-v1.0.0/kbengine/
    INFO baseappmgr-1 10623 5000  [2018-06-17 12:28:39 431] - Resmgr::initialize: KBE_RES_PATH=C:/Users/Public/Documents/workspace/kbe/kbengine-kbengine-v1.0.0/kbengine/kbe/res/;C:/Users/Public/Documents/workspace/kbe/kbengine-kbengine-v1.0.0/kbengine/assets/;C:/Users/Public/Documents/workspace/kbe/kbengine-kbengine-v1.0.0/kbengine/assets/scripts/;C:/Users/Public/Documents/workspace/kbe/kbengine-kbengine-v1.0.0/kbengine/assets/res/
    INFO baseappmgr-1 10623 5000  [2018-06-17 12:28:39 431] - Resmgr::initialize: KBE_BIN_PATH=C:/Users/Public/Documents/workspace/kbe/kbengine-kbengine-v1.0.0/kbengine/kbe/bin/server/
    INFO baseappmgr-1 10623 5000  [2018-06-17 12:28:39 477] - NetworkInterface::recreateListeningSocket(INTERNAL): bound to all interfaces with default route interface on 192.168.31.56 ( 192.168.31.56:38699 )
    INFO baseappmgr-1 10623 5000  [2018-06-17 12:28:39 478] - NetworkInterface::recreateListeningSocket(INTERNAL): address 192.168.31.56:38699, SOMAXCONN=5.
    INFO baseappmgr-1 10623 5000  [2018-06-17 12:28:39 478] - server-configs:
    INFO baseappmgr-1 10623 5000  [2018-06-17 12:28:39 478] - 	internalAddr : 192.168.31.56:38699
    INFO baseappmgr-1 10623 5000  [2018-06-17 12:28:39 478] - 	componentID : 5000
    INFO baseappmgr-1 10623 5000  [2018-06-17 12:28:40 993] - ---- baseappmgr Version: 1.0.0. ScriptVersion: 0.1.0. Protocol: BD45623450AB79CC04B6C6D196650737. Config: Debug X86. Built: 23:17:13 Jun 15 2018. AppID: 5000. UID: 10623. PID: 17148 ----
    INFO baseappmgr-1 10623 5000  [2018-06-17 12:28:40 993] - Server :        Intel(R) Core(TM) i5-2415M CPU @ 2.30GHz with 4194303kB RAM
    INFO baseappmgr-1 10623 5000  [2018-06-17 12:28:40 994] - ThreadPool::createThreadPool: creating  threadpool...
    INFO baseappmgr-1 10623 5000  [2018-06-17 12:28:40 994] - ThreadPool::createThreadPool: successfully(2), newThreadCount=1, normalMaxThreadCount=2, maxThreadCount=8
    INFO baseappmgr-1 10623 5000  [2018-06-17 12:28:41 656] - ---- baseappmgr is running ----
   DEBUG baseappmgr-1 10623 5000  [2018-06-17 12:28:41 656] - Components::process(): Request for the process of identity...
    INFO baseappmgr-1 10623 5000  [2018-06-17 12:28:48 875] - Components::findComponents: find logger(1)...
    INFO baseappmgr-1 10623 5000  [2018-06-17 12:28:48 954] - Components::findComponents: found logger, addr:192.168.31.56:38701
    INFO baseappmgr-1 10623 5000  [2018-06-17 12:28:48 954] - Components::addComponent: reset orderLog, uid=10623!
    INFO baseappmgr-1 10623 5000  [2018-06-17 12:28:48 954] - Components::addComponent[logger], uid=10623, componentID=2000, globalorderid=1, grouporderid=1, totalcount=1
    INFO baseappmgr-1 10623 5000  [2018-06-17 12:28:48 956] - Components::findComponents: find dbmgr(2)...
    INFO baseappmgr-1 10623 5000  [2018-06-17 12:28:51 075] - Components::findComponents: find dbmgr(3)...
    INFO baseappmgr-1 10623 5000  [2018-06-17 12:28:53 095] - Components::findComponents: find dbmgr(4)...
    INFO baseappmgr-1 10694 5000  [2018-06-17 12:29:01 141] - -----------------------------------------------------------------------------------------


    INFO baseappmgr-1 10694 5000  [2018-06-17 12:29:01 143] - Resmgr::initialize: KBE_ROOT=C:/Users/Public/Documents/workspace/kbe/kbengine-kbengine-v1.0.0/kbengine/
    INFO baseappmgr-1 10694 5000  [2018-06-17 12:29:01 144] - Resmgr::initialize: KBE_RES_PATH=C:/Users/Public/Documents/workspace/kbe/kbengine-kbengine-v1.0.0/kbengine/kbe/res/;C:/Users/Public/Documents/workspace/kbe/kbengine-kbengine-v1.0.0/kbengine/assets/;C:/Users/Public/Documents/workspace/kbe/kbengine-kbengine-v1.0.0/kbengine/assets/scripts/;C:/Users/Public/Documents/workspace/kbe/kbengine-kbengine-v1.0.0/kbengine/assets/res/
    INFO baseappmgr-1 10694 5000  [2018-06-17 12:29:01 144] - Resmgr::initialize: KBE_BIN_PATH=C:/Users/Public/Documents/workspace/kbe/kbengine-kbengine-v1.0.0/kbengine/kbe/bin/server/
    INFO baseappmgr-1 10694 5000  [2018-06-17 12:29:01 156] - NetworkInterface::recreateListeningSocket(INTERNAL): bound to all interfaces with default route interface on 192.168.31.56 ( 192.168.31.56:38719 )
    INFO baseappmgr-1 10694 5000  [2018-06-17 12:29:01 157] - NetworkInterface::recreateListeningSocket(INTERNAL): address 192.168.31.56:38719, SOMAXCONN=5.
    INFO baseappmgr-1 10694 5000  [2018-06-17 12:29:01 157] - server-configs:
    INFO baseappmgr-1 10694 5000  [2018-06-17 12:29:01 157] - 	internalAddr : 192.168.31.56:38719
    INFO baseappmgr-1 10694 5000  [2018-06-17 12:29:01 158] - 	componentID : 5000
    INFO baseappmgr-1 10694 5000  [2018-06-17 12:29:02 666] - ---- baseappmgr Version: 1.0.0. ScriptVersion: 0.1.0. Protocol: BD45623450AB79CC04B6C6D196650737. Config: Debug X86. Built: 23:17:13 Jun 15 2018. AppID: 5000. UID: 10694. PID: 21220 ----
    INFO baseappmgr-1 10694 5000  [2018-06-17 12:29:02 667] - Server :        Intel(R) Core(TM) i5-2415M CPU @ 2.30GHz with 4194303kB RAM
    INFO baseappmgr-1 10694 5000  [2018-06-17 12:29:02 667] - ThreadPool::createThreadPool: creating  threadpool...
    INFO baseappmgr-1 10694 5000  [2018-06-17 12:29:02 667] - ThreadPool::createThreadPool: successfully(2), newThreadCount=1, normalMaxThreadCount=2, maxThreadCount=8
    INFO baseappmgr-1 10694 5000  [2018-06-17 12:29:03 743] - ---- baseappmgr is running ----
   DEBUG baseappmgr-1 10694 5000  [2018-06-17 12:29:03 743] - Components::process(): Request for the process of identity...
 WARNING baseappmgr-1 10694 5000  [2018-06-17 12:29:07 365] - BundleBroadcast::BundleBroadcast: Cannot bind to port 20448, errorno=10048
    INFO baseappmgr-1 10694 5000  [2018-06-17 12:29:11 428] - Components::findComponents: find logger(1)...
    INFO baseappmgr-1 10694 5000  [2018-06-17 12:29:11 531] - Components::findComponents: found logger, addr:192.168.31.56:38718
    INFO baseappmgr-1 10694 5000  [2018-06-17 12:29:11 531] - Components::addComponent: reset orderLog, uid=10694!
    INFO baseappmgr-1 10694 5000  [2018-06-17 12:29:11 531] - Components::addComponent[logger], uid=10694, componentID=2000, globalorderid=1, grouporderid=1, totalcount=1
    INFO baseappmgr-1 10694 5000  [2018-06-17 12:29:11 533] - Components::findComponents: find dbmgr(2)...
    INFO baseappmgr-1 10694 5000  [2018-06-17 12:29:13 646] - Components::findComponents: find dbmgr(3)...
    INFO baseappmgr-1 10694 5000  [2018-06-17 12:29:15 667] - Components::findComponents: find dbmgr(4)...
    INFO baseappmgr-1 10694 5000  [2018-06-17 12:29:17 687] - Components::findComponents: find dbmgr(5)...
    INFO baseappmgr-1 10694 5000  [2018-06-17 12:29:19 746] - Components::findComponents: find dbmgr(6)...
    INFO baseappmgr-1 10694 5000  [2018-06-17 12:29:21 767] - Components::findComponents: find dbmgr(7)...
    INFO baseappmgr-1 10694 5000  [2018-06-17 12:29:23 787] - Components::findComponents: find dbmgr(8)...
    INFO baseappmgr-1 10694 5000  [2018-06-17 12:29:25 807] - Components::findComponents: find dbmgr(9)...
    INFO baseappmgr-1 10694 5000  [2018-06-17 12:29:27 827] - Components::findComponents: find dbmgr(10)...
    INFO baseappmgr-1 10694 5000  [2018-06-17 12:29:29 846] - Components::findComponents: find dbmgr(11)...
    INFO baseappmgr-1 10694 5000  [2018-06-17 12:29:31 967] - Components::findComponents: find dbmgr(12)...
    INFO baseappmgr-1 10694 5000  [2018-06-17 12:29:34 066] - Components::findComponents: find dbmgr(13)...
    INFO baseappmgr-1 10694 5000  [2018-06-17 12:29:36 087] - Components::findComponents: find dbmgr(14)...
    INFO baseappmgr-1 10694 5000  [2018-06-17 12:29:38 107] - Components::findComponents: find dbmgr(15)...
    INFO baseappmgr-1 10694 5000  [2018-06-17 12:29:40 227] - Components::findComponents: find dbmgr(16)...
 WARNING baseappmgr-1 10694 5000  [2018-06-17 12:29:42 346] - Components::findComponents: find dbmgr(17)...
delay time is too long, please check the dbmgr logs!
 WARNING baseappmgr-1 10694 5000  [2018-06-17 12:29:44 467] - Components::findComponents: find dbmgr(18)...
delay time is too long, please check the dbmgr logs!
 WARNING baseappmgr-1 10694 5000  [2018-06-17 12:29:46 567] - Components::findComponents: find dbmgr(19)...
delay time is too long, please check the dbmgr logs!
 WARNING baseappmgr-1 10694 5000  [2018-06-17 12:29:48 587] - Components::findComponents: find dbmgr(20)...
delay time is too long, please check the dbmgr logs!
 WARNING baseappmgr-1 10694 5000  [2018-06-17 12:29:50 607] - Components::findComponents: find dbmgr(21)...
delay time is too long, please check the dbmgr logs!
 WARNING baseappmgr-1 10694 5000  [2018-06-17 12:29:52 727] - Components::findComponents: find dbmgr(22)...
delay time is too long, please check the dbmgr logs!
 WARNING baseappmgr-1 10694 5000  [2018-06-17 12:29:54 747] - Components::findComponents: find dbmgr(23)...
delay time is too long, please check the dbmgr logs!
 WARNING baseappmgr-1 10694 5000  [2018-06-17 12:29:56 867] - Components::findComponents: find dbmgr(24)...
delay time is too long, please check the dbmgr logs!
 WARNING baseappmgr-1 10694 5000  [2018-06-17 12:29:58 967] - Components::findComponents: find dbmgr(25)...
delay time is too long, please check the dbmgr logs!
 WARNING baseappmgr-1 10694 5000  [2018-06-17 12:30:01 007] - Components::findComponents: find dbmgr(26)...
delay time is too long, please check the dbmgr logs!
 WARNING baseappmgr-1 10694 5000  [2018-06-17 12:30:03 107] - Components::findComponents: find dbmgr(27)...
delay time is too long, please check the dbmgr logs!
 WARNING baseappmgr-1 10694 5000  [2018-06-17 12:30:05 127] - Components::findComponents: find dbmgr(28)...
delay time is too long, please check the dbmgr logs!
 WARNING baseappmgr-1 10694 5000  [2018-06-17 12:30:07 146] - Components::findComponents: find dbmgr(29)...
delay time is too long, please check the dbmgr logs!
 WARNING baseappmgr-1 10694 5000  [2018-06-17 12:30:09 166] - Components::findComponents: find dbmgr(30)...
delay time is too long, please check the dbmgr logs!
 WARNING baseappmgr-1 10694 5000  [2018-06-17 12:30:11 187] - Components::findComponents: find dbmgr(31)...
delay time is too long, please check the dbmgr logs!
    INFO baseappmgr-1 11690 5000  [2018-06-17 12:34:06 571] - -----------------------------------------------------------------------------------------


    INFO baseappmgr-1 11690 5000  [2018-06-17 12:34:06 573] - Resmgr::initialize: KBE_ROOT=C:/Users/Public/Documents/workspace/kbe/kbengine-kbengine-v1.0.0/kbengine/
    INFO baseappmgr-1 11690 5000  [2018-06-17 12:34:06 574] - Resmgr::initialize: KBE_RES_PATH=C:/Users/Public/Documents/workspace/kbe/kbengine-kbengine-v1.0.0/kbengine/kbe/res/;C:/Users/Public/Documents/workspace/kbe/kbengine-kbengine-v1.0.0/kbengine/assets/;C:/Users/Public/Documents/workspace/kbe/kbengine-kbengine-v1.0.0/kbengine/assets/scripts/;C:/Users/Public/Documents/workspace/kbe/kbengine-kbengine-v1.0.0/kbengine/assets/res/
    INFO baseappmgr-1 11690 5000  [2018-06-17 12:34:06 574] - Resmgr::initialize: KBE_BIN_PATH=C:/Users/Public/Documents/workspace/kbe/kbengine-kbengine-v1.0.0/kbengine/kbe/bin/server/
    INFO baseappmgr-1 11690 5000  [2018-06-17 12:34:06 620] - NetworkInterface::recreateListeningSocket(INTERNAL): bound to all interfaces with default route interface on 192.168.31.56 ( 192.168.31.56:38773 )
    INFO baseappmgr-1 11690 5000  [2018-06-17 12:34:06 620] - NetworkInterface::recreateListeningSocket(INTERNAL): address 192.168.31.56:38773, SOMAXCONN=5.
    INFO baseappmgr-1 11690 5000  [2018-06-17 12:34:06 620] - server-configs:
    INFO baseappmgr-1 11690 5000  [2018-06-17 12:34:06 621] - 	internalAddr : 192.168.31.56:38773
    INFO baseappmgr-1 11690 5000  [2018-06-17 12:34:06 621] - 	componentID : 5000
    INFO baseappmgr-1 11690 5000  [2018-06-17 12:34:08 135] - ---- baseappmgr Version: 1.0.0. ScriptVersion: 0.1.0. Protocol: BD45623450AB79CC04B6C6D196650737. Config: Debug X86. Built: 23:17:13 Jun 15 2018. AppID: 5000. UID: 11690. PID: 12428 ----
    INFO baseappmgr-1 11690 5000  [2018-06-17 12:34:08 135] - Server :        Intel(R) Core(TM) i5-2415M CPU @ 2.30GHz with 4194303kB RAM
    INFO baseappmgr-1 11690 5000  [2018-06-17 12:34:08 136] - ThreadPool::createThreadPool: creating  threadpool...
    INFO baseappmgr-1 11690 5000  [2018-06-17 12:34:08 136] - ThreadPool::createThreadPool: successfully(2), newThreadCount=1, normalMaxThreadCount=2, maxThreadCount=8
    INFO baseappmgr-1 11690 5000  [2018-06-17 12:34:09 101] - ---- baseappmgr is running ----
   DEBUG baseappmgr-1 11690 5000  [2018-06-17 12:34:09 101] - Components::process(): Request for the process of identity...
    INFO baseappmgr-1 11690 5000  [2018-06-17 12:34:16 457] - Components::findComponents: find logger(1)...
    INFO baseappmgr-1 11690 5000  [2018-06-17 12:34:16 562] - Components::findComponents: found logger, addr:192.168.31.56:38772
    INFO baseappmgr-1 11690 5000  [2018-06-17 12:34:16 562] - Components::addComponent: reset orderLog, uid=11690!
    INFO baseappmgr-1 11690 5000  [2018-06-17 12:34:16 562] - Components::addComponent[logger], uid=11690, componentID=2000, globalorderid=1, grouporderid=1, totalcount=1
    INFO baseappmgr-1 11690 5000  [2018-06-17 12:34:16 564] - Components::findComponents: find dbmgr(2)...
    INFO baseappmgr-1 11690 5000  [2018-06-17 12:34:16 667] - Components::findComponents: found dbmgr, addr:192.168.31.56:38776
    INFO baseappmgr-1 11690 5000  [2018-06-17 12:34:16 667] - Components::addComponent: reset orderLog, uid=11690!
    INFO baseappmgr-1 11690 5000  [2018-06-17 12:34:16 667] - Components::addComponent[dbmgr], uid=11690, componentID=4000, globalorderid=1, grouporderid=1, totalcount=1
    INFO baseappmgr-1 11690 5000  [2018-06-17 12:34:16 668] - Components::findComponents: found dbmgr, addr:192.168.31.56:38776
    INFO baseappmgr-1 11690 5000  [2018-06-17 12:34:18 677] - Components::findComponents: find cellappmgr(1)...
    INFO baseappmgr-1 11690 5000  [2018-06-17 12:34:18 702] - Components::findComponents: found cellappmgr, addr:192.168.31.56:38770
    INFO baseappmgr-1 11690 5000  [2018-06-17 12:34:18 702] - Components::addComponent[cellappmgr], uid=11690, componentID=6000, globalorderid=2, grouporderid=1, totalcount=1
    INFO baseappmgr-1 11690 5000  [2018-06-17 12:34:18 703] - Components::findComponents: found cellappmgr, addr:192.168.31.56:38770
    INFO baseappmgr-1 11690 5000  [2018-06-17 12:34:19 857] - ServerApp::onRegisterNewApp: uid:11690, username:, componentType:loginapp, componentID:9000, globalorderID=-1, grouporderID=-1, intaddr:192.168.31.56, intport:38775, extaddr:192.168.31.56, extport:20013,  from 192.168.31.56:38790/0/0/0.
    INFO baseappmgr-1 11690 5000  [2018-06-17 12:34:19 857] - Components::addComponent[loginapp], uid=11690, componentID=9000, globalorderid=3, grouporderid=1, totalcount=1
    INFO baseappmgr-1 11690 5000  [2018-06-17 12:34:20 717] - Components::findComponents: register self to dbmgr...
    INFO baseappmgr-1 11690 5000  [2018-06-17 12:34:20 736] - Components::findComponents: register self to cellappmgr...
    INFO baseappmgr-1 11690 5000  [2018-06-17 12:34:20 756] - Components::process(): Found all the components!
    INFO baseappmgr-1 11690 5000  [2018-06-17 12:34:20 857] - ServerApp::onRegisterNewApp: uid:11690, username:, componentType:cellappmgr, componentID:6000, globalorderID=-1, grouporderID=-1, intaddr:192.168.31.56, intport:38770, extaddr:nonsupport, extport:0,  from 192.168.31.56:38795/0/0/0.
    INFO baseappmgr-1 11690 5000  [2018-06-17 12:34:23 616] - ServerApp::onRegisterNewApp: uid:11690, username:, componentType:cellapp, componentID:8001, globalorderID=-1, grouporderID=-1, intaddr:192.168.31.56, intport:38774, extaddr:nonsupport, extport:0,  from 192.168.31.56:38798/0/0/0.
    INFO baseappmgr-1 11690 5000  [2018-06-17 12:34:23 616] - Components::addComponent[cellapp], uid=11690, componentID=8001, globalorderid=4, grouporderid=1, totalcount=1
    INFO baseappmgr-1 11690 5000  [2018-06-17 12:34:23 916] - ServerApp::onRegisterNewApp: uid:11690, username:, componentType:baseapp, componentID:7001, globalorderID=-1, grouporderID=-1, intaddr:192.168.31.56, intport:38769, extaddr:192.168.31.56, extport:20015,  from 192.168.31.56:38800/0/0/0.
    INFO baseappmgr-1 11690 5000  [2018-06-17 12:34:23 916] - Components::addComponent[baseapp], uid=11690, componentID=7001, globalorderid=5, grouporderid=1, totalcount=1
    INFO baseappmgr-1 11690 5000  [2018-06-17 12:34:28 596] - Baseappmgr::onBaseappInitProgress: cid=7001, progress=1.
    INFO baseappmgr-1 11690 5000  [2018-06-17 12:34:28 596] - Baseappmgr::onBaseappInitProgress: all completed!
