    INFO   loginapp-1 7919 9000  [2018-06-17 12:15:44 484] - -----------------------------------------------------------------------------------------


    INFO   loginapp-1 7919 9000  [2018-06-17 12:15:45 403] - Resmgr::initialize: KBE_ROOT=C:/Users/Public/Documents/workspace/kbe/kbengine-kbengine-v1.0.0/kbengine/
    INFO   loginapp-1 7919 9000  [2018-06-17 12:15:45 403] - Resmgr::initialize: KBE_RES_PATH=C:/Users/Public/Documents/workspace/kbe/kbengine-kbengine-v1.0.0/kbengine/kbe/res/;C:/Users/Public/Documents/workspace/kbe/kbengine-kbengine-v1.0.0/kbengine/assets/;C:/Users/Public/Documents/workspace/kbe/kbengine-kbengine-v1.0.0/kbengine/assets/scripts/;C:/Users/Public/Documents/workspace/kbe/kbengine-kbengine-v1.0.0/kbengine/assets/res/
    INFO   loginapp-1 7919 9000  [2018-06-17 12:15:45 404] - Resmgr::initialize: KBE_BIN_PATH=C:/Users/Public/Documents/workspace/kbe/kbengine-kbengine-v1.0.0/kbengine/kbe/bin/server/
    INFO   loginapp-1 7919 9000  [2018-06-17 12:15:45 605] - NetworkInterface::recreateListeningSocket(EXTERNAL): bound to all interfaces with default route interface on 192.168.31.56 ( 192.168.31.56:20013 )
    INFO   loginapp-1 7919 9000  [2018-06-17 12:15:45 665] - NetworkInterface::recreateListeningSocket(EXTERNAL): address 192.168.31.56:20013, SOMAXCONN=128.
    INFO   loginapp-1 7919 9000  [2018-06-17 12:15:45 669] - NetworkInterface::recreateListeningSocket(INTERNAL): bound to all interfaces with default route interface on 192.168.31.56 ( 192.168.31.56:38539 )
    INFO   loginapp-1 7919 9000  [2018-06-17 12:15:45 669] - NetworkInterface::recreateListeningSocket(INTERNAL): address 192.168.31.56:38539, SOMAXCONN=128.
    INFO   loginapp-1 7919 9000  [2018-06-17 12:15:45 669] - server-configs:
    INFO   loginapp-1 7919 9000  [2018-06-17 12:15:45 669] - 	internalAddr : 192.168.31.56:38539
    INFO   loginapp-1 7919 9000  [2018-06-17 12:15:45 669] - 	externalAddr : 192.168.31.56:20013
    INFO   loginapp-1 7919 9000  [2018-06-17 12:15:45 669] - 	componentID : 9000
    INFO   loginapp-1 7919 9000  [2018-06-17 12:15:46 544] - Components::findLogger: found logger, addr:192.168.31.56:38529
    INFO   loginapp-1 7919 9000  [2018-06-17 12:15:46 545] - Components::addComponent: reset orderLog, uid=7919!
    INFO   loginapp-1 7919 9000  [2018-06-17 12:15:46 545] - Components::addComponent[logger], uid=7919, componentID=2000, globalorderid=1, grouporderid=1, totalcount=1
    INFO   loginapp-1 7919 9000  [2018-06-17 12:15:46 783] - ---- loginapp Version: 1.0.0. ScriptVersion: 0.1.0. Protocol: A16A7477E55D6AEDCD48345D2B50A665. Config: Debug X86. Built: 23:20:06 Jun 15 2018. AppID: 9000. UID: 7919. PID: 22744 ----
    INFO   loginapp-1 7919 9000  [2018-06-17 12:15:46 784] - Server :        Intel(R) Core(TM) i5-2415M CPU @ 2.30GHz with 4194303kB RAM
    INFO   loginapp-1 7919 9000  [2018-06-17 12:15:46 833] - ThreadPool::createThreadPool: creating  threadpool...
    INFO   loginapp-1 7919 9000  [2018-06-17 12:15:46 834] - ThreadPool::createThreadPool: successfully(2), newThreadCount=1, normalMaxThreadCount=2, maxThreadCount=8
   DEBUG   loginapp-1 7919 9000  [2018-06-17 12:15:48 775] - Script::install_py_dlls(): PyInit_pyexpat
   DEBUG   loginapp-1 7919 9000  [2018-06-17 12:15:48 825] - Script::install_py_dlls(): PyInit__socket
   DEBUG   loginapp-1 7919 9000  [2018-06-17 12:15:48 898] - Script::install_py_dlls(): PyInit__ssl
   DEBUG   loginapp-1 7919 9000  [2018-06-17 12:15:49 519] - Script::install_py_dlls(): PyInit__hashlib
   DEBUG   loginapp-1 7919 9000  [2018-06-17 12:15:49 520] - Script::install_py_dlls(): PyInit_select
   DEBUG   loginapp-1 7919 9000  [2018-06-17 12:15:49 542] - Script::install_py_dlls(): PyInit__ctypes
   DEBUG   loginapp-1 7919 9000  [2018-06-17 12:15:49 661] - Script::install_py_dlls(): PyInit__elementtree
   DEBUG   loginapp-1 7919 9000  [2018-06-17 12:15:49 739] - Script::install_py_dlls(): PyInit_unicodedata
    INFO   loginapp-1 7919 9000  [2018-06-17 12:15:50 397] - Script::install(): is successfully, Python=(3.4.2 (default, Jun 15 2018, 23:20:02) [MSC v.1913 32 bit (Intel)])!
    INFO   loginapp-1 7919 9000  [2018-06-17 12:15:50 397] - Script::install(): KBExtra is successfully!
  S_INFO   loginapp-1 7919 9000  [2018-06-17 12:15:50 458] - onLoginAppReady: bootstrapGroupIndex=0, bootstrapGlobalIndex=0
    INFO   loginapp-1 7919 9000  [2018-06-17 12:15:50 459] - TelnetServer server is running on port 31000
    INFO   loginapp-1 7919 9000  [2018-06-17 12:15:51 139] - ---- loginapp is running ----
   DEBUG   loginapp-1 7919 9000  [2018-06-17 12:15:51 140] - Components::process(): Request for the process of identity...
    INFO   loginapp-1 7919 9000  [2018-06-17 12:15:58 286] - Components::findComponents: find dbmgr(1)...
    INFO   loginapp-1 7919 9000  [2018-06-17 12:16:00 345] - Components::findComponents: find dbmgr(2)...
    INFO   loginapp-1 7919 9000  [2018-06-17 12:16:02 365] - Components::findComponents: find dbmgr(3)...
    INFO   loginapp-1 7919 9000  [2018-06-17 12:16:04 385] - Components::findComponents: find dbmgr(4)...
    INFO   loginapp-1 7919 9000  [2018-06-17 12:16:06 495] - Components::findComponents: find dbmgr(5)...
    INFO   loginapp-1 7919 9000  [2018-06-17 12:16:08 524] - Components::findComponents: find dbmgr(6)...
    INFO   loginapp-1 7919 9000  [2018-06-17 12:16:10 545] - Components::findComponents: find dbmgr(7)...
    INFO   loginapp-1 7919 9000  [2018-06-17 12:16:12 665] - Components::findComponents: find dbmgr(8)...
    INFO   loginapp-1 7919 9000  [2018-06-17 12:16:14 784] - Components::findComponents: find dbmgr(9)...
    INFO   loginapp-1 7919 9000  [2018-06-17 12:16:16 884] - Components::findComponents: find dbmgr(10)...
    INFO   loginapp-1 7919 9000  [2018-06-17 12:16:18 904] - Components::findComponents: find dbmgr(11)...
    INFO   loginapp-1 7919 9000  [2018-06-17 12:16:20 923] - Components::findComponents: find dbmgr(12)...
    INFO   loginapp-1 7919 9000  [2018-06-17 12:16:22 943] - Components::findComponents: find dbmgr(13)...
    INFO   loginapp-1 7919 9000  [2018-06-17 12:16:25 063] - Components::findComponents: find dbmgr(14)...
    INFO   loginapp-1 7919 9000  [2018-06-17 12:16:27 182] - Components::findComponents: find dbmgr(15)...
    INFO   loginapp-1 7919 9000  [2018-06-17 12:16:29 194] - Components::findComponents: find dbmgr(16)...
 WARNING   loginapp-1 7919 9000  [2018-06-17 12:16:31 223] - Components::findComponents: find dbmgr(17)...
delay time is too long, please check the dbmgr logs!
 WARNING   loginapp-1 7919 9000  [2018-06-17 12:16:33 262] - Components::findComponents: find dbmgr(18)...
delay time is too long, please check the dbmgr logs!
 WARNING   loginapp-1 7919 9000  [2018-06-17 12:16:35 382] - Components::findComponents: find dbmgr(19)...
delay time is too long, please check the dbmgr logs!
 WARNING   loginapp-1 7919 9000  [2018-06-17 12:16:37 493] - Components::findComponents: find dbmgr(20)...
delay time is too long, please check the dbmgr logs!
 WARNING   loginapp-1 7919 9000  [2018-06-17 12:16:39 522] - Components::findComponents: find dbmgr(21)...
delay time is too long, please check the dbmgr logs!
 WARNING   loginapp-1 7919 9000  [2018-06-17 12:16:41 641] - Components::findComponents: find dbmgr(22)...
delay time is too long, please check the dbmgr logs!
 WARNING   loginapp-1 7919 9000  [2018-06-17 12:16:43 761] - Components::findComponents: find dbmgr(23)...
delay time is too long, please check the dbmgr logs!
 WARNING   loginapp-1 7919 9000  [2018-06-17 12:16:45 882] - Components::findComponents: find dbmgr(24)...
delay time is too long, please check the dbmgr logs!
 WARNING   loginapp-1 7919 9000  [2018-06-17 12:16:47 993] - Components::findComponents: find dbmgr(25)...
delay time is too long, please check the dbmgr logs!
 WARNING   loginapp-1 7919 9000  [2018-06-17 12:16:50 021] - Components::findComponents: find dbmgr(26)...
delay time is too long, please check the dbmgr logs!
 WARNING   loginapp-1 7919 9000  [2018-06-17 12:16:52 121] - Components::findComponents: find dbmgr(27)...
delay time is too long, please check the dbmgr logs!
 WARNING   loginapp-1 7919 9000  [2018-06-17 12:16:54 140] - Components::findComponents: find dbmgr(28)...
delay time is too long, please check the dbmgr logs!
 WARNING   loginapp-1 7919 9000  [2018-06-17 12:16:56 160] - Components::findComponents: find dbmgr(29)...
delay time is too long, please check the dbmgr logs!
 WARNING   loginapp-1 7919 9000  [2018-06-17 12:16:58 180] - Components::findComponents: find dbmgr(30)...
delay time is too long, please check the dbmgr logs!
 WARNING   loginapp-1 7919 9000  [2018-06-17 12:17:00 199] - Components::findComponents: find dbmgr(31)...
delay time is too long, please check the dbmgr logs!
 WARNING   loginapp-1 7919 9000  [2018-06-17 12:17:02 219] - Components::findComponents: find dbmgr(32)...
delay time is too long, please check the dbmgr logs!
 WARNING   loginapp-1 7919 9000  [2018-06-17 12:17:04 240] - Components::findComponents: find dbmgr(33)...
delay time is too long, please check the dbmgr logs!
 WARNING   loginapp-1 7919 9000  [2018-06-17 12:17:06 260] - Components::findComponents: find dbmgr(34)...
delay time is too long, please check the dbmgr logs!
 WARNING   loginapp-1 7919 9000  [2018-06-17 12:17:08 279] - Components::findComponents: find dbmgr(35)...
delay time is too long, please check the dbmgr logs!
 WARNING   loginapp-1 7919 9000  [2018-06-17 12:17:10 391] - Components::findComponents: find dbmgr(36)...
delay time is too long, please check the dbmgr logs!
 WARNING   loginapp-1 7919 9000  [2018-06-17 12:17:12 419] - Components::findComponents: find dbmgr(37)...
delay time is too long, please check the dbmgr logs!
 WARNING   loginapp-1 7919 9000  [2018-06-17 12:17:14 438] - Components::findComponents: find dbmgr(38)...
delay time is too long, please check the dbmgr logs!
 WARNING   loginapp-1 7919 9000  [2018-06-17 12:17:16 458] - Components::findComponents: find dbmgr(39)...
delay time is too long, please check the dbmgr logs!
 WARNING   loginapp-1 7919 9000  [2018-06-17 12:17:18 578] - Components::findComponents: find dbmgr(40)...
delay time is too long, please check the dbmgr logs!
 WARNING   loginapp-1 7919 9000  [2018-06-17 12:17:20 691] - Components::findComponents: find dbmgr(41)...
delay time is too long, please check the dbmgr logs!
 WARNING   loginapp-1 7919 9000  [2018-06-17 12:17:22 798] - Components::findComponents: find dbmgr(42)...
delay time is too long, please check the dbmgr logs!
 WARNING   loginapp-1 7919 9000  [2018-06-17 12:17:24 838] - Components::findComponents: find dbmgr(43)...
delay time is too long, please check the dbmgr logs!
 WARNING   loginapp-1 7919 9000  [2018-06-17 12:17:26 938] - Components::findComponents: find dbmgr(44)...
delay time is too long, please check the dbmgr logs!
 WARNING   loginapp-1 7919 9000  [2018-06-17 12:17:28 977] - Components::findComponents: find dbmgr(45)...
delay time is too long, please check the dbmgr logs!
 WARNING   loginapp-1 7919 9000  [2018-06-17 12:17:31 089] - Components::findComponents: find dbmgr(46)...
delay time is too long, please check the dbmgr logs!
 WARNING   loginapp-1 7919 9000  [2018-06-17 12:17:33 197] - Components::findComponents: find dbmgr(47)...
delay time is too long, please check the dbmgr logs!
 WARNING   loginapp-1 7919 9000  [2018-06-17 12:17:35 236] - Components::findComponents: find dbmgr(48)...
delay time is too long, please check the dbmgr logs!
 WARNING   loginapp-1 7919 9000  [2018-06-17 12:17:37 356] - Components::findComponents: find dbmgr(49)...
delay time is too long, please check the dbmgr logs!
 WARNING   loginapp-1 7919 9000  [2018-06-17 12:17:39 477] - Components::findComponents: find dbmgr(50)...
delay time is too long, please check the dbmgr logs!
 WARNING   loginapp-1 7919 9000  [2018-06-17 12:17:41 536] - Components::findComponents: find dbmgr(51)...
delay time is too long, please check the dbmgr logs!
 WARNING   loginapp-1 7919 9000  [2018-06-17 12:17:43 636] - Components::findComponents: find dbmgr(52)...
delay time is too long, please check the dbmgr logs!
 WARNING   loginapp-1 7919 9000  [2018-06-17 12:17:45 656] - Components::findComponents: find dbmgr(53)...
delay time is too long, please check the dbmgr logs!
 WARNING   loginapp-1 7919 9000  [2018-06-17 12:17:47 676] - Components::findComponents: find dbmgr(54)...
delay time is too long, please check the dbmgr logs!
 WARNING   loginapp-1 7919 9000  [2018-06-17 12:17:49 688] - Components::findComponents: find dbmgr(55)...
delay time is too long, please check the dbmgr logs!
 WARNING   loginapp-1 7919 9000  [2018-06-17 12:17:51 715] - Components::findComponents: find dbmgr(56)...
delay time is too long, please check the dbmgr logs!
 WARNING   loginapp-1 7919 9000  [2018-06-17 12:17:53 735] - Components::findComponents: find dbmgr(57)...
delay time is too long, please check the dbmgr logs!
 WARNING   loginapp-1 7919 9000  [2018-06-17 12:17:55 755] - Components::findComponents: find dbmgr(58)...
delay time is too long, please check the dbmgr logs!
 WARNING   loginapp-1 7919 9000  [2018-06-17 12:17:57 775] - Components::findComponents: find dbmgr(59)...
delay time is too long, please check the dbmgr logs!
 WARNING   loginapp-1 7919 9000  [2018-06-17 12:17:59 795] - Components::findComponents: find dbmgr(60)...
delay time is too long, please check the dbmgr logs!
 WARNING   loginapp-1 7919 9000  [2018-06-17 12:18:01 854] - Components::findComponents: find dbmgr(61)...
delay time is too long, please check the dbmgr logs!
 WARNING   loginapp-1 7919 9000  [2018-06-17 12:18:03 974] - Components::findComponents: find dbmgr(62)...
delay time is too long, please check the dbmgr logs!
 WARNING   loginapp-1 7919 9000  [2018-06-17 12:18:06 087] - Components::findComponents: find dbmgr(63)...
delay time is too long, please check the dbmgr logs!
 WARNING   loginapp-1 7919 9000  [2018-06-17 12:18:08 213] - Components::findComponents: find dbmgr(64)...
delay time is too long, please check the dbmgr logs!
 WARNING   loginapp-1 7919 9000  [2018-06-17 12:18:10 333] - Components::findComponents: find dbmgr(65)...
delay time is too long, please check the dbmgr logs!
 WARNING   loginapp-1 7919 9000  [2018-06-17 12:18:12 435] - Components::findComponents: find dbmgr(66)...
delay time is too long, please check the dbmgr logs!
 WARNING   loginapp-1 7919 9000  [2018-06-17 12:18:14 474] - Components::findComponents: find dbmgr(67)...
delay time is too long, please check the dbmgr logs!
 WARNING   loginapp-1 7919 9000  [2018-06-17 12:18:16 586] - Components::findComponents: find dbmgr(68)...
delay time is too long, please check the dbmgr logs!
    INFO   loginapp-1 9218 9000  [2018-06-17 12:21:29 127] - -----------------------------------------------------------------------------------------


    INFO   loginapp-1 9218 9000  [2018-06-17 12:21:29 128] - Resmgr::initialize: KBE_ROOT=C:/Users/Public/Documents/workspace/kbe/kbengine-kbengine-v1.0.0/kbengine/
    INFO   loginapp-1 9218 9000  [2018-06-17 12:21:29 129] - Resmgr::initialize: KBE_RES_PATH=C:/Users/Public/Documents/workspace/kbe/kbengine-kbengine-v1.0.0/kbengine/kbe/res/;C:/Users/Public/Documents/workspace/kbe/kbengine-kbengine-v1.0.0/kbengine/assets/;C:/Users/Public/Documents/workspace/kbe/kbengine-kbengine-v1.0.0/kbengine/assets/scripts/;C:/Users/Public/Documents/workspace/kbe/kbengine-kbengine-v1.0.0/kbengine/assets/res/
    INFO   loginapp-1 9218 9000  [2018-06-17 12:21:29 129] - Resmgr::initialize: KBE_BIN_PATH=C:/Users/Public/Documents/workspace/kbe/kbengine-kbengine-v1.0.0/kbengine/kbe/bin/server/
    INFO   loginapp-1 9218 9000  [2018-06-17 12:21:29 203] - NetworkInterface::recreateListeningSocket(EXTERNAL): bound to all interfaces with default route interface on 192.168.31.56 ( 192.168.31.56:20013 )
    INFO   loginapp-1 9218 9000  [2018-06-17 12:21:29 203] - NetworkInterface::recreateListeningSocket(EXTERNAL): address 192.168.31.56:20013, SOMAXCONN=128.
    INFO   loginapp-1 9218 9000  [2018-06-17 12:21:29 208] - NetworkInterface::recreateListeningSocket(INTERNAL): bound to all interfaces with default route interface on 192.168.31.56 ( 192.168.31.56:38590 )
    INFO   loginapp-1 9218 9000  [2018-06-17 12:21:29 208] - NetworkInterface::recreateListeningSocket(INTERNAL): address 192.168.31.56:38590, SOMAXCONN=128.
    INFO   loginapp-1 9218 9000  [2018-06-17 12:21:29 208] - server-configs:
    INFO   loginapp-1 9218 9000  [2018-06-17 12:21:29 209] - 	internalAddr : 192.168.31.56:38590
    INFO   loginapp-1 9218 9000  [2018-06-17 12:21:29 209] - 	externalAddr : 192.168.31.56:20013
    INFO   loginapp-1 9218 9000  [2018-06-17 12:21:29 209] - 	componentID : 9000
    INFO   loginapp-1 9218 9000  [2018-06-17 12:21:31 371] - ---- loginapp Version: 1.0.0. ScriptVersion: 0.1.0. Protocol: A16A7477E55D6AEDCD48345D2B50A665. Config: Debug X86. Built: 23:20:06 Jun 15 2018. AppID: 9000. UID: 9218. PID: 21056 ----
    INFO   loginapp-1 9218 9000  [2018-06-17 12:21:31 372] - Server :        Intel(R) Core(TM) i5-2415M CPU @ 2.30GHz with 4194303kB RAM
    INFO   loginapp-1 9218 9000  [2018-06-17 12:21:31 372] - ThreadPool::createThreadPool: creating  threadpool...
    INFO   loginapp-1 9218 9000  [2018-06-17 12:21:31 373] - ThreadPool::createThreadPool: successfully(2), newThreadCount=1, normalMaxThreadCount=2, maxThreadCount=8
   DEBUG   loginapp-1 9218 9000  [2018-06-17 12:21:31 571] - Script::install_py_dlls(): PyInit_pyexpat
   DEBUG   loginapp-1 9218 9000  [2018-06-17 12:21:31 572] - Script::install_py_dlls(): PyInit__socket
   DEBUG   loginapp-1 9218 9000  [2018-06-17 12:21:31 616] - Script::install_py_dlls(): PyInit__ssl
   DEBUG   loginapp-1 9218 9000  [2018-06-17 12:21:31 623] - Script::install_py_dlls(): PyInit__hashlib
   DEBUG   loginapp-1 9218 9000  [2018-06-17 12:21:31 624] - Script::install_py_dlls(): PyInit_select
   DEBUG   loginapp-1 9218 9000  [2018-06-17 12:21:31 624] - Script::install_py_dlls(): PyInit__ctypes
   DEBUG   loginapp-1 9218 9000  [2018-06-17 12:21:31 626] - Script::install_py_dlls(): PyInit__elementtree
   DEBUG   loginapp-1 9218 9000  [2018-06-17 12:21:31 811] - Script::install_py_dlls(): PyInit_unicodedata
    INFO   loginapp-1 9218 9000  [2018-06-17 12:21:31 997] - Script::install(): is successfully, Python=(3.4.2 (default, Jun 15 2018, 23:20:02) [MSC v.1913 32 bit (Intel)])!
    INFO   loginapp-1 9218 9000  [2018-06-17 12:21:31 998] - Script::install(): KBExtra is successfully!
  S_INFO   loginapp-1 9218 9000  [2018-06-17 12:21:32 003] - onLoginAppReady: bootstrapGroupIndex=0, bootstrapGlobalIndex=0
    INFO   loginapp-1 9218 9000  [2018-06-17 12:21:32 005] - TelnetServer server is running on port 31000
    INFO   loginapp-1 9218 9000  [2018-06-17 12:21:32 888] - ---- loginapp is running ----
   DEBUG   loginapp-1 9218 9000  [2018-06-17 12:21:32 888] - Components::process(): Request for the process of identity...
    INFO   loginapp-1 9218 9000  [2018-06-17 12:21:40 023] - Components::findComponents: find logger(1)...
    INFO   loginapp-1 9218 9000  [2018-06-17 12:21:40 068] - Components::findComponents: found logger, addr:192.168.31.56:38594
    INFO   loginapp-1 9218 9000  [2018-06-17 12:21:40 068] - Components::addComponent: reset orderLog, uid=9218!
    INFO   loginapp-1 9218 9000  [2018-06-17 12:21:40 068] - Components::addComponent[logger], uid=9218, componentID=2000, globalorderid=1, grouporderid=1, totalcount=1
    INFO   loginapp-1 9218 9000  [2018-06-17 12:21:40 070] - Components::findComponents: find dbmgr(2)...
    INFO   loginapp-1 9218 9000  [2018-06-17 12:21:42 183] - Components::findComponents: find dbmgr(3)...
    INFO   loginapp-1 9218 9000  [2018-06-17 12:21:44 224] - Components::findComponents: find dbmgr(4)...
    INFO   loginapp-1 9218 9000  [2018-06-17 12:21:46 343] - Components::findComponents: find dbmgr(5)...
    INFO   loginapp-1 9218 9000  [2018-06-17 12:21:48 451] - Components::findComponents: find dbmgr(6)...
    INFO   loginapp-1 9218 9000  [2018-06-17 12:21:50 463] - Components::findComponents: find dbmgr(7)...
    INFO   loginapp-1 9218 9000  [2018-06-17 12:21:52 503] - Components::findComponents: find dbmgr(8)...
    INFO   loginapp-1 9218 9000  [2018-06-17 12:21:54 623] - Components::findComponents: find dbmgr(9)...
    INFO   loginapp-1 9218 9000  [2018-06-17 12:21:56 723] - Components::findComponents: find dbmgr(10)...
    INFO   loginapp-1 9218 9000  [2018-06-17 12:21:58 743] - Components::findComponents: find dbmgr(11)...
    INFO   loginapp-1 9218 9000  [2018-06-17 12:22:00 764] - Components::findComponents: find dbmgr(12)...
    INFO   loginapp-1 9218 9000  [2018-06-17 12:22:02 783] - Components::findComponents: find dbmgr(13)...
    INFO   loginapp-1 9218 9000  [2018-06-17 12:22:04 903] - Components::findComponents: find dbmgr(14)...
    INFO   loginapp-1 9218 9000  [2018-06-17 12:22:07 023] - Components::findComponents: find dbmgr(15)...
    INFO   loginapp-1 9218 9000  [2018-06-17 12:22:09 123] - Components::findComponents: find dbmgr(16)...
 WARNING   loginapp-1 9218 9000  [2018-06-17 12:22:11 143] - Components::findComponents: find dbmgr(17)...
delay time is too long, please check the dbmgr logs!
 WARNING   loginapp-1 9218 9000  [2018-06-17 12:22:13 163] - Components::findComponents: find dbmgr(18)...
delay time is too long, please check the dbmgr logs!
 WARNING   loginapp-1 9218 9000  [2018-06-17 12:22:15 183] - Components::findComponents: find dbmgr(19)...
delay time is too long, please check the dbmgr logs!
 WARNING   loginapp-1 9218 9000  [2018-06-17 12:22:17 203] - Components::findComponents: find dbmgr(20)...
delay time is too long, please check the dbmgr logs!
 WARNING   loginapp-1 9218 9000  [2018-06-17 12:22:19 223] - Components::findComponents: find dbmgr(21)...
delay time is too long, please check the dbmgr logs!
 WARNING   loginapp-1 9218 9000  [2018-06-17 12:22:21 303] - Components::findComponents: find dbmgr(22)...
delay time is too long, please check the dbmgr logs!
 WARNING   loginapp-1 9218 9000  [2018-06-17 12:22:23 423] - Components::findComponents: find dbmgr(23)...
delay time is too long, please check the dbmgr logs!
 WARNING   loginapp-1 9218 9000  [2018-06-17 12:22:25 543] - Components::findComponents: find dbmgr(24)...
delay time is too long, please check the dbmgr logs!
 WARNING   loginapp-1 9218 9000  [2018-06-17 12:22:27 651] - Components::findComponents: find dbmgr(25)...
delay time is too long, please check the dbmgr logs!
 WARNING   loginapp-1 9218 9000  [2018-06-17 12:22:29 663] - Components::findComponents: find dbmgr(26)...
delay time is too long, please check the dbmgr logs!
 WARNING   loginapp-1 9218 9000  [2018-06-17 12:22:31 683] - Components::findComponents: find dbmgr(27)...
delay time is too long, please check the dbmgr logs!
 WARNING   loginapp-1 9218 9000  [2018-06-17 12:22:33 703] - Components::findComponents: find dbmgr(28)...
delay time is too long, please check the dbmgr logs!
 WARNING   loginapp-1 9218 9000  [2018-06-17 12:22:35 724] - Components::findComponents: find dbmgr(29)...
delay time is too long, please check the dbmgr logs!
 WARNING   loginapp-1 9218 9000  [2018-06-17 12:22:37 743] - Components::findComponents: find dbmgr(30)...
delay time is too long, please check the dbmgr logs!
 WARNING   loginapp-1 9218 9000  [2018-06-17 12:22:39 851] - Components::findComponents: find dbmgr(31)...
delay time is too long, please check the dbmgr logs!
 WARNING   loginapp-1 9218 9000  [2018-06-17 12:22:41 883] - Components::findComponents: find dbmgr(32)...
delay time is too long, please check the dbmgr logs!
 WARNING   loginapp-1 9218 9000  [2018-06-17 12:22:44 003] - Components::findComponents: find dbmgr(33)...
delay time is too long, please check the dbmgr logs!
 WARNING   loginapp-1 9218 9000  [2018-06-17 12:22:46 123] - Components::findComponents: find dbmgr(34)...
delay time is too long, please check the dbmgr logs!
 WARNING   loginapp-1 9218 9000  [2018-06-17 12:22:48 243] - Components::findComponents: find dbmgr(35)...
delay time is too long, please check the dbmgr logs!
    INFO   loginapp-1 10623 9000  [2018-06-17 12:28:39 293] - -----------------------------------------------------------------------------------------


    INFO   loginapp-1 10623 9000  [2018-06-17 12:28:39 294] - Resmgr::initialize: KBE_ROOT=C:/Users/Public/Documents/workspace/kbe/kbengine-kbengine-v1.0.0/kbengine/
    INFO   loginapp-1 10623 9000  [2018-06-17 12:28:39 294] - Resmgr::initialize: KBE_RES_PATH=C:/Users/Public/Documents/workspace/kbe/kbengine-kbengine-v1.0.0/kbengine/kbe/res/;C:/Users/Public/Documents/workspace/kbe/kbengine-kbengine-v1.0.0/kbengine/assets/;C:/Users/Public/Documents/workspace/kbe/kbengine-kbengine-v1.0.0/kbengine/assets/scripts/;C:/Users/Public/Documents/workspace/kbe/kbengine-kbengine-v1.0.0/kbengine/assets/res/
    INFO   loginapp-1 10623 9000  [2018-06-17 12:28:39 294] - Resmgr::initialize: KBE_BIN_PATH=C:/Users/Public/Documents/workspace/kbe/kbengine-kbengine-v1.0.0/kbengine/kbe/bin/server/
    INFO   loginapp-1 10623 9000  [2018-06-17 12:28:39 304] - NetworkInterface::recreateListeningSocket(EXTERNAL): bound to all interfaces with default route interface on 192.168.31.56 ( 192.168.31.56:20013 )
    INFO   loginapp-1 10623 9000  [2018-06-17 12:28:39 304] - NetworkInterface::recreateListeningSocket(EXTERNAL): address 192.168.31.56:20013, SOMAXCONN=128.
    INFO   loginapp-1 10623 9000  [2018-06-17 12:28:39 307] - NetworkInterface::recreateListeningSocket(INTERNAL): bound to all interfaces with default route interface on 192.168.31.56 ( 192.168.31.56:38698 )
    INFO   loginapp-1 10623 9000  [2018-06-17 12:28:39 307] - NetworkInterface::recreateListeningSocket(INTERNAL): address 192.168.31.56:38698, SOMAXCONN=128.
    INFO   loginapp-1 10623 9000  [2018-06-17 12:28:39 307] - server-configs:
    INFO   loginapp-1 10623 9000  [2018-06-17 12:28:39 308] - 	internalAddr : 192.168.31.56:38698
    INFO   loginapp-1 10623 9000  [2018-06-17 12:28:39 308] - 	externalAddr : 192.168.31.56:20013
    INFO   loginapp-1 10623 9000  [2018-06-17 12:28:39 308] - 	componentID : 9000
    INFO   loginapp-1 10623 9000  [2018-06-17 12:28:41 483] - ---- loginapp Version: 1.0.0. ScriptVersion: 0.1.0. Protocol: A16A7477E55D6AEDCD48345D2B50A665. Config: Debug X86. Built: 23:20:06 Jun 15 2018. AppID: 9000. UID: 10623. PID: 18120 ----
    INFO   loginapp-1 10623 9000  [2018-06-17 12:28:41 484] - Server :        Intel(R) Core(TM) i5-2415M CPU @ 2.30GHz with 4194303kB RAM
    INFO   loginapp-1 10623 9000  [2018-06-17 12:28:41 485] - ThreadPool::createThreadPool: creating  threadpool...
    INFO   loginapp-1 10623 9000  [2018-06-17 12:28:41 485] - ThreadPool::createThreadPool: successfully(2), newThreadCount=1, normalMaxThreadCount=2, maxThreadCount=8
   DEBUG   loginapp-1 10623 9000  [2018-06-17 12:28:41 651] - Script::install_py_dlls(): PyInit_pyexpat
   DEBUG   loginapp-1 10623 9000  [2018-06-17 12:28:41 652] - Script::install_py_dlls(): PyInit__socket
   DEBUG   loginapp-1 10623 9000  [2018-06-17 12:28:41 653] - Script::install_py_dlls(): PyInit__ssl
   DEBUG   loginapp-1 10623 9000  [2018-06-17 12:28:41 660] - Script::install_py_dlls(): PyInit__hashlib
   DEBUG   loginapp-1 10623 9000  [2018-06-17 12:28:41 661] - Script::install_py_dlls(): PyInit_select
   DEBUG   loginapp-1 10623 9000  [2018-06-17 12:28:41 661] - Script::install_py_dlls(): PyInit__ctypes
   DEBUG   loginapp-1 10623 9000  [2018-06-17 12:28:41 662] - Script::install_py_dlls(): PyInit__elementtree
   DEBUG   loginapp-1 10623 9000  [2018-06-17 12:28:41 752] - Script::install_py_dlls(): PyInit_unicodedata
    INFO   loginapp-1 10623 9000  [2018-06-17 12:28:41 833] - Script::install(): is successfully, Python=(3.4.2 (default, Jun 15 2018, 23:20:02) [MSC v.1913 32 bit (Intel)])!
    INFO   loginapp-1 10623 9000  [2018-06-17 12:28:41 833] - Script::install(): KBExtra is successfully!
  S_INFO   loginapp-1 10623 9000  [2018-06-17 12:28:41 838] - onLoginAppReady: bootstrapGroupIndex=0, bootstrapGlobalIndex=0
    INFO   loginapp-1 10623 9000  [2018-06-17 12:28:41 839] - TelnetServer server is running on port 31000
    INFO   loginapp-1 10623 9000  [2018-06-17 12:28:42 935] - ---- loginapp is running ----
   DEBUG   loginapp-1 10623 9000  [2018-06-17 12:28:42 935] - Components::process(): Request for the process of identity...
    INFO   loginapp-1 10623 9000  [2018-06-17 12:28:50 079] - Components::findComponents: find logger(1)...
    INFO   loginapp-1 10623 9000  [2018-06-17 12:28:50 168] - Components::findComponents: found logger, addr:192.168.31.56:38701
    INFO   loginapp-1 10623 9000  [2018-06-17 12:28:50 169] - Components::addComponent: reset orderLog, uid=10623!
    INFO   loginapp-1 10623 9000  [2018-06-17 12:28:50 169] - Components::addComponent[logger], uid=10623, componentID=2000, globalorderid=1, grouporderid=1, totalcount=1
    INFO   loginapp-1 10623 9000  [2018-06-17 12:28:50 171] - Components::findComponents: find dbmgr(2)...
    INFO   loginapp-1 10623 9000  [2018-06-17 12:28:52 279] - Components::findComponents: find dbmgr(3)...
    INFO   loginapp-1 10694 9000  [2018-06-17 12:29:01 171] - -----------------------------------------------------------------------------------------


    INFO   loginapp-1 10694 9000  [2018-06-17 12:29:01 173] - Resmgr::initialize: KBE_ROOT=C:/Users/Public/Documents/workspace/kbe/kbengine-kbengine-v1.0.0/kbengine/
    INFO   loginapp-1 10694 9000  [2018-06-17 12:29:01 174] - Resmgr::initialize: KBE_RES_PATH=C:/Users/Public/Documents/workspace/kbe/kbengine-kbengine-v1.0.0/kbengine/kbe/res/;C:/Users/Public/Documents/workspace/kbe/kbengine-kbengine-v1.0.0/kbengine/assets/;C:/Users/Public/Documents/workspace/kbe/kbengine-kbengine-v1.0.0/kbengine/assets/scripts/;C:/Users/Public/Documents/workspace/kbe/kbengine-kbengine-v1.0.0/kbengine/assets/res/
    INFO   loginapp-1 10694 9000  [2018-06-17 12:29:01 174] - Resmgr::initialize: KBE_BIN_PATH=C:/Users/Public/Documents/workspace/kbe/kbengine-kbengine-v1.0.0/kbengine/kbe/bin/server/
    INFO   loginapp-1 10694 9000  [2018-06-17 12:29:01 215] - NetworkInterface::recreateListeningSocket(EXTERNAL): bound to all interfaces with default route interface on 192.168.31.56 ( 192.168.31.56:20013 )
    INFO   loginapp-1 10694 9000  [2018-06-17 12:29:01 216] - NetworkInterface::recreateListeningSocket(EXTERNAL): address 192.168.31.56:20013, SOMAXCONN=128.
    INFO   loginapp-1 10694 9000  [2018-06-17 12:29:01 223] - NetworkInterface::recreateListeningSocket(INTERNAL): bound to all interfaces with default route interface on 192.168.31.56 ( 192.168.31.56:38721 )
    INFO   loginapp-1 10694 9000  [2018-06-17 12:29:01 224] - NetworkInterface::recreateListeningSocket(INTERNAL): address 192.168.31.56:38721, SOMAXCONN=128.
    INFO   loginapp-1 10694 9000  [2018-06-17 12:29:01 224] - server-configs:
    INFO   loginapp-1 10694 9000  [2018-06-17 12:29:01 224] - 	internalAddr : 192.168.31.56:38721
    INFO   loginapp-1 10694 9000  [2018-06-17 12:29:01 225] - 	externalAddr : 192.168.31.56:20013
    INFO   loginapp-1 10694 9000  [2018-06-17 12:29:01 225] - 	componentID : 9000
    INFO   loginapp-1 10694 9000  [2018-06-17 12:29:03 235] - ---- loginapp Version: 1.0.0. ScriptVersion: 0.1.0. Protocol: A16A7477E55D6AEDCD48345D2B50A665. Config: Debug X86. Built: 23:20:06 Jun 15 2018. AppID: 9000. UID: 10694. PID: 18724 ----
    INFO   loginapp-1 10694 9000  [2018-06-17 12:29:03 236] - Server :        Intel(R) Core(TM) i5-2415M CPU @ 2.30GHz with 4194303kB RAM
    INFO   loginapp-1 10694 9000  [2018-06-17 12:29:03 236] - ThreadPool::createThreadPool: creating  threadpool...
    INFO   loginapp-1 10694 9000  [2018-06-17 12:29:03 237] - ThreadPool::createThreadPool: successfully(2), newThreadCount=1, normalMaxThreadCount=2, maxThreadCount=8
   DEBUG   loginapp-1 10694 9000  [2018-06-17 12:29:03 461] - Script::install_py_dlls(): PyInit_pyexpat
   DEBUG   loginapp-1 10694 9000  [2018-06-17 12:29:03 462] - Script::install_py_dlls(): PyInit__socket
   DEBUG   loginapp-1 10694 9000  [2018-06-17 12:29:03 463] - Script::install_py_dlls(): PyInit__ssl
   DEBUG   loginapp-1 10694 9000  [2018-06-17 12:29:03 469] - Script::install_py_dlls(): PyInit__hashlib
   DEBUG   loginapp-1 10694 9000  [2018-06-17 12:29:03 470] - Script::install_py_dlls(): PyInit_select
   DEBUG   loginapp-1 10694 9000  [2018-06-17 12:29:03 470] - Script::install_py_dlls(): PyInit__ctypes
   DEBUG   loginapp-1 10694 9000  [2018-06-17 12:29:03 472] - Script::install_py_dlls(): PyInit__elementtree
   DEBUG   loginapp-1 10694 9000  [2018-06-17 12:29:03 567] - Script::install_py_dlls(): PyInit_unicodedata
    INFO   loginapp-1 10694 9000  [2018-06-17 12:29:03 653] - Script::install(): is successfully, Python=(3.4.2 (default, Jun 15 2018, 23:20:02) [MSC v.1913 32 bit (Intel)])!
    INFO   loginapp-1 10694 9000  [2018-06-17 12:29:03 653] - Script::install(): KBExtra is successfully!
  S_INFO   loginapp-1 10694 9000  [2018-06-17 12:29:03 658] - onLoginAppReady: bootstrapGroupIndex=0, bootstrapGlobalIndex=0
    INFO   loginapp-1 10694 9000  [2018-06-17 12:29:03 659] - TelnetServer server is running on port 31000
    INFO   loginapp-1 10694 9000  [2018-06-17 12:29:04 832] - ---- loginapp is running ----
   DEBUG   loginapp-1 10694 9000  [2018-06-17 12:29:04 833] - Components::process(): Request for the process of identity...
    INFO   loginapp-1 10694 9000  [2018-06-17 12:29:11 975] - Components::findComponents: find logger(1)...
    INFO   loginapp-1 10694 9000  [2018-06-17 12:29:12 041] - Components::findComponents: found logger, addr:192.168.31.56:38718
    INFO   loginapp-1 10694 9000  [2018-06-17 12:29:12 041] - Components::addComponent: reset orderLog, uid=10694!
    INFO   loginapp-1 10694 9000  [2018-06-17 12:29:12 041] - Components::addComponent[logger], uid=10694, componentID=2000, globalorderid=1, grouporderid=1, totalcount=1
    INFO   loginapp-1 10694 9000  [2018-06-17 12:29:12 044] - Components::findComponents: find dbmgr(2)...
    INFO   loginapp-1 10694 9000  [2018-06-17 12:29:14 158] - Components::findComponents: find dbmgr(3)...
    INFO   loginapp-1 10694 9000  [2018-06-17 12:29:16 175] - Components::findComponents: find dbmgr(4)...
    INFO   loginapp-1 10694 9000  [2018-06-17 12:29:18 198] - Components::findComponents: find dbmgr(5)...
    INFO   loginapp-1 10694 9000  [2018-06-17 12:29:20 258] - Components::findComponents: find dbmgr(6)...
    INFO   loginapp-1 10694 9000  [2018-06-17 12:29:22 375] - Components::findComponents: find dbmgr(7)...
    INFO   loginapp-1 10694 9000  [2018-06-17 12:29:24 397] - Components::findComponents: find dbmgr(8)...
    INFO   loginapp-1 10694 9000  [2018-06-17 12:29:26 517] - Components::findComponents: find dbmgr(9)...
    INFO   loginapp-1 10694 9000  [2018-06-17 12:29:28 537] - Components::findComponents: find dbmgr(10)...
    INFO   loginapp-1 10694 9000  [2018-06-17 12:29:30 657] - Components::findComponents: find dbmgr(11)...
    INFO   loginapp-1 10694 9000  [2018-06-17 12:29:32 756] - Components::findComponents: find dbmgr(12)...
    INFO   loginapp-1 10694 9000  [2018-06-17 12:29:34 775] - Components::findComponents: find dbmgr(13)...
    INFO   loginapp-1 10694 9000  [2018-06-17 12:29:36 797] - Components::findComponents: find dbmgr(14)...
 WARNING   loginapp-1 10694 9000  [2018-06-17 12:29:37 108] - BundleBroadcast::BundleBroadcast: Cannot bind to port 20295, errorno=10048
    INFO   loginapp-1 10694 9000  [2018-06-17 12:29:38 117] - Components::findComponents: find dbmgr(15)...
    INFO   loginapp-1 10694 9000  [2018-06-17 12:29:40 217] - Components::findComponents: find dbmgr(16)...
 WARNING   loginapp-1 10694 9000  [2018-06-17 12:29:42 237] - Components::findComponents: find dbmgr(17)...
delay time is too long, please check the dbmgr logs!
 WARNING   loginapp-1 10694 9000  [2018-06-17 12:29:44 256] - Components::findComponents: find dbmgr(18)...
delay time is too long, please check the dbmgr logs!
 WARNING   loginapp-1 10694 9000  [2018-06-17 12:29:46 374] - Components::findComponents: find dbmgr(19)...
delay time is too long, please check the dbmgr logs!
 WARNING   loginapp-1 10694 9000  [2018-06-17 12:29:48 496] - Components::findComponents: find dbmgr(20)...
delay time is too long, please check the dbmgr logs!
 WARNING   loginapp-1 10694 9000  [2018-06-17 12:29:50 596] - Components::findComponents: find dbmgr(21)...
delay time is too long, please check the dbmgr logs!
 WARNING   loginapp-1 10694 9000  [2018-06-17 12:29:52 616] - Components::findComponents: find dbmgr(22)...
delay time is too long, please check the dbmgr logs!
 WARNING   loginapp-1 10694 9000  [2018-06-17 12:29:54 636] - Components::findComponents: find dbmgr(23)...
delay time is too long, please check the dbmgr logs!
 WARNING   loginapp-1 10694 9000  [2018-06-17 12:29:56 656] - Components::findComponents: find dbmgr(24)...
delay time is too long, please check the dbmgr logs!
 WARNING   loginapp-1 10694 9000  [2018-06-17 12:29:58 674] - Components::findComponents: find dbmgr(25)...
delay time is too long, please check the dbmgr logs!
 WARNING   loginapp-1 10694 9000  [2018-06-17 12:30:00 696] - Components::findComponents: find dbmgr(26)...
delay time is too long, please check the dbmgr logs!
 WARNING   loginapp-1 10694 9000  [2018-06-17 12:30:02 815] - Components::findComponents: find dbmgr(27)...
delay time is too long, please check the dbmgr logs!
 WARNING   loginapp-1 10694 9000  [2018-06-17 12:30:04 935] - Components::findComponents: find dbmgr(28)...
delay time is too long, please check the dbmgr logs!
 WARNING   loginapp-1 10694 9000  [2018-06-17 12:30:07 035] - Components::findComponents: find dbmgr(29)...
delay time is too long, please check the dbmgr logs!
 WARNING   loginapp-1 10694 9000  [2018-06-17 12:30:09 055] - Components::findComponents: find dbmgr(30)...
delay time is too long, please check the dbmgr logs!
 WARNING   loginapp-1 10694 9000  [2018-06-17 12:30:11 095] - Components::findComponents: find dbmgr(31)...
delay time is too long, please check the dbmgr logs!
    INFO   loginapp-1 11690 9000  [2018-06-17 12:34:06 631] - -----------------------------------------------------------------------------------------


    INFO   loginapp-1 11690 9000  [2018-06-17 12:34:06 633] - Resmgr::initialize: KBE_ROOT=C:/Users/Public/Documents/workspace/kbe/kbengine-kbengine-v1.0.0/kbengine/
    INFO   loginapp-1 11690 9000  [2018-06-17 12:34:06 634] - Resmgr::initialize: KBE_RES_PATH=C:/Users/Public/Documents/workspace/kbe/kbengine-kbengine-v1.0.0/kbengine/kbe/res/;C:/Users/Public/Documents/workspace/kbe/kbengine-kbengine-v1.0.0/kbengine/assets/;C:/Users/Public/Documents/workspace/kbe/kbengine-kbengine-v1.0.0/kbengine/assets/scripts/;C:/Users/Public/Documents/workspace/kbe/kbengine-kbengine-v1.0.0/kbengine/assets/res/
    INFO   loginapp-1 11690 9000  [2018-06-17 12:34:06 634] - Resmgr::initialize: KBE_BIN_PATH=C:/Users/Public/Documents/workspace/kbe/kbengine-kbengine-v1.0.0/kbengine/kbe/bin/server/
    INFO   loginapp-1 11690 9000  [2018-06-17 12:34:06 647] - NetworkInterface::recreateListeningSocket(EXTERNAL): bound to all interfaces with default route interface on 192.168.31.56 ( 192.168.31.56:20013 )
    INFO   loginapp-1 11690 9000  [2018-06-17 12:34:06 647] - NetworkInterface::recreateListeningSocket(EXTERNAL): address 192.168.31.56:20013, SOMAXCONN=128.
    INFO   loginapp-1 11690 9000  [2018-06-17 12:34:06 668] - NetworkInterface::recreateListeningSocket(INTERNAL): bound to all interfaces with default route interface on 192.168.31.56 ( 192.168.31.56:38775 )
    INFO   loginapp-1 11690 9000  [2018-06-17 12:34:06 669] - NetworkInterface::recreateListeningSocket(INTERNAL): address 192.168.31.56:38775, SOMAXCONN=128.
    INFO   loginapp-1 11690 9000  [2018-06-17 12:34:06 669] - server-configs:
    INFO   loginapp-1 11690 9000  [2018-06-17 12:34:06 669] - 	internalAddr : 192.168.31.56:38775
    INFO   loginapp-1 11690 9000  [2018-06-17 12:34:06 670] - 	externalAddr : 192.168.31.56:20013
    INFO   loginapp-1 11690 9000  [2018-06-17 12:34:06 670] - 	componentID : 9000
 WARNING   loginapp-1 11690 9000  [2018-06-17 12:34:07 485] - BundleBroadcast::BundleBroadcast: Cannot bind to port 20509, errorno=10048
    INFO   loginapp-1 11690 9000  [2018-06-17 12:34:07 494] - ---- loginapp Version: 1.0.0. ScriptVersion: 0.1.0. Protocol: A16A7477E55D6AEDCD48345D2B50A665. Config: Debug X86. Built: 23:20:06 Jun 15 2018. AppID: 9000. UID: 11690. PID: 19732 ----
    INFO   loginapp-1 11690 9000  [2018-06-17 12:34:07 495] - Server :        Intel(R) Core(TM) i5-2415M CPU @ 2.30GHz with 4194303kB RAM
    INFO   loginapp-1 11690 9000  [2018-06-17 12:34:07 495] - ThreadPool::createThreadPool: creating  threadpool...
    INFO   loginapp-1 11690 9000  [2018-06-17 12:34:07 496] - ThreadPool::createThreadPool: successfully(2), newThreadCount=1, normalMaxThreadCount=2, maxThreadCount=8
   DEBUG   loginapp-1 11690 9000  [2018-06-17 12:34:07 645] - Script::install_py_dlls(): PyInit_pyexpat
   DEBUG   loginapp-1 11690 9000  [2018-06-17 12:34:07 646] - Script::install_py_dlls(): PyInit__socket
   DEBUG   loginapp-1 11690 9000  [2018-06-17 12:34:07 647] - Script::install_py_dlls(): PyInit__ssl
   DEBUG   loginapp-1 11690 9000  [2018-06-17 12:34:07 653] - Script::install_py_dlls(): PyInit__hashlib
   DEBUG   loginapp-1 11690 9000  [2018-06-17 12:34:07 654] - Script::install_py_dlls(): PyInit_select
   DEBUG   loginapp-1 11690 9000  [2018-06-17 12:34:07 654] - Script::install_py_dlls(): PyInit__ctypes
   DEBUG   loginapp-1 11690 9000  [2018-06-17 12:34:07 655] - Script::install_py_dlls(): PyInit__elementtree
   DEBUG   loginapp-1 11690 9000  [2018-06-17 12:34:07 711] - Script::install_py_dlls(): PyInit_unicodedata
    INFO   loginapp-1 11690 9000  [2018-06-17 12:34:07 770] - Script::install(): is successfully, Python=(3.4.2 (default, Jun 15 2018, 23:20:02) [MSC v.1913 32 bit (Intel)])!
    INFO   loginapp-1 11690 9000  [2018-06-17 12:34:07 770] - Script::install(): KBExtra is successfully!
  S_INFO   loginapp-1 11690 9000  [2018-06-17 12:34:07 775] - onLoginAppReady: bootstrapGroupIndex=0, bootstrapGlobalIndex=0
    INFO   loginapp-1 11690 9000  [2018-06-17 12:34:07 776] - TelnetServer server is running on port 31000
    INFO   loginapp-1 11690 9000  [2018-06-17 12:34:08 359] - ---- loginapp is running ----
   DEBUG   loginapp-1 11690 9000  [2018-06-17 12:34:08 360] - Components::process(): Request for the process of identity...
    INFO   loginapp-1 11690 9000  [2018-06-17 12:34:15 635] - Components::findComponents: find logger(1)...
    INFO   loginapp-1 11690 9000  [2018-06-17 12:34:15 655] - Components::findComponents: found logger, addr:192.168.31.56:38772
    INFO   loginapp-1 11690 9000  [2018-06-17 12:34:15 655] - Components::addComponent: reset orderLog, uid=11690!
    INFO   loginapp-1 11690 9000  [2018-06-17 12:34:15 655] - Components::addComponent[logger], uid=11690, componentID=2000, globalorderid=1, grouporderid=1, totalcount=1
    INFO   loginapp-1 11690 9000  [2018-06-17 12:34:15 657] - Components::findComponents: find dbmgr(2)...
    INFO   loginapp-1 11690 9000  [2018-06-17 12:34:15 757] - Components::findComponents: found dbmgr, addr:192.168.31.56:38776
    INFO   loginapp-1 11690 9000  [2018-06-17 12:34:15 757] - Components::addComponent: reset orderLog, uid=11690!
    INFO   loginapp-1 11690 9000  [2018-06-17 12:34:15 757] - Components::addComponent[dbmgr], uid=11690, componentID=4000, globalorderid=1, grouporderid=1, totalcount=1
    INFO   loginapp-1 11690 9000  [2018-06-17 12:34:15 758] - Components::findComponents: found dbmgr, addr:192.168.31.56:38776
    INFO   loginapp-1 11690 9000  [2018-06-17 12:34:17 775] - Components::findComponents: find baseappmgr(1)...
    INFO   loginapp-1 11690 9000  [2018-06-17 12:34:17 798] - Components::findComponents: found baseappmgr, addr:192.168.31.56:38773
    INFO   loginapp-1 11690 9000  [2018-06-17 12:34:17 798] - Components::addComponent[baseappmgr], uid=11690, componentID=5000, globalorderid=2, grouporderid=1, totalcount=1
    INFO   loginapp-1 11690 9000  [2018-06-17 12:34:17 799] - Components::findComponents: found baseappmgr, addr:192.168.31.56:38773
    INFO   loginapp-1 11690 9000  [2018-06-17 12:34:19 835] - Components::findComponents: register self to dbmgr...
    INFO   loginapp-1 11690 9000  [2018-06-17 12:34:19 854] - Components::findComponents: register self to baseappmgr...
    INFO   loginapp-1 11690 9000  [2018-06-17 12:34:19 857] - Components::process(): Found all the components!
    INFO   loginapp-1 11690 9000  [2018-06-17 12:34:26 914] - Loginapp::onDbmgrInitCompleted:startGlobalOrder=1, startGroupOrder=1, digest=363BB7D9C7C9010E5779213C13D38542.
    INFO   loginapp01 11690 9000  [2018-06-17 12:34:28 119] - HTTPCBHandler::bind: 192.168.31.56:21103
 WARNING   loginapp01 11690 9000  [2018-06-17 12:34:28 119] - c:\users\public\documents\workspace\kbe\kbengine-kbengine-v1.0.0\kbengine\kbe\src\lib\network\event_dispatcher.cpp:171: Profile callSystemTimers took 1.21 seconds
    INFO   loginapp01 11690 9000  [2018-06-17 12:34:28 614] - Loginapp::onBaseappInitProgress: progress=1.
