    INFO    baseapp-1 7919 7001  [2018-06-17 12:15:33 612] - -----------------------------------------------------------------------------------------


    INFO    baseapp-1 7919 7001  [2018-06-17 12:15:35 789] - Resmgr::initialize: KBE_ROOT=C:/Users/Public/Documents/workspace/kbe/kbengine-kbengine-v1.0.0/kbengine/
    INFO    baseapp-1 7919 7001  [2018-06-17 12:15:35 789] - Resmgr::initialize: KBE_RES_PATH=C:/Users/Public/Documents/workspace/kbe/kbengine-kbengine-v1.0.0/kbengine/kbe/res/;C:/Users/Public/Documents/workspace/kbe/kbengine-kbengine-v1.0.0/kbengine/assets/;C:/Users/Public/Documents/workspace/kbe/kbengine-kbengine-v1.0.0/kbengine/assets/scripts/;C:/Users/Public/Documents/workspace/kbe/kbengine-kbengine-v1.0.0/kbengine/assets/res/
    INFO    baseapp-1 7919 7001  [2018-06-17 12:15:35 789] - Resmgr::initialize: KBE_BIN_PATH=C:/Users/Public/Documents/workspace/kbe/kbengine-kbengine-v1.0.0/kbengine/kbe/bin/server/
    INFO    baseapp-1 7919 7001  [2018-06-17 12:15:36 395] - NetworkInterface::recreateListeningSocket(EXTERNAL): bound to all interfaces with default route interface on 192.168.31.56 ( 192.168.31.56:20015 )
    INFO    baseapp-1 7919 7001  [2018-06-17 12:15:36 499] - NetworkInterface::recreateListeningSocket(EXTERNAL): address 192.168.31.56:20015, SOMAXCONN=128.
    INFO    baseapp-1 7919 7001  [2018-06-17 12:15:36 523] - NetworkInterface::recreateListeningSocket(INTERNAL): bound to all interfaces with default route interface on 192.168.31.56 ( 192.168.31.56:38534 )
    INFO    baseapp-1 7919 7001  [2018-06-17 12:15:36 523] - NetworkInterface::recreateListeningSocket(INTERNAL): address 192.168.31.56:38534, SOMAXCONN=128.
    INFO    baseapp-1 7919 7001  [2018-06-17 12:15:36 523] - server-configs:
    INFO    baseapp-1 7919 7001  [2018-06-17 12:15:36 523] - 	gameUpdateHertz : 10
    INFO    baseapp-1 7919 7001  [2018-06-17 12:15:36 523] - 	entryScriptFile : kbemain
    INFO    baseapp-1 7919 7001  [2018-06-17 12:15:36 524] - 	internalAddr : 192.168.31.56:38534
    INFO    baseapp-1 7919 7001  [2018-06-17 12:15:36 524] - 	externalAddr : 192.168.31.56:20015
    INFO    baseapp-1 7919 7001  [2018-06-17 12:15:36 524] - 	componentID : 7001
    INFO    baseapp-1 7919 7001  [2018-06-17 12:15:37 892] - ---- baseapp Version: 1.0.0. ScriptVersion: 0.1.0. Protocol: B363447A744C7D8D9BBF49B8B8360068. Config: Debug X86. Built: 23:18:04 Jun 15 2018. AppID: 7001. UID: 7919. PID: 16968 ----
    INFO    baseapp-1 7919 7001  [2018-06-17 12:15:37 893] - Server :        Intel(R) Core(TM) i5-2415M CPU @ 2.30GHz with 4194303kB RAM
    INFO    baseapp-1 7919 7001  [2018-06-17 12:15:38 012] - ThreadPool::createThreadPool: creating  threadpool...
    INFO    baseapp-1 7919 7001  [2018-06-17 12:15:38 012] - ThreadPool::createThreadPool: successfully(2), newThreadCount=1, normalMaxThreadCount=2, maxThreadCount=8
   DEBUG    baseapp-1 7919 7001  [2018-06-17 12:15:42 746] - Script::install_py_dlls(): PyInit_pyexpat
   DEBUG    baseapp-1 7919 7001  [2018-06-17 12:15:42 810] - Script::install_py_dlls(): PyInit__socket
   DEBUG    baseapp-1 7919 7001  [2018-06-17 12:15:42 920] - Script::install_py_dlls(): PyInit__ssl
   DEBUG    baseapp-1 7919 7001  [2018-06-17 12:15:44 454] - Script::install_py_dlls(): PyInit__hashlib
   DEBUG    baseapp-1 7919 7001  [2018-06-17 12:15:44 501] - Script::install_py_dlls(): PyInit_select
   DEBUG    baseapp-1 7919 7001  [2018-06-17 12:15:44 584] - Script::install_py_dlls(): PyInit__ctypes
   DEBUG    baseapp-1 7919 7001  [2018-06-17 12:15:44 615] - Script::install_py_dlls(): PyInit__elementtree
   DEBUG    baseapp-1 7919 7001  [2018-06-17 12:15:44 840] - Script::install_py_dlls(): PyInit_unicodedata
    INFO    baseapp-1 7919 7001  [2018-06-17 12:15:45 666] - Script::install(): is successfully, Python=(3.4.2 (default, Jun 15 2018, 23:17:11) [MSC v.1913 32 bit (Intel)])!
    INFO    baseapp-1 7919 7001  [2018-06-17 12:15:45 666] - Script::install(): KBExtra is successfully!
   DEBUG    baseapp-1 7919 7001  [2018-06-17 12:15:47 055] - loaded script:Account(1).
    INFO    baseapp-1 7919 7001  [2018-06-17 12:15:47 055] - Baseapp::initializeEnd: started resmgr tick(60s)!
    INFO    baseapp-1 7919 7001  [2018-06-17 12:15:47 074] - TelnetServer server is running on port 40000
    INFO    baseapp-1 7919 7001  [2018-06-17 12:15:47 809] - ---- baseapp is running ----
   DEBUG    baseapp-1 7919 7001  [2018-06-17 12:15:47 851] - Components::process(): Request for the process of identity...
 WARNING    baseapp-1 7919 7001  [2018-06-17 12:15:53 963] - EntityApp::checkTickPeriod: tick took 6152% (6.15 seconds)!
    INFO    baseapp-1 7919 7001  [2018-06-17 12:15:55 010] - Components::findComponents: find logger(1)...
    INFO    baseapp-1 7919 7001  [2018-06-17 12:15:55 102] - Components::findComponents: found logger, addr:192.168.31.56:38529
    INFO    baseapp-1 7919 7001  [2018-06-17 12:15:55 102] - Components::addComponent: reset orderLog, uid=7919!
    INFO    baseapp-1 7919 7001  [2018-06-17 12:15:55 102] - Components::addComponent[logger], uid=7919, componentID=2000, globalorderid=1, grouporderid=1, totalcount=1
    INFO    baseapp-1 7919 7001  [2018-06-17 12:15:55 105] - Components::findComponents: find dbmgr(2)...
 WARNING    baseapp-1 7919 7001  [2018-06-17 12:15:56 209] - EntityApp::checkTickPeriod: tick took 1299% (1.30 seconds)!
    INFO    baseapp-1 7919 7001  [2018-06-17 12:15:57 246] - Components::findComponents: find dbmgr(3)...
 WARNING    baseapp-1 7919 7001  [2018-06-17 12:15:58 323] - EntityApp::checkTickPeriod: tick took 1114% (1.11 seconds)!
    INFO    baseapp-1 7919 7001  [2018-06-17 12:15:59 345] - Components::findComponents: find dbmgr(4)...
 WARNING    baseapp-1 7919 7001  [2018-06-17 12:16:00 440] - EntityApp::checkTickPeriod: tick took 1131% (1.13 seconds)!
    INFO    baseapp-1 7919 7001  [2018-06-17 12:16:01 445] - Components::findComponents: find dbmgr(5)...
 WARNING    baseapp-1 7919 7001  [2018-06-17 12:16:02 461] - EntityApp::checkTickPeriod: tick took 1052% (1.05 seconds)!
    INFO    baseapp-1 7919 7001  [2018-06-17 12:16:03 508] - Components::findComponents: find dbmgr(6)...
 WARNING    baseapp-1 7919 7001  [2018-06-17 12:16:04 579] - EntityApp::checkTickPeriod: tick took 1171% (1.17 seconds)!
    INFO    baseapp-1 7919 7001  [2018-06-17 12:16:05 608] - Components::findComponents: find dbmgr(7)...
 WARNING    baseapp-1 7919 7001  [2018-06-17 12:16:06 698] - EntityApp::checkTickPeriod: tick took 1190% (1.19 seconds)!
    INFO    baseapp-1 7919 7001  [2018-06-17 12:16:07 707] - Components::findComponents: find dbmgr(8)...
 WARNING    baseapp-1 7919 7001  [2018-06-17 12:16:08 715] - EntityApp::checkTickPeriod: tick took 1107% (1.11 seconds)!
    INFO    baseapp-1 7919 7001  [2018-06-17 12:16:09 744] - Components::findComponents: find dbmgr(9)...
 WARNING    baseapp-1 7919 7001  [2018-06-17 12:16:10 838] - EntityApp::checkTickPeriod: tick took 1130% (1.13 seconds)!
    INFO    baseapp-1 7919 7001  [2018-06-17 12:16:11 844] - Components::findComponents: find dbmgr(10)...
 WARNING    baseapp-1 7919 7001  [2018-06-17 12:16:12 854] - EntityApp::checkTickPeriod: tick took 1046% (1.05 seconds)!
    INFO    baseapp-1 7919 7001  [2018-06-17 12:16:13 908] - Components::findComponents: find dbmgr(11)...
 WARNING    baseapp-1 7919 7001  [2018-06-17 12:16:14 972] - EntityApp::checkTickPeriod: tick took 1164% (1.16 seconds)!
    INFO    baseapp-1 7919 7001  [2018-06-17 12:16:16 007] - Components::findComponents: find dbmgr(12)...
 WARNING    baseapp-1 7919 7001  [2018-06-17 12:16:17 088] - EntityApp::checkTickPeriod: tick took 1180% (1.18 seconds)!
    INFO    baseapp-1 7919 7001  [2018-06-17 12:16:18 107] - Components::findComponents: find dbmgr(13)...
 WARNING    baseapp-1 7919 7001  [2018-06-17 12:16:19 205] - EntityApp::checkTickPeriod: tick took 1197% (1.20 seconds)!
    INFO    baseapp-1 7919 7001  [2018-06-17 12:16:20 207] - Components::findComponents: find dbmgr(14)...
 WARNING    baseapp-1 7919 7001  [2018-06-17 12:16:21 223] - EntityApp::checkTickPeriod: tick took 1116% (1.12 seconds)!
    INFO    baseapp-1 7919 7001  [2018-06-17 12:16:22 243] - Components::findComponents: find dbmgr(15)...
 WARNING    baseapp-1 7919 7001  [2018-06-17 12:16:23 338] - EntityApp::checkTickPeriod: tick took 1131% (1.13 seconds)!
    INFO    baseapp-1 7919 7001  [2018-06-17 12:16:24 343] - Components::findComponents: find dbmgr(16)...
 WARNING    baseapp-1 7919 7001  [2018-06-17 12:16:25 357] - EntityApp::checkTickPeriod: tick took 1051% (1.05 seconds)!
 WARNING    baseapp-1 7919 7001  [2018-06-17 12:16:26 406] - Components::findComponents: find dbmgr(17)...
delay time is too long, please check the dbmgr logs!
 WARNING    baseapp-1 7919 7001  [2018-06-17 12:16:27 482] - EntityApp::checkTickPeriod: tick took 1176% (1.18 seconds)!
 WARNING    baseapp-1 7919 7001  [2018-06-17 12:16:28 507] - Components::findComponents: find dbmgr(18)...
delay time is too long, please check the dbmgr logs!
 WARNING    baseapp-1 7919 7001  [2018-06-17 12:16:29 603] - EntityApp::checkTickPeriod: tick took 1196% (1.20 seconds)!
 WARNING    baseapp-1 7919 7001  [2018-06-17 12:16:30 606] - Components::findComponents: find dbmgr(19)...
delay time is too long, please check the dbmgr logs!
 WARNING    baseapp-1 7919 7001  [2018-06-17 12:16:31 641] - EntityApp::checkTickPeriod: tick took 1135% (1.13 seconds)!
 WARNING    baseapp-1 7919 7001  [2018-06-17 12:16:32 642] - Components::findComponents: find dbmgr(20)...
delay time is too long, please check the dbmgr logs!
 WARNING    baseapp-1 7919 7001  [2018-06-17 12:16:33 657] - EntityApp::checkTickPeriod: tick took 1051% (1.05 seconds)!
 WARNING    baseapp-1 7919 7001  [2018-06-17 12:16:34 706] - Components::findComponents: find dbmgr(21)...
delay time is too long, please check the dbmgr logs!
 WARNING    baseapp-1 7919 7001  [2018-06-17 12:16:35 776] - EntityApp::checkTickPeriod: tick took 1170% (1.17 seconds)!
 WARNING    baseapp-1 7919 7001  [2018-06-17 12:16:36 805] - Components::findComponents: find dbmgr(22)...
delay time is too long, please check the dbmgr logs!
 WARNING    baseapp-1 7919 7001  [2018-06-17 12:16:37 899] - EntityApp::checkTickPeriod: tick took 1194% (1.19 seconds)!
 WARNING    baseapp-1 7919 7001  [2018-06-17 12:16:38 905] - Components::findComponents: find dbmgr(23)...
delay time is too long, please check the dbmgr logs!
 WARNING    baseapp-1 7919 7001  [2018-06-17 12:16:39 917] - EntityApp::checkTickPeriod: tick took 1112% (1.11 seconds)!
 WARNING    baseapp-1 7919 7001  [2018-06-17 12:16:40 941] - Components::findComponents: find dbmgr(24)...
delay time is too long, please check the dbmgr logs!
 WARNING    baseapp-1 7919 7001  [2018-06-17 12:16:42 035] - EntityApp::checkTickPeriod: tick took 1130% (1.13 seconds)!
 WARNING    baseapp-1 7919 7001  [2018-06-17 12:16:43 041] - Components::findComponents: find dbmgr(25)...
delay time is too long, please check the dbmgr logs!
 WARNING    baseapp-1 7919 7001  [2018-06-17 12:16:44 057] - EntityApp::checkTickPeriod: tick took 1053% (1.05 seconds)!
 WARNING    baseapp-1 7919 7001  [2018-06-17 12:16:45 105] - Components::findComponents: find dbmgr(26)...
delay time is too long, please check the dbmgr logs!
 WARNING    baseapp-1 7919 7001  [2018-06-17 12:16:46 176] - EntityApp::checkTickPeriod: tick took 1171% (1.17 seconds)!
 WARNING    baseapp-1 7919 7001  [2018-06-17 12:16:47 205] - Components::findComponents: find dbmgr(27)...
delay time is too long, please check the dbmgr logs!
 WARNING    baseapp-1 7919 7001  [2018-06-17 12:16:48 294] - EntityApp::checkTickPeriod: tick took 1189% (1.19 seconds)!
 WARNING    baseapp-1 7919 7001  [2018-06-17 12:16:49 304] - Components::findComponents: find dbmgr(28)...
delay time is too long, please check the dbmgr logs!
 WARNING    baseapp-1 7919 7001  [2018-06-17 12:16:50 313] - EntityApp::checkTickPeriod: tick took 1109% (1.11 seconds)!
 WARNING    baseapp-1 7919 7001  [2018-06-17 12:16:51 340] - Components::findComponents: find dbmgr(29)...
delay time is too long, please check the dbmgr logs!
 WARNING    baseapp-1 7919 7001  [2018-06-17 12:16:52 431] - EntityApp::checkTickPeriod: tick took 1127% (1.13 seconds)!
 WARNING    baseapp-1 7919 7001  [2018-06-17 12:16:53 440] - Components::findComponents: find dbmgr(30)...
delay time is too long, please check the dbmgr logs!
 WARNING    baseapp-1 7919 7001  [2018-06-17 12:16:54 447] - EntityApp::checkTickPeriod: tick took 1043% (1.04 seconds)!
 WARNING    baseapp-1 7919 7001  [2018-06-17 12:16:55 503] - Components::findComponents: find dbmgr(31)...
delay time is too long, please check the dbmgr logs!
 WARNING    baseapp-1 7919 7001  [2018-06-17 12:16:56 568] - EntityApp::checkTickPeriod: tick took 1165% (1.16 seconds)!
 WARNING    baseapp-1 7919 7001  [2018-06-17 12:16:57 603] - Components::findComponents: find dbmgr(32)...
delay time is too long, please check the dbmgr logs!
 WARNING    baseapp-1 7919 7001  [2018-06-17 12:16:58 689] - EntityApp::checkTickPeriod: tick took 1186% (1.19 seconds)!
 WARNING    baseapp-1 7919 7001  [2018-06-17 12:16:59 703] - Components::findComponents: find dbmgr(33)...
delay time is too long, please check the dbmgr logs!
 WARNING    baseapp-1 7919 7001  [2018-06-17 12:17:00 809] - EntityApp::checkTickPeriod: tick took 1206% (1.21 seconds)!
 WARNING    baseapp-1 7919 7001  [2018-06-17 12:17:01 839] - Components::findComponents: find dbmgr(34)...
delay time is too long, please check the dbmgr logs!
 WARNING    baseapp-1 7919 7001  [2018-06-17 12:17:02 928] - EntityApp::checkTickPeriod: tick took 1124% (1.12 seconds)!
 WARNING    baseapp-1 7919 7001  [2018-06-17 12:17:03 939] - Components::findComponents: find dbmgr(35)...
delay time is too long, please check the dbmgr logs!
 WARNING    baseapp-1 7919 7001  [2018-06-17 12:17:04 251] - BundleBroadcast::BundleBroadcast: Cannot bind to port 20367, errorno=10048
 WARNING    baseapp-1 7919 7001  [2018-06-17 12:17:04 251] - EntityApp::checkTickPeriod: tick took 348% (0.35 seconds)!
 WARNING    baseapp-1 7919 7001  [2018-06-17 12:17:05 303] - Components::findComponents: find dbmgr(36)...
delay time is too long, please check the dbmgr logs!
 WARNING    baseapp-1 7919 7001  [2018-06-17 12:17:06 356] - EntityApp::checkTickPeriod: tick took 1153% (1.15 seconds)!
 WARNING    baseapp-1 7919 7001  [2018-06-17 12:17:07 403] - Components::findComponents: find dbmgr(37)...
delay time is too long, please check the dbmgr logs!
 WARNING    baseapp-1 7919 7001  [2018-06-17 12:17:08 472] - EntityApp::checkTickPeriod: tick took 1169% (1.17 seconds)!
 WARNING    baseapp-1 7919 7001  [2018-06-17 12:17:09 502] - Components::findComponents: find dbmgr(38)...
delay time is too long, please check the dbmgr logs!
 WARNING    baseapp-1 7919 7001  [2018-06-17 12:17:10 590] - EntityApp::checkTickPeriod: tick took 1188% (1.19 seconds)!
 WARNING    baseapp-1 7919 7001  [2018-06-17 12:17:11 602] - Components::findComponents: find dbmgr(39)...
delay time is too long, please check the dbmgr logs!
 WARNING    baseapp-1 7919 7001  [2018-06-17 12:17:12 610] - EntityApp::checkTickPeriod: tick took 1108% (1.11 seconds)!
 WARNING    baseapp-1 7919 7001  [2018-06-17 12:17:13 638] - Components::findComponents: find dbmgr(40)...
delay time is too long, please check the dbmgr logs!
 WARNING    baseapp-1 7919 7001  [2018-06-17 12:17:14 737] - EntityApp::checkTickPeriod: tick took 1135% (1.13 seconds)!
 WARNING    baseapp-1 7919 7001  [2018-06-17 12:17:15 738] - Components::findComponents: find dbmgr(41)...
delay time is too long, please check the dbmgr logs!
 WARNING    baseapp-1 7919 7001  [2018-06-17 12:17:16 753] - EntityApp::checkTickPeriod: tick took 1052% (1.05 seconds)!
 WARNING    baseapp-1 7919 7001  [2018-06-17 12:17:17 801] - Components::findComponents: find dbmgr(42)...
delay time is too long, please check the dbmgr logs!
 WARNING    baseapp-1 7919 7001  [2018-06-17 12:17:18 871] - EntityApp::checkTickPeriod: tick took 1170% (1.17 seconds)!
 WARNING    baseapp-1 7919 7001  [2018-06-17 12:17:19 901] - Components::findComponents: find dbmgr(43)...
delay time is too long, please check the dbmgr logs!
 WARNING    baseapp-1 7919 7001  [2018-06-17 12:17:20 988] - EntityApp::checkTickPeriod: tick took 1186% (1.19 seconds)!
 WARNING    baseapp-1 7919 7001  [2018-06-17 12:17:22 001] - Components::findComponents: find dbmgr(44)...
delay time is too long, please check the dbmgr logs!
 WARNING    baseapp-1 7919 7001  [2018-06-17 12:17:23 106] - EntityApp::checkTickPeriod: tick took 1205% (1.21 seconds)!
 WARNING    baseapp-1 7919 7001  [2018-06-17 12:17:24 137] - Components::findComponents: find dbmgr(45)...
delay time is too long, please check the dbmgr logs!
 WARNING    baseapp-1 7919 7001  [2018-06-17 12:17:25 227] - EntityApp::checkTickPeriod: tick took 1126% (1.13 seconds)!
 WARNING    baseapp-1 7919 7001  [2018-06-17 12:17:26 237] - Components::findComponents: find dbmgr(46)...
delay time is too long, please check the dbmgr logs!
 WARNING    baseapp-1 7919 7001  [2018-06-17 12:17:27 244] - EntityApp::checkTickPeriod: tick took 1043% (1.04 seconds)!
 WARNING    baseapp-1 7919 7001  [2018-06-17 12:17:28 301] - Components::findComponents: find dbmgr(47)...
delay time is too long, please check the dbmgr logs!
 WARNING    baseapp-1 7919 7001  [2018-06-17 12:17:29 366] - EntityApp::checkTickPeriod: tick took 1165% (1.16 seconds)!
 WARNING    baseapp-1 7919 7001  [2018-06-17 12:17:30 400] - Components::findComponents: find dbmgr(48)...
delay time is too long, please check the dbmgr logs!
 WARNING    baseapp-1 7919 7001  [2018-06-17 12:17:31 486] - EntityApp::checkTickPeriod: tick took 1186% (1.19 seconds)!
 WARNING    baseapp-1 7919 7001  [2018-06-17 12:17:32 500] - Components::findComponents: find dbmgr(49)...
delay time is too long, please check the dbmgr logs!
 WARNING    baseapp-1 7919 7001  [2018-06-17 12:17:33 603] - EntityApp::checkTickPeriod: tick took 1203% (1.20 seconds)!
 WARNING    baseapp-1 7919 7001  [2018-06-17 12:17:34 636] - Components::findComponents: find dbmgr(50)...
delay time is too long, please check the dbmgr logs!
 WARNING    baseapp-1 7919 7001  [2018-06-17 12:17:35 728] - EntityApp::checkTickPeriod: tick took 1128% (1.13 seconds)!
 WARNING    baseapp-1 7919 7001  [2018-06-17 12:17:36 735] - Components::findComponents: find dbmgr(51)...
delay time is too long, please check the dbmgr logs!
 WARNING    baseapp-1 7919 7001  [2018-06-17 12:17:37 747] - EntityApp::checkTickPeriod: tick took 1047% (1.05 seconds)!
 WARNING    baseapp-1 7919 7001  [2018-06-17 12:17:38 800] - Components::findComponents: find dbmgr(52)...
delay time is too long, please check the dbmgr logs!
 WARNING    baseapp-1 7919 7001  [2018-06-17 12:17:39 871] - EntityApp::checkTickPeriod: tick took 1171% (1.17 seconds)!
 WARNING    baseapp-1 7919 7001  [2018-06-17 12:17:40 900] - Components::findComponents: find dbmgr(53)...
delay time is too long, please check the dbmgr logs!
 WARNING    baseapp-1 7919 7001  [2018-06-17 12:17:41 925] - EntityApp::checkTickPeriod: tick took 1125% (1.13 seconds)!
 WARNING    baseapp-1 7919 7001  [2018-06-17 12:17:42 936] - Components::findComponents: find dbmgr(54)...
delay time is too long, please check the dbmgr logs!
 WARNING    baseapp-1 7919 7001  [2018-06-17 12:17:44 044] - EntityApp::checkTickPeriod: tick took 1145% (1.14 seconds)!
 WARNING    baseapp-1 7919 7001  [2018-06-17 12:17:45 045] - Components::findComponents: find dbmgr(55)...
delay time is too long, please check the dbmgr logs!
 WARNING    baseapp-1 7919 7001  [2018-06-17 12:17:46 062] - EntityApp::checkTickPeriod: tick took 1063% (1.06 seconds)!
 WARNING    baseapp-1 7919 7001  [2018-06-17 12:17:47 099] - Components::findComponents: find dbmgr(56)...
delay time is too long, please check the dbmgr logs!
 WARNING    baseapp-1 7919 7001  [2018-06-17 12:17:48 180] - EntityApp::checkTickPeriod: tick took 1181% (1.18 seconds)!
 WARNING    baseapp-1 7919 7001  [2018-06-17 12:17:49 198] - Components::findComponents: find dbmgr(57)...
delay time is too long, please check the dbmgr logs!
 WARNING    baseapp-1 7919 7001  [2018-06-17 12:17:50 300] - EntityApp::checkTickPeriod: tick took 1202% (1.20 seconds)!
 WARNING    baseapp-1 7919 7001  [2018-06-17 12:17:51 334] - Components::findComponents: find dbmgr(58)...
delay time is too long, please check the dbmgr logs!
 WARNING    baseapp-1 7919 7001  [2018-06-17 12:17:52 427] - EntityApp::checkTickPeriod: tick took 1129% (1.13 seconds)!
 WARNING    baseapp-1 7919 7001  [2018-06-17 12:17:53 434] - Components::findComponents: find dbmgr(59)...
delay time is too long, please check the dbmgr logs!
 WARNING    baseapp-1 7919 7001  [2018-06-17 12:17:54 446] - EntityApp::checkTickPeriod: tick took 1048% (1.05 seconds)!
 WARNING    baseapp-1 7919 7001  [2018-06-17 12:17:55 498] - Components::findComponents: find dbmgr(60)...
delay time is too long, please check the dbmgr logs!
 WARNING    baseapp-1 7919 7001  [2018-06-17 12:17:56 567] - EntityApp::checkTickPeriod: tick took 1169% (1.17 seconds)!
 WARNING    baseapp-1 7919 7001  [2018-06-17 12:17:57 598] - Components::findComponents: find dbmgr(61)...
delay time is too long, please check the dbmgr logs!
 WARNING    baseapp-1 7919 7001  [2018-06-17 12:17:58 687] - EntityApp::checkTickPeriod: tick took 1189% (1.19 seconds)!
 WARNING    baseapp-1 7919 7001  [2018-06-17 12:17:59 698] - Components::findComponents: find dbmgr(62)...
delay time is too long, please check the dbmgr logs!
 WARNING    baseapp-1 7919 7001  [2018-06-17 12:18:00 736] - EntityApp::checkTickPeriod: tick took 1138% (1.14 seconds)!
 WARNING    baseapp-1 7919 7001  [2018-06-17 12:18:01 797] - Components::findComponents: find dbmgr(63)...
delay time is too long, please check the dbmgr logs!
 WARNING    baseapp-1 7919 7001  [2018-06-17 12:18:02 853] - EntityApp::checkTickPeriod: tick took 1156% (1.16 seconds)!
 WARNING    baseapp-1 7919 7001  [2018-06-17 12:18:03 897] - Components::findComponents: find dbmgr(64)...
delay time is too long, please check the dbmgr logs!
 WARNING    baseapp-1 7919 7001  [2018-06-17 12:18:04 973] - EntityApp::checkTickPeriod: tick took 1176% (1.18 seconds)!
 WARNING    baseapp-1 7919 7001  [2018-06-17 12:18:05 997] - Components::findComponents: find dbmgr(65)...
delay time is too long, please check the dbmgr logs!
 WARNING    baseapp-1 7919 7001  [2018-06-17 12:18:07 096] - EntityApp::checkTickPeriod: tick took 1199% (1.20 seconds)!
 WARNING    baseapp-1 7919 7001  [2018-06-17 12:18:08 133] - Components::findComponents: find dbmgr(66)...
delay time is too long, please check the dbmgr logs!
 WARNING    baseapp-1 7919 7001  [2018-06-17 12:18:09 215] - EntityApp::checkTickPeriod: tick took 1119% (1.12 seconds)!
 WARNING    baseapp-1 7919 7001  [2018-06-17 12:18:10 232] - Components::findComponents: find dbmgr(67)...
delay time is too long, please check the dbmgr logs!
 WARNING    baseapp-1 7919 7001  [2018-06-17 12:18:11 332] - EntityApp::checkTickPeriod: tick took 1136% (1.14 seconds)!
 WARNING    baseapp-1 7919 7001  [2018-06-17 12:18:12 332] - Components::findComponents: find dbmgr(68)...
delay time is too long, please check the dbmgr logs!
 WARNING    baseapp-1 7919 7001  [2018-06-17 12:18:13 353] - EntityApp::checkTickPeriod: tick took 1056% (1.06 seconds)!
 WARNING    baseapp-1 7919 7001  [2018-06-17 12:18:14 396] - Components::findComponents: find dbmgr(69)...
delay time is too long, please check the dbmgr logs!
 WARNING    baseapp-1 7919 7001  [2018-06-17 12:18:15 469] - EntityApp::checkTickPeriod: tick took 1173% (1.17 seconds)!
 WARNING    baseapp-1 7919 7001  [2018-06-17 12:18:16 496] - Components::findComponents: find dbmgr(70)...
delay time is too long, please check the dbmgr logs!
 WARNING    baseapp-1 7919 7001  [2018-06-17 12:18:17 593] - EntityApp::checkTickPeriod: tick took 1197% (1.20 seconds)!
    INFO    baseapp-1 9218 7001  [2018-06-17 12:21:29 136] - -----------------------------------------------------------------------------------------


    INFO    baseapp-1 9218 7001  [2018-06-17 12:21:29 138] - Resmgr::initialize: KBE_ROOT=C:/Users/Public/Documents/workspace/kbe/kbengine-kbengine-v1.0.0/kbengine/
    INFO    baseapp-1 9218 7001  [2018-06-17 12:21:29 139] - Resmgr::initialize: KBE_RES_PATH=C:/Users/Public/Documents/workspace/kbe/kbengine-kbengine-v1.0.0/kbengine/kbe/res/;C:/Users/Public/Documents/workspace/kbe/kbengine-kbengine-v1.0.0/kbengine/assets/;C:/Users/Public/Documents/workspace/kbe/kbengine-kbengine-v1.0.0/kbengine/assets/scripts/;C:/Users/Public/Documents/workspace/kbe/kbengine-kbengine-v1.0.0/kbengine/assets/res/
    INFO    baseapp-1 9218 7001  [2018-06-17 12:21:29 139] - Resmgr::initialize: KBE_BIN_PATH=C:/Users/Public/Documents/workspace/kbe/kbengine-kbengine-v1.0.0/kbengine/kbe/bin/server/
    INFO    baseapp-1 9218 7001  [2018-06-17 12:21:29 165] - NetworkInterface::recreateListeningSocket(EXTERNAL): bound to all interfaces with default route interface on 192.168.31.56 ( 192.168.31.56:20015 )
    INFO    baseapp-1 9218 7001  [2018-06-17 12:21:29 166] - NetworkInterface::recreateListeningSocket(EXTERNAL): address 192.168.31.56:20015, SOMAXCONN=128.
    INFO    baseapp-1 9218 7001  [2018-06-17 12:21:29 199] - NetworkInterface::recreateListeningSocket(INTERNAL): bound to all interfaces with default route interface on 192.168.31.56 ( 192.168.31.56:38589 )
    INFO    baseapp-1 9218 7001  [2018-06-17 12:21:29 199] - NetworkInterface::recreateListeningSocket(INTERNAL): address 192.168.31.56:38589, SOMAXCONN=128.
    INFO    baseapp-1 9218 7001  [2018-06-17 12:21:29 200] - server-configs:
    INFO    baseapp-1 9218 7001  [2018-06-17 12:21:29 200] - 	gameUpdateHertz : 10
    INFO    baseapp-1 9218 7001  [2018-06-17 12:21:29 200] - 	entryScriptFile : kbemain
    INFO    baseapp-1 9218 7001  [2018-06-17 12:21:29 200] - 	internalAddr : 192.168.31.56:38589
    INFO    baseapp-1 9218 7001  [2018-06-17 12:21:29 201] - 	externalAddr : 192.168.31.56:20015
    INFO    baseapp-1 9218 7001  [2018-06-17 12:21:29 201] - 	componentID : 7001
    INFO    baseapp-1 9218 7001  [2018-06-17 12:21:31 289] - ---- baseapp Version: 1.0.0. ScriptVersion: 0.1.0. Protocol: B363447A744C7D8D9BBF49B8B8360068. Config: Debug X86. Built: 23:18:04 Jun 15 2018. AppID: 7001. UID: 9218. PID: 21656 ----
    INFO    baseapp-1 9218 7001  [2018-06-17 12:21:31 290] - Server :        Intel(R) Core(TM) i5-2415M CPU @ 2.30GHz with 4194303kB RAM
    INFO    baseapp-1 9218 7001  [2018-06-17 12:21:31 292] - ThreadPool::createThreadPool: creating  threadpool...
    INFO    baseapp-1 9218 7001  [2018-06-17 12:21:31 292] - ThreadPool::createThreadPool: successfully(2), newThreadCount=1, normalMaxThreadCount=2, maxThreadCount=8
   DEBUG    baseapp-1 9218 7001  [2018-06-17 12:21:31 524] - Script::install_py_dlls(): PyInit_pyexpat
   DEBUG    baseapp-1 9218 7001  [2018-06-17 12:21:31 525] - Script::install_py_dlls(): PyInit__socket
   DEBUG    baseapp-1 9218 7001  [2018-06-17 12:21:31 526] - Script::install_py_dlls(): PyInit__ssl
   DEBUG    baseapp-1 9218 7001  [2018-06-17 12:21:31 533] - Script::install_py_dlls(): PyInit__hashlib
   DEBUG    baseapp-1 9218 7001  [2018-06-17 12:21:31 534] - Script::install_py_dlls(): PyInit_select
   DEBUG    baseapp-1 9218 7001  [2018-06-17 12:21:31 534] - Script::install_py_dlls(): PyInit__ctypes
   DEBUG    baseapp-1 9218 7001  [2018-06-17 12:21:31 536] - Script::install_py_dlls(): PyInit__elementtree
   DEBUG    baseapp-1 9218 7001  [2018-06-17 12:21:31 758] - Script::install_py_dlls(): PyInit_unicodedata
    INFO    baseapp-1 9218 7001  [2018-06-17 12:21:31 846] - Script::install(): is successfully, Python=(3.4.2 (default, Jun 15 2018, 23:17:11) [MSC v.1913 32 bit (Intel)])!
    INFO    baseapp-1 9218 7001  [2018-06-17 12:21:31 846] - Script::install(): KBExtra is successfully!
   DEBUG    baseapp-1 9218 7001  [2018-06-17 12:21:31 865] - loaded script:Account(1).
    INFO    baseapp-1 9218 7001  [2018-06-17 12:21:31 865] - Baseapp::initializeEnd: started resmgr tick(60s)!
    INFO    baseapp-1 9218 7001  [2018-06-17 12:21:31 866] - TelnetServer server is running on port 40000
    INFO    baseapp-1 9218 7001  [2018-06-17 12:21:32 843] - ---- baseapp is running ----
   DEBUG    baseapp-1 9218 7001  [2018-06-17 12:21:32 844] - Components::process(): Request for the process of identity...
 WARNING    baseapp-1 9218 7001  [2018-06-17 12:21:38 955] - EntityApp::checkTickPeriod: tick took 6112% (6.11 seconds)!
    INFO    baseapp-1 9218 7001  [2018-06-17 12:21:40 050] - Components::findComponents: find logger(1)...
    INFO    baseapp-1 9218 7001  [2018-06-17 12:21:40 073] - Components::findComponents: found logger, addr:192.168.31.56:38594
    INFO    baseapp-1 9218 7001  [2018-06-17 12:21:40 073] - Components::addComponent: reset orderLog, uid=9218!
    INFO    baseapp-1 9218 7001  [2018-06-17 12:21:40 073] - Components::addComponent[logger], uid=9218, componentID=2000, globalorderid=1, grouporderid=1, totalcount=1
    INFO    baseapp-1 9218 7001  [2018-06-17 12:21:40 075] - Components::findComponents: find dbmgr(2)...
 WARNING    baseapp-1 9218 7001  [2018-06-17 12:21:41 182] - EntityApp::checkTickPeriod: tick took 1138% (1.14 seconds)!
    INFO    baseapp-1 9218 7001  [2018-06-17 12:21:42 244] - Components::findComponents: find dbmgr(3)...
 WARNING    baseapp-1 9218 7001  [2018-06-17 12:21:43 311] - EntityApp::checkTickPeriod: tick took 1167% (1.17 seconds)!
    INFO    baseapp-1 9218 7001  [2018-06-17 12:21:44 344] - Components::findComponents: find dbmgr(4)...
 WARNING    baseapp-1 9218 7001  [2018-06-17 12:21:45 431] - EntityApp::checkTickPeriod: tick took 1187% (1.19 seconds)!
    INFO    baseapp-1 9218 7001  [2018-06-17 12:21:46 444] - Components::findComponents: find dbmgr(5)...
 WARNING    baseapp-1 9218 7001  [2018-06-17 12:21:47 547] - EntityApp::checkTickPeriod: tick took 1203% (1.20 seconds)!
    INFO    baseapp-1 9218 7001  [2018-06-17 12:21:48 550] - Components::findComponents: find dbmgr(6)...
 WARNING    baseapp-1 9218 7001  [2018-06-17 12:21:49 563] - EntityApp::checkTickPeriod: tick took 1019% (1.02 seconds)!
    INFO    baseapp-1 9218 7001  [2018-06-17 12:21:50 644] - Components::findComponents: find dbmgr(7)...
 WARNING    baseapp-1 9218 7001  [2018-06-17 12:21:51 690] - EntityApp::checkTickPeriod: tick took 1146% (1.15 seconds)!
    INFO    baseapp-1 9218 7001  [2018-06-17 12:21:52 743] - Components::findComponents: find dbmgr(8)...
 WARNING    baseapp-1 9218 7001  [2018-06-17 12:21:53 808] - EntityApp::checkTickPeriod: tick took 1164% (1.16 seconds)!
    INFO    baseapp-1 9218 7001  [2018-06-17 12:21:54 843] - Components::findComponents: find dbmgr(9)...
 WARNING    baseapp-1 9218 7001  [2018-06-17 12:21:55 923] - EntityApp::checkTickPeriod: tick took 1180% (1.18 seconds)!
    INFO    baseapp-1 9218 7001  [2018-06-17 12:21:56 943] - Components::findComponents: find dbmgr(10)...
 WARNING    baseapp-1 9218 7001  [2018-06-17 12:21:58 040] - EntityApp::checkTickPeriod: tick took 1197% (1.20 seconds)!
    INFO    baseapp-1 9218 7001  [2018-06-17 12:21:59 043] - Components::findComponents: find dbmgr(11)...
 WARNING    baseapp-1 9218 7001  [2018-06-17 12:22:00 059] - EntityApp::checkTickPeriod: tick took 1115% (1.12 seconds)!
    INFO    baseapp-1 9218 7001  [2018-06-17 12:22:01 144] - Components::findComponents: find dbmgr(12)...
 WARNING    baseapp-1 9218 7001  [2018-06-17 12:22:02 176] - EntityApp::checkTickPeriod: tick took 1132% (1.13 seconds)!
    INFO    baseapp-1 9218 7001  [2018-06-17 12:22:03 244] - Components::findComponents: find dbmgr(13)...
 WARNING    baseapp-1 9218 7001  [2018-06-17 12:22:04 290] - EntityApp::checkTickPeriod: tick took 1146% (1.15 seconds)!
    INFO    baseapp-1 9218 7001  [2018-06-17 12:22:05 344] - Components::findComponents: find dbmgr(14)...
 WARNING    baseapp-1 9218 7001  [2018-06-17 12:22:06 409] - EntityApp::checkTickPeriod: tick took 1165% (1.16 seconds)!
    INFO    baseapp-1 9218 7001  [2018-06-17 12:22:07 444] - Components::findComponents: find dbmgr(15)...
 WARNING    baseapp-1 9218 7001  [2018-06-17 12:22:08 526] - EntityApp::checkTickPeriod: tick took 1182% (1.18 seconds)!
    INFO    baseapp-1 9218 7001  [2018-06-17 12:22:09 544] - Components::findComponents: find dbmgr(16)...
 WARNING    baseapp-1 9218 7001  [2018-06-17 12:22:10 641] - EntityApp::checkTickPeriod: tick took 1196% (1.20 seconds)!
 WARNING    baseapp-1 9218 7001  [2018-06-17 12:22:11 643] - Components::findComponents: find dbmgr(17)...
delay time is too long, please check the dbmgr logs!
 WARNING    baseapp-1 9218 7001  [2018-06-17 12:22:12 660] - EntityApp::checkTickPeriod: tick took 1117% (1.12 seconds)!
 WARNING    baseapp-1 9218 7001  [2018-06-17 12:22:13 743] - Components::findComponents: find dbmgr(18)...
delay time is too long, please check the dbmgr logs!
 WARNING    baseapp-1 9218 7001  [2018-06-17 12:22:14 785] - EntityApp::checkTickPeriod: tick took 1142% (1.14 seconds)!
 WARNING    baseapp-1 9218 7001  [2018-06-17 12:22:15 843] - Components::findComponents: find dbmgr(19)...
delay time is too long, please check the dbmgr logs!
 WARNING    baseapp-1 9218 7001  [2018-06-17 12:22:16 905] - EntityApp::checkTickPeriod: tick took 1162% (1.16 seconds)!
 WARNING    baseapp-1 9218 7001  [2018-06-17 12:22:17 944] - Components::findComponents: find dbmgr(20)...
delay time is too long, please check the dbmgr logs!
 WARNING    baseapp-1 9218 7001  [2018-06-17 12:22:19 177] - EntityApp::checkTickPeriod: tick took 1333% (1.33 seconds)!
 WARNING    baseapp-1 9218 7001  [2018-06-17 12:22:20 244] - Components::findComponents: find dbmgr(21)...
delay time is too long, please check the dbmgr logs!
 WARNING    baseapp-1 9218 7001  [2018-06-17 12:22:21 299] - EntityApp::checkTickPeriod: tick took 1155% (1.15 seconds)!
 WARNING    baseapp-1 9218 7001  [2018-06-17 12:22:22 344] - Components::findComponents: find dbmgr(22)...
delay time is too long, please check the dbmgr logs!
 WARNING    baseapp-1 9218 7001  [2018-06-17 12:22:23 416] - EntityApp::checkTickPeriod: tick took 1172% (1.17 seconds)!
 WARNING    baseapp-1 9218 7001  [2018-06-17 12:22:24 444] - Components::findComponents: find dbmgr(23)...
delay time is too long, please check the dbmgr logs!
 WARNING    baseapp-1 9218 7001  [2018-06-17 12:22:25 534] - EntityApp::checkTickPeriod: tick took 1190% (1.19 seconds)!
 WARNING    baseapp-1 9218 7001  [2018-06-17 12:22:26 544] - Components::findComponents: find dbmgr(24)...
delay time is too long, please check the dbmgr logs!
 WARNING    baseapp-1 9218 7001  [2018-06-17 12:22:27 555] - EntityApp::checkTickPeriod: tick took 1111% (1.11 seconds)!
 WARNING    baseapp-1 9218 7001  [2018-06-17 12:22:28 643] - Components::findComponents: find dbmgr(25)...
delay time is too long, please check the dbmgr logs!
 WARNING    baseapp-1 9218 7001  [2018-06-17 12:22:29 671] - EntityApp::checkTickPeriod: tick took 1127% (1.13 seconds)!
 WARNING    baseapp-1 9218 7001  [2018-06-17 12:22:30 743] - Components::findComponents: find dbmgr(26)...
delay time is too long, please check the dbmgr logs!
 WARNING    baseapp-1 9218 7001  [2018-06-17 12:22:31 788] - EntityApp::checkTickPeriod: tick took 1145% (1.14 seconds)!
 WARNING    baseapp-1 9218 7001  [2018-06-17 12:22:32 843] - Components::findComponents: find dbmgr(27)...
delay time is too long, please check the dbmgr logs!
 WARNING    baseapp-1 9218 7001  [2018-06-17 12:22:33 906] - EntityApp::checkTickPeriod: tick took 1163% (1.16 seconds)!
 WARNING    baseapp-1 9218 7001  [2018-06-17 12:22:34 944] - Components::findComponents: find dbmgr(28)...
delay time is too long, please check the dbmgr logs!
 WARNING    baseapp-1 9218 7001  [2018-06-17 12:22:36 028] - EntityApp::checkTickPeriod: tick took 1184% (1.18 seconds)!
 WARNING    baseapp-1 9218 7001  [2018-06-17 12:22:37 044] - Components::findComponents: find dbmgr(29)...
delay time is too long, please check the dbmgr logs!
 WARNING    baseapp-1 9218 7001  [2018-06-17 12:22:37 358] - BundleBroadcast::BundleBroadcast: Cannot bind to port 20817, errorno=10048
 WARNING    baseapp-1 9218 7001  [2018-06-17 12:22:37 358] - EntityApp::checkTickPeriod: tick took 414% (0.41 seconds)!
 WARNING    baseapp-1 9218 7001  [2018-06-17 12:22:38 444] - Components::findComponents: find dbmgr(30)...
delay time is too long, please check the dbmgr logs!
 WARNING    baseapp-1 9218 7001  [2018-06-17 12:22:39 456] - EntityApp::checkTickPeriod: tick took 1111% (1.11 seconds)!
 WARNING    baseapp-1 9218 7001  [2018-06-17 12:22:40 544] - Components::findComponents: find dbmgr(31)...
delay time is too long, please check the dbmgr logs!
 WARNING    baseapp-1 9218 7001  [2018-06-17 12:22:41 577] - EntityApp::checkTickPeriod: tick took 1133% (1.13 seconds)!
 WARNING    baseapp-1 9218 7001  [2018-06-17 12:22:42 644] - Components::findComponents: find dbmgr(32)...
delay time is too long, please check the dbmgr logs!
 WARNING    baseapp-1 9218 7001  [2018-06-17 12:22:43 695] - EntityApp::checkTickPeriod: tick took 1151% (1.15 seconds)!
 WARNING    baseapp-1 9218 7001  [2018-06-17 12:22:44 744] - Components::findComponents: find dbmgr(33)...
delay time is too long, please check the dbmgr logs!
 WARNING    baseapp-1 9218 7001  [2018-06-17 12:22:45 815] - EntityApp::checkTickPeriod: tick took 1171% (1.17 seconds)!
 WARNING    baseapp-1 9218 7001  [2018-06-17 12:22:46 844] - Components::findComponents: find dbmgr(34)...
delay time is too long, please check the dbmgr logs!
 WARNING    baseapp-1 9218 7001  [2018-06-17 12:22:47 932] - EntityApp::checkTickPeriod: tick took 1188% (1.19 seconds)!
    INFO    baseapp-1 10623 7001  [2018-06-17 12:28:39 557] - -----------------------------------------------------------------------------------------


    INFO    baseapp-1 10623 7001  [2018-06-17 12:28:39 559] - Resmgr::initialize: KBE_ROOT=C:/Users/Public/Documents/workspace/kbe/kbengine-kbengine-v1.0.0/kbengine/
    INFO    baseapp-1 10623 7001  [2018-06-17 12:28:39 560] - Resmgr::initialize: KBE_RES_PATH=C:/Users/Public/Documents/workspace/kbe/kbengine-kbengine-v1.0.0/kbengine/kbe/res/;C:/Users/Public/Documents/workspace/kbe/kbengine-kbengine-v1.0.0/kbengine/assets/;C:/Users/Public/Documents/workspace/kbe/kbengine-kbengine-v1.0.0/kbengine/assets/scripts/;C:/Users/Public/Documents/workspace/kbe/kbengine-kbengine-v1.0.0/kbengine/assets/res/
    INFO    baseapp-1 10623 7001  [2018-06-17 12:28:39 561] - Resmgr::initialize: KBE_BIN_PATH=C:/Users/Public/Documents/workspace/kbe/kbengine-kbengine-v1.0.0/kbengine/kbe/bin/server/
    INFO    baseapp-1 10623 7001  [2018-06-17 12:28:39 586] - NetworkInterface::recreateListeningSocket(EXTERNAL): bound to all interfaces with default route interface on 192.168.31.56 ( 192.168.31.56:20015 )
    INFO    baseapp-1 10623 7001  [2018-06-17 12:28:39 586] - NetworkInterface::recreateListeningSocket(EXTERNAL): address 192.168.31.56:20015, SOMAXCONN=128.
    INFO    baseapp-1 10623 7001  [2018-06-17 12:28:39 593] - NetworkInterface::recreateListeningSocket(INTERNAL): bound to all interfaces with default route interface on 192.168.31.56 ( 192.168.31.56:38703 )
    INFO    baseapp-1 10623 7001  [2018-06-17 12:28:39 593] - NetworkInterface::recreateListeningSocket(INTERNAL): address 192.168.31.56:38703, SOMAXCONN=128.
    INFO    baseapp-1 10623 7001  [2018-06-17 12:28:39 593] - server-configs:
    INFO    baseapp-1 10623 7001  [2018-06-17 12:28:39 594] - 	gameUpdateHertz : 10
    INFO    baseapp-1 10623 7001  [2018-06-17 12:28:39 594] - 	entryScriptFile : kbemain
    INFO    baseapp-1 10623 7001  [2018-06-17 12:28:39 594] - 	internalAddr : 192.168.31.56:38703
    INFO    baseapp-1 10623 7001  [2018-06-17 12:28:39 595] - 	externalAddr : 192.168.31.56:20015
    INFO    baseapp-1 10623 7001  [2018-06-17 12:28:39 595] - 	componentID : 7001
    INFO    baseapp-1 10623 7001  [2018-06-17 12:28:41 643] - ---- baseapp Version: 1.0.0. ScriptVersion: 0.1.0. Protocol: B363447A744C7D8D9BBF49B8B8360068. Config: Debug X86. Built: 23:18:04 Jun 15 2018. AppID: 7001. UID: 10623. PID: 18000 ----
    INFO    baseapp-1 10623 7001  [2018-06-17 12:28:41 644] - Server :        Intel(R) Core(TM) i5-2415M CPU @ 2.30GHz with 4194303kB RAM
    INFO    baseapp-1 10623 7001  [2018-06-17 12:28:41 645] - ThreadPool::createThreadPool: creating  threadpool...
    INFO    baseapp-1 10623 7001  [2018-06-17 12:28:41 646] - ThreadPool::createThreadPool: successfully(2), newThreadCount=1, normalMaxThreadCount=2, maxThreadCount=8
   DEBUG    baseapp-1 10623 7001  [2018-06-17 12:28:41 822] - Script::install_py_dlls(): PyInit_pyexpat
   DEBUG    baseapp-1 10623 7001  [2018-06-17 12:28:41 823] - Script::install_py_dlls(): PyInit__socket
   DEBUG    baseapp-1 10623 7001  [2018-06-17 12:28:41 824] - Script::install_py_dlls(): PyInit__ssl
   DEBUG    baseapp-1 10623 7001  [2018-06-17 12:28:41 832] - Script::install_py_dlls(): PyInit__hashlib
   DEBUG    baseapp-1 10623 7001  [2018-06-17 12:28:41 832] - Script::install_py_dlls(): PyInit_select
   DEBUG    baseapp-1 10623 7001  [2018-06-17 12:28:41 833] - Script::install_py_dlls(): PyInit__ctypes
   DEBUG    baseapp-1 10623 7001  [2018-06-17 12:28:41 835] - Script::install_py_dlls(): PyInit__elementtree
   DEBUG    baseapp-1 10623 7001  [2018-06-17 12:28:41 926] - Script::install_py_dlls(): PyInit_unicodedata
    INFO    baseapp-1 10623 7001  [2018-06-17 12:28:42 015] - Script::install(): is successfully, Python=(3.4.2 (default, Jun 15 2018, 23:17:11) [MSC v.1913 32 bit (Intel)])!
    INFO    baseapp-1 10623 7001  [2018-06-17 12:28:42 016] - Script::install(): KBExtra is successfully!
   DEBUG    baseapp-1 10623 7001  [2018-06-17 12:28:42 035] - loaded script:Account(1).
    INFO    baseapp-1 10623 7001  [2018-06-17 12:28:42 035] - Baseapp::initializeEnd: started resmgr tick(60s)!
    INFO    baseapp-1 10623 7001  [2018-06-17 12:28:42 037] - TelnetServer server is running on port 40000
    INFO    baseapp-1 10623 7001  [2018-06-17 12:28:43 153] - ---- baseapp is running ----
   DEBUG    baseapp-1 10623 7001  [2018-06-17 12:28:43 154] - Components::process(): Request for the process of identity...
 WARNING    baseapp-1 10623 7001  [2018-06-17 12:28:49 281] - EntityApp::checkTickPeriod: tick took 6128% (6.13 seconds)!
    INFO    baseapp-1 10623 7001  [2018-06-17 12:28:50 353] - Components::findComponents: find logger(1)...
    INFO    baseapp-1 10623 7001  [2018-06-17 12:28:50 374] - Components::findComponents: found logger, addr:192.168.31.56:38701
    INFO    baseapp-1 10623 7001  [2018-06-17 12:28:50 374] - Components::addComponent: reset orderLog, uid=10623!
    INFO    baseapp-1 10623 7001  [2018-06-17 12:28:50 374] - Components::addComponent[logger], uid=10623, componentID=2000, globalorderid=1, grouporderid=1, totalcount=1
    INFO    baseapp-1 10623 7001  [2018-06-17 12:28:50 377] - Components::findComponents: find dbmgr(2)...
 WARNING    baseapp-1 10623 7001  [2018-06-17 12:28:51 477] - EntityApp::checkTickPeriod: tick took 1223% (1.22 seconds)!
    INFO    baseapp-1 10623 7001  [2018-06-17 12:28:52 553] - Components::findComponents: find dbmgr(3)...
 WARNING    baseapp-1 10623 7001  [2018-06-17 12:28:53 592] - EntityApp::checkTickPeriod: tick took 1139% (1.14 seconds)!
    INFO    baseapp-1 10694 7001  [2018-06-17 12:29:01 228] - -----------------------------------------------------------------------------------------


    INFO    baseapp-1 10694 7001  [2018-06-17 12:29:01 230] - Resmgr::initialize: KBE_ROOT=C:/Users/Public/Documents/workspace/kbe/kbengine-kbengine-v1.0.0/kbengine/
    INFO    baseapp-1 10694 7001  [2018-06-17 12:29:01 230] - Resmgr::initialize: KBE_RES_PATH=C:/Users/Public/Documents/workspace/kbe/kbengine-kbengine-v1.0.0/kbengine/kbe/res/;C:/Users/Public/Documents/workspace/kbe/kbengine-kbengine-v1.0.0/kbengine/assets/;C:/Users/Public/Documents/workspace/kbe/kbengine-kbengine-v1.0.0/kbengine/assets/scripts/;C:/Users/Public/Documents/workspace/kbe/kbengine-kbengine-v1.0.0/kbengine/assets/res/
    INFO    baseapp-1 10694 7001  [2018-06-17 12:29:01 231] - Resmgr::initialize: KBE_BIN_PATH=C:/Users/Public/Documents/workspace/kbe/kbengine-kbengine-v1.0.0/kbengine/kbe/bin/server/
    INFO    baseapp-1 10694 7001  [2018-06-17 12:29:01 329] - NetworkInterface::recreateListeningSocket(EXTERNAL): bound to all interfaces with default route interface on 192.168.31.56 ( 192.168.31.56:20015 )
    INFO    baseapp-1 10694 7001  [2018-06-17 12:29:01 329] - NetworkInterface::recreateListeningSocket(EXTERNAL): address 192.168.31.56:20015, SOMAXCONN=128.
    INFO    baseapp-1 10694 7001  [2018-06-17 12:29:01 341] - NetworkInterface::recreateListeningSocket(INTERNAL): bound to all interfaces with default route interface on 192.168.31.56 ( 192.168.31.56:38724 )
    INFO    baseapp-1 10694 7001  [2018-06-17 12:29:01 341] - NetworkInterface::recreateListeningSocket(INTERNAL): address 192.168.31.56:38724, SOMAXCONN=128.
    INFO    baseapp-1 10694 7001  [2018-06-17 12:29:01 342] - server-configs:
    INFO    baseapp-1 10694 7001  [2018-06-17 12:29:01 342] - 	gameUpdateHertz : 10
    INFO    baseapp-1 10694 7001  [2018-06-17 12:29:01 342] - 	entryScriptFile : kbemain
    INFO    baseapp-1 10694 7001  [2018-06-17 12:29:01 342] - 	internalAddr : 192.168.31.56:38724
    INFO    baseapp-1 10694 7001  [2018-06-17 12:29:01 343] - 	externalAddr : 192.168.31.56:20015
    INFO    baseapp-1 10694 7001  [2018-06-17 12:29:01 343] - 	componentID : 7001
    INFO    baseapp-1 10694 7001  [2018-06-17 12:29:02 200] - Components::findLogger: found logger, addr:192.168.31.56:38718
    INFO    baseapp-1 10694 7001  [2018-06-17 12:29:02 200] - Components::addComponent: reset orderLog, uid=10694!
    INFO    baseapp-1 10694 7001  [2018-06-17 12:29:02 200] - Components::addComponent[logger], uid=10694, componentID=2000, globalorderid=1, grouporderid=1, totalcount=1
    INFO    baseapp-1 10694 7001  [2018-06-17 12:29:02 208] - ---- baseapp Version: 1.0.0. ScriptVersion: 0.1.0. Protocol: B363447A744C7D8D9BBF49B8B8360068. Config: Debug X86. Built: 23:18:04 Jun 15 2018. AppID: 7001. UID: 10694. PID: 7288 ----
    INFO    baseapp-1 10694 7001  [2018-06-17 12:29:02 209] - Server :        Intel(R) Core(TM) i5-2415M CPU @ 2.30GHz with 4194303kB RAM
    INFO    baseapp-1 10694 7001  [2018-06-17 12:29:02 211] - ThreadPool::createThreadPool: creating  threadpool...
    INFO    baseapp-1 10694 7001  [2018-06-17 12:29:02 211] - ThreadPool::createThreadPool: successfully(2), newThreadCount=1, normalMaxThreadCount=2, maxThreadCount=8
   DEBUG    baseapp-1 10694 7001  [2018-06-17 12:29:02 356] - Script::install_py_dlls(): PyInit_pyexpat
   DEBUG    baseapp-1 10694 7001  [2018-06-17 12:29:02 357] - Script::install_py_dlls(): PyInit__socket
   DEBUG    baseapp-1 10694 7001  [2018-06-17 12:29:02 357] - Script::install_py_dlls(): PyInit__ssl
   DEBUG    baseapp-1 10694 7001  [2018-06-17 12:29:02 362] - Script::install_py_dlls(): PyInit__hashlib
   DEBUG    baseapp-1 10694 7001  [2018-06-17 12:29:02 362] - Script::install_py_dlls(): PyInit_select
   DEBUG    baseapp-1 10694 7001  [2018-06-17 12:29:02 363] - Script::install_py_dlls(): PyInit__ctypes
   DEBUG    baseapp-1 10694 7001  [2018-06-17 12:29:02 364] - Script::install_py_dlls(): PyInit__elementtree
   DEBUG    baseapp-1 10694 7001  [2018-06-17 12:29:02 422] - Script::install_py_dlls(): PyInit_unicodedata
    INFO    baseapp-1 10694 7001  [2018-06-17 12:29:02 487] - Script::install(): is successfully, Python=(3.4.2 (default, Jun 15 2018, 23:17:11) [MSC v.1913 32 bit (Intel)])!
    INFO    baseapp-1 10694 7001  [2018-06-17 12:29:02 487] - Script::install(): KBExtra is successfully!
   DEBUG    baseapp-1 10694 7001  [2018-06-17 12:29:02 497] - loaded script:Account(1).
    INFO    baseapp-1 10694 7001  [2018-06-17 12:29:02 498] - Baseapp::initializeEnd: started resmgr tick(60s)!
    INFO    baseapp-1 10694 7001  [2018-06-17 12:29:02 499] - TelnetServer server is running on port 40000
    INFO    baseapp-1 10694 7001  [2018-06-17 12:29:03 497] - ---- baseapp is running ----
   DEBUG    baseapp-1 10694 7001  [2018-06-17 12:29:03 501] - Components::process(): Request for the process of identity...
 WARNING    baseapp-1 10694 7001  [2018-06-17 12:29:07 367] - BundleBroadcast::BundleBroadcast: Cannot bind to port 20448, errorno=10048
 WARNING    baseapp-1 10694 7001  [2018-06-17 12:29:07 689] - BundleBroadcast::BundleBroadcast: Cannot bind to port 20519, errorno=10048
 WARNING    baseapp-1 10694 7001  [2018-06-17 12:29:10 740] - EntityApp::checkTickPeriod: tick took 7244% (7.24 seconds)!
    INFO    baseapp-1 10694 7001  [2018-06-17 12:29:11 796] - Components::findComponents: find dbmgr(1)...
 WARNING    baseapp-1 10694 7001  [2018-06-17 12:29:12 839] - EntityApp::checkTickPeriod: tick took 1143% (1.14 seconds)!
    INFO    baseapp-1 10694 7001  [2018-06-17 12:29:13 842] - Components::findComponents: find dbmgr(2)...
 WARNING    baseapp-1 10694 7001  [2018-06-17 12:29:14 860] - EntityApp::checkTickPeriod: tick took 1064% (1.06 seconds)!
    INFO    baseapp-1 10694 7001  [2018-06-17 12:29:15 896] - Components::findComponents: find dbmgr(3)...
 WARNING    baseapp-1 10694 7001  [2018-06-17 12:29:16 981] - EntityApp::checkTickPeriod: tick took 1185% (1.18 seconds)!
    INFO    baseapp-1 10694 7001  [2018-06-17 12:29:17 996] - Components::findComponents: find dbmgr(4)...
 WARNING    baseapp-1 10694 7001  [2018-06-17 12:29:19 040] - EntityApp::checkTickPeriod: tick took 1144% (1.14 seconds)!
    INFO    baseapp-1 10694 7001  [2018-06-17 12:29:20 043] - Components::findComponents: find dbmgr(5)...
 WARNING    baseapp-1 10694 7001  [2018-06-17 12:29:21 058] - EntityApp::checkTickPeriod: tick took 1062% (1.06 seconds)!
    INFO    baseapp-1 10694 7001  [2018-06-17 12:29:22 096] - Components::findComponents: find dbmgr(6)...
 WARNING    baseapp-1 10694 7001  [2018-06-17 12:29:23 180] - EntityApp::checkTickPeriod: tick took 1184% (1.18 seconds)!
    INFO    baseapp-1 10694 7001  [2018-06-17 12:29:24 196] - Components::findComponents: find dbmgr(7)...
 WARNING    baseapp-1 10694 7001  [2018-06-17 12:29:25 297] - EntityApp::checkTickPeriod: tick took 1201% (1.20 seconds)!
    INFO    baseapp-1 10694 7001  [2018-06-17 12:29:26 342] - Components::findComponents: find dbmgr(8)...
 WARNING    baseapp-1 10694 7001  [2018-06-17 12:29:27 421] - EntityApp::checkTickPeriod: tick took 1125% (1.13 seconds)!
    INFO    baseapp-1 10694 7001  [2018-06-17 12:29:28 442] - Components::findComponents: find dbmgr(9)...
 WARNING    baseapp-1 10694 7001  [2018-06-17 12:29:29 536] - EntityApp::checkTickPeriod: tick took 1141% (1.14 seconds)!
    INFO    baseapp-1 10694 7001  [2018-06-17 12:29:30 542] - Components::findComponents: find dbmgr(10)...
 WARNING    baseapp-1 10694 7001  [2018-06-17 12:29:31 551] - EntityApp::checkTickPeriod: tick took 1056% (1.06 seconds)!
    INFO    baseapp-1 10694 7001  [2018-06-17 12:29:32 595] - Components::findComponents: find dbmgr(11)...
 WARNING    baseapp-1 10694 7001  [2018-06-17 12:29:33 667] - EntityApp::checkTickPeriod: tick took 1172% (1.17 seconds)!
    INFO    baseapp-1 10694 7001  [2018-06-17 12:29:34 696] - Components::findComponents: find dbmgr(12)...
 WARNING    baseapp-1 10694 7001  [2018-06-17 12:29:35 784] - EntityApp::checkTickPeriod: tick took 1188% (1.19 seconds)!
    INFO    baseapp-1 10694 7001  [2018-06-17 12:29:36 796] - Components::findComponents: find dbmgr(13)...
 WARNING    baseapp-1 10694 7001  [2018-06-17 12:29:37 901] - EntityApp::checkTickPeriod: tick took 1205% (1.21 seconds)!
    INFO    baseapp-1 10694 7001  [2018-06-17 12:29:38 942] - Components::findComponents: find dbmgr(14)...
 WARNING    baseapp-1 10694 7001  [2018-06-17 12:29:40 016] - EntityApp::checkTickPeriod: tick took 1121% (1.12 seconds)!
    INFO    baseapp-1 10694 7001  [2018-06-17 12:29:41 042] - Components::findComponents: find dbmgr(15)...
 WARNING    baseapp-1 10694 7001  [2018-06-17 12:29:42 133] - EntityApp::checkTickPeriod: tick took 1138% (1.14 seconds)!
    INFO    baseapp-1 10694 7001  [2018-06-17 12:29:43 142] - Components::findComponents: find dbmgr(16)...
 WARNING    baseapp-1 10694 7001  [2018-06-17 12:29:44 152] - EntityApp::checkTickPeriod: tick took 1057% (1.06 seconds)!
 WARNING    baseapp-1 10694 7001  [2018-06-17 12:29:45 195] - Components::findComponents: find dbmgr(17)...
delay time is too long, please check the dbmgr logs!
 WARNING    baseapp-1 10694 7001  [2018-06-17 12:29:46 269] - EntityApp::checkTickPeriod: tick took 1174% (1.17 seconds)!
 WARNING    baseapp-1 10694 7001  [2018-06-17 12:29:47 295] - Components::findComponents: find dbmgr(18)...
delay time is too long, please check the dbmgr logs!
 WARNING    baseapp-1 10694 7001  [2018-06-17 12:29:48 385] - EntityApp::checkTickPeriod: tick took 1190% (1.19 seconds)!
 WARNING    baseapp-1 10694 7001  [2018-06-17 12:29:49 394] - Components::findComponents: find dbmgr(19)...
delay time is too long, please check the dbmgr logs!
 WARNING    baseapp-1 10694 7001  [2018-06-17 12:29:50 401] - EntityApp::checkTickPeriod: tick took 1107% (1.11 seconds)!
 WARNING    baseapp-1 10694 7001  [2018-06-17 12:29:51 441] - Components::findComponents: find dbmgr(20)...
delay time is too long, please check the dbmgr logs!
 WARNING    baseapp-1 10694 7001  [2018-06-17 12:29:52 519] - EntityApp::checkTickPeriod: tick took 1123% (1.12 seconds)!
 WARNING    baseapp-1 10694 7001  [2018-06-17 12:29:53 542] - Components::findComponents: find dbmgr(21)...
delay time is too long, please check the dbmgr logs!
 WARNING    baseapp-1 10694 7001  [2018-06-17 12:29:54 638] - EntityApp::checkTickPeriod: tick took 1143% (1.14 seconds)!
 WARNING    baseapp-1 10694 7001  [2018-06-17 12:29:55 641] - Components::findComponents: find dbmgr(22)...
delay time is too long, please check the dbmgr logs!
 WARNING    baseapp-1 10694 7001  [2018-06-17 12:29:56 654] - EntityApp::checkTickPeriod: tick took 1059% (1.06 seconds)!
 WARNING    baseapp-1 10694 7001  [2018-06-17 12:29:57 695] - Components::findComponents: find dbmgr(23)...
delay time is too long, please check the dbmgr logs!
 WARNING    baseapp-1 10694 7001  [2018-06-17 12:29:58 770] - EntityApp::checkTickPeriod: tick took 1175% (1.17 seconds)!
 WARNING    baseapp-1 10694 7001  [2018-06-17 12:29:59 794] - Components::findComponents: find dbmgr(24)...
delay time is too long, please check the dbmgr logs!
 WARNING    baseapp-1 10694 7001  [2018-06-17 12:30:00 890] - EntityApp::checkTickPeriod: tick took 1196% (1.20 seconds)!
 WARNING    baseapp-1 10694 7001  [2018-06-17 12:30:01 894] - Components::findComponents: find dbmgr(25)...
delay time is too long, please check the dbmgr logs!
 WARNING    baseapp-1 10694 7001  [2018-06-17 12:30:02 907] - EntityApp::checkTickPeriod: tick took 1113% (1.11 seconds)!
 WARNING    baseapp-1 10694 7001  [2018-06-17 12:30:03 941] - Components::findComponents: find dbmgr(26)...
delay time is too long, please check the dbmgr logs!
 WARNING    baseapp-1 10694 7001  [2018-06-17 12:30:05 024] - EntityApp::checkTickPeriod: tick took 1130% (1.13 seconds)!
 WARNING    baseapp-1 10694 7001  [2018-06-17 12:30:06 041] - Components::findComponents: find dbmgr(27)...
delay time is too long, please check the dbmgr logs!
 WARNING    baseapp-1 10694 7001  [2018-06-17 12:30:07 141] - EntityApp::checkTickPeriod: tick took 1147% (1.15 seconds)!
 WARNING    baseapp-1 10694 7001  [2018-06-17 12:30:08 194] - Components::findComponents: find dbmgr(28)...
delay time is too long, please check the dbmgr logs!
 WARNING    baseapp-1 10694 7001  [2018-06-17 12:30:09 260] - EntityApp::checkTickPeriod: tick took 1166% (1.17 seconds)!
 WARNING    baseapp-1 10694 7001  [2018-06-17 12:30:10 295] - Components::findComponents: find dbmgr(29)...
delay time is too long, please check the dbmgr logs!
 WARNING    baseapp-1 10694 7001  [2018-06-17 12:30:11 385] - EntityApp::checkTickPeriod: tick took 1190% (1.19 seconds)!
    INFO    baseapp-1 11690 7001  [2018-06-17 12:34:06 459] - -----------------------------------------------------------------------------------------


    INFO    baseapp-1 11690 7001  [2018-06-17 12:34:06 460] - Resmgr::initialize: KBE_ROOT=C:/Users/Public/Documents/workspace/kbe/kbengine-kbengine-v1.0.0/kbengine/
    INFO    baseapp-1 11690 7001  [2018-06-17 12:34:06 461] - Resmgr::initialize: KBE_RES_PATH=C:/Users/Public/Documents/workspace/kbe/kbengine-kbengine-v1.0.0/kbengine/kbe/res/;C:/Users/Public/Documents/workspace/kbe/kbengine-kbengine-v1.0.0/kbengine/assets/;C:/Users/Public/Documents/workspace/kbe/kbengine-kbengine-v1.0.0/kbengine/assets/scripts/;C:/Users/Public/Documents/workspace/kbe/kbengine-kbengine-v1.0.0/kbengine/assets/res/
    INFO    baseapp-1 11690 7001  [2018-06-17 12:34:06 462] - Resmgr::initialize: KBE_BIN_PATH=C:/Users/Public/Documents/workspace/kbe/kbengine-kbengine-v1.0.0/kbengine/kbe/bin/server/
    INFO    baseapp-1 11690 7001  [2018-06-17 12:34:06 498] - NetworkInterface::recreateListeningSocket(EXTERNAL): bound to all interfaces with default route interface on 192.168.31.56 ( 192.168.31.56:20015 )
    INFO    baseapp-1 11690 7001  [2018-06-17 12:34:06 498] - NetworkInterface::recreateListeningSocket(EXTERNAL): address 192.168.31.56:20015, SOMAXCONN=128.
    INFO    baseapp-1 11690 7001  [2018-06-17 12:34:06 534] - NetworkInterface::recreateListeningSocket(INTERNAL): bound to all interfaces with default route interface on 192.168.31.56 ( 192.168.31.56:38769 )
    INFO    baseapp-1 11690 7001  [2018-06-17 12:34:06 535] - NetworkInterface::recreateListeningSocket(INTERNAL): address 192.168.31.56:38769, SOMAXCONN=128.
    INFO    baseapp-1 11690 7001  [2018-06-17 12:34:06 535] - server-configs:
    INFO    baseapp-1 11690 7001  [2018-06-17 12:34:06 535] - 	gameUpdateHertz : 10
    INFO    baseapp-1 11690 7001  [2018-06-17 12:34:06 536] - 	entryScriptFile : kbemain
    INFO    baseapp-1 11690 7001  [2018-06-17 12:34:06 536] - 	internalAddr : 192.168.31.56:38769
    INFO    baseapp-1 11690 7001  [2018-06-17 12:34:06 536] - 	externalAddr : 192.168.31.56:20015
    INFO    baseapp-1 11690 7001  [2018-06-17 12:34:06 537] - 	componentID : 7001
    INFO    baseapp-1 11690 7001  [2018-06-17 12:34:08 642] - ---- baseapp Version: 1.0.0. ScriptVersion: 0.1.0. Protocol: B363447A744C7D8D9BBF49B8B8360068. Config: Debug X86. Built: 23:18:04 Jun 15 2018. AppID: 7001. UID: 11690. PID: 17856 ----
    INFO    baseapp-1 11690 7001  [2018-06-17 12:34:08 643] - Server :        Intel(R) Core(TM) i5-2415M CPU @ 2.30GHz with 4194303kB RAM
    INFO    baseapp-1 11690 7001  [2018-06-17 12:34:08 644] - ThreadPool::createThreadPool: creating  threadpool...
    INFO    baseapp-1 11690 7001  [2018-06-17 12:34:08 644] - ThreadPool::createThreadPool: successfully(2), newThreadCount=1, normalMaxThreadCount=2, maxThreadCount=8
   DEBUG    baseapp-1 11690 7001  [2018-06-17 12:34:08 856] - Script::install_py_dlls(): PyInit_pyexpat
   DEBUG    baseapp-1 11690 7001  [2018-06-17 12:34:08 857] - Script::install_py_dlls(): PyInit__socket
   DEBUG    baseapp-1 11690 7001  [2018-06-17 12:34:08 858] - Script::install_py_dlls(): PyInit__ssl
   DEBUG    baseapp-1 11690 7001  [2018-06-17 12:34:08 865] - Script::install_py_dlls(): PyInit__hashlib
   DEBUG    baseapp-1 11690 7001  [2018-06-17 12:34:08 866] - Script::install_py_dlls(): PyInit_select
   DEBUG    baseapp-1 11690 7001  [2018-06-17 12:34:08 866] - Script::install_py_dlls(): PyInit__ctypes
   DEBUG    baseapp-1 11690 7001  [2018-06-17 12:34:08 868] - Script::install_py_dlls(): PyInit__elementtree
   DEBUG    baseapp-1 11690 7001  [2018-06-17 12:34:09 018] - Script::install_py_dlls(): PyInit_unicodedata
    INFO    baseapp-1 11690 7001  [2018-06-17 12:34:09 167] - Script::install(): is successfully, Python=(3.4.2 (default, Jun 15 2018, 23:17:11) [MSC v.1913 32 bit (Intel)])!
    INFO    baseapp-1 11690 7001  [2018-06-17 12:34:09 168] - Script::install(): KBExtra is successfully!
   DEBUG    baseapp-1 11690 7001  [2018-06-17 12:34:09 186] - loaded script:Account(1).
    INFO    baseapp-1 11690 7001  [2018-06-17 12:34:09 186] - Baseapp::initializeEnd: started resmgr tick(60s)!
    INFO    baseapp-1 11690 7001  [2018-06-17 12:34:09 187] - TelnetServer server is running on port 40000
    INFO    baseapp-1 11690 7001  [2018-06-17 12:34:10 295] - ---- baseapp is running ----
   DEBUG    baseapp-1 11690 7001  [2018-06-17 12:34:10 296] - Components::process(): Request for the process of identity...
 WARNING    baseapp-1 11690 7001  [2018-06-17 12:34:16 408] - EntityApp::checkTickPeriod: tick took 6112% (6.11 seconds)!
    INFO    baseapp-1 11690 7001  [2018-06-17 12:34:17 468] - Components::findComponents: find logger(1)...
    INFO    baseapp-1 11690 7001  [2018-06-17 12:34:17 488] - Components::findComponents: found logger, addr:192.168.31.56:38772
    INFO    baseapp-1 11690 7001  [2018-06-17 12:34:17 488] - Components::addComponent: reset orderLog, uid=11690!
    INFO    baseapp-1 11690 7001  [2018-06-17 12:34:17 488] - Components::addComponent[logger], uid=11690, componentID=2000, globalorderid=1, grouporderid=1, totalcount=1
    INFO    baseapp-1 11690 7001  [2018-06-17 12:34:17 490] - Components::findComponents: find dbmgr(2)...
    INFO    baseapp-1 11690 7001  [2018-06-17 12:34:17 592] - Components::findComponents: found dbmgr, addr:192.168.31.56:38776
    INFO    baseapp-1 11690 7001  [2018-06-17 12:34:17 592] - Components::addComponent: reset orderLog, uid=11690!
    INFO    baseapp-1 11690 7001  [2018-06-17 12:34:17 593] - Components::addComponent[dbmgr], uid=11690, componentID=4000, globalorderid=1, grouporderid=1, totalcount=1
    INFO    baseapp-1 11690 7001  [2018-06-17 12:34:17 593] - Components::findComponents: found dbmgr, addr:192.168.31.56:38776
 WARNING    baseapp-1 11690 7001  [2018-06-17 12:34:18 594] - EntityApp::checkTickPeriod: tick took 1198% (1.20 seconds)!
    INFO    baseapp-1 11690 7001  [2018-06-17 12:34:19 596] - Components::findComponents: find baseappmgr(1)...
    INFO    baseapp-1 11690 7001  [2018-06-17 12:34:19 614] - Components::findComponents: found baseappmgr, addr:192.168.31.56:38773
    INFO    baseapp-1 11690 7001  [2018-06-17 12:34:19 614] - Components::addComponent[baseappmgr], uid=11690, componentID=5000, globalorderid=2, grouporderid=1, totalcount=1
    INFO    baseapp-1 11690 7001  [2018-06-17 12:34:19 615] - Components::findComponents: found baseappmgr, addr:192.168.31.56:38773
 WARNING    baseapp-1 11690 7001  [2018-06-17 12:34:20 615] - EntityApp::checkTickPeriod: tick took 1119% (1.12 seconds)!
    INFO    baseapp-1 11690 7001  [2018-06-17 12:34:21 668] - Components::findComponents: find cellappmgr(1)...
    INFO    baseapp-1 11690 7001  [2018-06-17 12:34:21 726] - Components::findComponents: found cellappmgr, addr:192.168.31.56:38770
    INFO    baseapp-1 11690 7001  [2018-06-17 12:34:21 726] - Components::addComponent[cellappmgr], uid=11690, componentID=6000, globalorderid=3, grouporderid=1, totalcount=1
    INFO    baseapp-1 11690 7001  [2018-06-17 12:34:21 727] - Components::findComponents: found cellappmgr, addr:192.168.31.56:38770
 WARNING    baseapp-1 11690 7001  [2018-06-17 12:34:22 727] - EntityApp::checkTickPeriod: tick took 1131% (1.13 seconds)!
    INFO    baseapp-1 11690 7001  [2018-06-17 12:34:23 868] - Components::findComponents: register self to dbmgr...
   DEBUG    baseapp-1 11690 7001  [2018-06-17 12:34:23 869] - SyncEntityStreamTemplateHandler::~SyncEntityStreamTemplateHandler()
    INFO    baseapp-1 11690 7001  [2018-06-17 12:34:23 895] - Components::findComponents: register self to baseappmgr...
    INFO    baseapp-1 11690 7001  [2018-06-17 12:34:23 932] - Components::findComponents: register self to cellappmgr...
    INFO    baseapp-1 11690 7001  [2018-06-17 12:34:23 933] - Components::process(): Found all the components!
    INFO    baseapp-1 11690 7001  [2018-06-17 12:34:23 995] - ServerApp::onRegisterNewApp: uid:11690, username:, componentType:cellapp, componentID:8001, globalorderID=-1, grouporderID=-1, intaddr:192.168.31.56, intport:38774, extaddr:nonsupport, extport:0,  from 192.168.31.56:38801/0/0/0.
    INFO    baseapp-1 11690 7001  [2018-06-17 12:34:23 995] - Components::addComponent[cellapp], uid=11690, componentID=8001, globalorderid=4, grouporderid=1, totalcount=1
    INFO    baseapp-1 11690 7001  [2018-06-17 12:34:23 995] - ServerApp::onRegisterNewApp: uid:11690, username:, componentType:cellapp, componentID:8001, globalorderID=-1, grouporderID=-1, intaddr:192.168.31.56, intport:38774, extaddr:nonsupport, extport:0,  from 192.168.31.56:38801/0/0/0.
    INFO    baseapp-1 11690 7001  [2018-06-17 12:34:26 995] - EntityApp::onDbmgrInitCompleted: entityID alloc(2001-4001), startGlobalOrder=6, startGroupOrder=1, digest=363BB7D9C7C9010E5779213C13D38542.
    INFO    baseapp01 11690 7001  [2018-06-17 12:34:26 995] - IDClient::onAddRange: number of ids increased from 2001 to 4001.
  S_INFO    baseapp01 11690 7001  [2018-06-17 12:34:28 200] - onInit::isReload:0
 WARNING    baseapp01 11690 7001  [2018-06-17 12:34:28 200] - c:\users\public\documents\workspace\kbe\kbengine-kbengine-v1.0.0\kbengine\kbe\src\lib\server\entity_app.h:758: Profile processRecvMessages took 1.21 seconds
 WARNING    baseapp01 11690 7001  [2018-06-17 12:34:28 201] - c:\users\public\documents\workspace\kbe\kbengine-kbengine-v1.0.0\kbengine\kbe\src\server\baseapp\baseapp.cpp:511: Profile gameTick took 1.21 seconds
 WARNING    baseapp01 11690 7001  [2018-06-17 12:34:28 201] - c:\users\public\documents\workspace\kbe\kbengine-kbengine-v1.0.0\kbengine\kbe\src\lib\network\event_dispatcher.cpp:171: Profile callSystemTimers took 1.21 seconds
 WARNING    baseapp01 11690 7001  [2018-06-17 12:34:28 202] - EntityApp::checkTickPeriod: tick took 1206% (1.21 seconds)!
   DEBUG    baseapp01 11690 7001  [2018-06-17 12:34:28 495] - EntityAutoLoader::~EntityAutoLoader()
  S_INFO    baseapp01 11690 7001  [2018-06-17 12:34:28 567] - onBaseAppReady: isBootstrap=True, appID=7001, bootstrapGroupIndex=1, bootstrapGlobalIndex=6
   DEBUG    baseapp01 11690 7001  [2018-06-17 12:34:28 595] - InitProgressHandler::~InitProgressHandler()
