    INFO cellappmgr-1 23895 6000  [2018-07-03 14:15:25 932] - -----------------------------------------------------------------------------------------


    INFO cellappmgr-1 23895 6000  [2018-07-03 14:15:25 932] - Resmgr::initialize: KBE_ROOT=C:/Users/Public/Documents/workspace/kbe/kbengine-kbengine-v1.0.0/kbengine/
    INFO cellappmgr-1 23895 6000  [2018-07-03 14:15:25 932] - Resmgr::initialize: KBE_RES_PATH=C:/Users/Public/Documents/workspace/kbe/kbengine-kbengine-v1.0.0/kbengine/kbe/res/;C:/Users/Public/Documents/workspace/kbe/kbengine-kbengine-v1.0.0/kbengine/assets/;C:/Users/Public/Documents/workspace/kbe/kbengine-kbengine-v1.0.0/kbengine/assets/scripts/;C:/Users/Public/Documents/workspace/kbe/kbengine-kbengine-v1.0.0/kbengine/assets/res/
    INFO cellappmgr-1 23895 6000  [2018-07-03 14:15:25 932] - Resmgr::initialize: KBE_BIN_PATH=C:/Users/Public/Documents/workspace/kbe/kbengine-kbengine-v1.0.0/kbengine/kbe/bin/server/
    INFO cellappmgr-1 23895 6000  [2018-07-03 14:15:25 942] - NetworkInterface::recreateListeningSocket(INTERNAL): bound to all interfaces with default route interface on 192.168.31.56 ( 192.168.31.56:5931 )
    INFO cellappmgr-1 23895 6000  [2018-07-03 14:15:25 942] - NetworkInterface::recreateListeningSocket(INTERNAL): address 192.168.31.56:5931, SOMAXCONN=5.
    INFO cellappmgr-1 23895 6000  [2018-07-03 14:15:25 942] - server-configs:
    INFO cellappmgr-1 23895 6000  [2018-07-03 14:15:25 942] - 	internalAddr : 192.168.31.56:5931
    INFO cellappmgr-1 23895 6000  [2018-07-03 14:15:25 942] - 	componentID : 6000
    INFO cellappmgr-1 23895 6000  [2018-07-03 14:15:27 446] - ---- cellappmgr Version: 1.0.0. ScriptVersion: 0.1.0. Protocol: 4DB355AF7E9E5C64AC2350017EABAC22. Config: Debug X86. Built: 23:17:32 Jun 15 2018. AppID: 6000. UID: 23895. PID: 5600 ----
    INFO cellappmgr-1 23895 6000  [2018-07-03 14:15:27 446] - Server :        Intel(R) Core(TM) i5-2415M CPU @ 2.30GHz with 4194303kB RAM
    INFO cellappmgr-1 23895 6000  [2018-07-03 14:15:27 446] - ThreadPool::createThreadPool: creating  threadpool...
    INFO cellappmgr-1 23895 6000  [2018-07-03 14:15:27 446] - ThreadPool::createThreadPool: successfully(2), newThreadCount=1, normalMaxThreadCount=2, maxThreadCount=8
    INFO cellappmgr-1 23895 6000  [2018-07-03 14:15:28 816] - ---- cellappmgr is running ----
   DEBUG cellappmgr-1 23895 6000  [2018-07-03 14:15:28 816] - Components::process(): Request for the process of identity...
    INFO cellappmgr-1 23895 6000  [2018-07-03 14:15:35 930] - Components::findComponents: find logger(1)...
    INFO cellappmgr-1 23895 6000  [2018-07-03 14:15:36 000] - Components::findComponents: found logger, addr:192.168.31.56:5930
    INFO cellappmgr-1 23895 6000  [2018-07-03 14:15:36 000] - Components::addComponent: reset orderLog, uid=23895!
    INFO cellappmgr-1 23895 6000  [2018-07-03 14:15:36 000] - Components::addComponent[logger], uid=23895, componentID=2000, globalorderid=1, grouporderid=1, totalcount=1
    INFO cellappmgr-1 23895 6000  [2018-07-03 14:15:36 000] - Components::findComponents: find dbmgr(2)...
    INFO cellappmgr-1 23895 6000  [2018-07-03 14:15:38 110] - Components::findComponents: find dbmgr(3)...
    INFO cellappmgr-1 23895 6000  [2018-07-03 14:15:40 211] - Components::findComponents: find dbmgr(4)...
    INFO cellappmgr-1 23895 6000  [2018-07-03 14:15:42 312] - Components::findComponents: find dbmgr(5)...
    INFO cellappmgr-1 23895 6000  [2018-07-03 14:15:44 412] - Components::findComponents: find dbmgr(6)...
    INFO cellappmgr-1 23895 6000  [2018-07-03 14:15:46 512] - Components::findComponents: find dbmgr(7)...
    INFO cellappmgr-1 23895 6000  [2018-07-03 14:15:48 604] - Components::findComponents: find dbmgr(8)...
    INFO cellappmgr-1 23895 6000  [2018-07-03 14:15:50 648] - Components::findComponents: find dbmgr(9)...
    INFO cellappmgr-1 23895 6000  [2018-07-03 14:15:52 739] - Components::findComponents: find dbmgr(10)...
    INFO cellappmgr-1 23895 6000  [2018-07-03 14:15:54 849] - Components::findComponents: find dbmgr(11)...
    INFO cellappmgr-1 23895 6000  [2018-07-03 14:15:56 944] - Components::findComponents: find dbmgr(12)...
    INFO cellappmgr-1 23895 6000  [2018-07-03 14:15:59 065] - Components::findComponents: find dbmgr(13)...
    INFO cellappmgr-1 23895 6000  [2018-07-03 14:16:01 185] - Components::findComponents: find dbmgr(14)...
    INFO cellappmgr-1 23895 6000  [2018-07-03 14:16:03 267] - Components::findComponents: find dbmgr(15)...
    INFO cellappmgr-1 23895 6000  [2018-07-03 14:16:05 387] - Components::findComponents: find dbmgr(16)...
 WARNING cellappmgr-1 23895 6000  [2018-07-03 14:16:07 487] - Components::findComponents: find dbmgr(17)...
delay time is too long, please check the dbmgr logs!
 WARNING cellappmgr-1 23895 6000  [2018-07-03 14:16:09 588] - Components::findComponents: find dbmgr(18)...
delay time is too long, please check the dbmgr logs!
 WARNING cellappmgr-1 23895 6000  [2018-07-03 14:16:11 688] - Components::findComponents: find dbmgr(19)...
delay time is too long, please check the dbmgr logs!
 WARNING cellappmgr-1 23895 6000  [2018-07-03 14:16:13 788] - Components::findComponents: find dbmgr(20)...
delay time is too long, please check the dbmgr logs!
 WARNING cellappmgr-1 23895 6000  [2018-07-03 14:16:15 871] - Components::findComponents: find dbmgr(21)...
delay time is too long, please check the dbmgr logs!
 WARNING cellappmgr-1 23895 6000  [2018-07-03 14:16:17 905] - Components::findComponents: find dbmgr(22)...
delay time is too long, please check the dbmgr logs!
 WARNING cellappmgr-1 23895 6000  [2018-07-03 14:16:20 025] - Components::findComponents: find dbmgr(23)...
delay time is too long, please check the dbmgr logs!
 WARNING cellappmgr-1 23895 6000  [2018-07-03 14:16:22 140] - Components::findComponents: find dbmgr(24)...
delay time is too long, please check the dbmgr logs!
 WARNING cellappmgr-1 23895 6000  [2018-07-03 14:16:24 165] - Components::findComponents: find dbmgr(25)...
delay time is too long, please check the dbmgr logs!
 WARNING cellappmgr-1 23895 6000  [2018-07-03 14:16:26 285] - Components::findComponents: find dbmgr(26)...
delay time is too long, please check the dbmgr logs!
 WARNING cellappmgr-1 23895 6000  [2018-07-03 14:16:28 385] - Components::findComponents: find dbmgr(27)...
delay time is too long, please check the dbmgr logs!
 WARNING cellappmgr-1 23895 6000  [2018-07-03 14:16:30 404] - Components::findComponents: find dbmgr(28)...
delay time is too long, please check the dbmgr logs!
 WARNING cellappmgr-1 23895 6000  [2018-07-03 14:16:32 425] - Components::findComponents: find dbmgr(29)...
delay time is too long, please check the dbmgr logs!
 WARNING cellappmgr-1 23895 6000  [2018-07-03 14:16:34 465] - Components::findComponents: find dbmgr(30)...
delay time is too long, please check the dbmgr logs!
 WARNING cellappmgr-1 23895 6000  [2018-07-03 14:16:36 585] - Components::findComponents: find dbmgr(31)...
delay time is too long, please check the dbmgr logs!
 WARNING cellappmgr-1 23895 6000  [2018-07-03 14:16:38 605] - Components::findComponents: find dbmgr(32)...
delay time is too long, please check the dbmgr logs!
 WARNING cellappmgr-1 23895 6000  [2018-07-03 14:16:40 640] - Components::findComponents: find dbmgr(33)...
delay time is too long, please check the dbmgr logs!
 WARNING cellappmgr-1 23895 6000  [2018-07-03 14:16:42 685] - Components::findComponents: find dbmgr(34)...
delay time is too long, please check the dbmgr logs!
 WARNING cellappmgr-1 23895 6000  [2018-07-03 14:16:44 805] - Components::findComponents: find dbmgr(35)...
delay time is too long, please check the dbmgr logs!
 WARNING cellappmgr-1 23895 6000  [2018-07-03 14:16:46 865] - Components::findComponents: find dbmgr(36)...
delay time is too long, please check the dbmgr logs!
 WARNING cellappmgr-1 23895 6000  [2018-07-03 14:16:48 906] - Components::findComponents: find dbmgr(37)...
delay time is too long, please check the dbmgr logs!
 WARNING cellappmgr-1 23895 6000  [2018-07-03 14:16:50 941] - Components::findComponents: find dbmgr(38)...
delay time is too long, please check the dbmgr logs!
 WARNING cellappmgr-1 23895 6000  [2018-07-03 14:16:52 966] - Components::findComponents: find dbmgr(39)...
delay time is too long, please check the dbmgr logs!
 WARNING cellappmgr-1 23895 6000  [2018-07-03 14:16:54 986] - Components::findComponents: find dbmgr(40)...
delay time is too long, please check the dbmgr logs!
 WARNING cellappmgr-1 23895 6000  [2018-07-03 14:16:57 005] - Components::findComponents: find dbmgr(41)...
delay time is too long, please check the dbmgr logs!
 WARNING cellappmgr-1 23895 6000  [2018-07-03 14:16:59 025] - Components::findComponents: find dbmgr(42)...
delay time is too long, please check the dbmgr logs!
 WARNING cellappmgr-1 23895 6000  [2018-07-03 14:17:01 041] - Components::findComponents: find dbmgr(43)...
delay time is too long, please check the dbmgr logs!
 WARNING cellappmgr-1 23895 6000  [2018-07-03 14:17:03 165] - Components::findComponents: find dbmgr(44)...
delay time is too long, please check the dbmgr logs!
 WARNING cellappmgr-1 23895 6000  [2018-07-03 14:17:05 205] - Components::findComponents: find dbmgr(45)...
delay time is too long, please check the dbmgr logs!
 WARNING cellappmgr-1 23895 6000  [2018-07-03 14:17:07 306] - Components::findComponents: find dbmgr(46)...
delay time is too long, please check the dbmgr logs!
    INFO cellappmgr-1 24264 6000  [2018-07-03 14:17:18 397] - -----------------------------------------------------------------------------------------


    INFO cellappmgr-1 24264 6000  [2018-07-03 14:17:18 397] - Resmgr::initialize: KBE_ROOT=C:/Users/Public/Documents/workspace/kbe/kbengine-kbengine-v1.0.0/kbengine/
    INFO cellappmgr-1 24264 6000  [2018-07-03 14:17:18 398] - Resmgr::initialize: KBE_RES_PATH=C:/Users/Public/Documents/workspace/kbe/kbengine-kbengine-v1.0.0/kbengine/kbe/res/;C:/Users/Public/Documents/workspace/kbe/kbengine-kbengine-v1.0.0/kbengine/assets/;C:/Users/Public/Documents/workspace/kbe/kbengine-kbengine-v1.0.0/kbengine/assets/scripts/;C:/Users/Public/Documents/workspace/kbe/kbengine-kbengine-v1.0.0/kbengine/assets/res/
    INFO cellappmgr-1 24264 6000  [2018-07-03 14:17:18 398] - Resmgr::initialize: KBE_BIN_PATH=C:/Users/Public/Documents/workspace/kbe/kbengine-kbengine-v1.0.0/kbengine/kbe/bin/server/
    INFO cellappmgr-1 24264 6000  [2018-07-03 14:17:18 410] - NetworkInterface::recreateListeningSocket(INTERNAL): bound to all interfaces with default route interface on 192.168.31.56 ( 192.168.31.56:6002 )
    INFO cellappmgr-1 24264 6000  [2018-07-03 14:17:18 411] - NetworkInterface::recreateListeningSocket(INTERNAL): address 192.168.31.56:6002, SOMAXCONN=5.
    INFO cellappmgr-1 24264 6000  [2018-07-03 14:17:18 411] - server-configs:
    INFO cellappmgr-1 24264 6000  [2018-07-03 14:17:18 411] - 	internalAddr : 192.168.31.56:6002
    INFO cellappmgr-1 24264 6000  [2018-07-03 14:17:18 412] - 	componentID : 6000
    INFO cellappmgr-1 24264 6000  [2018-07-03 14:17:19 926] - ---- cellappmgr Version: 1.0.0. ScriptVersion: 0.1.0. Protocol: 4DB355AF7E9E5C64AC2350017EABAC22. Config: Debug X86. Built: 23:17:32 Jun 15 2018. AppID: 6000. UID: 24264. PID: 8196 ----
    INFO cellappmgr-1 24264 6000  [2018-07-03 14:17:19 927] - Server :        Intel(R) Core(TM) i5-2415M CPU @ 2.30GHz with 4194303kB RAM
    INFO cellappmgr-1 24264 6000  [2018-07-03 14:17:19 928] - ThreadPool::createThreadPool: creating  threadpool...
    INFO cellappmgr-1 24264 6000  [2018-07-03 14:17:19 928] - ThreadPool::createThreadPool: successfully(2), newThreadCount=1, normalMaxThreadCount=2, maxThreadCount=8
    INFO cellappmgr-1 24264 6000  [2018-07-03 14:17:21 105] - ---- cellappmgr is running ----
   DEBUG cellappmgr-1 24264 6000  [2018-07-03 14:17:21 105] - Components::process(): Request for the process of identity...
    INFO cellappmgr-1 24264 6000  [2018-07-03 14:17:28 670] - Components::findComponents: find logger(1)...
    INFO cellappmgr-1 24264 6000  [2018-07-03 14:17:28 743] - Components::findComponents: found logger, addr:192.168.31.56:5999
    INFO cellappmgr-1 24264 6000  [2018-07-03 14:17:28 744] - Components::addComponent: reset orderLog, uid=24264!
    INFO cellappmgr-1 24264 6000  [2018-07-03 14:17:28 744] - Components::addComponent[logger], uid=24264, componentID=2000, globalorderid=1, grouporderid=1, totalcount=1
    INFO cellappmgr-1 24264 6000  [2018-07-03 14:17:28 746] - Components::findComponents: find dbmgr(2)...
    INFO cellappmgr-1 24264 6000  [2018-07-03 14:17:28 846] - Components::findComponents: found dbmgr, addr:192.168.31.56:6000
    INFO cellappmgr-1 24264 6000  [2018-07-03 14:17:28 847] - Components::addComponent: reset orderLog, uid=24264!
    INFO cellappmgr-1 24264 6000  [2018-07-03 14:17:28 847] - Components::addComponent[dbmgr], uid=24264, componentID=4000, globalorderid=1, grouporderid=1, totalcount=1
    INFO cellappmgr-1 24264 6000  [2018-07-03 14:17:28 847] - Components::findComponents: found dbmgr, addr:192.168.31.56:6000
    INFO cellappmgr-1 24264 6000  [2018-07-03 14:17:30 849] - Components::findComponents: find baseappmgr(1)...
    INFO cellappmgr-1 24264 6000  [2018-07-03 14:17:30 873] - Components::findComponents: found baseappmgr, addr:192.168.31.56:6003
    INFO cellappmgr-1 24264 6000  [2018-07-03 14:17:30 873] - Components::addComponent[baseappmgr], uid=24264, componentID=5000, globalorderid=2, grouporderid=1, totalcount=1
    INFO cellappmgr-1 24264 6000  [2018-07-03 14:17:30 875] - Components::findComponents: found baseappmgr, addr:192.168.31.56:6003
    INFO cellappmgr-1 24264 6000  [2018-07-03 14:17:32 909] - Components::findComponents: register self to dbmgr...
    INFO cellappmgr-1 24264 6000  [2018-07-03 14:17:32 929] - Components::findComponents: register self to baseappmgr...
    INFO cellappmgr-1 24264 6000  [2018-07-03 14:17:32 949] - Components::process(): Found all the components!
    INFO cellappmgr-1 24264 6000  [2018-07-03 14:17:33 529] - ServerApp::onRegisterNewApp: uid:24264, username:, componentType:baseappmgr, componentID:5000, globalorderID=-1, grouporderID=-1, intaddr:192.168.31.56, intport:6003, extaddr:nonsupport, extport:0,  from 192.168.31.56:6041/0/0/0.
    INFO cellappmgr-1 24264 6000  [2018-07-03 14:17:36 449] - ServerApp::onRegisterNewApp: uid:24264, username:, componentType:cellapp, componentID:8001, globalorderID=-1, grouporderID=-1, intaddr:192.168.31.56, intport:6004, extaddr:nonsupport, extport:0,  from 192.168.31.56:6047/0/0/0.
    INFO cellappmgr-1 24264 6000  [2018-07-03 14:17:36 449] - Components::addComponent[cellapp], uid=24264, componentID=8001, globalorderid=3, grouporderid=1, totalcount=1
    INFO cellappmgr-1 24264 6000  [2018-07-03 14:17:36 449] - ServerApp::onRegisterNewApp: uid:24264, username:, componentType:baseapp, componentID:7001, globalorderID=-1, grouporderID=-1, intaddr:192.168.31.56, intport:6005, extaddr:192.168.31.56, extport:20015,  from 192.168.31.56:6048/0/0/0.
    INFO cellappmgr-1 24264 6000  [2018-07-03 14:17:36 449] - Components::addComponent[baseapp], uid=24264, componentID=7001, globalorderid=4, grouporderid=1, totalcount=1
    INFO cellappmgr-1 24264 6000  [2018-07-03 14:17:36 529] - Cellappmgr::getCellapp: added new cellapp(8001).
    INFO cellappmgr-1 24264 6000  [2018-07-03 14:17:40 749] - Cellappmgr::onCellappInitProgress: cid=8001, progress=1.
   DEBUG cellappmgr-1 24264 6000  [2018-07-03 14:17:40 749] - Cellappmgr::addCellappComponentID: cellapp component id 8001, group order id 1
   DEBUG cellappmgr-1 24264 6000  [2018-07-03 14:18:02 810] - Cellappmgr::reqCreateInNewSpace: entityType=BattleField, entityID=4, componentID=7001, cellapp(cid=8001, load=0.049477, numEntities=0).
    INFO cellappmgr-1 24264 6000  [2018-07-03 14:18:32 932] - ServerApp::onChannelTimeOut: Channel 192.168.31.56:6003/0/0/0 timed out.
