    INFO cellappmgr-1 9218 6000  [2018-06-17 12:21:29 272] - -----------------------------------------------------------------------------------------


    INFO cellappmgr-1 9218 6000  [2018-06-17 12:21:29 273] - Resmgr::initialize: KBE_ROOT=C:/Users/Public/Documents/workspace/kbe/kbengine-kbengine-v1.0.0/kbengine/
    INFO cellappmgr-1 9218 6000  [2018-06-17 12:21:29 274] - Resmgr::initialize: KBE_RES_PATH=C:/Users/Public/Documents/workspace/kbe/kbengine-kbengine-v1.0.0/kbengine/kbe/res/;C:/Users/Public/Documents/workspace/kbe/kbengine-kbengine-v1.0.0/kbengine/assets/;C:/Users/Public/Documents/workspace/kbe/kbengine-kbengine-v1.0.0/kbengine/assets/scripts/;C:/Users/Public/Documents/workspace/kbe/kbengine-kbengine-v1.0.0/kbengine/assets/res/
    INFO cellappmgr-1 9218 6000  [2018-06-17 12:21:29 274] - Resmgr::initialize: KBE_BIN_PATH=C:/Users/Public/Documents/workspace/kbe/kbengine-kbengine-v1.0.0/kbengine/kbe/bin/server/
    INFO cellappmgr-1 9218 6000  [2018-06-17 12:21:29 287] - NetworkInterface::recreateListeningSocket(INTERNAL): bound to all interfaces with default route interface on 192.168.31.56 ( 192.168.31.56:38592 )
    INFO cellappmgr-1 9218 6000  [2018-06-17 12:21:29 287] - NetworkInterface::recreateListeningSocket(INTERNAL): address 192.168.31.56:38592, SOMAXCONN=5.
    INFO cellappmgr-1 9218 6000  [2018-06-17 12:21:29 287] - server-configs:
    INFO cellappmgr-1 9218 6000  [2018-06-17 12:21:29 288] - 	internalAddr : 192.168.31.56:38592
    INFO cellappmgr-1 9218 6000  [2018-06-17 12:21:29 288] - 	componentID : 6000
    INFO cellappmgr-1 9218 6000  [2018-06-17 12:21:30 801] - ---- cellappmgr Version: 1.0.0. ScriptVersion: 0.1.0. Protocol: 4DB355AF7E9E5C64AC2350017EABAC22. Config: Debug X86. Built: 23:17:32 Jun 15 2018. AppID: 6000. UID: 9218. PID: 14988 ----
    INFO cellappmgr-1 9218 6000  [2018-06-17 12:21:30 802] - Server :        Intel(R) Core(TM) i5-2415M CPU @ 2.30GHz with 4194303kB RAM
    INFO cellappmgr-1 9218 6000  [2018-06-17 12:21:30 803] - ThreadPool::createThreadPool: creating  threadpool...
    INFO cellappmgr-1 9218 6000  [2018-06-17 12:21:30 803] - ThreadPool::createThreadPool: successfully(2), newThreadCount=1, normalMaxThreadCount=2, maxThreadCount=8
    INFO cellappmgr-1 9218 6000  [2018-06-17 12:21:32 242] - ---- cellappmgr is running ----
   DEBUG cellappmgr-1 9218 6000  [2018-06-17 12:21:32 242] - Components::process(): Request for the process of identity...
    INFO cellappmgr-1 9218 6000  [2018-06-17 12:21:39 443] - Components::findComponents: find logger(1)...
    INFO cellappmgr-1 9218 6000  [2018-06-17 12:21:39 455] - Components::findComponents: found logger, addr:192.168.31.56:38594
    INFO cellappmgr-1 9218 6000  [2018-06-17 12:21:39 455] - Components::addComponent: reset orderLog, uid=9218!
    INFO cellappmgr-1 9218 6000  [2018-06-17 12:21:39 455] - Components::addComponent[logger], uid=9218, componentID=2000, globalorderid=1, grouporderid=1, totalcount=1
    INFO cellappmgr-1 9218 6000  [2018-06-17 12:21:39 457] - Components::findComponents: find dbmgr(2)...
    INFO cellappmgr-1 9218 6000  [2018-06-17 12:21:39 556] - Components::findComponents: found logger, addr:192.168.31.56:38594
    INFO cellappmgr-1 9218 6000  [2018-06-17 12:21:41 563] - Components::findComponents: find dbmgr(3)...
    INFO cellappmgr-1 9218 6000  [2018-06-17 12:21:43 603] - Components::findComponents: find dbmgr(4)...
    INFO cellappmgr-1 9218 6000  [2018-06-17 12:21:45 623] - Components::findComponents: find dbmgr(5)...
    INFO cellappmgr-1 9218 6000  [2018-06-17 12:21:47 643] - Components::findComponents: find dbmgr(6)...
    INFO cellappmgr-1 9218 6000  [2018-06-17 12:21:49 664] - Components::findComponents: find dbmgr(7)...
    INFO cellappmgr-1 9218 6000  [2018-06-17 12:21:51 677] - Components::findComponents: find dbmgr(8)...
    INFO cellappmgr-1 9218 6000  [2018-06-17 12:21:53 703] - Components::findComponents: find dbmgr(9)...
    INFO cellappmgr-1 9218 6000  [2018-06-17 12:21:55 723] - Components::findComponents: find dbmgr(10)...
    INFO cellappmgr-1 9218 6000  [2018-06-17 12:21:57 843] - Components::findComponents: find dbmgr(11)...
    INFO cellappmgr-1 9218 6000  [2018-06-17 12:21:59 964] - Components::findComponents: find dbmgr(12)...
    INFO cellappmgr-1 9218 6000  [2018-06-17 12:22:02 064] - Components::findComponents: find dbmgr(13)...
    INFO cellappmgr-1 9218 6000  [2018-06-17 12:22:04 083] - Components::findComponents: find dbmgr(14)...
    INFO cellappmgr-1 9218 6000  [2018-06-17 12:22:06 103] - Components::findComponents: find dbmgr(15)...
    INFO cellappmgr-1 9218 6000  [2018-06-17 12:22:08 123] - Components::findComponents: find dbmgr(16)...
 WARNING cellappmgr-1 9218 6000  [2018-06-17 12:22:10 143] - Components::findComponents: find dbmgr(17)...
delay time is too long, please check the dbmgr logs!
 WARNING cellappmgr-1 9218 6000  [2018-06-17 12:22:12 263] - Components::findComponents: find dbmgr(18)...
delay time is too long, please check the dbmgr logs!
 WARNING cellappmgr-1 9218 6000  [2018-06-17 12:22:14 376] - Components::findComponents: find dbmgr(19)...
delay time is too long, please check the dbmgr logs!
 WARNING cellappmgr-1 9218 6000  [2018-06-17 12:22:16 403] - Components::findComponents: find dbmgr(20)...
delay time is too long, please check the dbmgr logs!
 WARNING cellappmgr-1 9218 6000  [2018-06-17 12:22:18 524] - Components::findComponents: find dbmgr(21)...
delay time is too long, please check the dbmgr logs!
 WARNING cellappmgr-1 9218 6000  [2018-06-17 12:22:20 603] - Components::findComponents: find dbmgr(22)...
delay time is too long, please check the dbmgr logs!
 WARNING cellappmgr-1 9218 6000  [2018-06-17 12:22:22 703] - Components::findComponents: find dbmgr(23)...
delay time is too long, please check the dbmgr logs!
 WARNING cellappmgr-1 9218 6000  [2018-06-17 12:22:24 723] - Components::findComponents: find dbmgr(24)...
delay time is too long, please check the dbmgr logs!
 WARNING cellappmgr-1 9218 6000  [2018-06-17 12:22:26 743] - Components::findComponents: find dbmgr(25)...
delay time is too long, please check the dbmgr logs!
 WARNING cellappmgr-1 9218 6000  [2018-06-17 12:22:28 763] - Components::findComponents: find dbmgr(26)...
delay time is too long, please check the dbmgr logs!
 WARNING cellappmgr-1 9218 6000  [2018-06-17 12:22:30 777] - Components::findComponents: find dbmgr(27)...
delay time is too long, please check the dbmgr logs!
 WARNING cellappmgr-1 9218 6000  [2018-06-17 12:22:32 803] - Components::findComponents: find dbmgr(28)...
delay time is too long, please check the dbmgr logs!
 WARNING cellappmgr-1 9218 6000  [2018-06-17 12:22:34 924] - Components::findComponents: find dbmgr(29)...
delay time is too long, please check the dbmgr logs!
 WARNING cellappmgr-1 9218 6000  [2018-06-17 12:22:37 043] - Components::findComponents: find dbmgr(30)...
delay time is too long, please check the dbmgr logs!
 WARNING cellappmgr-1 9218 6000  [2018-06-17 12:22:39 163] - Components::findComponents: find dbmgr(31)...
delay time is too long, please check the dbmgr logs!
 WARNING cellappmgr-1 9218 6000  [2018-06-17 12:22:41 263] - Components::findComponents: find dbmgr(32)...
delay time is too long, please check the dbmgr logs!
 WARNING cellappmgr-1 9218 6000  [2018-06-17 12:22:43 283] - Components::findComponents: find dbmgr(33)...
delay time is too long, please check the dbmgr logs!
 WARNING cellappmgr-1 9218 6000  [2018-06-17 12:22:45 303] - Components::findComponents: find dbmgr(34)...
delay time is too long, please check the dbmgr logs!
 WARNING cellappmgr-1 9218 6000  [2018-06-17 12:22:47 323] - Components::findComponents: find dbmgr(35)...
delay time is too long, please check the dbmgr logs!
    INFO cellappmgr-1 10623 6000  [2018-06-17 12:28:39 605] - -----------------------------------------------------------------------------------------


    INFO cellappmgr-1 10623 6000  [2018-06-17 12:28:39 606] - Resmgr::initialize: KBE_ROOT=C:/Users/Public/Documents/workspace/kbe/kbengine-kbengine-v1.0.0/kbengine/
    INFO cellappmgr-1 10623 6000  [2018-06-17 12:28:39 607] - Resmgr::initialize: KBE_RES_PATH=C:/Users/Public/Documents/workspace/kbe/kbengine-kbengine-v1.0.0/kbengine/kbe/res/;C:/Users/Public/Documents/workspace/kbe/kbengine-kbengine-v1.0.0/kbengine/assets/;C:/Users/Public/Documents/workspace/kbe/kbengine-kbengine-v1.0.0/kbengine/assets/scripts/;C:/Users/Public/Documents/workspace/kbe/kbengine-kbengine-v1.0.0/kbengine/assets/res/
    INFO cellappmgr-1 10623 6000  [2018-06-17 12:28:39 610] - Resmgr::initialize: KBE_BIN_PATH=C:/Users/Public/Documents/workspace/kbe/kbengine-kbengine-v1.0.0/kbengine/kbe/bin/server/
    INFO cellappmgr-1 10623 6000  [2018-06-17 12:28:39 638] - NetworkInterface::recreateListeningSocket(INTERNAL): bound to all interfaces with default route interface on 192.168.31.56 ( 192.168.31.56:38704 )
    INFO cellappmgr-1 10623 6000  [2018-06-17 12:28:39 639] - NetworkInterface::recreateListeningSocket(INTERNAL): address 192.168.31.56:38704, SOMAXCONN=5.
    INFO cellappmgr-1 10623 6000  [2018-06-17 12:28:39 639] - server-configs:
    INFO cellappmgr-1 10623 6000  [2018-06-17 12:28:39 639] - 	internalAddr : 192.168.31.56:38704
    INFO cellappmgr-1 10623 6000  [2018-06-17 12:28:39 640] - 	componentID : 6000
 WARNING cellappmgr-1 10623 6000  [2018-06-17 12:28:39 974] - BundleBroadcast::BundleBroadcast: Cannot bind to port 20245, errorno=10048
    INFO cellappmgr-1 10623 6000  [2018-06-17 12:28:39 984] - ---- cellappmgr Version: 1.0.0. ScriptVersion: 0.1.0. Protocol: 4DB355AF7E9E5C64AC2350017EABAC22. Config: Debug X86. Built: 23:17:32 Jun 15 2018. AppID: 6000. UID: 10623. PID: 4284 ----
    INFO cellappmgr-1 10623 6000  [2018-06-17 12:28:39 985] - Server :        Intel(R) Core(TM) i5-2415M CPU @ 2.30GHz with 4194303kB RAM
    INFO cellappmgr-1 10623 6000  [2018-06-17 12:28:39 985] - ThreadPool::createThreadPool: creating  threadpool...
    INFO cellappmgr-1 10623 6000  [2018-06-17 12:28:39 986] - ThreadPool::createThreadPool: successfully(2), newThreadCount=1, normalMaxThreadCount=2, maxThreadCount=8
    INFO cellappmgr-1 10623 6000  [2018-06-17 12:28:40 778] - ---- cellappmgr is running ----
   DEBUG cellappmgr-1 10623 6000  [2018-06-17 12:28:40 779] - Components::process(): Request for the process of identity...
    INFO cellappmgr-1 10623 6000  [2018-06-17 12:28:47 920] - Components::findComponents: find logger(1)...
    INFO cellappmgr-1 10623 6000  [2018-06-17 12:28:47 935] - Components::findComponents: found logger, addr:192.168.31.56:38701
    INFO cellappmgr-1 10623 6000  [2018-06-17 12:28:47 935] - Components::addComponent: reset orderLog, uid=10623!
    INFO cellappmgr-1 10623 6000  [2018-06-17 12:28:47 936] - Components::addComponent[logger], uid=10623, componentID=2000, globalorderid=1, grouporderid=1, totalcount=1
    INFO cellappmgr-1 10623 6000  [2018-06-17 12:28:47 939] - Components::findComponents: find dbmgr(2)...
    INFO cellappmgr-1 10623 6000  [2018-06-17 12:28:50 059] - Components::findComponents: find dbmgr(3)...
    INFO cellappmgr-1 10623 6000  [2018-06-17 12:28:52 078] - Components::findComponents: find dbmgr(4)...
    INFO cellappmgr-1 10694 6000  [2018-06-17 12:29:01 187] - -----------------------------------------------------------------------------------------


    INFO cellappmgr-1 10694 6000  [2018-06-17 12:29:01 189] - Resmgr::initialize: KBE_ROOT=C:/Users/Public/Documents/workspace/kbe/kbengine-kbengine-v1.0.0/kbengine/
    INFO cellappmgr-1 10694 6000  [2018-06-17 12:29:01 189] - Resmgr::initialize: KBE_RES_PATH=C:/Users/Public/Documents/workspace/kbe/kbengine-kbengine-v1.0.0/kbengine/kbe/res/;C:/Users/Public/Documents/workspace/kbe/kbengine-kbengine-v1.0.0/kbengine/assets/;C:/Users/Public/Documents/workspace/kbe/kbengine-kbengine-v1.0.0/kbengine/assets/scripts/;C:/Users/Public/Documents/workspace/kbe/kbengine-kbengine-v1.0.0/kbengine/assets/res/
    INFO cellappmgr-1 10694 6000  [2018-06-17 12:29:01 190] - Resmgr::initialize: KBE_BIN_PATH=C:/Users/Public/Documents/workspace/kbe/kbengine-kbengine-v1.0.0/kbengine/kbe/bin/server/
    INFO cellappmgr-1 10694 6000  [2018-06-17 12:29:01 221] - NetworkInterface::recreateListeningSocket(INTERNAL): bound to all interfaces with default route interface on 192.168.31.56 ( 192.168.31.56:38720 )
    INFO cellappmgr-1 10694 6000  [2018-06-17 12:29:01 221] - NetworkInterface::recreateListeningSocket(INTERNAL): address 192.168.31.56:38720, SOMAXCONN=5.
    INFO cellappmgr-1 10694 6000  [2018-06-17 12:29:01 221] - server-configs:
    INFO cellappmgr-1 10694 6000  [2018-06-17 12:29:01 222] - 	internalAddr : 192.168.31.56:38720
    INFO cellappmgr-1 10694 6000  [2018-06-17 12:29:01 222] - 	componentID : 6000
    INFO cellappmgr-1 10694 6000  [2018-06-17 12:29:02 732] - ---- cellappmgr Version: 1.0.0. ScriptVersion: 0.1.0. Protocol: 4DB355AF7E9E5C64AC2350017EABAC22. Config: Debug X86. Built: 23:17:32 Jun 15 2018. AppID: 6000. UID: 10694. PID: 23004 ----
    INFO cellappmgr-1 10694 6000  [2018-06-17 12:29:02 732] - Server :        Intel(R) Core(TM) i5-2415M CPU @ 2.30GHz with 4194303kB RAM
    INFO cellappmgr-1 10694 6000  [2018-06-17 12:29:02 733] - ThreadPool::createThreadPool: creating  threadpool...
    INFO cellappmgr-1 10694 6000  [2018-06-17 12:29:02 733] - ThreadPool::createThreadPool: successfully(2), newThreadCount=1, normalMaxThreadCount=2, maxThreadCount=8
    INFO cellappmgr-1 10694 6000  [2018-06-17 12:29:03 904] - ---- cellappmgr is running ----
   DEBUG cellappmgr-1 10694 6000  [2018-06-17 12:29:03 904] - Components::process(): Request for the process of identity...
    INFO cellappmgr-1 10694 6000  [2018-06-17 12:29:11 113] - Components::findComponents: find logger(1)...
    INFO cellappmgr-1 10694 6000  [2018-06-17 12:29:11 125] - Components::findComponents: found logger, addr:192.168.31.56:38718
    INFO cellappmgr-1 10694 6000  [2018-06-17 12:29:11 125] - Components::addComponent: reset orderLog, uid=10694!
    INFO cellappmgr-1 10694 6000  [2018-06-17 12:29:11 126] - Components::addComponent[logger], uid=10694, componentID=2000, globalorderid=1, grouporderid=1, totalcount=1
    INFO cellappmgr-1 10694 6000  [2018-06-17 12:29:11 127] - Components::findComponents: find dbmgr(2)...
    INFO cellappmgr-1 10694 6000  [2018-06-17 12:29:13 233] - Components::findComponents: find dbmgr(3)...
    INFO cellappmgr-1 10694 6000  [2018-06-17 12:29:15 273] - Components::findComponents: find dbmgr(4)...
    INFO cellappmgr-1 10694 6000  [2018-06-17 12:29:17 392] - Components::findComponents: find dbmgr(5)...
    INFO cellappmgr-1 10694 6000  [2018-06-17 12:29:19 453] - Components::findComponents: find dbmgr(6)...
    INFO cellappmgr-1 10694 6000  [2018-06-17 12:29:21 553] - Components::findComponents: find dbmgr(7)...
    INFO cellappmgr-1 10694 6000  [2018-06-17 12:29:23 573] - Components::findComponents: find dbmgr(8)...
    INFO cellappmgr-1 10694 6000  [2018-06-17 12:29:25 592] - Components::findComponents: find dbmgr(9)...
    INFO cellappmgr-1 10694 6000  [2018-06-17 12:29:27 633] - Components::findComponents: find dbmgr(10)...
    INFO cellappmgr-1 10694 6000  [2018-06-17 12:29:29 733] - Components::findComponents: find dbmgr(11)...
    INFO cellappmgr-1 10694 6000  [2018-06-17 12:29:31 753] - Components::findComponents: find dbmgr(12)...
    INFO cellappmgr-1 10694 6000  [2018-06-17 12:29:33 772] - Components::findComponents: find dbmgr(13)...
    INFO cellappmgr-1 10694 6000  [2018-06-17 12:29:35 893] - Components::findComponents: find dbmgr(14)...
    INFO cellappmgr-1 10694 6000  [2018-06-17 12:29:38 013] - Components::findComponents: find dbmgr(15)...
    INFO cellappmgr-1 10694 6000  [2018-06-17 12:29:40 113] - Components::findComponents: find dbmgr(16)...
 WARNING cellappmgr-1 10694 6000  [2018-06-17 12:29:42 133] - Components::findComponents: find dbmgr(17)...
delay time is too long, please check the dbmgr logs!
 WARNING cellappmgr-1 10694 6000  [2018-06-17 12:29:44 153] - Components::findComponents: find dbmgr(18)...
delay time is too long, please check the dbmgr logs!
 WARNING cellappmgr-1 10694 6000  [2018-06-17 12:29:46 173] - Components::findComponents: find dbmgr(19)...
delay time is too long, please check the dbmgr logs!
 WARNING cellappmgr-1 10694 6000  [2018-06-17 12:29:48 292] - Components::findComponents: find dbmgr(20)...
delay time is too long, please check the dbmgr logs!
 WARNING cellappmgr-1 10694 6000  [2018-06-17 12:29:50 392] - Components::findComponents: find dbmgr(21)...
delay time is too long, please check the dbmgr logs!
 WARNING cellappmgr-1 10694 6000  [2018-06-17 12:29:52 413] - Components::findComponents: find dbmgr(22)...
delay time is too long, please check the dbmgr logs!
 WARNING cellappmgr-1 10694 6000  [2018-06-17 12:29:54 433] - Components::findComponents: find dbmgr(23)...
delay time is too long, please check the dbmgr logs!
 WARNING cellappmgr-1 10694 6000  [2018-06-17 12:29:56 453] - Components::findComponents: find dbmgr(24)...
delay time is too long, please check the dbmgr logs!
 WARNING cellappmgr-1 10694 6000  [2018-06-17 12:29:58 473] - Components::findComponents: find dbmgr(25)...
delay time is too long, please check the dbmgr logs!
 WARNING cellappmgr-1 10694 6000  [2018-06-17 12:30:00 492] - Components::findComponents: find dbmgr(26)...
delay time is too long, please check the dbmgr logs!
 WARNING cellappmgr-1 10694 6000  [2018-06-17 12:30:02 613] - Components::findComponents: find dbmgr(27)...
delay time is too long, please check the dbmgr logs!
 WARNING cellappmgr-1 10694 6000  [2018-06-17 12:30:04 733] - Components::findComponents: find dbmgr(28)...
delay time is too long, please check the dbmgr logs!
 WARNING cellappmgr-1 10694 6000  [2018-06-17 12:30:06 833] - Components::findComponents: find dbmgr(29)...
delay time is too long, please check the dbmgr logs!
 WARNING cellappmgr-1 10694 6000  [2018-06-17 12:30:08 853] - Components::findComponents: find dbmgr(30)...
delay time is too long, please check the dbmgr logs!
 WARNING cellappmgr-1 10694 6000  [2018-06-17 12:30:10 893] - Components::findComponents: find dbmgr(31)...
delay time is too long, please check the dbmgr logs!
    INFO cellappmgr-1 11690 6000  [2018-06-17 12:34:06 532] - -----------------------------------------------------------------------------------------


    INFO cellappmgr-1 11690 6000  [2018-06-17 12:34:06 533] - Resmgr::initialize: KBE_ROOT=C:/Users/Public/Documents/workspace/kbe/kbengine-kbengine-v1.0.0/kbengine/
    INFO cellappmgr-1 11690 6000  [2018-06-17 12:34:06 534] - Resmgr::initialize: KBE_RES_PATH=C:/Users/Public/Documents/workspace/kbe/kbengine-kbengine-v1.0.0/kbengine/kbe/res/;C:/Users/Public/Documents/workspace/kbe/kbengine-kbengine-v1.0.0/kbengine/assets/;C:/Users/Public/Documents/workspace/kbe/kbengine-kbengine-v1.0.0/kbengine/assets/scripts/;C:/Users/Public/Documents/workspace/kbe/kbengine-kbengine-v1.0.0/kbengine/assets/res/
    INFO cellappmgr-1 11690 6000  [2018-06-17 12:34:06 534] - Resmgr::initialize: KBE_BIN_PATH=C:/Users/Public/Documents/workspace/kbe/kbengine-kbengine-v1.0.0/kbengine/kbe/bin/server/
    INFO cellappmgr-1 11690 6000  [2018-06-17 12:34:06 575] - NetworkInterface::recreateListeningSocket(INTERNAL): bound to all interfaces with default route interface on 192.168.31.56 ( 192.168.31.56:38770 )
    INFO cellappmgr-1 11690 6000  [2018-06-17 12:34:06 575] - NetworkInterface::recreateListeningSocket(INTERNAL): address 192.168.31.56:38770, SOMAXCONN=5.
    INFO cellappmgr-1 11690 6000  [2018-06-17 12:34:06 576] - server-configs:
    INFO cellappmgr-1 11690 6000  [2018-06-17 12:34:06 576] - 	internalAddr : 192.168.31.56:38770
    INFO cellappmgr-1 11690 6000  [2018-06-17 12:34:06 576] - 	componentID : 6000
    INFO cellappmgr-1 11690 6000  [2018-06-17 12:34:08 092] - ---- cellappmgr Version: 1.0.0. ScriptVersion: 0.1.0. Protocol: 4DB355AF7E9E5C64AC2350017EABAC22. Config: Debug X86. Built: 23:17:32 Jun 15 2018. AppID: 6000. UID: 11690. PID: 21668 ----
    INFO cellappmgr-1 11690 6000  [2018-06-17 12:34:08 093] - Server :        Intel(R) Core(TM) i5-2415M CPU @ 2.30GHz with 4194303kB RAM
    INFO cellappmgr-1 11690 6000  [2018-06-17 12:34:08 093] - ThreadPool::createThreadPool: creating  threadpool...
    INFO cellappmgr-1 11690 6000  [2018-06-17 12:34:08 094] - ThreadPool::createThreadPool: successfully(2), newThreadCount=1, normalMaxThreadCount=2, maxThreadCount=8
    INFO cellappmgr-1 11690 6000  [2018-06-17 12:34:09 375] - ---- cellappmgr is running ----
   DEBUG cellappmgr-1 11690 6000  [2018-06-17 12:34:09 375] - Components::process(): Request for the process of identity...
    INFO cellappmgr-1 11690 6000  [2018-06-17 12:34:16 655] - Components::findComponents: find logger(1)...
    INFO cellappmgr-1 11690 6000  [2018-06-17 12:34:16 671] - Components::findComponents: found logger, addr:192.168.31.56:38772
    INFO cellappmgr-1 11690 6000  [2018-06-17 12:34:16 671] - Components::addComponent: reset orderLog, uid=11690!
    INFO cellappmgr-1 11690 6000  [2018-06-17 12:34:16 671] - Components::addComponent[logger], uid=11690, componentID=2000, globalorderid=1, grouporderid=1, totalcount=1
    INFO cellappmgr-1 11690 6000  [2018-06-17 12:34:16 673] - Components::findComponents: find dbmgr(2)...
    INFO cellappmgr-1 11690 6000  [2018-06-17 12:34:16 775] - Components::findComponents: found dbmgr, addr:192.168.31.56:38776
    INFO cellappmgr-1 11690 6000  [2018-06-17 12:34:16 775] - Components::addComponent: reset orderLog, uid=11690!
    INFO cellappmgr-1 11690 6000  [2018-06-17 12:34:16 775] - Components::addComponent[dbmgr], uid=11690, componentID=4000, globalorderid=1, grouporderid=1, totalcount=1
    INFO cellappmgr-1 11690 6000  [2018-06-17 12:34:16 777] - Components::findComponents: found dbmgr, addr:192.168.31.56:38776
    INFO cellappmgr-1 11690 6000  [2018-06-17 12:34:18 795] - Components::findComponents: find baseappmgr(1)...
    INFO cellappmgr-1 11690 6000  [2018-06-17 12:34:18 806] - Components::findComponents: found baseappmgr, addr:192.168.31.56:38773
    INFO cellappmgr-1 11690 6000  [2018-06-17 12:34:18 806] - Components::addComponent[baseappmgr], uid=11690, componentID=5000, globalorderid=2, grouporderid=1, totalcount=1
    INFO cellappmgr-1 11690 6000  [2018-06-17 12:34:18 807] - Components::findComponents: found baseappmgr, addr:192.168.31.56:38773
    INFO cellappmgr-1 11690 6000  [2018-06-17 12:34:20 755] - ServerApp::onRegisterNewApp: uid:11690, username:, componentType:baseappmgr, componentID:5000, globalorderID=-1, grouporderID=-1, intaddr:192.168.31.56, intport:38773, extaddr:nonsupport, extport:0,  from 192.168.31.56:38793/0/0/0.
    INFO cellappmgr-1 11690 6000  [2018-06-17 12:34:20 835] - Components::findComponents: register self to dbmgr...
    INFO cellappmgr-1 11690 6000  [2018-06-17 12:34:20 840] - Components::findComponents: register self to baseappmgr...
    INFO cellappmgr-1 11690 6000  [2018-06-17 12:34:20 854] - Components::process(): Found all the components!
    INFO cellappmgr-1 11690 6000  [2018-06-17 12:34:23 535] - ServerApp::onRegisterNewApp: uid:11690, username:, componentType:cellapp, componentID:8001, globalorderID=-1, grouporderID=-1, intaddr:192.168.31.56, intport:38774, extaddr:nonsupport, extport:0,  from 192.168.31.56:38797/0/0/0.
    INFO cellappmgr-1 11690 6000  [2018-06-17 12:34:23 535] - Components::addComponent[cellapp], uid=11690, componentID=8001, globalorderid=3, grouporderid=1, totalcount=1
    INFO cellappmgr-1 11690 6000  [2018-06-17 12:34:23 535] - Cellappmgr::getCellapp: added new cellapp(8001).
    INFO cellappmgr-1 11690 6000  [2018-06-17 12:34:23 934] - ServerApp::onRegisterNewApp: uid:11690, username:, componentType:baseapp, componentID:7001, globalorderID=-1, grouporderID=-1, intaddr:192.168.31.56, intport:38769, extaddr:192.168.31.56, extport:20015,  from 192.168.31.56:38802/0/0/0.
    INFO cellappmgr-1 11690 6000  [2018-06-17 12:34:23 934] - Components::addComponent[baseapp], uid=11690, componentID=7001, globalorderid=4, grouporderid=1, totalcount=1
    INFO cellappmgr-1 11690 6000  [2018-06-17 12:34:28 214] - Cellappmgr::onCellappInitProgress: cid=8001, progress=1.
   DEBUG cellappmgr-1 11690 6000  [2018-06-17 12:34:28 214] - Cellappmgr::addCellappComponentID: cellapp component id 8001, group order id 1
