    INFO      dbmgr-1 23656 4000  [2018-06-21 09:34:04 531] - -----------------------------------------------------------------------------------------


    INFO      dbmgr-1 23656 4000  [2018-06-21 09:34:04 533] - Resmgr::initialize: KBE_ROOT=C:/Users/Public/Documents/workspace/kbe/kbengine-kbengine-v1.0.0/kbengine/
    INFO      dbmgr-1 23656 4000  [2018-06-21 09:34:04 534] - Resmgr::initialize: KBE_RES_PATH=C:/Users/Public/Documents/workspace/kbe/kbengine-kbengine-v1.0.0/kbengine/kbe/res/;C:/Users/Public/Documents/workspace/kbe/kbengine-kbengine-v1.0.0/kbengine/assets/;C:/Users/Public/Documents/workspace/kbe/kbengine-kbengine-v1.0.0/kbengine/assets/scripts/;C:/Users/Public/Documents/workspace/kbe/kbengine-kbengine-v1.0.0/kbengine/assets/res/
    INFO      dbmgr-1 23656 4000  [2018-06-21 09:34:04 534] - Resmgr::initialize: KBE_BIN_PATH=C:/Users/Public/Documents/workspace/kbe/kbengine-kbengine-v1.0.0/kbengine/kbe/bin/server/
    INFO      dbmgr-1 23656 4000  [2018-06-21 09:34:04 549] - NetworkInterface::recreateListeningSocket(INTERNAL): bound to all interfaces with default route interface on 192.168.31.56 ( 192.168.31.56:2660 )
    INFO      dbmgr-1 23656 4000  [2018-06-21 09:34:04 549] - NetworkInterface::recreateListeningSocket(INTERNAL): address 192.168.31.56:2660, SOMAXCONN=5.
    INFO      dbmgr-1 23656 4000  [2018-06-21 09:34:04 550] - server-configs:
    INFO      dbmgr-1 23656 4000  [2018-06-21 09:34:04 550] - 	internalAddr : 192.168.31.56:2660
    INFO      dbmgr-1 23656 4000  [2018-06-21 09:34:04 550] - 	componentID : 4000
    INFO      dbmgr-1 23656 4000  [2018-06-21 09:34:06 072] - ---- dbmgr Version: 1.0.0. ScriptVersion: 0.1.0. Protocol: 253D45E587CB031BFD545E02866042FC. Config: Debug X86. Built: 23:15:53 Jun 15 2018. AppID: 4000. UID: 23656. PID: 3524 ----
    INFO      dbmgr-1 23656 4000  [2018-06-21 09:34:06 072] - Server :        Intel(R) Core(TM) i5-2415M CPU @ 2.30GHz with 4194303kB RAM
    INFO      dbmgr-1 23656 4000  [2018-06-21 09:34:06 072] - ThreadPool::createThreadPool: creating  threadpool...
    INFO      dbmgr-1 23656 4000  [2018-06-21 09:34:06 072] - ThreadPool::createThreadPool: successfully(2), newThreadCount=1, normalMaxThreadCount=2, maxThreadCount=8
   DEBUG      dbmgr-1 23656 4000  [2018-06-21 09:34:06 262] - Script::install_py_dlls(): PyInit_pyexpat
   DEBUG      dbmgr-1 23656 4000  [2018-06-21 09:34:06 263] - Script::install_py_dlls(): PyInit__socket
   DEBUG      dbmgr-1 23656 4000  [2018-06-21 09:34:06 264] - Script::install_py_dlls(): PyInit__ssl
   DEBUG      dbmgr-1 23656 4000  [2018-06-21 09:34:06 272] - Script::install_py_dlls(): PyInit__hashlib
   DEBUG      dbmgr-1 23656 4000  [2018-06-21 09:34:06 272] - Script::install_py_dlls(): PyInit_select
   DEBUG      dbmgr-1 23656 4000  [2018-06-21 09:34:06 273] - Script::install_py_dlls(): PyInit__ctypes
   DEBUG      dbmgr-1 23656 4000  [2018-06-21 09:34:06 274] - Script::install_py_dlls(): PyInit__elementtree
   DEBUG      dbmgr-1 23656 4000  [2018-06-21 09:34:06 450] - Script::install_py_dlls(): PyInit_unicodedata
    INFO      dbmgr-1 23656 4000  [2018-06-21 09:34:06 596] - Script::install(): is successfully, Python=(3.4.2 (default, Jun 15 2018, 23:15:28) [MSC v.1913 32 bit (Intel)])!
    INFO      dbmgr-1 23656 4000  [2018-06-21 09:34:06 597] - Script::install(): KBExtra is successfully!
    INFO      dbmgr-1 23656 4000  [2018-06-21 09:34:06 646] - Dbmgr::initializeEnd: digest(5ED2E5906DFF84B5DA19991E3A874863)
  S_INFO      dbmgr-1 23656 4000  [2018-06-21 09:34:06 646] - onDBMgrReady: bootstrapGroupIndex=0, bootstrapGlobalIndex=0
    INFO      dbmgr-1 23656 4000  [2018-06-21 09:34:06 647] - TelnetServer server is running on port 32000
    INFO      dbmgr-1 23656 4000  [2018-06-21 09:34:06 648] - Dbmgr::initInterfacesHandler: interfaces addr(127.0.0.1:30099), accountType:(interfaces), chargeType:(interfaces).
 WARNING      dbmgr-1 23656 4000  [2018-06-21 09:34:07 796] - DBUtil::initialize: db(default) password is not encrypted!
please use password(rsa):
7953025CF9C96D249EA0ED85EF15410AFFD6A0483E1A6282ECC32799F9BDB782688A5315B69B1F41EF1EC6DA3B91663813C1524BD0824F9A026DF46EAF3BDC82A5370527172769DF07A1A79B2B94C8BF93B4E3F621C477A60517CA4C5C26E0898308FFC1A9540D960633E685C49F585F1418335F41CAF7BCF819EC2CE76116E9
   DEBUG      dbmgr-1 23656 4000  [2018-06-21 09:34:07 796] - DBInterfaceMysql::attach: connect: localhost:3306 starting...
   DEBUG      dbmgr-1 23656 4000  [2018-06-21 09:34:07 816] - DBInterfaceMysql::attach: successfully! addr: localhost:3306
    INFO      dbmgr-1 23656 4000  [2018-06-21 09:34:07 816] - DBUtil::createInterface[0x25f3e0]: interface=default, dbtype=mysql, ip=localhost, port=3306, currdatabase=kbe1, username=kbe, connected=yes.

    INFO      dbmgr-1 23656 4000  [2018-06-21 09:34:07 816] - ThreadPool::createThreadPool: creating  threadpool...
    INFO      dbmgr-1 23656 4000  [2018-06-21 09:34:07 816] - ThreadPool::createThreadPool: successfully(5), newThreadCount=5, normalMaxThreadCount=5, maxThreadCount=5
    INFO      dbmgr-1 23656 4000  [2018-06-21 09:34:07 916] - DBInterfaceMysql::query: successfully!
    INFO      dbmgr-1 23656 4000  [2018-06-21 09:34:07 916] - DBInterfaceMysql::query: successfully!
 WARNING      dbmgr-1 23656 4000  [2018-06-21 09:34:08 346] - c:\users\public\documents\workspace\kbe\kbengine-kbengine-v1.0.0\kbengine\kbe\src\server\dbmgr\dbmgr.cpp:293: Profile scriptCall took 1.70 seconds
    INFO      dbmgr-1 23656 4000  [2018-06-21 09:34:08 826] - ---- dbmgr is running ----
   DEBUG      dbmgr-1 23656 4000  [2018-06-21 09:34:08 826] - Components::process(): Request for the process of identity...
   DEBUG      dbmgr-1 23656 4000  [2018-06-21 09:34:07 816] - DBInterfaceMysql::attach: connect: localhost:3306 starting...
   DEBUG      dbmgr-1 23656 4000  [2018-06-21 09:34:07 816] - DBInterfaceMysql::attach: connect: localhost:3306 starting...
   DEBUG      dbmgr-1 23656 4000  [2018-06-21 09:34:07 816] - DBInterfaceMysql::attach: connect: localhost:3306 starting...
   DEBUG      dbmgr-1 23656 4000  [2018-06-21 09:34:07 816] - DBInterfaceMysql::attach: connect: localhost:3306 starting...
   DEBUG      dbmgr-1 23656 4000  [2018-06-21 09:34:07 816] - DBInterfaceMysql::attach: connect: localhost:3306 starting...
   DEBUG      dbmgr-1 23656 4000  [2018-06-21 09:34:07 826] - DBInterfaceMysql::attach: successfully! addr: localhost:3306
   DEBUG      dbmgr-1 23656 4000  [2018-06-21 09:34:07 826] - DBThread::onStart(): 0x630b88!
   DEBUG      dbmgr-1 23656 4000  [2018-06-21 09:34:07 826] - DBInterfaceMysql::attach: successfully! addr: localhost:3306
   DEBUG      dbmgr-1 23656 4000  [2018-06-21 09:34:07 826] - DBThread::onStart(): 0x630c98!
   DEBUG      dbmgr-1 23656 4000  [2018-06-21 09:34:07 826] - DBInterfaceMysql::attach: successfully! addr: localhost:3306
   DEBUG      dbmgr-1 23656 4000  [2018-06-21 09:34:07 836] - DBThread::onStart(): 0x630b00!
   DEBUG      dbmgr-1 23656 4000  [2018-06-21 09:34:07 836] - DBInterfaceMysql::attach: successfully! addr: localhost:3306
   DEBUG      dbmgr-1 23656 4000  [2018-06-21 09:34:07 836] - DBThread::onStart(): 0x630d20!
   DEBUG      dbmgr-1 23656 4000  [2018-06-21 09:34:07 836] - DBInterfaceMysql::attach: successfully! addr: localhost:3306
   DEBUG      dbmgr-1 23656 4000  [2018-06-21 09:34:07 836] - DBThread::onStart(): 0x630c10!
    INFO      dbmgr-1 23656 4000  [2018-06-21 09:34:08 066] - DBInterfaceMysql::query: successfully!
    INFO      dbmgr-1 23656 4000  [2018-06-21 09:34:08 066] - DBInterfaceMysql::query: successfully!
    INFO      dbmgr-1 23656 4000  [2018-06-21 09:34:08 116] - DBInterfaceMysql::query: successfully!
    INFO      dbmgr-1 23656 4000  [2018-06-21 09:34:08 116] - DBInterfaceMysql::query: successfully!
    INFO      dbmgr-1 23656 4000  [2018-06-21 09:34:08 196] - DBInterfaceMysql::query: successfully!
    INFO      dbmgr-1 23656 4000  [2018-06-21 09:34:08 196] - DBInterfaceMysql::query: successfully!
    INFO      dbmgr-1 23656 4000  [2018-06-21 09:34:08 196] - DBInterfaceMysql::query: successfully!
 WARNING      dbmgr-1 23656 4000  [2018-06-21 09:34:08 196] - DBTask::process(): took 0.28 seconds
sql:(delete from kbe_email_verification where logtime<1529541248 and type=3)
    INFO      dbmgr-1 23656 4000  [2018-06-21 09:34:08 286] - DBInterfaceMysql::query: successfully!
 WARNING      dbmgr-1 23656 4000  [2018-06-21 09:34:08 286] - DBTask::process(): took 0.37 seconds
sql:(delete from kbe_entitylog where logger in (4000))
 WARNING      dbmgr-1 23656 4000  [2018-06-21 09:34:08 326] - DBTask::process(): took 0.40 seconds
sql:(insert into kbe_serverlog (heartbeatTime, logger) values(1529544848,4000) ON DUPLICATE KEY UPDATE heartbeatTime=1529544848)
    INFO      dbmgr-1 23656 4000  [2018-06-21 09:34:15 927] - Components::findComponents: find logger(1)...
    INFO      dbmgr-1 23656 4000  [2018-06-21 09:34:15 967] - Components::findComponents: found logger, addr:192.168.31.56:2656
    INFO      dbmgr-1 23656 4000  [2018-06-21 09:34:15 967] - Components::addComponent: reset orderLog, uid=23656!
    INFO      dbmgr-1 23656 4000  [2018-06-21 09:34:15 967] - Components::addComponent[logger], uid=23656, componentID=2000, globalorderid=1, grouporderid=1, totalcount=1
    INFO      dbmgr-1 23656 4000  [2018-06-21 09:34:16 007] - Components::process(): Found all the components!
    INFO      dbmgr-1 23656 4000  [2018-06-21 09:34:18 508] - ServerApp::onRegisterNewApp: uid:23656, username:, componentType:loginapp, componentID:9000, globalorderID=-1, grouporderID=-1, intaddr:192.168.31.56, intport:2659, extaddr:192.168.31.56, extport:20013,  from 192.168.31.56:2690/0/0/0.
    INFO      dbmgr-1 23656 4000  [2018-06-21 09:34:18 508] - Components::addComponent: reset orderLog, uid=23656!
    INFO      dbmgr-1 23656 4000  [2018-06-21 09:34:18 508] - Components::addComponent[loginapp], uid=23656, componentID=9000, globalorderid=1, grouporderid=1, totalcount=1
    INFO      dbmgr-1 23656 4000  [2018-06-21 09:34:18 928] - ServerApp::onRegisterNewApp: uid:23656, username:, componentType:cellappmgr, componentID:6000, globalorderID=-1, grouporderID=-1, intaddr:192.168.31.56, intport:2657, extaddr:nonsupport, extport:0,  from 192.168.31.56:2693/0/0/0.
    INFO      dbmgr-1 23656 4000  [2018-06-21 09:34:18 928] - Components::addComponent[cellappmgr], uid=23656, componentID=6000, globalorderid=2, grouporderid=1, totalcount=1
    INFO      dbmgr-1 23656 4000  [2018-06-21 09:34:19 929] - ServerApp::onRegisterNewApp: uid:23656, username:, componentType:baseappmgr, componentID:5000, globalorderID=-1, grouporderID=-1, intaddr:192.168.31.56, intport:2654, extaddr:nonsupport, extport:0,  from 192.168.31.56:2695/0/0/0.
    INFO      dbmgr-1 23656 4000  [2018-06-21 09:34:19 929] - Components::addComponent[baseappmgr], uid=23656, componentID=5000, globalorderid=3, grouporderid=1, totalcount=1
    INFO      dbmgr-1 23656 4000  [2018-06-21 09:34:21 089] - ServerApp::onRegisterNewApp: uid:23656, username:, componentType:baseapp, componentID:7001, globalorderID=-1, grouporderID=-1, intaddr:192.168.31.56, intport:2661, extaddr:192.168.31.56, extport:20015,  from 192.168.31.56:2698/0/0/0.
    INFO      dbmgr-1 23656 4000  [2018-06-21 09:34:21 089] - Components::addComponent[baseapp], uid=23656, componentID=7001, globalorderid=4, grouporderid=1, totalcount=1
    INFO      dbmgr-1 23656 4000  [2018-06-21 09:34:21 629] - ServerApp::onRegisterNewApp: uid:23656, username:, componentType:cellapp, componentID:8001, globalorderID=-1, grouporderID=-1, intaddr:192.168.31.56, intport:2658, extaddr:nonsupport, extport:0,  from 192.168.31.56:2701/0/0/0.
    INFO      dbmgr-1 23656 4000  [2018-06-21 09:34:21 629] - Components::addComponent[cellapp], uid=23656, componentID=8001, globalorderid=5, grouporderid=1, totalcount=1
    INFO      dbmgr-1 23656 4000  [2018-06-21 09:34:24 639] - IDServer::allocRange: 1-2001.
    INFO      dbmgr-1 23656 4000  [2018-06-21 09:34:24 639] - IDServer::allocRange: 2001-4001.
   DEBUG      dbmgr-1 23656 4000  [2018-06-21 09:34:24 639] - SyncAppDatasHandler::~SyncAppDatasHandler()
    INFO      dbmgr-1 24988 4000  [2018-06-21 09:40:52 014] - -----------------------------------------------------------------------------------------


    INFO      dbmgr-1 24988 4000  [2018-06-21 09:40:52 017] - Resmgr::initialize: KBE_ROOT=C:/Users/Public/Documents/workspace/kbe/kbengine-kbengine-v1.0.0/kbengine/
    INFO      dbmgr-1 24988 4000  [2018-06-21 09:40:52 018] - Resmgr::initialize: KBE_RES_PATH=C:/Users/Public/Documents/workspace/kbe/kbengine-kbengine-v1.0.0/kbengine/kbe/res/;C:/Users/Public/Documents/workspace/kbe/kbengine-kbengine-v1.0.0/kbengine/assets/;C:/Users/Public/Documents/workspace/kbe/kbengine-kbengine-v1.0.0/kbengine/assets/scripts/;C:/Users/Public/Documents/workspace/kbe/kbengine-kbengine-v1.0.0/kbengine/assets/res/
    INFO      dbmgr-1 24988 4000  [2018-06-21 09:40:52 019] - Resmgr::initialize: KBE_BIN_PATH=C:/Users/Public/Documents/workspace/kbe/kbengine-kbengine-v1.0.0/kbengine/kbe/bin/server/
    INFO      dbmgr-1 24988 4000  [2018-06-21 09:40:52 053] - NetworkInterface::recreateListeningSocket(INTERNAL): bound to all interfaces with default route interface on 192.168.31.56 ( 192.168.31.56:2754 )
    INFO      dbmgr-1 24988 4000  [2018-06-21 09:40:52 053] - NetworkInterface::recreateListeningSocket(INTERNAL): address 192.168.31.56:2754, SOMAXCONN=5.
    INFO      dbmgr-1 24988 4000  [2018-06-21 09:40:52 054] - server-configs:
    INFO      dbmgr-1 24988 4000  [2018-06-21 09:40:52 054] - 	internalAddr : 192.168.31.56:2754
    INFO      dbmgr-1 24988 4000  [2018-06-21 09:40:52 054] - 	componentID : 4000
    INFO      dbmgr-1 24988 4000  [2018-06-21 09:40:53 573] - ---- dbmgr Version: 1.0.0. ScriptVersion: 0.1.0. Protocol: 253D45E587CB031BFD545E02866042FC. Config: Debug X86. Built: 23:15:53 Jun 15 2018. AppID: 4000. UID: 24988. PID: 10136 ----
    INFO      dbmgr-1 24988 4000  [2018-06-21 09:40:53 574] - Server :        Intel(R) Core(TM) i5-2415M CPU @ 2.30GHz with 4194303kB RAM
    INFO      dbmgr-1 24988 4000  [2018-06-21 09:40:53 575] - ThreadPool::createThreadPool: creating  threadpool...
    INFO      dbmgr-1 24988 4000  [2018-06-21 09:40:53 576] - ThreadPool::createThreadPool: successfully(2), newThreadCount=1, normalMaxThreadCount=2, maxThreadCount=8
   DEBUG      dbmgr-1 24988 4000  [2018-06-21 09:40:53 765] - Script::install_py_dlls(): PyInit_pyexpat
   DEBUG      dbmgr-1 24988 4000  [2018-06-21 09:40:53 766] - Script::install_py_dlls(): PyInit__socket
   DEBUG      dbmgr-1 24988 4000  [2018-06-21 09:40:53 767] - Script::install_py_dlls(): PyInit__ssl
   DEBUG      dbmgr-1 24988 4000  [2018-06-21 09:40:53 775] - Script::install_py_dlls(): PyInit__hashlib
   DEBUG      dbmgr-1 24988 4000  [2018-06-21 09:40:53 776] - Script::install_py_dlls(): PyInit_select
   DEBUG      dbmgr-1 24988 4000  [2018-06-21 09:40:53 777] - Script::install_py_dlls(): PyInit__ctypes
   DEBUG      dbmgr-1 24988 4000  [2018-06-21 09:40:53 778] - Script::install_py_dlls(): PyInit__elementtree
   DEBUG      dbmgr-1 24988 4000  [2018-06-21 09:40:53 878] - Script::install_py_dlls(): PyInit_unicodedata
    INFO      dbmgr-1 24988 4000  [2018-06-21 09:40:53 975] - Script::install(): is successfully, Python=(3.4.2 (default, Jun 15 2018, 23:15:28) [MSC v.1913 32 bit (Intel)])!
    INFO      dbmgr-1 24988 4000  [2018-06-21 09:40:53 975] - Script::install(): KBExtra is successfully!
    INFO      dbmgr-1 24988 4000  [2018-06-21 09:40:53 996] - Dbmgr::initializeEnd: digest(5ED2E5906DFF84B5DA19991E3A874863)
  S_INFO      dbmgr-1 24988 4000  [2018-06-21 09:40:53 996] - onDBMgrReady: bootstrapGroupIndex=0, bootstrapGlobalIndex=0
    INFO      dbmgr-1 24988 4000  [2018-06-21 09:40:53 997] - TelnetServer server is running on port 32000
    INFO      dbmgr-1 24988 4000  [2018-06-21 09:40:54 002] - Dbmgr::initInterfacesHandler: interfaces addr(127.0.0.1:30099), accountType:(interfaces), chargeType:(interfaces).
 WARNING      dbmgr-1 24988 4000  [2018-06-21 09:40:55 089] - DBUtil::initialize: db(default) password is not encrypted!
please use password(rsa):
BD36FC10E434B199F71668BD079A33B7A431C9A54475D5AF808B94439C86289858DFFD58B549D7C27EA7BD8073333A6C8A72F1ECC9335C8C994E767BD92F5B199BAE2BFC70D6DE5EF8D6DC8BD89CDFD765297FCABAF72DBC18A015956C2BBDAA2FDBE4DA4BE94A4784689EBF2D59A325B54ACFDF69FEDC6E9A5F8E5669DAD744
   DEBUG      dbmgr-1 24988 4000  [2018-06-21 09:40:55 095] - DBInterfaceMysql::attach: connect: localhost:3306 starting...
   DEBUG      dbmgr-1 24988 4000  [2018-06-21 09:40:55 104] - DBInterfaceMysql::attach: successfully! addr: localhost:3306
    INFO      dbmgr-1 24988 4000  [2018-06-21 09:40:55 104] - DBUtil::createInterface[0x3aeda8]: interface=default, dbtype=mysql, ip=localhost, port=3306, currdatabase=kbe1, username=kbe, connected=yes.

    INFO      dbmgr-1 24988 4000  [2018-06-21 09:40:55 105] - ThreadPool::createThreadPool: creating  threadpool...
    INFO      dbmgr-1 24988 4000  [2018-06-21 09:40:55 107] - ThreadPool::createThreadPool: successfully(5), newThreadCount=5, normalMaxThreadCount=5, maxThreadCount=5
    INFO      dbmgr-1 24988 4000  [2018-06-21 09:40:55 211] - DBInterfaceMysql::query: successfully!
    INFO      dbmgr-1 24988 4000  [2018-06-21 09:40:55 216] - DBInterfaceMysql::query: successfully!
 WARNING      dbmgr-1 24988 4000  [2018-06-21 09:40:55 287] - c:\users\public\documents\workspace\kbe\kbengine-kbengine-v1.0.0\kbengine\kbe\src\server\dbmgr\dbmgr.cpp:293: Profile scriptCall took 1.29 seconds
    INFO      dbmgr-1 24988 4000  [2018-06-21 09:40:55 924] - ---- dbmgr is running ----
   DEBUG      dbmgr-1 24988 4000  [2018-06-21 09:40:55 925] - Components::process(): Request for the process of identity...
   DEBUG      dbmgr-1 24988 4000  [2018-06-21 09:40:55 106] - DBInterfaceMysql::attach: connect: localhost:3306 starting...
   DEBUG      dbmgr-1 24988 4000  [2018-06-21 09:40:55 110] - DBInterfaceMysql::attach: successfully! addr: localhost:3306
   DEBUG      dbmgr-1 24988 4000  [2018-06-21 09:40:55 110] - DBThread::onStart(): 0x4a0c98!
   DEBUG      dbmgr-1 24988 4000  [2018-06-21 09:40:55 117] - DBInterfaceMysql::attach: connect: localhost:3306 starting...
   DEBUG      dbmgr-1 24988 4000  [2018-06-21 09:40:55 121] - DBInterfaceMysql::attach: successfully! addr: localhost:3306
   DEBUG      dbmgr-1 24988 4000  [2018-06-21 09:40:55 122] - DBThread::onStart(): 0x4a0d20!
   DEBUG      dbmgr-1 24988 4000  [2018-06-21 09:40:55 122] - DBInterfaceMysql::attach: connect: localhost:3306 starting...
   DEBUG      dbmgr-1 24988 4000  [2018-06-21 09:40:55 125] - DBInterfaceMysql::attach: connect: localhost:3306 starting...
   DEBUG      dbmgr-1 24988 4000  [2018-06-21 09:40:55 126] - DBInterfaceMysql::attach: successfully! addr: localhost:3306
   DEBUG      dbmgr-1 24988 4000  [2018-06-21 09:40:55 126] - DBInterfaceMysql::attach: connect: localhost:3306 starting...
   DEBUG      dbmgr-1 24988 4000  [2018-06-21 09:40:55 127] - DBThread::onStart(): 0x4a0da8!
   DEBUG      dbmgr-1 24988 4000  [2018-06-21 09:40:55 131] - DBInterfaceMysql::attach: successfully! addr: localhost:3306
   DEBUG      dbmgr-1 24988 4000  [2018-06-21 09:40:55 131] - DBThread::onStart(): 0x4a0c10!
   DEBUG      dbmgr-1 24988 4000  [2018-06-21 09:40:55 134] - DBInterfaceMysql::attach: successfully! addr: localhost:3306
   DEBUG      dbmgr-1 24988 4000  [2018-06-21 09:40:55 134] - DBThread::onStart(): 0x4a0e30!
    INFO      dbmgr-1 24988 4000  [2018-06-21 09:40:55 219] - DBInterfaceMysql::query: successfully!
    INFO      dbmgr-1 24988 4000  [2018-06-21 09:40:55 219] - DBInterfaceMysql::query: successfully!
    INFO      dbmgr-1 24988 4000  [2018-06-21 09:40:55 220] - DBInterfaceMysql::query: successfully!
    INFO      dbmgr-1 24988 4000  [2018-06-21 09:40:55 222] - DBInterfaceMysql::query: successfully!
    INFO      dbmgr-1 24988 4000  [2018-06-21 09:40:55 222] - DBInterfaceMysql::query: successfully!
    INFO      dbmgr-1 24988 4000  [2018-06-21 09:40:55 223] - DBInterfaceMysql::query: successfully!
    INFO      dbmgr-1 24988 4000  [2018-06-21 09:40:55 224] - DBInterfaceMysql::query: successfully!
    INFO      dbmgr-1 24988 4000  [2018-06-21 09:40:55 244] - DBInterfaceMysql::query: successfully!
    INFO      dbmgr-1 24988 4000  [2018-06-21 09:41:03 041] - Components::findComponents: find logger(1)...
    INFO      dbmgr-1 24988 4000  [2018-06-21 09:41:03 051] - Components::findComponents: found logger, addr:192.168.31.56:2756
    INFO      dbmgr-1 24988 4000  [2018-06-21 09:41:03 051] - Components::addComponent: reset orderLog, uid=24988!
    INFO      dbmgr-1 24988 4000  [2018-06-21 09:41:03 051] - Components::addComponent[logger], uid=24988, componentID=2000, globalorderid=1, grouporderid=1, totalcount=1
    INFO      dbmgr-1 24988 4000  [2018-06-21 09:41:03 081] - Components::process(): Found all the components!
    INFO      dbmgr-1 24988 4000  [2018-06-21 09:41:06 622] - ServerApp::onRegisterNewApp: uid:24988, username:, componentType:baseappmgr, componentID:5000, globalorderID=-1, grouporderID=-1, intaddr:192.168.31.56, intport:2757, extaddr:nonsupport, extport:0,  from 192.168.31.56:2782/0/0/0.
    INFO      dbmgr-1 24988 4000  [2018-06-21 09:41:06 622] - Components::addComponent: reset orderLog, uid=24988!
    INFO      dbmgr-1 24988 4000  [2018-06-21 09:41:06 622] - Components::addComponent[baseappmgr], uid=24988, componentID=5000, globalorderid=1, grouporderid=1, totalcount=1
    INFO      dbmgr-1 24988 4000  [2018-06-21 09:41:06 682] - ServerApp::onRegisterNewApp: uid:24988, username:, componentType:cellappmgr, componentID:6000, globalorderID=-1, grouporderID=-1, intaddr:192.168.31.56, intport:2753, extaddr:nonsupport, extport:0,  from 192.168.31.56:2785/0/0/0.
    INFO      dbmgr-1 24988 4000  [2018-06-21 09:41:06 682] - Components::addComponent[cellappmgr], uid=24988, componentID=6000, globalorderid=2, grouporderid=1, totalcount=1
    INFO      dbmgr-1 24988 4000  [2018-06-21 09:41:07 123] - ServerApp::onRegisterNewApp: uid:24988, username:, componentType:loginapp, componentID:9000, globalorderID=-1, grouporderID=-1, intaddr:192.168.31.56, intport:2758, extaddr:192.168.31.56, extport:20013,  from 192.168.31.56:2788/0/0/0.
    INFO      dbmgr-1 24988 4000  [2018-06-21 09:41:07 123] - Components::addComponent[loginapp], uid=24988, componentID=9000, globalorderid=3, grouporderid=1, totalcount=1
    INFO      dbmgr-1 24988 4000  [2018-06-21 09:41:08 343] - ServerApp::onRegisterNewApp: uid:24988, username:, componentType:baseapp, componentID:7001, globalorderID=-1, grouporderID=-1, intaddr:192.168.31.56, intport:2759, extaddr:192.168.31.56, extport:20015,  from 192.168.31.56:2793/0/0/0.
    INFO      dbmgr-1 24988 4000  [2018-06-21 09:41:08 343] - Components::addComponent[baseapp], uid=24988, componentID=7001, globalorderid=4, grouporderid=1, totalcount=1
    INFO      dbmgr-1 24988 4000  [2018-06-21 09:41:09 283] - ServerApp::onRegisterNewApp: uid:24988, username:, componentType:cellapp, componentID:8001, globalorderID=-1, grouporderID=-1, intaddr:192.168.31.56, intport:2752, extaddr:nonsupport, extport:0,  from 192.168.31.56:2798/0/0/0.
    INFO      dbmgr-1 24988 4000  [2018-06-21 09:41:09 283] - Components::addComponent[cellapp], uid=24988, componentID=8001, globalorderid=5, grouporderid=1, totalcount=1
    INFO      dbmgr-1 24988 4000  [2018-06-21 09:41:12 295] - IDServer::allocRange: 1-2001.
    INFO      dbmgr-1 24988 4000  [2018-06-21 09:41:12 295] - IDServer::allocRange: 2001-4001.
   DEBUG      dbmgr-1 24988 4000  [2018-06-21 09:41:12 295] - SyncAppDatasHandler::~SyncAppDatasHandler()
   DEBUG      dbmgr-1 24988 4000  [2018-06-21 09:43:16 172] - Dbmgr::onAccountLogin:loginName=lqt01, accountName=lqt01, success=0, componentID=0, entityID=0, dbid=2, flags=0, deadline=0.
   DEBUG      dbmgr-1 24988 4000  [2018-06-21 09:43:16 672] - Dbmgr::queryAccount: lqt01, success=1, flags=0, deadline=0.
    INFO      dbmgr-1 24988 4000  [2018-06-21 09:44:36 316] - Buffered_DBTasks::onFiniTask: Playing buffered task for entityID=0, dbid=2, dbid_tasks_size=1, entityid_tasks_size=0.
   DEBUG      dbmgr-1 24988 4000  [2018-06-21 09:44:36 330] - Dbmgr::writeEntity: Account(2).
   DEBUG      dbmgr-1 24988 4000  [2018-06-21 09:44:36 415] - Dbmgr::onEntityOffline: 2, entityType=1.
   DEBUG      dbmgr-1 24988 4000  [2018-06-21 09:48:37 145] - Dbmgr::onAccountLogin:loginName=lqt01, accountName=lqt01, success=0, componentID=0, entityID=0, dbid=2, flags=0, deadline=0.
   DEBUG      dbmgr-1 24988 4000  [2018-06-21 09:48:37 665] - Dbmgr::queryAccount: lqt01, success=1, flags=0, deadline=0.
   DEBUG      dbmgr-1 24988 4000  [2018-06-21 09:48:57 644] - Dbmgr::writeEntity: Account(2).
    INFO      dbmgr-1 24988 4000  [2018-06-21 09:48:57 625] - Buffered_DBTasks::onFiniTask: Playing buffered task for entityID=0, dbid=2, dbid_tasks_size=1, entityid_tasks_size=0.
   DEBUG      dbmgr-1 24988 4000  [2018-06-21 09:48:57 724] - Dbmgr::onEntityOffline: 2, entityType=1.
   DEBUG      dbmgr-1 24988 4000  [2018-06-21 10:40:55 351] - Dbmgr::DBTaskServerLog()
   DEBUG      dbmgr-1 24988 4000  [2018-06-21 11:40:55 325] - Dbmgr::DBTaskServerLog()
   DEBUG      dbmgr-1 24988 4000  [2018-06-21 12:40:55 299] - Dbmgr::DBTaskServerLog()
   DEBUG      dbmgr-1 24988 4000  [2018-06-21 13:40:55 274] - Dbmgr::DBTaskServerLog()
   DEBUG      dbmgr-1 24988 4000  [2018-06-21 14:40:55 249] - Dbmgr::DBTaskServerLog()
   DEBUG      dbmgr-1 24988 4000  [2018-06-21 15:40:55 243] - Dbmgr::DBTaskServerLog()
   DEBUG      dbmgr-1 24988 4000  [2018-06-21 16:40:55 218] - Dbmgr::DBTaskServerLog()
   DEBUG      dbmgr-1 24988 4000  [2018-06-21 17:40:55 212] - Dbmgr::DBTaskServerLog()
   DEBUG      dbmgr-1 24988 4000  [2018-06-21 18:40:55 207] - Dbmgr::DBTaskServerLog()
   DEBUG      dbmgr-1 24988 4000  [2018-06-21 19:40:55 162] - Dbmgr::DBTaskServerLog()
   DEBUG      dbmgr-1 24988 4000  [2018-06-21 20:40:55 157] - Dbmgr::DBTaskServerLog()
   DEBUG      dbmgr-1 24988 4000  [2018-06-21 21:40:55 131] - Dbmgr::DBTaskServerLog()
    INFO      dbmgr-1 12668 4000  [2018-06-21 22:34:10 938] - -----------------------------------------------------------------------------------------


    INFO      dbmgr-1 12668 4000  [2018-06-21 22:34:10 939] - Resmgr::initialize: KBE_ROOT=C:/Users/Public/Documents/workspace/kbe/kbengine-kbengine-v1.0.0/kbengine/
    INFO      dbmgr-1 12668 4000  [2018-06-21 22:34:10 940] - Resmgr::initialize: KBE_RES_PATH=C:/Users/Public/Documents/workspace/kbe/kbengine-kbengine-v1.0.0/kbengine/kbe/res/;C:/Users/Public/Documents/workspace/kbe/kbengine-kbengine-v1.0.0/kbengine/assets/;C:/Users/Public/Documents/workspace/kbe/kbengine-kbengine-v1.0.0/kbengine/assets/scripts/;C:/Users/Public/Documents/workspace/kbe/kbengine-kbengine-v1.0.0/kbengine/assets/res/
    INFO      dbmgr-1 12668 4000  [2018-06-21 22:34:10 940] - Resmgr::initialize: KBE_BIN_PATH=C:/Users/Public/Documents/workspace/kbe/kbengine-kbengine-v1.0.0/kbengine/kbe/bin/server/
    INFO      dbmgr-1 12668 4000  [2018-06-21 22:34:10 976] - NetworkInterface::recreateListeningSocket(INTERNAL): bound to all interfaces with default route interface on 192.168.31.56 ( 192.168.31.56:10071 )
    INFO      dbmgr-1 12668 4000  [2018-06-21 22:34:10 977] - NetworkInterface::recreateListeningSocket(INTERNAL): address 192.168.31.56:10071, SOMAXCONN=5.
    INFO      dbmgr-1 12668 4000  [2018-06-21 22:34:10 977] - server-configs:
    INFO      dbmgr-1 12668 4000  [2018-06-21 22:34:10 978] - 	internalAddr : 192.168.31.56:10071
    INFO      dbmgr-1 12668 4000  [2018-06-21 22:34:10 978] - 	componentID : 4000
    INFO      dbmgr-1 12668 4000  [2018-06-21 22:34:12 493] - ---- dbmgr Version: 1.0.0. ScriptVersion: 0.1.0. Protocol: 253D45E587CB031BFD545E02866042FC. Config: Debug X86. Built: 23:15:53 Jun 15 2018. AppID: 4000. UID: 12668. PID: 17072 ----
    INFO      dbmgr-1 12668 4000  [2018-06-21 22:34:12 493] - Server :        Intel(R) Core(TM) i5-2415M CPU @ 2.30GHz with 4194303kB RAM
    INFO      dbmgr-1 12668 4000  [2018-06-21 22:34:12 493] - ThreadPool::createThreadPool: creating  threadpool...
    INFO      dbmgr-1 12668 4000  [2018-06-21 22:34:12 494] - ThreadPool::createThreadPool: successfully(2), newThreadCount=1, normalMaxThreadCount=2, maxThreadCount=8
   DEBUG      dbmgr-1 12668 4000  [2018-06-21 22:34:12 673] - Script::install_py_dlls(): PyInit_pyexpat
   DEBUG      dbmgr-1 12668 4000  [2018-06-21 22:34:12 674] - Script::install_py_dlls(): PyInit__socket
   DEBUG      dbmgr-1 12668 4000  [2018-06-21 22:34:12 675] - Script::install_py_dlls(): PyInit__ssl
   DEBUG      dbmgr-1 12668 4000  [2018-06-21 22:34:12 682] - Script::install_py_dlls(): PyInit__hashlib
   DEBUG      dbmgr-1 12668 4000  [2018-06-21 22:34:12 683] - Script::install_py_dlls(): PyInit_select
   DEBUG      dbmgr-1 12668 4000  [2018-06-21 22:34:12 683] - Script::install_py_dlls(): PyInit__ctypes
   DEBUG      dbmgr-1 12668 4000  [2018-06-21 22:34:12 685] - Script::install_py_dlls(): PyInit__elementtree
   DEBUG      dbmgr-1 12668 4000  [2018-06-21 22:34:12 769] - Script::install_py_dlls(): PyInit_unicodedata
    INFO      dbmgr-1 12668 4000  [2018-06-21 22:34:12 853] - Script::install(): is successfully, Python=(3.4.2 (default, Jun 15 2018, 23:15:28) [MSC v.1913 32 bit (Intel)])!
    INFO      dbmgr-1 12668 4000  [2018-06-21 22:34:12 853] - Script::install(): KBExtra is successfully!
    INFO      dbmgr-1 12668 4000  [2018-06-21 22:34:12 874] - Dbmgr::initializeEnd: digest(E8616443B87DAD141506882EDDA1C70F)
  S_INFO      dbmgr-1 12668 4000  [2018-06-21 22:34:12 875] - onDBMgrReady: bootstrapGroupIndex=0, bootstrapGlobalIndex=0
    INFO      dbmgr-1 12668 4000  [2018-06-21 22:34:12 876] - TelnetServer server is running on port 32000
    INFO      dbmgr-1 12668 4000  [2018-06-21 22:34:12 876] - Dbmgr::initInterfacesHandler: interfaces addr(127.0.0.1:30099), accountType:(interfaces), chargeType:(interfaces).
 WARNING      dbmgr-1 12668 4000  [2018-06-21 22:34:13 757] - DBUtil::initialize: db(default) password is not encrypted!
please use password(rsa):
1E828ED14F60D358B1688D8DE74D46F93ED6A67606C2DE8879F47EF7DFEFBE4A07DD0474D60819E43544D75B3D64ECF94EDD630DA692C633193386B86D14D8E1E9944A2B0BF2D1D5E019366B18B3B945381423B9B18E1E002C8CB911391569AFF8B7B1A9FD5271BB20FC9FC7A9F6B7C5DAE0048DF872F7AEA0C1B7FE96445A2D
   DEBUG      dbmgr-1 12668 4000  [2018-06-21 22:34:13 761] - DBInterfaceMysql::attach: connect: localhost:3306 starting...
   DEBUG      dbmgr-1 12668 4000  [2018-06-21 22:34:13 777] - DBInterfaceMysql::attach: successfully! addr: localhost:3306
    INFO      dbmgr-1 12668 4000  [2018-06-21 22:34:13 777] - DBUtil::createInterface[0x189f1c4]: interface=default, dbtype=mysql, ip=localhost, port=3306, currdatabase=kbe1, username=kbe, connected=yes.

    INFO      dbmgr-1 12668 4000  [2018-06-21 22:34:13 778] - ThreadPool::createThreadPool: creating  threadpool...
    INFO      dbmgr-1 12668 4000  [2018-06-21 22:34:13 779] - ThreadPool::createThreadPool: successfully(5), newThreadCount=5, normalMaxThreadCount=5, maxThreadCount=5
    INFO      dbmgr-1 12668 4000  [2018-06-21 22:34:13 885] - DBInterfaceMysql::query: successfully!
    INFO      dbmgr-1 12668 4000  [2018-06-21 22:34:13 891] - DBInterfaceMysql::query: successfully!
 WARNING      dbmgr-1 12668 4000  [2018-06-21 22:34:14 032] - c:\users\public\documents\workspace\kbe\kbengine-kbengine-v1.0.0\kbengine\kbe\src\server\dbmgr\dbmgr.cpp:293: Profile scriptCall took 1.14 seconds
    INFO      dbmgr-1 12668 4000  [2018-06-21 22:34:14 857] - ---- dbmgr is running ----
   DEBUG      dbmgr-1 12668 4000  [2018-06-21 22:34:14 857] - Components::process(): Request for the process of identity...
   DEBUG      dbmgr-1 12668 4000  [2018-06-21 22:34:13 780] - DBInterfaceMysql::attach: connect: localhost:3306 starting...
   DEBUG      dbmgr-1 12668 4000  [2018-06-21 22:34:13 781] - DBInterfaceMysql::attach: connect: localhost:3306 starting...
   DEBUG      dbmgr-1 12668 4000  [2018-06-21 22:34:13 782] - DBInterfaceMysql::attach: connect: localhost:3306 starting...
   DEBUG      dbmgr-1 12668 4000  [2018-06-21 22:34:13 788] - DBInterfaceMysql::attach: connect: localhost:3306 starting...
   DEBUG      dbmgr-1 12668 4000  [2018-06-21 22:34:13 789] - DBInterfaceMysql::attach: connect: localhost:3306 starting...
   DEBUG      dbmgr-1 12668 4000  [2018-06-21 22:34:13 801] - DBInterfaceMysql::attach: successfully! addr: localhost:3306
   DEBUG      dbmgr-1 12668 4000  [2018-06-21 22:34:13 801] - DBThread::onStart(): 0x1bc1608!
   DEBUG      dbmgr-1 12668 4000  [2018-06-21 22:34:13 809] - DBInterfaceMysql::attach: successfully! addr: localhost:3306
   DEBUG      dbmgr-1 12668 4000  [2018-06-21 22:34:13 809] - DBThread::onStart(): 0x1bc1690!
   DEBUG      dbmgr-1 12668 4000  [2018-06-21 22:34:13 818] - DBInterfaceMysql::attach: successfully! addr: localhost:3306
   DEBUG      dbmgr-1 12668 4000  [2018-06-21 22:34:13 819] - DBThread::onStart(): 0x1bc1718!
   DEBUG      dbmgr-1 12668 4000  [2018-06-21 22:34:13 862] - DBInterfaceMysql::attach: successfully! addr: localhost:3306
   DEBUG      dbmgr-1 12668 4000  [2018-06-21 22:34:13 863] - DBThread::onStart(): 0x1bc17a0!
   DEBUG      dbmgr-1 12668 4000  [2018-06-21 22:34:13 876] - DBInterfaceMysql::attach: successfully! addr: localhost:3306
   DEBUG      dbmgr-1 12668 4000  [2018-06-21 22:34:13 876] - DBThread::onStart(): 0x1bc1580!
    INFO      dbmgr-1 12668 4000  [2018-06-21 22:34:13 893] - DBInterfaceMysql::query: successfully!
    INFO      dbmgr-1 12668 4000  [2018-06-21 22:34:13 894] - DBInterfaceMysql::query: successfully!
    INFO      dbmgr-1 12668 4000  [2018-06-21 22:34:13 895] - DBInterfaceMysql::query: successfully!
    INFO      dbmgr-1 12668 4000  [2018-06-21 22:34:13 914] - DBInterfaceMysql::query: successfully!
    INFO      dbmgr-1 12668 4000  [2018-06-21 22:34:13 915] - DBInterfaceMysql::query: successfully!
    INFO      dbmgr-1 12668 4000  [2018-06-21 22:34:13 916] - DBInterfaceMysql::query: successfully!
    INFO      dbmgr-1 12668 4000  [2018-06-21 22:34:13 917] - DBInterfaceMysql::query: successfully!
    INFO      dbmgr-1 12668 4000  [2018-06-21 22:34:13 960] - DBInterfaceMysql::query: successfully!
    INFO      dbmgr-1 12668 4000  [2018-06-21 22:34:21 974] - Components::findComponents: find logger(1)...
    INFO      dbmgr-1 12668 4000  [2018-06-21 22:34:22 036] - Components::findComponents: found logger, addr:192.168.31.56:10070
    INFO      dbmgr-1 12668 4000  [2018-06-21 22:34:22 036] - Components::addComponent: reset orderLog, uid=12668!
    INFO      dbmgr-1 12668 4000  [2018-06-21 22:34:22 036] - Components::addComponent[logger], uid=12668, componentID=2000, globalorderid=1, grouporderid=1, totalcount=1
    INFO      dbmgr-1 12668 4000  [2018-06-21 22:34:22 058] - Components::process(): Found all the components!
    INFO      dbmgr-1 12668 4000  [2018-06-21 22:34:25 215] - ServerApp::onRegisterNewApp: uid:12668, username:, componentType:cellappmgr, componentID:6000, globalorderID=-1, grouporderID=-1, intaddr:192.168.31.56, intport:10067, extaddr:nonsupport, extport:0,  from 192.168.31.56:10087/0/0/0.
    INFO      dbmgr-1 12668 4000  [2018-06-21 22:34:25 215] - Components::addComponent: reset orderLog, uid=12668!
    INFO      dbmgr-1 12668 4000  [2018-06-21 22:34:25 215] - Components::addComponent[cellappmgr], uid=12668, componentID=6000, globalorderid=1, grouporderid=1, totalcount=1
    INFO      dbmgr-1 12668 4000  [2018-06-21 22:34:25 495] - ServerApp::onRegisterNewApp: uid:12668, username:, componentType:baseappmgr, componentID:5000, globalorderID=-1, grouporderID=-1, intaddr:192.168.31.56, intport:10072, extaddr:nonsupport, extport:0,  from 192.168.31.56:10089/0/0/0.
    INFO      dbmgr-1 12668 4000  [2018-06-21 22:34:25 495] - Components::addComponent[baseappmgr], uid=12668, componentID=5000, globalorderid=2, grouporderid=1, totalcount=1
    INFO      dbmgr-1 12668 4000  [2018-06-21 22:34:26 095] - ServerApp::onRegisterNewApp: uid:12668, username:, componentType:loginapp, componentID:9000, globalorderID=-1, grouporderID=-1, intaddr:192.168.31.56, intport:10065, extaddr:192.168.31.56, extport:20013,  from 192.168.31.56:10091/0/0/0.
    INFO      dbmgr-1 12668 4000  [2018-06-21 22:34:26 095] - Components::addComponent[loginapp], uid=12668, componentID=9000, globalorderid=3, grouporderid=1, totalcount=1
    INFO      dbmgr-1 12668 4000  [2018-06-21 22:34:27 895] - ServerApp::onRegisterNewApp: uid:12668, username:, componentType:cellapp, componentID:8001, globalorderID=-1, grouporderID=-1, intaddr:192.168.31.56, intport:10066, extaddr:nonsupport, extport:0,  from 192.168.31.56:10093/0/0/0.
    INFO      dbmgr-1 12668 4000  [2018-06-21 22:34:27 895] - Components::addComponent[cellapp], uid=12668, componentID=8001, globalorderid=4, grouporderid=1, totalcount=1
    INFO      dbmgr-1 12668 4000  [2018-06-21 22:34:30 914] - IDServer::allocRange: 1-2001.
   DEBUG      dbmgr-1 12668 4000  [2018-06-21 22:34:30 914] - SyncAppDatasHandler::~SyncAppDatasHandler()
    INFO      dbmgr-1 12834 4000  [2018-06-21 22:35:02 250] - -----------------------------------------------------------------------------------------


    INFO      dbmgr-1 12834 4000  [2018-06-21 22:35:02 251] - Resmgr::initialize: KBE_ROOT=C:/Users/Public/Documents/workspace/kbe/kbengine-kbengine-v1.0.0/kbengine/
    INFO      dbmgr-1 12834 4000  [2018-06-21 22:35:02 252] - Resmgr::initialize: KBE_RES_PATH=C:/Users/Public/Documents/workspace/kbe/kbengine-kbengine-v1.0.0/kbengine/kbe/res/;C:/Users/Public/Documents/workspace/kbe/kbengine-kbengine-v1.0.0/kbengine/assets/;C:/Users/Public/Documents/workspace/kbe/kbengine-kbengine-v1.0.0/kbengine/assets/scripts/;C:/Users/Public/Documents/workspace/kbe/kbengine-kbengine-v1.0.0/kbengine/assets/res/
    INFO      dbmgr-1 12834 4000  [2018-06-21 22:35:02 252] - Resmgr::initialize: KBE_BIN_PATH=C:/Users/Public/Documents/workspace/kbe/kbengine-kbengine-v1.0.0/kbengine/kbe/bin/server/
    INFO      dbmgr-1 12834 4000  [2018-06-21 22:35:02 273] - NetworkInterface::recreateListeningSocket(INTERNAL): bound to all interfaces with default route interface on 192.168.31.56 ( 192.168.31.56:10103 )
    INFO      dbmgr-1 12834 4000  [2018-06-21 22:35:02 274] - NetworkInterface::recreateListeningSocket(INTERNAL): address 192.168.31.56:10103, SOMAXCONN=5.
    INFO      dbmgr-1 12834 4000  [2018-06-21 22:35:02 274] - server-configs:
    INFO      dbmgr-1 12834 4000  [2018-06-21 22:35:02 274] - 	internalAddr : 192.168.31.56:10103
    INFO      dbmgr-1 12834 4000  [2018-06-21 22:35:02 274] - 	componentID : 4000
    INFO      dbmgr-1 12834 4000  [2018-06-21 22:35:03 786] - ---- dbmgr Version: 1.0.0. ScriptVersion: 0.1.0. Protocol: 253D45E587CB031BFD545E02866042FC. Config: Debug X86. Built: 23:15:53 Jun 15 2018. AppID: 4000. UID: 12834. PID: 16468 ----
    INFO      dbmgr-1 12834 4000  [2018-06-21 22:35:03 788] - Server :        Intel(R) Core(TM) i5-2415M CPU @ 2.30GHz with 4194303kB RAM
    INFO      dbmgr-1 12834 4000  [2018-06-21 22:35:03 788] - ThreadPool::createThreadPool: creating  threadpool...
    INFO      dbmgr-1 12834 4000  [2018-06-21 22:35:03 788] - ThreadPool::createThreadPool: successfully(2), newThreadCount=1, normalMaxThreadCount=2, maxThreadCount=8
   DEBUG      dbmgr-1 12834 4000  [2018-06-21 22:35:03 968] - Script::install_py_dlls(): PyInit_pyexpat
   DEBUG      dbmgr-1 12834 4000  [2018-06-21 22:35:03 969] - Script::install_py_dlls(): PyInit__socket
   DEBUG      dbmgr-1 12834 4000  [2018-06-21 22:35:03 970] - Script::install_py_dlls(): PyInit__ssl
   DEBUG      dbmgr-1 12834 4000  [2018-06-21 22:35:03 977] - Script::install_py_dlls(): PyInit__hashlib
   DEBUG      dbmgr-1 12834 4000  [2018-06-21 22:35:03 978] - Script::install_py_dlls(): PyInit_select
   DEBUG      dbmgr-1 12834 4000  [2018-06-21 22:35:03 978] - Script::install_py_dlls(): PyInit__ctypes
   DEBUG      dbmgr-1 12834 4000  [2018-06-21 22:35:03 980] - Script::install_py_dlls(): PyInit__elementtree
   DEBUG      dbmgr-1 12834 4000  [2018-06-21 22:35:04 062] - Script::install_py_dlls(): PyInit_unicodedata
    INFO      dbmgr-1 12834 4000  [2018-06-21 22:35:04 147] - Script::install(): is successfully, Python=(3.4.2 (default, Jun 15 2018, 23:15:28) [MSC v.1913 32 bit (Intel)])!
    INFO      dbmgr-1 12834 4000  [2018-06-21 22:35:04 147] - Script::install(): KBExtra is successfully!
    INFO      dbmgr-1 12834 4000  [2018-06-21 22:35:04 168] - Dbmgr::initializeEnd: digest(E8616443B87DAD141506882EDDA1C70F)
  S_INFO      dbmgr-1 12834 4000  [2018-06-21 22:35:04 168] - onDBMgrReady: bootstrapGroupIndex=0, bootstrapGlobalIndex=0
    INFO      dbmgr-1 12834 4000  [2018-06-21 22:35:04 169] - TelnetServer server is running on port 32000
    INFO      dbmgr-1 12834 4000  [2018-06-21 22:35:04 170] - Dbmgr::initInterfacesHandler: interfaces addr(127.0.0.1:30099), accountType:(interfaces), chargeType:(interfaces).
 WARNING      dbmgr-1 12834 4000  [2018-06-21 22:35:05 291] - DBUtil::initialize: db(default) password is not encrypted!
please use password(rsa):
0958BEB07AE860D4EC6024435ED3597392C0AEEAC1BD5469FDF4B6B808F99E439B3B24FF624EF3564990D74CF49B0928D5DCBEBE64EC66F7CE30D4FD8BD5B83650DAEA6062881F1CF59AAD62D92D6B4120899BA6E8861FED06B7CAC7E45607D6C3C37E75EBDA85CF6B1640C7388201238D1CD06CF67A6976496B9CA9C84F6083
   DEBUG      dbmgr-1 12834 4000  [2018-06-21 22:35:05 298] - DBInterfaceMysql::attach: connect: localhost:3306 starting...
   DEBUG      dbmgr-1 12834 4000  [2018-06-21 22:35:05 334] - DBInterfaceMysql::attach: successfully! addr: localhost:3306
    INFO      dbmgr-1 12834 4000  [2018-06-21 22:35:05 334] - DBUtil::createInterface[0x1cf540]: interface=default, dbtype=mysql, ip=localhost, port=3306, currdatabase=kbe1, username=kbe, connected=yes.

    INFO      dbmgr-1 12834 4000  [2018-06-21 22:35:05 335] - ThreadPool::createThreadPool: creating  threadpool...
    INFO      dbmgr-1 12834 4000  [2018-06-21 22:35:05 336] - ThreadPool::createThreadPool: successfully(5), newThreadCount=5, normalMaxThreadCount=5, maxThreadCount=5
    INFO      dbmgr-1 12834 4000  [2018-06-21 22:35:05 441] - DBInterfaceMysql::query: successfully!
    INFO      dbmgr-1 12834 4000  [2018-06-21 22:35:05 447] - DBInterfaceMysql::query: successfully!
 WARNING      dbmgr-1 12834 4000  [2018-06-21 22:35:05 508] - c:\users\public\documents\workspace\kbe\kbengine-kbengine-v1.0.0\kbengine\kbe\src\server\dbmgr\dbmgr.cpp:293: Profile scriptCall took 1.34 seconds
    INFO      dbmgr-1 12834 4000  [2018-06-21 22:35:06 196] - ---- dbmgr is running ----
   DEBUG      dbmgr-1 12834 4000  [2018-06-21 22:35:06 196] - Components::process(): Request for the process of identity...
   DEBUG      dbmgr-1 12834 4000  [2018-06-21 22:35:05 336] - DBInterfaceMysql::attach: connect: localhost:3306 starting...
   DEBUG      dbmgr-1 12834 4000  [2018-06-21 22:35:05 337] - DBInterfaceMysql::attach: connect: localhost:3306 starting...
   DEBUG      dbmgr-1 12834 4000  [2018-06-21 22:35:05 338] - DBInterfaceMysql::attach: connect: localhost:3306 starting...
   DEBUG      dbmgr-1 12834 4000  [2018-06-21 22:35:05 338] - DBInterfaceMysql::attach: connect: localhost:3306 starting...
   DEBUG      dbmgr-1 12834 4000  [2018-06-21 22:35:05 344] - DBInterfaceMysql::attach: successfully! addr: localhost:3306
   DEBUG      dbmgr-1 12834 4000  [2018-06-21 22:35:05 344] - DBThread::onStart(): 0x3b0c10!
   DEBUG      dbmgr-1 12834 4000  [2018-06-21 22:35:05 346] - DBInterfaceMysql::attach: successfully! addr: localhost:3306
   DEBUG      dbmgr-1 12834 4000  [2018-06-21 22:35:05 346] - DBThread::onStart(): 0x3b0e30!
   DEBUG      dbmgr-1 12834 4000  [2018-06-21 22:35:05 348] - DBInterfaceMysql::attach: successfully! addr: localhost:3306
   DEBUG      dbmgr-1 12834 4000  [2018-06-21 22:35:05 348] - DBThread::onStart(): 0x3b0da8!
   DEBUG      dbmgr-1 12834 4000  [2018-06-21 22:35:05 350] - DBInterfaceMysql::attach: successfully! addr: localhost:3306
   DEBUG      dbmgr-1 12834 4000  [2018-06-21 22:35:05 350] - DBThread::onStart(): 0x3b0c98!
   DEBUG      dbmgr-1 12834 4000  [2018-06-21 22:35:05 350] - DBInterfaceMysql::attach: connect: localhost:3306 starting...
   DEBUG      dbmgr-1 12834 4000  [2018-06-21 22:35:05 355] - DBInterfaceMysql::attach: successfully! addr: localhost:3306
   DEBUG      dbmgr-1 12834 4000  [2018-06-21 22:35:05 355] - DBThread::onStart(): 0x3b0d20!
    INFO      dbmgr-1 12834 4000  [2018-06-21 22:35:05 448] - DBInterfaceMysql::query: successfully!
    INFO      dbmgr-1 12834 4000  [2018-06-21 22:35:05 450] - DBInterfaceMysql::query: successfully!
    INFO      dbmgr-1 12834 4000  [2018-06-21 22:35:05 450] - DBInterfaceMysql::query: successfully!
    INFO      dbmgr-1 12834 4000  [2018-06-21 22:35:05 451] - DBInterfaceMysql::query: successfully!
    INFO      dbmgr-1 12834 4000  [2018-06-21 22:35:05 452] - DBInterfaceMysql::query: successfully!
    INFO      dbmgr-1 12834 4000  [2018-06-21 22:35:05 453] - DBInterfaceMysql::query: successfully!
    INFO      dbmgr-1 12834 4000  [2018-06-21 22:35:05 453] - DBInterfaceMysql::query: successfully!
    INFO      dbmgr-1 12834 4000  [2018-06-21 22:35:05 453] - DBInterfaceMysql::query: successfully!
    INFO      dbmgr-1 12834 4000  [2018-06-21 22:35:13 307] - Components::findComponents: find logger(1)...
    INFO      dbmgr-1 12834 4000  [2018-06-21 22:35:13 378] - Components::findComponents: found logger, addr:192.168.31.56:10100
    INFO      dbmgr-1 12834 4000  [2018-06-21 22:35:13 378] - Components::addComponent: reset orderLog, uid=12834!
    INFO      dbmgr-1 12834 4000  [2018-06-21 22:35:13 378] - Components::addComponent[logger], uid=12834, componentID=2000, globalorderid=1, grouporderid=1, totalcount=1
    INFO      dbmgr-1 12834 4000  [2018-06-21 22:35:13 407] - Components::process(): Found all the components!
    INFO      dbmgr-1 12834 4000  [2018-06-21 22:35:16 527] - ServerApp::onRegisterNewApp: uid:12834, username:, componentType:cellappmgr, componentID:6000, globalorderID=-1, grouporderID=-1, intaddr:192.168.31.56, intport:10105, extaddr:nonsupport, extport:0,  from 192.168.31.56:10130/0/0/0.
    INFO      dbmgr-1 12834 4000  [2018-06-21 22:35:16 527] - Components::addComponent: reset orderLog, uid=12834!
    INFO      dbmgr-1 12834 4000  [2018-06-21 22:35:16 527] - Components::addComponent[cellappmgr], uid=12834, componentID=6000, globalorderid=1, grouporderid=1, totalcount=1
    INFO      dbmgr-1 12834 4000  [2018-06-21 22:35:16 747] - ServerApp::onRegisterNewApp: uid:12834, username:, componentType:baseappmgr, componentID:5000, globalorderID=-1, grouporderID=-1, intaddr:192.168.31.56, intport:10106, extaddr:nonsupport, extport:0,  from 192.168.31.56:10132/0/0/0.
    INFO      dbmgr-1 12834 4000  [2018-06-21 22:35:16 747] - Components::addComponent[baseappmgr], uid=12834, componentID=5000, globalorderid=2, grouporderid=1, totalcount=1
    INFO      dbmgr-1 12834 4000  [2018-06-21 22:35:17 268] - ServerApp::onRegisterNewApp: uid:12834, username:, componentType:loginapp, componentID:9000, globalorderID=-1, grouporderID=-1, intaddr:192.168.31.56, intport:10102, extaddr:192.168.31.56, extport:20013,  from 192.168.31.56:10134/0/0/0.
    INFO      dbmgr-1 12834 4000  [2018-06-21 22:35:17 268] - Components::addComponent[loginapp], uid=12834, componentID=9000, globalorderid=3, grouporderid=1, totalcount=1
    INFO      dbmgr-1 12834 4000  [2018-06-21 22:35:20 088] - ServerApp::onRegisterNewApp: uid:12834, username:, componentType:baseapp, componentID:7001, globalorderID=-1, grouporderID=-1, intaddr:192.168.31.56, intport:10104, extaddr:192.168.31.56, extport:20015,  from 192.168.31.56:10137/0/0/0.
    INFO      dbmgr-1 12834 4000  [2018-06-21 22:35:20 088] - Components::addComponent[baseapp], uid=12834, componentID=7001, globalorderid=4, grouporderid=1, totalcount=1
    INFO      dbmgr-1 12834 4000  [2018-06-21 22:35:20 728] - ServerApp::onRegisterNewApp: uid:12834, username:, componentType:cellapp, componentID:8001, globalorderID=-1, grouporderID=-1, intaddr:192.168.31.56, intport:10101, extaddr:nonsupport, extport:0,  from 192.168.31.56:10141/0/0/0.
    INFO      dbmgr-1 12834 4000  [2018-06-21 22:35:20 728] - Components::addComponent[cellapp], uid=12834, componentID=8001, globalorderid=5, grouporderid=1, totalcount=1
    INFO      dbmgr-1 12834 4000  [2018-06-21 22:35:23 747] - IDServer::allocRange: 1-2001.
    INFO      dbmgr-1 12834 4000  [2018-06-21 22:35:23 747] - IDServer::allocRange: 2001-4001.
   DEBUG      dbmgr-1 12834 4000  [2018-06-21 22:35:23 747] - SyncAppDatasHandler::~SyncAppDatasHandler()
   DEBUG      dbmgr-1 12834 4000  [2018-06-21 22:36:55 405] - Dbmgr::onAccountLogin:loginName=lqt01, accountName=lqt01, success=0, componentID=0, entityID=0, dbid=2, flags=0, deadline=0.
   DEBUG      dbmgr-1 12834 4000  [2018-06-21 22:36:56 265] - Dbmgr::queryAccount: lqt01, success=1, flags=0, deadline=0.
 WARNING      dbmgr-1 12834 4000  [2018-06-21 22:38:06 725] - DBTask::process(): took 0.22 seconds
sql:(update tbl_Account_CardList set sm_value=10000022 where id=5)
   DEBUG      dbmgr-1 12834 4000  [2018-06-21 22:38:06 823] - Dbmgr::writeEntity: Account(2).
    INFO      dbmgr-1 12834 4000  [2018-06-21 22:38:06 814] - Buffered_DBTasks::onFiniTask: Playing buffered task for entityID=0, dbid=2, dbid_tasks_size=1, entityid_tasks_size=0.
   DEBUG      dbmgr-1 12834 4000  [2018-06-21 22:38:06 943] - Dbmgr::onEntityOffline: 2, entityType=1.
   DEBUG      dbmgr-1 12834 4000  [2018-06-21 22:45:02 514] - Dbmgr::onAccountLogin:loginName=lqt01, accountName=lqt01, success=0, componentID=0, entityID=0, dbid=2, flags=0, deadline=0.
   DEBUG      dbmgr-1 12834 4000  [2018-06-21 22:45:02 939] - Dbmgr::queryAccount: lqt01, success=1, flags=0, deadline=0.
   DEBUG      dbmgr-1 12834 4000  [2018-06-21 22:48:02 709] - Dbmgr::writeEntity: Account(2).
   DEBUG      dbmgr-1 12834 4000  [2018-06-21 22:48:02 729] - Dbmgr::onEntityOffline: 2, entityType=1.
    INFO      dbmgr-1 12834 4000  [2018-06-21 22:48:02 705] - Buffered_DBTasks::onFiniTask: Playing buffered task for entityID=0, dbid=2, dbid_tasks_size=1, entityid_tasks_size=0.
   DEBUG      dbmgr-1 12834 4000  [2018-06-21 22:50:58 985] - Dbmgr::onAccountLogin:loginName=lqt01, accountName=lqt01, success=0, componentID=0, entityID=0, dbid=2, flags=0, deadline=0.
   DEBUG      dbmgr-1 12834 4000  [2018-06-21 22:50:59 424] - Dbmgr::queryAccount: lqt01, success=1, flags=0, deadline=0.
   DEBUG      dbmgr-1 12834 4000  [2018-06-21 22:52:11 564] - Dbmgr::writeEntity: Account(2).
   DEBUG      dbmgr-1 12834 4000  [2018-06-21 22:52:11 585] - Dbmgr::onEntityOffline: 2, entityType=1.
    INFO      dbmgr-1 12834 4000  [2018-06-21 22:52:11 554] - Buffered_DBTasks::onFiniTask: Playing buffered task for entityID=0, dbid=2, dbid_tasks_size=1, entityid_tasks_size=0.
   DEBUG      dbmgr-1 12834 4000  [2018-06-21 23:35:05 483] - Dbmgr::DBTaskServerLog()
   DEBUG      dbmgr-1 12834 4000  [2018-06-21 23:49:12 622] - Dbmgr::onAccountLogin:loginName=lqt01, accountName=lqt01, success=0, componentID=0, entityID=0, dbid=2, flags=0, deadline=0.
   DEBUG      dbmgr-1 12834 4000  [2018-06-21 23:49:13 142] - Dbmgr::queryAccount: lqt01, success=1, flags=0, deadline=0.
   DEBUG      dbmgr-1 12834 4000  [2018-06-21 23:50:01 101] - Dbmgr::writeEntity: Account(2).
   DEBUG      dbmgr-1 12834 4000  [2018-06-21 23:50:01 121] - Dbmgr::onEntityOffline: 2, entityType=1.
    INFO      dbmgr-1 12834 4000  [2018-06-21 23:50:01 085] - Buffered_DBTasks::onFiniTask: Playing buffered task for entityID=0, dbid=2, dbid_tasks_size=1, entityid_tasks_size=0.
   DEBUG      dbmgr-1 12834 4000  [2018-06-21 23:50:39 600] - Dbmgr::onAccountLogin:loginName=lqt01, accountName=lqt01, success=0, componentID=0, entityID=0, dbid=2, flags=0, deadline=0.
   DEBUG      dbmgr-1 12834 4000  [2018-06-21 23:50:40 080] - Dbmgr::queryAccount: lqt01, success=1, flags=0, deadline=0.
   DEBUG      dbmgr-1 12834 4000  [2018-06-21 23:51:05 380] - Dbmgr::writeEntity: Account(2).
   DEBUG      dbmgr-1 12834 4000  [2018-06-21 23:51:05 420] - Dbmgr::onEntityOffline: 2, entityType=1.
    INFO      dbmgr-1 12834 4000  [2018-06-21 23:51:05 371] - Buffered_DBTasks::onFiniTask: Playing buffered task for entityID=0, dbid=2, dbid_tasks_size=1, entityid_tasks_size=0.
   DEBUG      dbmgr-1 12834 4000  [2018-06-21 23:53:21 957] - Dbmgr::onAccountLogin:loginName=lqt01, accountName=lqt01, success=0, componentID=0, entityID=0, dbid=2, flags=0, deadline=0.
   DEBUG      dbmgr-1 12834 4000  [2018-06-21 23:53:22 497] - Dbmgr::queryAccount: lqt01, success=1, flags=0, deadline=0.
   DEBUG      dbmgr-1 12834 4000  [2018-06-21 23:54:04 255] - Dbmgr::writeEntity: Account(2).
   DEBUG      dbmgr-1 12834 4000  [2018-06-21 23:54:04 295] - Dbmgr::onEntityOffline: 2, entityType=1.
    INFO      dbmgr-1 12834 4000  [2018-06-21 23:54:04 250] - Buffered_DBTasks::onFiniTask: Playing buffered task for entityID=0, dbid=2, dbid_tasks_size=1, entityid_tasks_size=0.
