    INFO      dbmgr-1 404 4000  [2018-06-22 08:40:34 118] - -----------------------------------------------------------------------------------------


    INFO      dbmgr-1 404 4000  [2018-06-22 08:40:34 119] - Resmgr::initialize: KBE_ROOT=C:/Users/Public/Documents/workspace/kbe/kbengine-kbengine-v1.0.0/kbengine/
    INFO      dbmgr-1 404 4000  [2018-06-22 08:40:34 120] - Resmgr::initialize: KBE_RES_PATH=C:/Users/Public/Documents/workspace/kbe/kbengine-kbengine-v1.0.0/kbengine/kbe/res/;C:/Users/Public/Documents/workspace/kbe/kbengine-kbengine-v1.0.0/kbengine/assets/;C:/Users/Public/Documents/workspace/kbe/kbengine-kbengine-v1.0.0/kbengine/assets/scripts/;C:/Users/Public/Documents/workspace/kbe/kbengine-kbengine-v1.0.0/kbengine/assets/res/
    INFO      dbmgr-1 404 4000  [2018-06-22 08:40:34 120] - Resmgr::initialize: KBE_BIN_PATH=C:/Users/Public/Documents/workspace/kbe/kbengine-kbengine-v1.0.0/kbengine/kbe/bin/server/
    INFO      dbmgr-1 404 4000  [2018-06-22 08:40:34 133] - NetworkInterface::recreateListeningSocket(INTERNAL): bound to all interfaces with default route interface on 192.168.31.56 ( 192.168.31.56:2553 )
    INFO      dbmgr-1 404 4000  [2018-06-22 08:40:34 133] - NetworkInterface::recreateListeningSocket(INTERNAL): address 192.168.31.56:2553, SOMAXCONN=5.
    INFO      dbmgr-1 404 4000  [2018-06-22 08:40:34 133] - server-configs:
    INFO      dbmgr-1 404 4000  [2018-06-22 08:40:34 134] - 	internalAddr : 192.168.31.56:2553
    INFO      dbmgr-1 404 4000  [2018-06-22 08:40:34 134] - 	componentID : 4000
    INFO      dbmgr-1 404 4000  [2018-06-22 08:40:35 648] - ---- dbmgr Version: 1.0.0. ScriptVersion: 0.1.0. Protocol: 253D45E587CB031BFD545E02866042FC. Config: Debug X86. Built: 23:15:53 Jun 15 2018. AppID: 4000. UID: 404. PID: 8532 ----
    INFO      dbmgr-1 404 4000  [2018-06-22 08:40:35 649] - Server :        Intel(R) Core(TM) i5-2415M CPU @ 2.30GHz with 4194303kB RAM
    INFO      dbmgr-1 404 4000  [2018-06-22 08:40:35 650] - ThreadPool::createThreadPool: creating  threadpool...
    INFO      dbmgr-1 404 4000  [2018-06-22 08:40:35 651] - ThreadPool::createThreadPool: successfully(2), newThreadCount=1, normalMaxThreadCount=2, maxThreadCount=8
   DEBUG      dbmgr-1 404 4000  [2018-06-22 08:40:35 881] - Script::install_py_dlls(): PyInit_pyexpat
   DEBUG      dbmgr-1 404 4000  [2018-06-22 08:40:35 882] - Script::install_py_dlls(): PyInit__socket
   DEBUG      dbmgr-1 404 4000  [2018-06-22 08:40:35 883] - Script::install_py_dlls(): PyInit__ssl
   DEBUG      dbmgr-1 404 4000  [2018-06-22 08:40:35 891] - Script::install_py_dlls(): PyInit__hashlib
   DEBUG      dbmgr-1 404 4000  [2018-06-22 08:40:35 892] - Script::install_py_dlls(): PyInit_select
   DEBUG      dbmgr-1 404 4000  [2018-06-22 08:40:35 892] - Script::install_py_dlls(): PyInit__ctypes
   DEBUG      dbmgr-1 404 4000  [2018-06-22 08:40:35 894] - Script::install_py_dlls(): PyInit__elementtree
   DEBUG      dbmgr-1 404 4000  [2018-06-22 08:40:36 069] - Script::install_py_dlls(): PyInit_unicodedata
    INFO      dbmgr-1 404 4000  [2018-06-22 08:40:36 214] - Script::install(): is successfully, Python=(3.4.2 (default, Jun 15 2018, 23:15:28) [MSC v.1913 32 bit (Intel)])!
    INFO      dbmgr-1 404 4000  [2018-06-22 08:40:36 215] - Script::install(): KBExtra is successfully!
    INFO      dbmgr-1 404 4000  [2018-06-22 08:40:36 269] - Dbmgr::initializeEnd: digest(E8616443B87DAD141506882EDDA1C70F)
  S_INFO      dbmgr-1 404 4000  [2018-06-22 08:40:36 270] - onDBMgrReady: bootstrapGroupIndex=0, bootstrapGlobalIndex=0
    INFO      dbmgr-1 404 4000  [2018-06-22 08:40:36 271] - TelnetServer server is running on port 32000
    INFO      dbmgr-1 404 4000  [2018-06-22 08:40:36 271] - Dbmgr::initInterfacesHandler: interfaces addr(127.0.0.1:30099), accountType:(interfaces), chargeType:(interfaces).
 WARNING      dbmgr-1 404 4000  [2018-06-22 08:40:37 207] - DBUtil::initialize: db(default) password is not encrypted!
please use password(rsa):
5EB09DAB821849869C014C14AE7B04FBE5558660C2880D02DAB63EA3C3CC7F943EA0D8376507708966F8BB6F939F9639A0300BDBA2BA010DDCA72A1A2F29C078FE3505D848E1733963139BFBA8DD579F85C5792481D59D14B750C153443C814FDEFBA00FEEAB4D3658F0487A0338A845D248E747C531D4AA531BB82C2C9A8A67
   DEBUG      dbmgr-1 404 4000  [2018-06-22 08:40:37 210] - DBInterfaceMysql::attach: connect: localhost:3306 starting...
   DEBUG      dbmgr-1 404 4000  [2018-06-22 08:40:37 221] - DBInterfaceMysql::attach: successfully! addr: localhost:3306
    INFO      dbmgr-1 404 4000  [2018-06-22 08:40:37 221] - DBUtil::createInterface[0x2ff0bc]: interface=default, dbtype=mysql, ip=localhost, port=3306, currdatabase=kbe1, username=kbe, connected=yes.

    INFO      dbmgr-1 404 4000  [2018-06-22 08:40:37 222] - ThreadPool::createThreadPool: creating  threadpool...
    INFO      dbmgr-1 404 4000  [2018-06-22 08:40:37 223] - ThreadPool::createThreadPool: successfully(5), newThreadCount=5, normalMaxThreadCount=5, maxThreadCount=5
    INFO      dbmgr-1 404 4000  [2018-06-22 08:40:37 327] - DBInterfaceMysql::query: successfully!
    INFO      dbmgr-1 404 4000  [2018-06-22 08:40:37 330] - DBInterfaceMysql::query: successfully!
 WARNING      dbmgr-1 404 4000  [2018-06-22 08:40:37 751] - c:\users\public\documents\workspace\kbe\kbengine-kbengine-v1.0.0\kbengine\kbe\src\server\dbmgr\dbmgr.cpp:293: Profile scriptCall took 1.48 seconds
    INFO      dbmgr-1 404 4000  [2018-06-22 08:40:38 261] - ---- dbmgr is running ----
   DEBUG      dbmgr-1 404 4000  [2018-06-22 08:40:38 261] - Components::process(): Request for the process of identity...
   DEBUG      dbmgr-1 404 4000  [2018-06-22 08:40:37 222] - DBInterfaceMysql::attach: connect: localhost:3306 starting...
   DEBUG      dbmgr-1 404 4000  [2018-06-22 08:40:37 222] - DBInterfaceMysql::attach: connect: localhost:3306 starting...
   DEBUG      dbmgr-1 404 4000  [2018-06-22 08:40:37 223] - DBInterfaceMysql::attach: connect: localhost:3306 starting...
   DEBUG      dbmgr-1 404 4000  [2018-06-22 08:40:37 223] - DBInterfaceMysql::attach: connect: localhost:3306 starting...
   DEBUG      dbmgr-1 404 4000  [2018-06-22 08:40:37 224] - DBInterfaceMysql::attach: connect: localhost:3306 starting...
   DEBUG      dbmgr-1 404 4000  [2018-06-22 08:40:37 230] - DBInterfaceMysql::attach: successfully! addr: localhost:3306
   DEBUG      dbmgr-1 404 4000  [2018-06-22 08:40:37 230] - DBInterfaceMysql::attach: successfully! addr: localhost:3306
   DEBUG      dbmgr-1 404 4000  [2018-06-22 08:40:37 230] - DBThread::onStart(): 0x6846f0!
   DEBUG      dbmgr-1 404 4000  [2018-06-22 08:40:37 231] - DBInterfaceMysql::attach: successfully! addr: localhost:3306
   DEBUG      dbmgr-1 404 4000  [2018-06-22 08:40:37 231] - DBThread::onStart(): 0x684668!
   DEBUG      dbmgr-1 404 4000  [2018-06-22 08:40:37 231] - DBThread::onStart(): 0x684558!
   DEBUG      dbmgr-1 404 4000  [2018-06-22 08:40:37 231] - DBInterfaceMysql::attach: successfully! addr: localhost:3306
   DEBUG      dbmgr-1 404 4000  [2018-06-22 08:40:37 231] - DBThread::onStart(): 0x6845e0!
   DEBUG      dbmgr-1 404 4000  [2018-06-22 08:40:37 231] - DBInterfaceMysql::attach: successfully! addr: localhost:3306
   DEBUG      dbmgr-1 404 4000  [2018-06-22 08:40:37 232] - DBThread::onStart(): 0x6844d0!
    INFO      dbmgr-1 404 4000  [2018-06-22 08:40:37 483] - DBInterfaceMysql::query: successfully!
    INFO      dbmgr-1 404 4000  [2018-06-22 08:40:37 483] - DBInterfaceMysql::query: successfully!
    INFO      dbmgr-1 404 4000  [2018-06-22 08:40:37 483] - DBInterfaceMysql::query: successfully!
    INFO      dbmgr-1 404 4000  [2018-06-22 08:40:37 484] - DBInterfaceMysql::query: successfully!
    INFO      dbmgr-1 404 4000  [2018-06-22 08:40:37 635] - DBInterfaceMysql::query: successfully!
    INFO      dbmgr-1 404 4000  [2018-06-22 08:40:37 636] - DBInterfaceMysql::query: successfully!
    INFO      dbmgr-1 404 4000  [2018-06-22 08:40:37 636] - DBInterfaceMysql::query: successfully!
 WARNING      dbmgr-1 404 4000  [2018-06-22 08:40:37 636] - DBTask::process(): took 0.31 seconds
sql:(delete from kbe_email_verification where logtime<1529624437 and type=3)
    INFO      dbmgr-1 404 4000  [2018-06-22 08:40:37 645] - DBInterfaceMysql::query: successfully!
 WARNING      dbmgr-1 404 4000  [2018-06-22 08:40:37 646] - DBTask::process(): took 0.32 seconds
sql:(delete from kbe_entitylog where logger in (4000))
 WARNING      dbmgr-1 404 4000  [2018-06-22 08:40:37 731] - DBTask::process(): took 0.40 seconds
sql:(insert into kbe_serverlog (heartbeatTime, logger) values(1529628037,4000) ON DUPLICATE KEY UPDATE heartbeatTime=1529628037)
    INFO      dbmgr-1 404 4000  [2018-06-22 08:40:45 370] - Components::findComponents: find logger(1)...
    INFO      dbmgr-1 404 4000  [2018-06-22 08:40:45 388] - Components::findComponents: found logger, addr:192.168.31.56:2552
    INFO      dbmgr-1 404 4000  [2018-06-22 08:40:45 388] - Components::addComponent: reset orderLog, uid=404!
    INFO      dbmgr-1 404 4000  [2018-06-22 08:40:45 388] - Components::addComponent[logger], uid=404, componentID=2000, globalorderid=1, grouporderid=1, totalcount=1
    INFO      dbmgr-1 404 4000  [2018-06-22 08:40:45 410] - Components::process(): Found all the components!
    INFO      dbmgr-1 404 4000  [2018-06-22 08:40:48 030] - ServerApp::onRegisterNewApp: uid:404, username:, componentType:cellappmgr, componentID:6000, globalorderID=-1, grouporderID=-1, intaddr:192.168.31.56, intport:2549, extaddr:nonsupport, extport:0,  from 192.168.31.56:2586/0/0/0.
    INFO      dbmgr-1 404 4000  [2018-06-22 08:40:48 030] - Components::addComponent: reset orderLog, uid=404!
    INFO      dbmgr-1 404 4000  [2018-06-22 08:40:48 030] - Components::addComponent[cellappmgr], uid=404, componentID=6000, globalorderid=1, grouporderid=1, totalcount=1
    INFO      dbmgr-1 404 4000  [2018-06-22 08:40:48 450] - ServerApp::onRegisterNewApp: uid:404, username:, componentType:baseappmgr, componentID:5000, globalorderID=-1, grouporderID=-1, intaddr:192.168.31.56, intport:2550, extaddr:nonsupport, extport:0,  from 192.168.31.56:2588/0/0/0.
    INFO      dbmgr-1 404 4000  [2018-06-22 08:40:48 450] - Components::addComponent[baseappmgr], uid=404, componentID=5000, globalorderid=2, grouporderid=1, totalcount=1
    INFO      dbmgr-1 404 4000  [2018-06-22 08:40:48 550] - ServerApp::onRegisterNewApp: uid:404, username:, componentType:loginapp, componentID:9000, globalorderID=-1, grouporderID=-1, intaddr:192.168.31.56, intport:2546, extaddr:192.168.31.56, extport:20013,  from 192.168.31.56:2590/0/0/0.
    INFO      dbmgr-1 404 4000  [2018-06-22 08:40:48 550] - Components::addComponent[loginapp], uid=404, componentID=9000, globalorderid=3, grouporderid=1, totalcount=1
    INFO      dbmgr-1 404 4000  [2018-06-22 08:40:50 610] - ServerApp::onRegisterNewApp: uid:404, username:, componentType:cellapp, componentID:8001, globalorderID=-1, grouporderID=-1, intaddr:192.168.31.56, intport:2547, extaddr:nonsupport, extport:0,  from 192.168.31.56:2593/0/0/0.
    INFO      dbmgr-1 404 4000  [2018-06-22 08:40:50 610] - Components::addComponent[cellapp], uid=404, componentID=8001, globalorderid=4, grouporderid=1, totalcount=1
    INFO      dbmgr-1 404 4000  [2018-06-22 08:40:50 630] - ServerApp::onRegisterNewApp: uid:404, username:, componentType:baseapp, componentID:7001, globalorderID=-1, grouporderID=-1, intaddr:192.168.31.56, intport:2554, extaddr:192.168.31.56, extport:20015,  from 192.168.31.56:2594/0/0/0.
    INFO      dbmgr-1 404 4000  [2018-06-22 08:40:50 630] - Components::addComponent[baseapp], uid=404, componentID=7001, globalorderid=5, grouporderid=1, totalcount=1
    INFO      dbmgr-1 404 4000  [2018-06-22 08:40:53 650] - IDServer::allocRange: 1-2001.
    INFO      dbmgr-1 404 4000  [2018-06-22 08:40:53 650] - IDServer::allocRange: 2001-4001.
   DEBUG      dbmgr-1 404 4000  [2018-06-22 08:40:53 650] - SyncAppDatasHandler::~SyncAppDatasHandler()
   DEBUG      dbmgr-1 404 4000  [2018-06-22 08:42:49 592] - Dbmgr::onAccountLogin:loginName=lqt01, accountName=lqt01, success=0, componentID=0, entityID=0, dbid=2, flags=0, deadline=0.
   DEBUG      dbmgr-1 404 4000  [2018-06-22 08:42:50 012] - Dbmgr::queryAccount: lqt01, success=1, flags=0, deadline=0.
    INFO      dbmgr-1 404 4000  [2018-06-22 08:43:24 020] - Buffered_DBTasks::onFiniTask: Playing buffered task for entityID=0, dbid=2, dbid_tasks_size=1, entityid_tasks_size=0.
   DEBUG      dbmgr-1 404 4000  [2018-06-22 08:43:24 033] - Dbmgr::writeEntity: Account(2).
   DEBUG      dbmgr-1 404 4000  [2018-06-22 08:43:24 133] - Dbmgr::onEntityOffline: 2, entityType=1.
   DEBUG      dbmgr-1 404 4000  [2018-06-22 08:45:57 356] - Dbmgr::onAccountLogin:loginName=lqt01, accountName=lqt01, success=0, componentID=0, entityID=0, dbid=2, flags=0, deadline=0.
   DEBUG      dbmgr-1 404 4000  [2018-06-22 08:45:57 816] - Dbmgr::queryAccount: lqt01, success=1, flags=0, deadline=0.
   DEBUG      dbmgr-1 404 4000  [2018-06-22 08:46:53 978] - Dbmgr::writeEntity: Account(2).
   DEBUG      dbmgr-1 404 4000  [2018-06-22 08:46:54 018] - Dbmgr::onEntityOffline: 2, entityType=1.
    INFO      dbmgr-1 404 4000  [2018-06-22 08:46:53 974] - Buffered_DBTasks::onFiniTask: Playing buffered task for entityID=0, dbid=2, dbid_tasks_size=1, entityid_tasks_size=0.
   DEBUG      dbmgr-1 404 4000  [2018-06-22 08:47:42 758] - Dbmgr::onAccountLogin:loginName=lqt01, accountName=lqt01, success=0, componentID=0, entityID=0, dbid=2, flags=0, deadline=0.
   DEBUG      dbmgr-1 404 4000  [2018-06-22 08:47:43 218] - Dbmgr::queryAccount: lqt01, success=1, flags=0, deadline=0.
    INFO      dbmgr-1 404 4000  [2018-06-22 08:48:10 129] - Buffered_DBTasks::onFiniTask: Playing buffered task for entityID=0, dbid=2, dbid_tasks_size=1, entityid_tasks_size=0.
   DEBUG      dbmgr-1 404 4000  [2018-06-22 08:48:10 139] - Dbmgr::writeEntity: Account(2).
   DEBUG      dbmgr-1 404 4000  [2018-06-22 08:48:10 179] - Dbmgr::onEntityOffline: 2, entityType=1.
   DEBUG      dbmgr-1 404 4000  [2018-06-22 08:49:40 661] - Dbmgr::onAccountLogin:loginName=lqt01, accountName=lqt01, success=0, componentID=0, entityID=0, dbid=2, flags=0, deadline=0.
   DEBUG      dbmgr-1 404 4000  [2018-06-22 08:49:41 321] - Dbmgr::queryAccount: lqt01, success=1, flags=0, deadline=0.
   DEBUG      dbmgr-1 404 4000  [2018-06-22 08:50:03 321] - Dbmgr::writeEntity: Account(2).
    INFO      dbmgr-1 404 4000  [2018-06-22 08:50:03 318] - Buffered_DBTasks::onFiniTask: Playing buffered task for entityID=0, dbid=2, dbid_tasks_size=1, entityid_tasks_size=0.
   DEBUG      dbmgr-1 404 4000  [2018-06-22 08:50:03 361] - Dbmgr::onEntityOffline: 2, entityType=1.
   DEBUG      dbmgr-1 404 4000  [2018-06-22 08:50:59 763] - Dbmgr::onAccountLogin:loginName=lqt01, accountName=lqt01, success=0, componentID=0, entityID=0, dbid=2, flags=0, deadline=0.
   DEBUG      dbmgr-1 404 4000  [2018-06-22 08:51:00 203] - Dbmgr::queryAccount: lqt01, success=1, flags=0, deadline=0.
   DEBUG      dbmgr-1 404 4000  [2018-06-22 08:51:18 223] - Dbmgr::writeEntity: Account(2).
    INFO      dbmgr-1 404 4000  [2018-06-22 08:51:18 207] - Buffered_DBTasks::onFiniTask: Playing buffered task for entityID=0, dbid=2, dbid_tasks_size=1, entityid_tasks_size=0.
   DEBUG      dbmgr-1 404 4000  [2018-06-22 08:51:18 243] - Dbmgr::onEntityOffline: 2, entityType=1.
   DEBUG      dbmgr-1 404 4000  [2018-06-22 08:53:02 625] - Dbmgr::onAccountLogin:loginName=lqt01, accountName=lqt01, success=0, componentID=0, entityID=0, dbid=2, flags=0, deadline=0.
   DEBUG      dbmgr-1 404 4000  [2018-06-22 08:53:03 225] - Dbmgr::queryAccount: lqt01, success=1, flags=0, deadline=0.
    INFO      dbmgr-1 3079 4000  [2018-06-22 08:54:12 462] - -----------------------------------------------------------------------------------------


    INFO      dbmgr-1 3079 4000  [2018-06-22 08:54:12 464] - Resmgr::initialize: KBE_ROOT=C:/Users/Public/Documents/workspace/kbe/kbengine-kbengine-v1.0.0/kbengine/
    INFO      dbmgr-1 3079 4000  [2018-06-22 08:54:12 465] - Resmgr::initialize: KBE_RES_PATH=C:/Users/Public/Documents/workspace/kbe/kbengine-kbengine-v1.0.0/kbengine/kbe/res/;C:/Users/Public/Documents/workspace/kbe/kbengine-kbengine-v1.0.0/kbengine/assets/;C:/Users/Public/Documents/workspace/kbe/kbengine-kbengine-v1.0.0/kbengine/assets/scripts/;C:/Users/Public/Documents/workspace/kbe/kbengine-kbengine-v1.0.0/kbengine/assets/res/
    INFO      dbmgr-1 3079 4000  [2018-06-22 08:54:12 465] - Resmgr::initialize: KBE_BIN_PATH=C:/Users/Public/Documents/workspace/kbe/kbengine-kbengine-v1.0.0/kbengine/kbe/bin/server/
    INFO      dbmgr-1 3079 4000  [2018-06-22 08:54:12 497] - NetworkInterface::recreateListeningSocket(INTERNAL): bound to all interfaces with default route interface on 192.168.31.56 ( 192.168.31.56:2854 )
    INFO      dbmgr-1 3079 4000  [2018-06-22 08:54:12 498] - NetworkInterface::recreateListeningSocket(INTERNAL): address 192.168.31.56:2854, SOMAXCONN=5.
    INFO      dbmgr-1 3079 4000  [2018-06-22 08:54:12 498] - server-configs:
    INFO      dbmgr-1 3079 4000  [2018-06-22 08:54:12 498] - 	internalAddr : 192.168.31.56:2854
    INFO      dbmgr-1 3079 4000  [2018-06-22 08:54:12 498] - 	componentID : 4000
    INFO      dbmgr-1 3079 4000  [2018-06-22 08:54:14 014] - ---- dbmgr Version: 1.0.0. ScriptVersion: 0.1.0. Protocol: 253D45E587CB031BFD545E02866042FC. Config: Debug X86. Built: 23:15:53 Jun 15 2018. AppID: 4000. UID: 3079. PID: 9184 ----
    INFO      dbmgr-1 3079 4000  [2018-06-22 08:54:14 016] - Server :        Intel(R) Core(TM) i5-2415M CPU @ 2.30GHz with 4194303kB RAM
    INFO      dbmgr-1 3079 4000  [2018-06-22 08:54:14 017] - ThreadPool::createThreadPool: creating  threadpool...
    INFO      dbmgr-1 3079 4000  [2018-06-22 08:54:14 017] - ThreadPool::createThreadPool: successfully(2), newThreadCount=1, normalMaxThreadCount=2, maxThreadCount=8
   DEBUG      dbmgr-1 3079 4000  [2018-06-22 08:54:14 217] - Script::install_py_dlls(): PyInit_pyexpat
   DEBUG      dbmgr-1 3079 4000  [2018-06-22 08:54:14 218] - Script::install_py_dlls(): PyInit__socket
   DEBUG      dbmgr-1 3079 4000  [2018-06-22 08:54:14 219] - Script::install_py_dlls(): PyInit__ssl
   DEBUG      dbmgr-1 3079 4000  [2018-06-22 08:54:14 228] - Script::install_py_dlls(): PyInit__hashlib
   DEBUG      dbmgr-1 3079 4000  [2018-06-22 08:54:14 229] - Script::install_py_dlls(): PyInit_select
   DEBUG      dbmgr-1 3079 4000  [2018-06-22 08:54:14 229] - Script::install_py_dlls(): PyInit__ctypes
   DEBUG      dbmgr-1 3079 4000  [2018-06-22 08:54:14 231] - Script::install_py_dlls(): PyInit__elementtree
   DEBUG      dbmgr-1 3079 4000  [2018-06-22 08:54:14 331] - Script::install_py_dlls(): PyInit_unicodedata
    INFO      dbmgr-1 3079 4000  [2018-06-22 08:54:14 430] - Script::install(): is successfully, Python=(3.4.2 (default, Jun 15 2018, 23:15:28) [MSC v.1913 32 bit (Intel)])!
    INFO      dbmgr-1 3079 4000  [2018-06-22 08:54:14 431] - Script::install(): KBExtra is successfully!
    INFO      dbmgr-1 3079 4000  [2018-06-22 08:54:14 455] - Dbmgr::initializeEnd: digest(E8616443B87DAD141506882EDDA1C70F)
  S_INFO      dbmgr-1 3079 4000  [2018-06-22 08:54:14 456] - onDBMgrReady: bootstrapGroupIndex=0, bootstrapGlobalIndex=0
    INFO      dbmgr-1 3079 4000  [2018-06-22 08:54:14 457] - TelnetServer server is running on port 32000
    INFO      dbmgr-1 3079 4000  [2018-06-22 08:54:14 460] - Dbmgr::initInterfacesHandler: interfaces addr(127.0.0.1:30099), accountType:(interfaces), chargeType:(interfaces).
 WARNING      dbmgr-1 3079 4000  [2018-06-22 08:54:15 437] - DBUtil::initialize: db(default) password is not encrypted!
please use password(rsa):
32404682102067FF3D171CB95792FD74B635E7ECF71E6D502DBEB1E053D0D0DEF27FF9E455309CEBAC76C88F7827E64A7B4FB4C7705371C60FA1308E8CD324E17890D621964525EEEB390237EC75AE50929C1E63D571C1FD1BC3607225DD5BB75663AA903402EE99DCD2800AC507E167794F443BA44ACB2A1DF5E9C3372434DA
   DEBUG      dbmgr-1 3079 4000  [2018-06-22 08:54:15 445] - DBInterfaceMysql::attach: connect: localhost:3306 starting...
   DEBUG      dbmgr-1 3079 4000  [2018-06-22 08:54:15 563] - DBInterfaceMysql::attach: successfully! addr: localhost:3306
    INFO      dbmgr-1 3079 4000  [2018-06-22 08:54:15 564] - DBUtil::createInterface[0x20f064]: interface=default, dbtype=mysql, ip=localhost, port=3306, currdatabase=kbe1, username=kbe, connected=yes.

    INFO      dbmgr-1 3079 4000  [2018-06-22 08:54:15 564] - ThreadPool::createThreadPool: creating  threadpool...
    INFO      dbmgr-1 3079 4000  [2018-06-22 08:54:15 566] - ThreadPool::createThreadPool: successfully(5), newThreadCount=5, normalMaxThreadCount=5, maxThreadCount=5
    INFO      dbmgr-1 3079 4000  [2018-06-22 08:54:15 672] - DBInterfaceMysql::query: successfully!
    INFO      dbmgr-1 3079 4000  [2018-06-22 08:54:15 677] - DBInterfaceMysql::query: successfully!
 WARNING      dbmgr-1 3079 4000  [2018-06-22 08:54:16 369] - c:\users\public\documents\workspace\kbe\kbengine-kbengine-v1.0.0\kbengine\kbe\src\server\dbmgr\dbmgr.cpp:293: Profile scriptCall took 1.91 seconds
    INFO      dbmgr-1 3079 4000  [2018-06-22 08:54:17 482] - ---- dbmgr is running ----
   DEBUG      dbmgr-1 3079 4000  [2018-06-22 08:54:17 482] - Components::process(): Request for the process of identity...
   DEBUG      dbmgr-1 3079 4000  [2018-06-22 08:54:15 566] - DBInterfaceMysql::attach: connect: localhost:3306 starting...
   DEBUG      dbmgr-1 3079 4000  [2018-06-22 08:54:15 586] - DBInterfaceMysql::attach: connect: localhost:3306 starting...
   DEBUG      dbmgr-1 3079 4000  [2018-06-22 08:54:15 632] - DBInterfaceMysql::attach: connect: localhost:3306 starting...
   DEBUG      dbmgr-1 3079 4000  [2018-06-22 08:54:15 633] - DBInterfaceMysql::attach: connect: localhost:3306 starting...
   DEBUG      dbmgr-1 3079 4000  [2018-06-22 08:54:15 644] - DBInterfaceMysql::attach: connect: localhost:3306 starting...
   DEBUG      dbmgr-1 3079 4000  [2018-06-22 08:54:16 175] - DBInterfaceMysql::attach: successfully! addr: localhost:3306
   DEBUG      dbmgr-1 3079 4000  [2018-06-22 08:54:16 175] - DBInterfaceMysql::attach: successfully! addr: localhost:3306
   DEBUG      dbmgr-1 3079 4000  [2018-06-22 08:54:16 176] - DBThread::onStart(): 0x5b43c8!
   DEBUG      dbmgr-1 3079 4000  [2018-06-22 08:54:16 176] - DBThread::onStart(): 0x5b4560!
    INFO      dbmgr-1 3079 4000  [2018-06-22 08:54:16 180] - DBInterfaceMysql::query: successfully!
    INFO      dbmgr-1 3079 4000  [2018-06-22 08:54:16 181] - DBInterfaceMysql::query: successfully!
    INFO      dbmgr-1 3079 4000  [2018-06-22 08:54:16 181] - DBInterfaceMysql::query: successfully!
    INFO      dbmgr-1 3079 4000  [2018-06-22 08:54:16 182] - DBInterfaceMysql::query: successfully!
    INFO      dbmgr-1 3079 4000  [2018-06-22 08:54:16 182] - DBInterfaceMysql::query: successfully!
   DEBUG      dbmgr-1 3079 4000  [2018-06-22 08:54:16 188] - DBInterfaceMysql::attach: successfully! addr: localhost:3306
   DEBUG      dbmgr-1 3079 4000  [2018-06-22 08:54:16 188] - DBThread::onStart(): 0x5b44d8!
    INFO      dbmgr-1 3079 4000  [2018-06-22 08:54:16 191] - DBInterfaceMysql::query: successfully!
   DEBUG      dbmgr-1 3079 4000  [2018-06-22 08:54:16 195] - DBInterfaceMysql::attach: successfully! addr: localhost:3306
   DEBUG      dbmgr-1 3079 4000  [2018-06-22 08:54:16 196] - DBThread::onStart(): 0x5b45e8!
   DEBUG      dbmgr-1 3079 4000  [2018-06-22 08:54:16 209] - DBInterfaceMysql::attach: successfully! addr: localhost:3306
   DEBUG      dbmgr-1 3079 4000  [2018-06-22 08:54:16 209] - DBThread::onStart(): 0x5b4450!
    INFO      dbmgr-1 3079 4000  [2018-06-22 08:54:16 212] - DBInterfaceMysql::query: successfully!
    INFO      dbmgr-1 3079 4000  [2018-06-22 08:54:16 354] - DBInterfaceMysql::query: successfully!
    INFO      dbmgr-1 3079 4000  [2018-06-22 08:54:24 615] - Components::findComponents: find logger(1)...
    INFO      dbmgr-1 3079 4000  [2018-06-22 08:54:24 670] - Components::findComponents: found logger, addr:192.168.31.56:2860
    INFO      dbmgr-1 3079 4000  [2018-06-22 08:54:24 670] - Components::addComponent: reset orderLog, uid=3079!
    INFO      dbmgr-1 3079 4000  [2018-06-22 08:54:24 671] - Components::addComponent[logger], uid=3079, componentID=2000, globalorderid=1, grouporderid=1, totalcount=1
    INFO      dbmgr-1 3079 4000  [2018-06-22 08:54:24 694] - Components::process(): Found all the components!
    INFO      dbmgr-1 3079 4000  [2018-06-22 08:54:28 077] - ServerApp::onRegisterNewApp: uid:3079, username:, componentType:baseappmgr, componentID:5000, globalorderID=-1, grouporderID=-1, intaddr:192.168.31.56, intport:2855, extaddr:nonsupport, extport:0,  from 192.168.31.56:2881/0/0/0.
    INFO      dbmgr-1 3079 4000  [2018-06-22 08:54:28 077] - Components::addComponent: reset orderLog, uid=3079!
    INFO      dbmgr-1 3079 4000  [2018-06-22 08:54:28 077] - Components::addComponent[baseappmgr], uid=3079, componentID=5000, globalorderid=1, grouporderid=1, totalcount=1
    INFO      dbmgr-1 3079 4000  [2018-06-22 08:54:28 136] - ServerApp::onRegisterNewApp: uid:3079, username:, componentType:cellappmgr, componentID:6000, globalorderID=-1, grouporderID=-1, intaddr:192.168.31.56, intport:2857, extaddr:nonsupport, extport:0,  from 192.168.31.56:2883/0/0/0.
    INFO      dbmgr-1 3079 4000  [2018-06-22 08:54:28 136] - Components::addComponent[cellappmgr], uid=3079, componentID=6000, globalorderid=2, grouporderid=1, totalcount=1
    INFO      dbmgr-1 3079 4000  [2018-06-22 08:54:28 515] - ServerApp::onRegisterNewApp: uid:3079, username:, componentType:loginapp, componentID:9000, globalorderID=-1, grouporderID=-1, intaddr:192.168.31.56, intport:2858, extaddr:192.168.31.56, extport:20013,  from 192.168.31.56:2885/0/0/0.
    INFO      dbmgr-1 3079 4000  [2018-06-22 08:54:28 516] - Components::addComponent[loginapp], uid=3079, componentID=9000, globalorderid=3, grouporderid=1, totalcount=1
    INFO      dbmgr-1 3079 4000  [2018-06-22 08:54:29 896] - ServerApp::onRegisterNewApp: uid:3079, username:, componentType:cellapp, componentID:8001, globalorderID=-1, grouporderID=-1, intaddr:192.168.31.56, intport:2853, extaddr:nonsupport, extport:0,  from 192.168.31.56:2888/0/0/0.
    INFO      dbmgr-1 3079 4000  [2018-06-22 08:54:29 896] - Components::addComponent[cellapp], uid=3079, componentID=8001, globalorderid=4, grouporderid=1, totalcount=1
    INFO      dbmgr-1 3079 4000  [2018-06-22 08:54:31 095] - ServerApp::onRegisterNewApp: uid:3079, username:, componentType:baseapp, componentID:7001, globalorderID=-1, grouporderID=-1, intaddr:192.168.31.56, intport:2852, extaddr:192.168.31.56, extport:20015,  from 192.168.31.56:2891/0/0/0.
    INFO      dbmgr-1 3079 4000  [2018-06-22 08:54:31 095] - Components::addComponent[baseapp], uid=3079, componentID=7001, globalorderid=5, grouporderid=1, totalcount=1
    INFO      dbmgr-1 3079 4000  [2018-06-22 08:54:34 116] - IDServer::allocRange: 1-2001.
    INFO      dbmgr-1 3079 4000  [2018-06-22 08:54:34 116] - IDServer::allocRange: 2001-4001.
   DEBUG      dbmgr-1 3079 4000  [2018-06-22 08:54:34 116] - SyncAppDatasHandler::~SyncAppDatasHandler()
   DEBUG      dbmgr-1 3079 4000  [2018-06-22 08:55:12 594] - Dbmgr::onAccountLogin:loginName=lqt01, accountName=lqt01, success=0, componentID=0, entityID=0, dbid=2, flags=0, deadline=0.
   DEBUG      dbmgr-1 3079 4000  [2018-06-22 08:55:13 474] - Dbmgr::queryAccount: lqt01, success=1, flags=0, deadline=0.
    INFO      dbmgr-1 3079 4000  [2018-06-22 08:55:35 259] - Buffered_DBTasks::onFiniTask: Playing buffered task for entityID=0, dbid=2, dbid_tasks_size=1, entityid_tasks_size=0.
   DEBUG      dbmgr-1 3079 4000  [2018-06-22 08:55:35 273] - Dbmgr::writeEntity: Account(2).
   DEBUG      dbmgr-1 3079 4000  [2018-06-22 08:55:35 353] - Dbmgr::onEntityOffline: 2, entityType=1.
   DEBUG      dbmgr-1 3079 4000  [2018-06-22 09:00:41 007] - Dbmgr::onAccountLogin:loginName=lqt01, accountName=lqt01, success=0, componentID=0, entityID=0, dbid=2, flags=0, deadline=0.
   DEBUG      dbmgr-1 3079 4000  [2018-06-22 09:00:41 566] - Dbmgr::queryAccount: lqt01, success=1, flags=0, deadline=0.
   DEBUG      dbmgr-1 3079 4000  [2018-06-22 09:01:05 227] - Dbmgr::writeEntity: Account(2).
   DEBUG      dbmgr-1 3079 4000  [2018-06-22 09:01:05 266] - Dbmgr::onEntityOffline: 2, entityType=1.
    INFO      dbmgr-1 3079 4000  [2018-06-22 09:01:05 212] - Buffered_DBTasks::onFiniTask: Playing buffered task for entityID=0, dbid=2, dbid_tasks_size=1, entityid_tasks_size=0.
    INFO      dbmgr-1 5913 4000  [2018-06-22 09:08:40 667] - -----------------------------------------------------------------------------------------


    INFO      dbmgr-1 5913 4000  [2018-06-22 09:08:40 668] - Resmgr::initialize: KBE_ROOT=C:/Users/Public/Documents/workspace/kbe/kbengine-kbengine-v1.0.0/kbengine/
    INFO      dbmgr-1 5913 4000  [2018-06-22 09:08:40 669] - Resmgr::initialize: KBE_RES_PATH=C:/Users/Public/Documents/workspace/kbe/kbengine-kbengine-v1.0.0/kbengine/kbe/res/;C:/Users/Public/Documents/workspace/kbe/kbengine-kbengine-v1.0.0/kbengine/assets/;C:/Users/Public/Documents/workspace/kbe/kbengine-kbengine-v1.0.0/kbengine/assets/scripts/;C:/Users/Public/Documents/workspace/kbe/kbengine-kbengine-v1.0.0/kbengine/assets/res/
    INFO      dbmgr-1 5913 4000  [2018-06-22 09:08:40 669] - Resmgr::initialize: KBE_BIN_PATH=C:/Users/Public/Documents/workspace/kbe/kbengine-kbengine-v1.0.0/kbengine/kbe/bin/server/
    INFO      dbmgr-1 5913 4000  [2018-06-22 09:08:40 678] - NetworkInterface::recreateListeningSocket(INTERNAL): bound to all interfaces with default route interface on 192.168.31.56 ( 192.168.31.56:3105 )
    INFO      dbmgr-1 5913 4000  [2018-06-22 09:08:40 678] - NetworkInterface::recreateListeningSocket(INTERNAL): address 192.168.31.56:3105, SOMAXCONN=5.
    INFO      dbmgr-1 5913 4000  [2018-06-22 09:08:40 678] - server-configs:
    INFO      dbmgr-1 5913 4000  [2018-06-22 09:08:40 678] - 	internalAddr : 192.168.31.56:3105
    INFO      dbmgr-1 5913 4000  [2018-06-22 09:08:40 678] - 	componentID : 4000
    INFO      dbmgr-1 5913 4000  [2018-06-22 09:08:42 190] - ---- dbmgr Version: 1.0.0. ScriptVersion: 0.1.0. Protocol: 253D45E587CB031BFD545E02866042FC. Config: Debug X86. Built: 23:15:53 Jun 15 2018. AppID: 4000. UID: 5913. PID: 8980 ----
    INFO      dbmgr-1 5913 4000  [2018-06-22 09:08:42 191] - Server :        Intel(R) Core(TM) i5-2415M CPU @ 2.30GHz with 4194303kB RAM
    INFO      dbmgr-1 5913 4000  [2018-06-22 09:08:42 191] - ThreadPool::createThreadPool: creating  threadpool...
    INFO      dbmgr-1 5913 4000  [2018-06-22 09:08:42 192] - ThreadPool::createThreadPool: successfully(2), newThreadCount=1, normalMaxThreadCount=2, maxThreadCount=8
   DEBUG      dbmgr-1 5913 4000  [2018-06-22 09:08:42 396] - Script::install_py_dlls(): PyInit_pyexpat
   DEBUG      dbmgr-1 5913 4000  [2018-06-22 09:08:42 399] - Script::install_py_dlls(): PyInit__socket
   DEBUG      dbmgr-1 5913 4000  [2018-06-22 09:08:42 402] - Script::install_py_dlls(): PyInit__ssl
   DEBUG      dbmgr-1 5913 4000  [2018-06-22 09:08:42 409] - Script::install_py_dlls(): PyInit__hashlib
   DEBUG      dbmgr-1 5913 4000  [2018-06-22 09:08:42 410] - Script::install_py_dlls(): PyInit_select
   DEBUG      dbmgr-1 5913 4000  [2018-06-22 09:08:42 410] - Script::install_py_dlls(): PyInit__ctypes
   DEBUG      dbmgr-1 5913 4000  [2018-06-22 09:08:42 412] - Script::install_py_dlls(): PyInit__elementtree
   DEBUG      dbmgr-1 5913 4000  [2018-06-22 09:08:42 513] - Script::install_py_dlls(): PyInit_unicodedata
    INFO      dbmgr-1 5913 4000  [2018-06-22 09:08:42 612] - Script::install(): is successfully, Python=(3.4.2 (default, Jun 15 2018, 23:15:28) [MSC v.1913 32 bit (Intel)])!
    INFO      dbmgr-1 5913 4000  [2018-06-22 09:08:42 613] - Script::install(): KBExtra is successfully!
    INFO      dbmgr-1 5913 4000  [2018-06-22 09:08:42 637] - Dbmgr::initializeEnd: digest(E8616443B87DAD141506882EDDA1C70F)
  S_INFO      dbmgr-1 5913 4000  [2018-06-22 09:08:42 637] - onDBMgrReady: bootstrapGroupIndex=0, bootstrapGlobalIndex=0
    INFO      dbmgr-1 5913 4000  [2018-06-22 09:08:42 642] - TelnetServer server is running on port 32000
    INFO      dbmgr-1 5913 4000  [2018-06-22 09:08:42 642] - Dbmgr::initInterfacesHandler: interfaces addr(127.0.0.1:30099), accountType:(interfaces), chargeType:(interfaces).
 WARNING      dbmgr-1 5913 4000  [2018-06-22 09:08:43 671] - DBUtil::initialize: db(default) password is not encrypted!
please use password(rsa):
7ED38F95990289EED6D041D15542796251B7520D71FB04D42637FCA3C00A1489587DEE34E61B59B744765F8FD3E94C8130C6DD1F9B714DF7922E7DC53DEC19AACA8709016F1339E7713C48279A56D5D625F1118A1641956787C511E9B0B119F9889F14EEFDEE814E40F1B3C4051C8D1B510C26805258EA1D02A38B653D165B78
   DEBUG      dbmgr-1 5913 4000  [2018-06-22 09:08:43 676] - DBInterfaceMysql::attach: connect: localhost:3306 starting...
   DEBUG      dbmgr-1 5913 4000  [2018-06-22 09:08:43 707] - DBInterfaceMysql::attach: successfully! addr: localhost:3306
    INFO      dbmgr-1 5913 4000  [2018-06-22 09:08:43 707] - DBUtil::createInterface[0x31f1cc]: interface=default, dbtype=mysql, ip=localhost, port=3306, currdatabase=kbe1, username=kbe, connected=yes.

    INFO      dbmgr-1 5913 4000  [2018-06-22 09:08:43 708] - ThreadPool::createThreadPool: creating  threadpool...
    INFO      dbmgr-1 5913 4000  [2018-06-22 09:08:43 710] - ThreadPool::createThreadPool: successfully(5), newThreadCount=5, normalMaxThreadCount=5, maxThreadCount=5
    INFO      dbmgr-1 5913 4000  [2018-06-22 09:08:43 815] - DBInterfaceMysql::query: successfully!
    INFO      dbmgr-1 5913 4000  [2018-06-22 09:08:43 821] - DBInterfaceMysql::query: successfully!
 WARNING      dbmgr-1 5913 4000  [2018-06-22 09:08:43 894] - c:\users\public\documents\workspace\kbe\kbengine-kbengine-v1.0.0\kbengine\kbe\src\server\dbmgr\dbmgr.cpp:293: Profile scriptCall took 1.26 seconds
    INFO      dbmgr-1 5913 4000  [2018-06-22 09:08:44 905] - ---- dbmgr is running ----
   DEBUG      dbmgr-1 5913 4000  [2018-06-22 09:08:44 906] - Components::process(): Request for the process of identity...
   DEBUG      dbmgr-1 5913 4000  [2018-06-22 09:08:43 719] - DBInterfaceMysql::attach: connect: localhost:3306 starting...
   DEBUG      dbmgr-1 5913 4000  [2018-06-22 09:08:43 720] - DBInterfaceMysql::attach: connect: localhost:3306 starting...
   DEBUG      dbmgr-1 5913 4000  [2018-06-22 09:08:43 725] - DBInterfaceMysql::attach: successfully! addr: localhost:3306
   DEBUG      dbmgr-1 5913 4000  [2018-06-22 09:08:43 725] - DBThread::onStart(): 0x4744d8!
   DEBUG      dbmgr-1 5913 4000  [2018-06-22 09:08:43 727] - DBInterfaceMysql::attach: successfully! addr: localhost:3306
   DEBUG      dbmgr-1 5913 4000  [2018-06-22 09:08:43 727] - DBThread::onStart(): 0x4746f8!
   DEBUG      dbmgr-1 5913 4000  [2018-06-22 09:08:43 729] - DBInterfaceMysql::attach: connect: localhost:3306 starting...
   DEBUG      dbmgr-1 5913 4000  [2018-06-22 09:08:43 731] - DBInterfaceMysql::attach: connect: localhost:3306 starting...
   DEBUG      dbmgr-1 5913 4000  [2018-06-22 09:08:43 736] - DBInterfaceMysql::attach: successfully! addr: localhost:3306
   DEBUG      dbmgr-1 5913 4000  [2018-06-22 09:08:43 736] - DBThread::onStart(): 0x474560!
   DEBUG      dbmgr-1 5913 4000  [2018-06-22 09:08:43 736] - DBInterfaceMysql::attach: successfully! addr: localhost:3306
   DEBUG      dbmgr-1 5913 4000  [2018-06-22 09:08:43 737] - DBThread::onStart(): 0x4745e8!
   DEBUG      dbmgr-1 5913 4000  [2018-06-22 09:08:43 739] - DBInterfaceMysql::attach: connect: localhost:3306 starting...
   DEBUG      dbmgr-1 5913 4000  [2018-06-22 09:08:43 748] - DBInterfaceMysql::attach: successfully! addr: localhost:3306
   DEBUG      dbmgr-1 5913 4000  [2018-06-22 09:08:43 748] - DBThread::onStart(): 0x474670!
    INFO      dbmgr-1 5913 4000  [2018-06-22 09:08:43 825] - DBInterfaceMysql::query: successfully!
    INFO      dbmgr-1 5913 4000  [2018-06-22 09:08:43 825] - DBInterfaceMysql::query: successfully!
    INFO      dbmgr-1 5913 4000  [2018-06-22 09:08:43 826] - DBInterfaceMysql::query: successfully!
    INFO      dbmgr-1 5913 4000  [2018-06-22 09:08:43 826] - DBInterfaceMysql::query: successfully!
    INFO      dbmgr-1 5913 4000  [2018-06-22 09:08:43 828] - DBInterfaceMysql::query: successfully!
    INFO      dbmgr-1 5913 4000  [2018-06-22 09:08:43 830] - DBInterfaceMysql::query: successfully!
    INFO      dbmgr-1 5913 4000  [2018-06-22 09:08:43 831] - DBInterfaceMysql::query: successfully!
    INFO      dbmgr-1 5913 4000  [2018-06-22 09:08:43 845] - DBInterfaceMysql::query: successfully!
    INFO      dbmgr-1 5913 4000  [2018-06-22 09:08:52 018] - Components::findComponents: find logger(1)...
    INFO      dbmgr-1 5913 4000  [2018-06-22 09:08:52 115] - Components::findComponents: found logger, addr:192.168.31.56:3104
    INFO      dbmgr-1 5913 4000  [2018-06-22 09:08:52 116] - Components::addComponent: reset orderLog, uid=5913!
    INFO      dbmgr-1 5913 4000  [2018-06-22 09:08:52 116] - Components::addComponent[logger], uid=5913, componentID=2000, globalorderid=1, grouporderid=1, totalcount=1
    INFO      dbmgr-1 5913 4000  [2018-06-22 09:08:52 158] - Components::process(): Found all the components!
    INFO      dbmgr-1 5913 4000  [2018-06-22 09:08:54 657] - ServerApp::onRegisterNewApp: uid:5913, username:, componentType:cellappmgr, componentID:6000, globalorderID=-1, grouporderID=-1, intaddr:192.168.31.56, intport:3107, extaddr:nonsupport, extport:0,  from 192.168.31.56:3144/0/0/0.
    INFO      dbmgr-1 5913 4000  [2018-06-22 09:08:54 657] - Components::addComponent: reset orderLog, uid=5913!
    INFO      dbmgr-1 5913 4000  [2018-06-22 09:08:54 657] - Components::addComponent[cellappmgr], uid=5913, componentID=6000, globalorderid=1, grouporderid=1, totalcount=1
    INFO      dbmgr-1 5913 4000  [2018-06-22 09:08:55 737] - ServerApp::onRegisterNewApp: uid:5913, username:, componentType:loginapp, componentID:9000, globalorderID=-1, grouporderID=-1, intaddr:192.168.31.56, intport:3108, extaddr:192.168.31.56, extport:20013,  from 192.168.31.56:3147/0/0/0.
    INFO      dbmgr-1 5913 4000  [2018-06-22 09:08:55 737] - Components::addComponent[loginapp], uid=5913, componentID=9000, globalorderid=2, grouporderid=1, totalcount=1
    INFO      dbmgr-1 5913 4000  [2018-06-22 09:08:56 077] - ServerApp::onRegisterNewApp: uid:5913, username:, componentType:baseappmgr, componentID:5000, globalorderID=-1, grouporderID=-1, intaddr:192.168.31.56, intport:3111, extaddr:nonsupport, extport:0,  from 192.168.31.56:3149/0/0/0.
    INFO      dbmgr-1 5913 4000  [2018-06-22 09:08:56 077] - Components::addComponent[baseappmgr], uid=5913, componentID=5000, globalorderid=3, grouporderid=1, totalcount=1
    INFO      dbmgr-1 5913 4000  [2018-06-22 09:08:58 057] - ServerApp::onRegisterNewApp: uid:5913, username:, componentType:cellapp, componentID:8001, globalorderID=-1, grouporderID=-1, intaddr:192.168.31.56, intport:3110, extaddr:nonsupport, extport:0,  from 192.168.31.56:3151/0/0/0.
    INFO      dbmgr-1 5913 4000  [2018-06-22 09:08:58 057] - Components::addComponent[cellapp], uid=5913, componentID=8001, globalorderid=4, grouporderid=1, totalcount=1
    INFO      dbmgr-1 5913 4000  [2018-06-22 09:08:58 257] - ServerApp::onRegisterNewApp: uid:5913, username:, componentType:baseapp, componentID:7001, globalorderID=-1, grouporderID=-1, intaddr:192.168.31.56, intport:3109, extaddr:192.168.31.56, extport:20015,  from 192.168.31.56:3154/0/0/0.
    INFO      dbmgr-1 5913 4000  [2018-06-22 09:08:58 257] - Components::addComponent[baseapp], uid=5913, componentID=7001, globalorderid=5, grouporderid=1, totalcount=1
    INFO      dbmgr-1 5913 4000  [2018-06-22 09:09:01 272] - IDServer::allocRange: 1-2001.
    INFO      dbmgr-1 5913 4000  [2018-06-22 09:09:01 272] - IDServer::allocRange: 2001-4001.
   DEBUG      dbmgr-1 5913 4000  [2018-06-22 09:09:01 272] - SyncAppDatasHandler::~SyncAppDatasHandler()
   DEBUG      dbmgr-1 5913 4000  [2018-06-22 09:09:27 198] - Dbmgr::onAccountLogin:loginName=lqt01, accountName=lqt01, success=0, componentID=0, entityID=0, dbid=2, flags=0, deadline=0.
   DEBUG      dbmgr-1 5913 4000  [2018-06-22 09:09:27 657] - Dbmgr::queryAccount: lqt01, success=1, flags=0, deadline=0.
    INFO      dbmgr-1 5913 4000  [2018-06-22 09:09:59 168] - Buffered_DBTasks::onFiniTask: Playing buffered task for entityID=0, dbid=2, dbid_tasks_size=1, entityid_tasks_size=0.
   DEBUG      dbmgr-1 5913 4000  [2018-06-22 09:09:59 179] - Dbmgr::writeEntity: Account(2).
   DEBUG      dbmgr-1 5913 4000  [2018-06-22 09:09:59 218] - Dbmgr::onEntityOffline: 2, entityType=1.
    INFO      dbmgr-1 6674 4000  [2018-06-22 09:12:32 965] - -----------------------------------------------------------------------------------------


    INFO      dbmgr-1 6674 4000  [2018-06-22 09:12:32 966] - Resmgr::initialize: KBE_ROOT=C:/Users/Public/Documents/workspace/kbe/kbengine-kbengine-v1.0.0/kbengine/
    INFO      dbmgr-1 6674 4000  [2018-06-22 09:12:32 967] - Resmgr::initialize: KBE_RES_PATH=C:/Users/Public/Documents/workspace/kbe/kbengine-kbengine-v1.0.0/kbengine/kbe/res/;C:/Users/Public/Documents/workspace/kbe/kbengine-kbengine-v1.0.0/kbengine/assets/;C:/Users/Public/Documents/workspace/kbe/kbengine-kbengine-v1.0.0/kbengine/assets/scripts/;C:/Users/Public/Documents/workspace/kbe/kbengine-kbengine-v1.0.0/kbengine/assets/res/
    INFO      dbmgr-1 6674 4000  [2018-06-22 09:12:32 968] - Resmgr::initialize: KBE_BIN_PATH=C:/Users/Public/Documents/workspace/kbe/kbengine-kbengine-v1.0.0/kbengine/kbe/bin/server/
    INFO      dbmgr-1 6674 4000  [2018-06-22 09:12:32 988] - NetworkInterface::recreateListeningSocket(INTERNAL): bound to all interfaces with default route interface on 192.168.31.56 ( 192.168.31.56:3211 )
    INFO      dbmgr-1 6674 4000  [2018-06-22 09:12:32 988] - NetworkInterface::recreateListeningSocket(INTERNAL): address 192.168.31.56:3211, SOMAXCONN=5.
    INFO      dbmgr-1 6674 4000  [2018-06-22 09:12:32 989] - server-configs:
    INFO      dbmgr-1 6674 4000  [2018-06-22 09:12:32 990] - 	internalAddr : 192.168.31.56:3211
    INFO      dbmgr-1 6674 4000  [2018-06-22 09:12:32 990] - 	componentID : 4000
    INFO      dbmgr-1 6674 4000  [2018-06-22 09:12:34 505] - ---- dbmgr Version: 1.0.0. ScriptVersion: 0.1.0. Protocol: 253D45E587CB031BFD545E02866042FC. Config: Debug X86. Built: 23:15:53 Jun 15 2018. AppID: 4000. UID: 6674. PID: 10236 ----
    INFO      dbmgr-1 6674 4000  [2018-06-22 09:12:34 506] - Server :        Intel(R) Core(TM) i5-2415M CPU @ 2.30GHz with 4194303kB RAM
    INFO      dbmgr-1 6674 4000  [2018-06-22 09:12:34 506] - ThreadPool::createThreadPool: creating  threadpool...
    INFO      dbmgr-1 6674 4000  [2018-06-22 09:12:34 507] - ThreadPool::createThreadPool: successfully(2), newThreadCount=1, normalMaxThreadCount=2, maxThreadCount=8
   DEBUG      dbmgr-1 6674 4000  [2018-06-22 09:12:34 696] - Script::install_py_dlls(): PyInit_pyexpat
   DEBUG      dbmgr-1 6674 4000  [2018-06-22 09:12:34 697] - Script::install_py_dlls(): PyInit__socket
   DEBUG      dbmgr-1 6674 4000  [2018-06-22 09:12:34 698] - Script::install_py_dlls(): PyInit__ssl
   DEBUG      dbmgr-1 6674 4000  [2018-06-22 09:12:34 706] - Script::install_py_dlls(): PyInit__hashlib
   DEBUG      dbmgr-1 6674 4000  [2018-06-22 09:12:34 706] - Script::install_py_dlls(): PyInit_select
   DEBUG      dbmgr-1 6674 4000  [2018-06-22 09:12:34 707] - Script::install_py_dlls(): PyInit__ctypes
   DEBUG      dbmgr-1 6674 4000  [2018-06-22 09:12:34 708] - Script::install_py_dlls(): PyInit__elementtree
   DEBUG      dbmgr-1 6674 4000  [2018-06-22 09:12:34 846] - Script::install_py_dlls(): PyInit_unicodedata
    INFO      dbmgr-1 6674 4000  [2018-06-22 09:12:35 019] - Script::install(): is successfully, Python=(3.4.2 (default, Jun 15 2018, 23:15:28) [MSC v.1913 32 bit (Intel)])!
    INFO      dbmgr-1 6674 4000  [2018-06-22 09:12:35 019] - Script::install(): KBExtra is successfully!
    INFO      dbmgr-1 6674 4000  [2018-06-22 09:12:35 074] - Dbmgr::initializeEnd: digest(E8616443B87DAD141506882EDDA1C70F)
  S_INFO      dbmgr-1 6674 4000  [2018-06-22 09:12:35 075] - onDBMgrReady: bootstrapGroupIndex=0, bootstrapGlobalIndex=0
    INFO      dbmgr-1 6674 4000  [2018-06-22 09:12:35 076] - TelnetServer server is running on port 32000
    INFO      dbmgr-1 6674 4000  [2018-06-22 09:12:35 078] - Dbmgr::initInterfacesHandler: interfaces addr(127.0.0.1:30099), accountType:(interfaces), chargeType:(interfaces).
 WARNING      dbmgr-1 6674 4000  [2018-06-22 09:12:36 236] - DBUtil::initialize: db(default) password is not encrypted!
please use password(rsa):
805FAAF72A37EA5E6FB67510BB1CC8ACA956E6601F667B80147FA155D3F6E99CEB7B8D749F5ADEAFD6D17BFBBC36D21E22920D20617F78DF82A54FD1FBB98137EE903F722101EA112441B1A523EA0D7024309E26E45AF1F51527D8E38EBAA59C29CDBE8792E5B3F550613EFFD2CD7DD23556B319BCF950341507DD2C00DE3217
   DEBUG      dbmgr-1 6674 4000  [2018-06-22 09:12:36 240] - DBInterfaceMysql::attach: connect: localhost:3306 starting...
   DEBUG      dbmgr-1 6674 4000  [2018-06-22 09:12:36 248] - DBInterfaceMysql::attach: successfully! addr: localhost:3306
    INFO      dbmgr-1 6674 4000  [2018-06-22 09:12:36 249] - DBUtil::createInterface[0x1aee3c]: interface=default, dbtype=mysql, ip=localhost, port=3306, currdatabase=kbe1, username=kbe, connected=yes.

    INFO      dbmgr-1 6674 4000  [2018-06-22 09:12:36 250] - ThreadPool::createThreadPool: creating  threadpool...
    INFO      dbmgr-1 6674 4000  [2018-06-22 09:12:36 251] - ThreadPool::createThreadPool: successfully(5), newThreadCount=5, normalMaxThreadCount=5, maxThreadCount=5
    INFO      dbmgr-1 6674 4000  [2018-06-22 09:12:36 355] - DBInterfaceMysql::query: successfully!
    INFO      dbmgr-1 6674 4000  [2018-06-22 09:12:36 361] - DBInterfaceMysql::query: successfully!
 WARNING      dbmgr-1 6674 4000  [2018-06-22 09:12:36 552] - c:\users\public\documents\workspace\kbe\kbengine-kbengine-v1.0.0\kbengine\kbe\src\server\dbmgr\dbmgr.cpp:293: Profile scriptCall took 1.48 seconds
    INFO      dbmgr-1 6674 4000  [2018-06-22 09:12:37 156] - ---- dbmgr is running ----
   DEBUG      dbmgr-1 6674 4000  [2018-06-22 09:12:37 156] - Components::process(): Request for the process of identity...
   DEBUG      dbmgr-1 6674 4000  [2018-06-22 09:12:36 251] - DBInterfaceMysql::attach: connect: localhost:3306 starting...
   DEBUG      dbmgr-1 6674 4000  [2018-06-22 09:12:36 252] - DBInterfaceMysql::attach: connect: localhost:3306 starting...
   DEBUG      dbmgr-1 6674 4000  [2018-06-22 09:12:36 252] - DBInterfaceMysql::attach: connect: localhost:3306 starting...
   DEBUG      dbmgr-1 6674 4000  [2018-06-22 09:12:36 253] - DBInterfaceMysql::attach: connect: localhost:3306 starting...
   DEBUG      dbmgr-1 6674 4000  [2018-06-22 09:12:36 253] - DBInterfaceMysql::attach: connect: localhost:3306 starting...
   DEBUG      dbmgr-1 6674 4000  [2018-06-22 09:12:36 260] - DBInterfaceMysql::attach: successfully! addr: localhost:3306
   DEBUG      dbmgr-1 6674 4000  [2018-06-22 09:12:36 260] - DBThread::onStart(): 0x5e4450!
   DEBUG      dbmgr-1 6674 4000  [2018-06-22 09:12:36 261] - DBInterfaceMysql::attach: successfully! addr: localhost:3306
   DEBUG      dbmgr-1 6674 4000  [2018-06-22 09:12:36 261] - DBThread::onStart(): 0x5e45e8!
   DEBUG      dbmgr-1 6674 4000  [2018-06-22 09:12:36 263] - DBInterfaceMysql::attach: successfully! addr: localhost:3306
   DEBUG      dbmgr-1 6674 4000  [2018-06-22 09:12:36 264] - DBInterfaceMysql::attach: successfully! addr: localhost:3306
   DEBUG      dbmgr-1 6674 4000  [2018-06-22 09:12:36 264] - DBThread::onStart(): 0x5e43c8!
   DEBUG      dbmgr-1 6674 4000  [2018-06-22 09:12:36 264] - DBThread::onStart(): 0x5e44d8!
   DEBUG      dbmgr-1 6674 4000  [2018-06-22 09:12:36 266] - DBInterfaceMysql::attach: successfully! addr: localhost:3306
   DEBUG      dbmgr-1 6674 4000  [2018-06-22 09:12:36 266] - DBThread::onStart(): 0x5e4560!
    INFO      dbmgr-1 6674 4000  [2018-06-22 09:12:36 364] - DBInterfaceMysql::query: successfully!
    INFO      dbmgr-1 6674 4000  [2018-06-22 09:12:36 364] - DBInterfaceMysql::query: successfully!
    INFO      dbmgr-1 6674 4000  [2018-06-22 09:12:36 365] - DBInterfaceMysql::query: successfully!
    INFO      dbmgr-1 6674 4000  [2018-06-22 09:12:36 365] - DBInterfaceMysql::query: successfully!
    INFO      dbmgr-1 6674 4000  [2018-06-22 09:12:36 366] - DBInterfaceMysql::query: successfully!
    INFO      dbmgr-1 6674 4000  [2018-06-22 09:12:36 366] - DBInterfaceMysql::query: successfully!
    INFO      dbmgr-1 6674 4000  [2018-06-22 09:12:36 367] - DBInterfaceMysql::query: successfully!
    INFO      dbmgr-1 6674 4000  [2018-06-22 09:12:36 398] - DBInterfaceMysql::query: successfully!
    INFO      dbmgr-1 6674 4000  [2018-06-22 09:12:44 254] - Components::findComponents: find logger(1)...
    INFO      dbmgr-1 6674 4000  [2018-06-22 09:12:44 312] - Components::findComponents: found logger, addr:192.168.31.56:3213
    INFO      dbmgr-1 6674 4000  [2018-06-22 09:12:44 312] - Components::addComponent: reset orderLog, uid=6674!
    INFO      dbmgr-1 6674 4000  [2018-06-22 09:12:44 312] - Components::addComponent[logger], uid=6674, componentID=2000, globalorderid=1, grouporderid=1, totalcount=1
    INFO      dbmgr-1 6674 4000  [2018-06-22 09:12:44 354] - Components::process(): Found all the components!
    INFO      dbmgr-1 6674 4000  [2018-06-22 09:12:47 034] - ServerApp::onRegisterNewApp: uid:6674, username:, componentType:loginapp, componentID:9000, globalorderID=-1, grouporderID=-1, intaddr:192.168.31.56, intport:3210, extaddr:192.168.31.56, extport:20013,  from 192.168.31.56:3246/0/0/0.
    INFO      dbmgr-1 6674 4000  [2018-06-22 09:12:47 034] - Components::addComponent: reset orderLog, uid=6674!
    INFO      dbmgr-1 6674 4000  [2018-06-22 09:12:47 034] - Components::addComponent[loginapp], uid=6674, componentID=9000, globalorderid=1, grouporderid=1, totalcount=1
    INFO      dbmgr-1 6674 4000  [2018-06-22 09:12:47 174] - ServerApp::onRegisterNewApp: uid:6674, username:, componentType:cellappmgr, componentID:6000, globalorderID=-1, grouporderID=-1, intaddr:192.168.31.56, intport:3207, extaddr:nonsupport, extport:0,  from 192.168.31.56:3248/0/0/0.
    INFO      dbmgr-1 6674 4000  [2018-06-22 09:12:47 174] - Components::addComponent[cellappmgr], uid=6674, componentID=6000, globalorderid=2, grouporderid=1, totalcount=1
    INFO      dbmgr-1 6674 4000  [2018-06-22 09:12:47 495] - ServerApp::onRegisterNewApp: uid:6674, username:, componentType:baseappmgr, componentID:5000, globalorderID=-1, grouporderID=-1, intaddr:192.168.31.56, intport:3214, extaddr:nonsupport, extport:0,  from 192.168.31.56:3250/0/0/0.
    INFO      dbmgr-1 6674 4000  [2018-06-22 09:12:47 495] - Components::addComponent[baseappmgr], uid=6674, componentID=5000, globalorderid=3, grouporderid=1, totalcount=1
    INFO      dbmgr-1 6674 4000  [2018-06-22 09:12:49 615] - ServerApp::onRegisterNewApp: uid:6674, username:, componentType:baseapp, componentID:7001, globalorderID=-1, grouporderID=-1, intaddr:192.168.31.56, intport:3209, extaddr:192.168.31.56, extport:20015,  from 192.168.31.56:3252/0/0/0.
    INFO      dbmgr-1 6674 4000  [2018-06-22 09:12:49 615] - Components::addComponent[baseapp], uid=6674, componentID=7001, globalorderid=4, grouporderid=1, totalcount=1
    INFO      dbmgr-1 6674 4000  [2018-06-22 09:12:50 115] - ServerApp::onRegisterNewApp: uid:6674, username:, componentType:cellapp, componentID:8001, globalorderID=-1, grouporderID=-1, intaddr:192.168.31.56, intport:3215, extaddr:nonsupport, extport:0,  from 192.168.31.56:3255/0/0/0.
    INFO      dbmgr-1 6674 4000  [2018-06-22 09:12:50 115] - Components::addComponent[cellapp], uid=6674, componentID=8001, globalorderid=5, grouporderid=1, totalcount=1
    INFO      dbmgr-1 6674 4000  [2018-06-22 09:12:53 135] - IDServer::allocRange: 1-2001.
    INFO      dbmgr-1 6674 4000  [2018-06-22 09:12:53 135] - IDServer::allocRange: 2001-4001.
   DEBUG      dbmgr-1 6674 4000  [2018-06-22 09:12:53 135] - SyncAppDatasHandler::~SyncAppDatasHandler()
   DEBUG      dbmgr-1 6674 4000  [2018-06-22 09:13:07 914] - Dbmgr::onAccountLogin:loginName=lqt01, accountName=lqt01, success=0, componentID=0, entityID=0, dbid=2, flags=0, deadline=0.
   DEBUG      dbmgr-1 6674 4000  [2018-06-22 09:13:08 395] - Dbmgr::queryAccount: lqt01, success=1, flags=0, deadline=0.
   DEBUG      dbmgr-1 6674 4000  [2018-06-22 09:13:51 214] - Dbmgr::writeEntity: Account(2).
    INFO      dbmgr-1 6674 4000  [2018-06-22 09:13:51 196] - Buffered_DBTasks::onFiniTask: Playing buffered task for entityID=0, dbid=2, dbid_tasks_size=1, entityid_tasks_size=0.
   DEBUG      dbmgr-1 6674 4000  [2018-06-22 09:13:51 274] - Dbmgr::onEntityOffline: 2, entityType=1.
    INFO      dbmgr-1 7863 4000  [2018-06-22 09:18:38 122] - -----------------------------------------------------------------------------------------


    INFO      dbmgr-1 7863 4000  [2018-06-22 09:18:38 124] - Resmgr::initialize: KBE_ROOT=C:/Users/Public/Documents/workspace/kbe/kbengine-kbengine-v1.0.0/kbengine/
    INFO      dbmgr-1 7863 4000  [2018-06-22 09:18:38 125] - Resmgr::initialize: KBE_RES_PATH=C:/Users/Public/Documents/workspace/kbe/kbengine-kbengine-v1.0.0/kbengine/kbe/res/;C:/Users/Public/Documents/workspace/kbe/kbengine-kbengine-v1.0.0/kbengine/assets/;C:/Users/Public/Documents/workspace/kbe/kbengine-kbengine-v1.0.0/kbengine/assets/scripts/;C:/Users/Public/Documents/workspace/kbe/kbengine-kbengine-v1.0.0/kbengine/assets/res/
    INFO      dbmgr-1 7863 4000  [2018-06-22 09:18:38 126] - Resmgr::initialize: KBE_BIN_PATH=C:/Users/Public/Documents/workspace/kbe/kbengine-kbengine-v1.0.0/kbengine/kbe/bin/server/
    INFO      dbmgr-1 7863 4000  [2018-06-22 09:18:38 178] - NetworkInterface::recreateListeningSocket(INTERNAL): bound to all interfaces with default route interface on 192.168.31.56 ( 192.168.31.56:3375 )
    INFO      dbmgr-1 7863 4000  [2018-06-22 09:18:38 178] - NetworkInterface::recreateListeningSocket(INTERNAL): address 192.168.31.56:3375, SOMAXCONN=5.
    INFO      dbmgr-1 7863 4000  [2018-06-22 09:18:38 179] - server-configs:
    INFO      dbmgr-1 7863 4000  [2018-06-22 09:18:38 179] - 	internalAddr : 192.168.31.56:3375
    INFO      dbmgr-1 7863 4000  [2018-06-22 09:18:38 179] - 	componentID : 4000
    INFO      dbmgr-1 7863 4000  [2018-06-22 09:18:39 690] - ---- dbmgr Version: 1.0.0. ScriptVersion: 0.1.0. Protocol: 253D45E587CB031BFD545E02866042FC. Config: Debug X86. Built: 23:15:53 Jun 15 2018. AppID: 4000. UID: 7863. PID: 7004 ----
    INFO      dbmgr-1 7863 4000  [2018-06-22 09:18:39 690] - Server :        Intel(R) Core(TM) i5-2415M CPU @ 2.30GHz with 4194303kB RAM
    INFO      dbmgr-1 7863 4000  [2018-06-22 09:18:39 691] - ThreadPool::createThreadPool: creating  threadpool...
    INFO      dbmgr-1 7863 4000  [2018-06-22 09:18:39 691] - ThreadPool::createThreadPool: successfully(2), newThreadCount=1, normalMaxThreadCount=2, maxThreadCount=8
   DEBUG      dbmgr-1 7863 4000  [2018-06-22 09:18:39 863] - Script::install_py_dlls(): PyInit_pyexpat
   DEBUG      dbmgr-1 7863 4000  [2018-06-22 09:18:39 864] - Script::install_py_dlls(): PyInit__socket
   DEBUG      dbmgr-1 7863 4000  [2018-06-22 09:18:39 865] - Script::install_py_dlls(): PyInit__ssl
   DEBUG      dbmgr-1 7863 4000  [2018-06-22 09:18:39 873] - Script::install_py_dlls(): PyInit__hashlib
   DEBUG      dbmgr-1 7863 4000  [2018-06-22 09:18:39 874] - Script::install_py_dlls(): PyInit_select
   DEBUG      dbmgr-1 7863 4000  [2018-06-22 09:18:39 874] - Script::install_py_dlls(): PyInit__ctypes
   DEBUG      dbmgr-1 7863 4000  [2018-06-22 09:18:39 876] - Script::install_py_dlls(): PyInit__elementtree
   DEBUG      dbmgr-1 7863 4000  [2018-06-22 09:18:39 951] - Script::install_py_dlls(): PyInit_unicodedata
    INFO      dbmgr-1 7863 4000  [2018-06-22 09:18:40 040] - Script::install(): is successfully, Python=(3.4.2 (default, Jun 15 2018, 23:15:28) [MSC v.1913 32 bit (Intel)])!
    INFO      dbmgr-1 7863 4000  [2018-06-22 09:18:40 040] - Script::install(): KBExtra is successfully!
    INFO      dbmgr-1 7863 4000  [2018-06-22 09:18:40 061] - Dbmgr::initializeEnd: digest(E8616443B87DAD141506882EDDA1C70F)
  S_INFO      dbmgr-1 7863 4000  [2018-06-22 09:18:40 062] - onDBMgrReady: bootstrapGroupIndex=0, bootstrapGlobalIndex=0
    INFO      dbmgr-1 7863 4000  [2018-06-22 09:18:40 063] - TelnetServer server is running on port 32000
    INFO      dbmgr-1 7863 4000  [2018-06-22 09:18:40 063] - Dbmgr::initInterfacesHandler: interfaces addr(127.0.0.1:30099), accountType:(interfaces), chargeType:(interfaces).
 WARNING      dbmgr-1 7863 4000  [2018-06-22 09:18:40 987] - DBUtil::initialize: db(default) password is not encrypted!
please use password(rsa):
CA332312E9F5467571F6A62D686D43538F6D163FD3E4A3B55DA24955785E1C43F742C29C1E291E2C33815BE850F60C8E91B3789886F95D40B207A438C638006E11E69BA70D01C059E98FCE9ADB8D20E31183765F07E4BD1EA4CA6D3787B0D388667EDA53BAB68522AD9D329C6ABAC11123D8992A607F09A156DD81367A804F2B
   DEBUG      dbmgr-1 7863 4000  [2018-06-22 09:18:40 996] - DBInterfaceMysql::attach: connect: localhost:3306 starting...
   DEBUG      dbmgr-1 7863 4000  [2018-06-22 09:18:41 006] - DBInterfaceMysql::attach: successfully! addr: localhost:3306
    INFO      dbmgr-1 7863 4000  [2018-06-22 09:18:41 006] - DBUtil::createInterface[0x39efa8]: interface=default, dbtype=mysql, ip=localhost, port=3306, currdatabase=kbe1, username=kbe, connected=yes.

    INFO      dbmgr-1 7863 4000  [2018-06-22 09:18:41 007] - ThreadPool::createThreadPool: creating  threadpool...
    INFO      dbmgr-1 7863 4000  [2018-06-22 09:18:41 009] - ThreadPool::createThreadPool: successfully(5), newThreadCount=5, normalMaxThreadCount=5, maxThreadCount=5
    INFO      dbmgr-1 7863 4000  [2018-06-22 09:18:41 114] - DBInterfaceMysql::query: successfully!
    INFO      dbmgr-1 7863 4000  [2018-06-22 09:18:41 120] - DBInterfaceMysql::query: successfully!
 WARNING      dbmgr-1 7863 4000  [2018-06-22 09:18:41 191] - c:\users\public\documents\workspace\kbe\kbengine-kbengine-v1.0.0\kbengine\kbe\src\server\dbmgr\dbmgr.cpp:293: Profile scriptCall took 1.13 seconds
    INFO      dbmgr-1 7863 4000  [2018-06-22 09:18:42 261] - ---- dbmgr is running ----
   DEBUG      dbmgr-1 7863 4000  [2018-06-22 09:18:42 262] - Components::process(): Request for the process of identity...
   DEBUG      dbmgr-1 7863 4000  [2018-06-22 09:18:41 008] - DBInterfaceMysql::attach: connect: localhost:3306 starting...
   DEBUG      dbmgr-1 7863 4000  [2018-06-22 09:18:41 009] - DBInterfaceMysql::attach: connect: localhost:3306 starting...
   DEBUG      dbmgr-1 7863 4000  [2018-06-22 09:18:41 011] - DBInterfaceMysql::attach: connect: localhost:3306 starting...
   DEBUG      dbmgr-1 7863 4000  [2018-06-22 09:18:41 013] - DBInterfaceMysql::attach: connect: localhost:3306 starting...
   DEBUG      dbmgr-1 7863 4000  [2018-06-22 09:18:41 023] - DBInterfaceMysql::attach: successfully! addr: localhost:3306
   DEBUG      dbmgr-1 7863 4000  [2018-06-22 09:18:41 024] - DBThread::onStart(): 0x6243c8!
   DEBUG      dbmgr-1 7863 4000  [2018-06-22 09:18:41 025] - DBInterfaceMysql::attach: successfully! addr: localhost:3306
   DEBUG      dbmgr-1 7863 4000  [2018-06-22 09:18:41 026] - DBThread::onStart(): 0x6245e8!
   DEBUG      dbmgr-1 7863 4000  [2018-06-22 09:18:41 027] - DBInterfaceMysql::attach: successfully! addr: localhost:3306
   DEBUG      dbmgr-1 7863 4000  [2018-06-22 09:18:41 027] - DBThread::onStart(): 0x6244d8!
   DEBUG      dbmgr-1 7863 4000  [2018-06-22 09:18:41 037] - DBInterfaceMysql::attach: successfully! addr: localhost:3306
   DEBUG      dbmgr-1 7863 4000  [2018-06-22 09:18:41 037] - DBThread::onStart(): 0x624450!
   DEBUG      dbmgr-1 7863 4000  [2018-06-22 09:18:41 038] - DBInterfaceMysql::attach: connect: localhost:3306 starting...
   DEBUG      dbmgr-1 7863 4000  [2018-06-22 09:18:41 045] - DBInterfaceMysql::attach: successfully! addr: localhost:3306
   DEBUG      dbmgr-1 7863 4000  [2018-06-22 09:18:41 045] - DBThread::onStart(): 0x624560!
    INFO      dbmgr-1 7863 4000  [2018-06-22 09:18:41 122] - DBInterfaceMysql::query: successfully!
    INFO      dbmgr-1 7863 4000  [2018-06-22 09:18:41 124] - DBInterfaceMysql::query: successfully!
    INFO      dbmgr-1 7863 4000  [2018-06-22 09:18:41 125] - DBInterfaceMysql::query: successfully!
    INFO      dbmgr-1 7863 4000  [2018-06-22 09:18:41 125] - DBInterfaceMysql::query: successfully!
    INFO      dbmgr-1 7863 4000  [2018-06-22 09:18:41 126] - DBInterfaceMysql::query: successfully!
    INFO      dbmgr-1 7863 4000  [2018-06-22 09:18:41 126] - DBInterfaceMysql::query: successfully!
    INFO      dbmgr-1 7863 4000  [2018-06-22 09:18:41 127] - DBInterfaceMysql::query: successfully!
    INFO      dbmgr-1 7863 4000  [2018-06-22 09:18:41 134] - DBInterfaceMysql::query: successfully!
    INFO      dbmgr-1 7863 4000  [2018-06-22 09:18:49 400] - Components::findComponents: find logger(1)...
    INFO      dbmgr-1 7863 4000  [2018-06-22 09:18:49 477] - Components::findComponents: found logger, addr:192.168.31.56:3368
    INFO      dbmgr-1 7863 4000  [2018-06-22 09:18:49 478] - Components::addComponent: reset orderLog, uid=7863!
    INFO      dbmgr-1 7863 4000  [2018-06-22 09:18:49 478] - Components::addComponent[logger], uid=7863, componentID=2000, globalorderid=1, grouporderid=1, totalcount=1
    INFO      dbmgr-1 7863 4000  [2018-06-22 09:18:49 500] - Components::process(): Found all the components!
    INFO      dbmgr-1 7863 4000  [2018-06-22 09:18:50 800] - ServerApp::onRegisterNewApp: uid:7863, username:, componentType:cellappmgr, componentID:6000, globalorderID=-1, grouporderID=-1, intaddr:192.168.31.56, intport:3371, extaddr:nonsupport, extport:0,  from 192.168.31.56:3411/0/0/0.
    INFO      dbmgr-1 7863 4000  [2018-06-22 09:18:50 800] - Components::addComponent: reset orderLog, uid=7863!
    INFO      dbmgr-1 7863 4000  [2018-06-22 09:18:50 800] - Components::addComponent[cellappmgr], uid=7863, componentID=6000, globalorderid=1, grouporderid=1, totalcount=1
    INFO      dbmgr-1 7863 4000  [2018-06-22 09:18:52 320] - ServerApp::onRegisterNewApp: uid:7863, username:, componentType:baseappmgr, componentID:5000, globalorderID=-1, grouporderID=-1, intaddr:192.168.31.56, intport:3370, extaddr:nonsupport, extport:0,  from 192.168.31.56:3413/0/0/0.
    INFO      dbmgr-1 7863 4000  [2018-06-22 09:18:52 320] - Components::addComponent[baseappmgr], uid=7863, componentID=5000, globalorderid=2, grouporderid=1, totalcount=1
    INFO      dbmgr-1 7863 4000  [2018-06-22 09:18:53 440] - ServerApp::onRegisterNewApp: uid:7863, username:, componentType:loginapp, componentID:9000, globalorderID=-1, grouporderID=-1, intaddr:192.168.31.56, intport:3374, extaddr:192.168.31.56, extport:20013,  from 192.168.31.56:3415/0/0/0.
    INFO      dbmgr-1 7863 4000  [2018-06-22 09:18:53 440] - Components::addComponent[loginapp], uid=7863, componentID=9000, globalorderid=3, grouporderid=1, totalcount=1
    INFO      dbmgr-1 7863 4000  [2018-06-22 09:18:54 841] - ServerApp::onRegisterNewApp: uid:7863, username:, componentType:cellapp, componentID:8001, globalorderID=-1, grouporderID=-1, intaddr:192.168.31.56, intport:3369, extaddr:nonsupport, extport:0,  from 192.168.31.56:3417/0/0/0.
    INFO      dbmgr-1 7863 4000  [2018-06-22 09:18:54 841] - Components::addComponent[cellapp], uid=7863, componentID=8001, globalorderid=4, grouporderid=1, totalcount=1
    INFO      dbmgr-1 7863 4000  [2018-06-22 09:18:55 721] - ServerApp::onRegisterNewApp: uid:7863, username:, componentType:baseapp, componentID:7001, globalorderID=-1, grouporderID=-1, intaddr:192.168.31.56, intport:3372, extaddr:192.168.31.56, extport:20015,  from 192.168.31.56:3421/0/0/0.
    INFO      dbmgr-1 7863 4000  [2018-06-22 09:18:55 721] - Components::addComponent[baseapp], uid=7863, componentID=7001, globalorderid=5, grouporderid=1, totalcount=1
    INFO      dbmgr-1 7863 4000  [2018-06-22 09:18:58 741] - IDServer::allocRange: 1-2001.
    INFO      dbmgr-1 7863 4000  [2018-06-22 09:18:58 741] - IDServer::allocRange: 2001-4001.
   DEBUG      dbmgr-1 7863 4000  [2018-06-22 09:18:58 741] - SyncAppDatasHandler::~SyncAppDatasHandler()
   DEBUG      dbmgr-1 7863 4000  [2018-06-22 09:19:46 799] - Dbmgr::onAccountLogin:loginName=lqt01, accountName=lqt01, success=0, componentID=0, entityID=0, dbid=2, flags=0, deadline=0.
   DEBUG      dbmgr-1 7863 4000  [2018-06-22 09:19:47 280] - Dbmgr::queryAccount: lqt01, success=1, flags=0, deadline=0.
   DEBUG      dbmgr-1 7863 4000  [2018-06-22 09:20:38 358] - Dbmgr::writeEntity: Account(2).
    INFO      dbmgr-1 7863 4000  [2018-06-22 09:20:38 348] - Buffered_DBTasks::onFiniTask: Playing buffered task for entityID=0, dbid=2, dbid_tasks_size=1, entityid_tasks_size=0.
   DEBUG      dbmgr-1 7863 4000  [2018-06-22 09:20:38 398] - Dbmgr::onEntityOffline: 2, entityType=1.
   DEBUG      dbmgr-1 7863 4000  [2018-06-22 09:21:17 378] - Dbmgr::onAccountLogin:loginName=lqt01, accountName=lqt01, success=0, componentID=0, entityID=0, dbid=2, flags=0, deadline=0.
   DEBUG      dbmgr-1 7863 4000  [2018-06-22 09:21:17 858] - Dbmgr::queryAccount: lqt01, success=1, flags=0, deadline=0.
   DEBUG      dbmgr-1 7863 4000  [2018-06-22 09:21:56 476] - Dbmgr::writeEntity: Account(2).
    INFO      dbmgr-1 7863 4000  [2018-06-22 09:21:56 468] - Buffered_DBTasks::onFiniTask: Playing buffered task for entityID=0, dbid=2, dbid_tasks_size=1, entityid_tasks_size=0.
   DEBUG      dbmgr-1 7863 4000  [2018-06-22 09:21:56 596] - Dbmgr::onEntityOffline: 2, entityType=1.
   DEBUG      dbmgr-1 7863 4000  [2018-06-22 09:22:29 476] - Dbmgr::onAccountLogin:loginName=lqt01, accountName=lqt01, success=0, componentID=0, entityID=0, dbid=2, flags=0, deadline=0.
   DEBUG      dbmgr-1 7863 4000  [2018-06-22 09:22:29 956] - Dbmgr::queryAccount: lqt01, success=1, flags=0, deadline=0.
   DEBUG      dbmgr-1 7863 4000  [2018-06-22 09:24:11 553] - Dbmgr::writeEntity: Account(2).
    INFO      dbmgr-1 7863 4000  [2018-06-22 09:24:11 543] - Buffered_DBTasks::onFiniTask: Playing buffered task for entityID=0, dbid=2, dbid_tasks_size=1, entityid_tasks_size=0.
   DEBUG      dbmgr-1 7863 4000  [2018-06-22 09:24:11 594] - Dbmgr::onEntityOffline: 2, entityType=1.
   DEBUG      dbmgr-1 7863 4000  [2018-06-22 10:18:41 176] - Dbmgr::DBTaskServerLog()
   DEBUG      dbmgr-1 7863 4000  [2018-06-22 11:18:41 291] - Dbmgr::DBTaskServerLog()
 WARNING      dbmgr-1 7863 4000  [2018-06-22 11:18:41 286] - DBTransaction::commit(): took 0.23 seconds
   DEBUG      dbmgr-1 7863 4000  [2018-06-22 12:18:41 044] - Dbmgr::DBTaskServerLog()
   DEBUG      dbmgr-1 7863 4000  [2018-06-22 13:18:40 979] - Dbmgr::DBTaskServerLog()
   DEBUG      dbmgr-1 7863 4000  [2018-06-22 14:18:40 894] - Dbmgr::DBTaskServerLog()
   DEBUG      dbmgr-1 7863 4000  [2018-06-22 15:18:40 829] - Dbmgr::DBTaskServerLog()
   DEBUG      dbmgr-1 7863 4000  [2018-06-22 16:18:40 723] - Dbmgr::DBTaskServerLog()
   DEBUG      dbmgr-1 7863 4000  [2018-06-22 17:18:40 678] - Dbmgr::DBTaskServerLog()
   DEBUG      dbmgr-1 7863 4000  [2018-06-22 18:18:40 613] - Dbmgr::DBTaskServerLog()
   DEBUG      dbmgr-1 7863 4000  [2018-06-22 19:18:40 547] - Dbmgr::DBTaskServerLog()
   DEBUG      dbmgr-1 7863 4000  [2018-06-22 20:18:40 462] - Dbmgr::DBTaskServerLog()
   DEBUG      dbmgr-1 7863 4000  [2018-06-22 21:18:40 377] - Dbmgr::DBTaskServerLog()
   DEBUG      dbmgr-1 7863 4000  [2018-06-22 22:18:40 291] - Dbmgr::DBTaskServerLog()
    INFO      dbmgr-1 3337 4000  [2018-06-22 22:51:44 981] - -----------------------------------------------------------------------------------------


    INFO      dbmgr-1 3337 4000  [2018-06-22 22:51:44 982] - Resmgr::initialize: KBE_ROOT=C:/Users/Public/Documents/workspace/kbe/kbengine-kbengine-v1.0.0/kbengine/
    INFO      dbmgr-1 3337 4000  [2018-06-22 22:51:44 983] - Resmgr::initialize: KBE_RES_PATH=C:/Users/Public/Documents/workspace/kbe/kbengine-kbengine-v1.0.0/kbengine/kbe/res/;C:/Users/Public/Documents/workspace/kbe/kbengine-kbengine-v1.0.0/kbengine/assets/;C:/Users/Public/Documents/workspace/kbe/kbengine-kbengine-v1.0.0/kbengine/assets/scripts/;C:/Users/Public/Documents/workspace/kbe/kbengine-kbengine-v1.0.0/kbengine/assets/res/
    INFO      dbmgr-1 3337 4000  [2018-06-22 22:51:44 984] - Resmgr::initialize: KBE_BIN_PATH=C:/Users/Public/Documents/workspace/kbe/kbengine-kbengine-v1.0.0/kbengine/kbe/bin/server/
    INFO      dbmgr-1 3337 4000  [2018-06-22 22:51:45 002] - NetworkInterface::recreateListeningSocket(INTERNAL): bound to all interfaces with default route interface on 192.168.31.56 ( 192.168.31.56:11020 )
    INFO      dbmgr-1 3337 4000  [2018-06-22 22:51:45 003] - NetworkInterface::recreateListeningSocket(INTERNAL): address 192.168.31.56:11020, SOMAXCONN=5.
    INFO      dbmgr-1 3337 4000  [2018-06-22 22:51:45 003] - server-configs:
    INFO      dbmgr-1 3337 4000  [2018-06-22 22:51:45 003] - 	internalAddr : 192.168.31.56:11020
    INFO      dbmgr-1 3337 4000  [2018-06-22 22:51:45 003] - 	componentID : 4000
    INFO      dbmgr-1 3337 4000  [2018-06-22 22:51:46 540] - ---- dbmgr Version: 1.0.0. ScriptVersion: 0.1.0. Protocol: 253D45E587CB031BFD545E02866042FC. Config: Debug X86. Built: 23:15:53 Jun 15 2018. AppID: 4000. UID: 3337. PID: 5832 ----
    INFO      dbmgr-1 3337 4000  [2018-06-22 22:51:46 540] - Server :        Intel(R) Core(TM) i5-2415M CPU @ 2.30GHz with 4194303kB RAM
    INFO      dbmgr-1 3337 4000  [2018-06-22 22:51:46 541] - ThreadPool::createThreadPool: creating  threadpool...
    INFO      dbmgr-1 3337 4000  [2018-06-22 22:51:46 542] - ThreadPool::createThreadPool: successfully(2), newThreadCount=1, normalMaxThreadCount=2, maxThreadCount=8
   DEBUG      dbmgr-1 3337 4000  [2018-06-22 22:51:46 728] - Script::install_py_dlls(): PyInit_pyexpat
   DEBUG      dbmgr-1 3337 4000  [2018-06-22 22:51:46 729] - Script::install_py_dlls(): PyInit__socket
   DEBUG      dbmgr-1 3337 4000  [2018-06-22 22:51:46 730] - Script::install_py_dlls(): PyInit__ssl
   DEBUG      dbmgr-1 3337 4000  [2018-06-22 22:51:46 766] - Script::install_py_dlls(): PyInit__hashlib
   DEBUG      dbmgr-1 3337 4000  [2018-06-22 22:51:46 767] - Script::install_py_dlls(): PyInit_select
   DEBUG      dbmgr-1 3337 4000  [2018-06-22 22:51:46 768] - Script::install_py_dlls(): PyInit__ctypes
   DEBUG      dbmgr-1 3337 4000  [2018-06-22 22:51:46 769] - Script::install_py_dlls(): PyInit__elementtree
   DEBUG      dbmgr-1 3337 4000  [2018-06-22 22:51:46 922] - Script::install_py_dlls(): PyInit_unicodedata
    INFO      dbmgr-1 3337 4000  [2018-06-22 22:51:47 111] - Script::install(): is successfully, Python=(3.4.2 (default, Jun 15 2018, 23:15:28) [MSC v.1913 32 bit (Intel)])!
    INFO      dbmgr-1 3337 4000  [2018-06-22 22:51:47 112] - Script::install(): KBExtra is successfully!
    INFO      dbmgr-1 3337 4000  [2018-06-22 22:51:47 166] - Dbmgr::initializeEnd: digest(E8616443B87DAD141506882EDDA1C70F)
  S_INFO      dbmgr-1 3337 4000  [2018-06-22 22:51:47 167] - onDBMgrReady: bootstrapGroupIndex=0, bootstrapGlobalIndex=0
    INFO      dbmgr-1 3337 4000  [2018-06-22 22:51:47 168] - TelnetServer server is running on port 32000
    INFO      dbmgr-1 3337 4000  [2018-06-22 22:51:47 169] - Dbmgr::initInterfacesHandler: interfaces addr(127.0.0.1:30099), accountType:(interfaces), chargeType:(interfaces).
 WARNING      dbmgr-1 3337 4000  [2018-06-22 22:51:48 245] - DBUtil::initialize: db(default) password is not encrypted!
please use password(rsa):
03B1E7D2239FE75B3D3A9ACAD28843C1107400715F3FA759CED02955FED587318AC4CE62506C77C8A7755CE46FBE33E38386A67E18ECE2A9ACC229C84804AE81230DC5D457B3BD0739597C332D42EEF4C51BA1600DFFB1AC255BD2380A1F48945B3E4F897CDBF102D49E60C6077172553F4E39FD243F91D61C05120D1B8516E6
   DEBUG      dbmgr-1 3337 4000  [2018-06-22 22:51:48 249] - DBInterfaceMysql::attach: connect: localhost:3306 starting...
   DEBUG      dbmgr-1 3337 4000  [2018-06-22 22:51:48 257] - DBInterfaceMysql::attach: successfully! addr: localhost:3306
    INFO      dbmgr-1 3337 4000  [2018-06-22 22:51:48 258] - DBUtil::createInterface[0x189effc]: interface=default, dbtype=mysql, ip=localhost, port=3306, currdatabase=kbe1, username=kbe, connected=yes.

    INFO      dbmgr-1 3337 4000  [2018-06-22 22:51:48 258] - ThreadPool::createThreadPool: creating  threadpool...
    INFO      dbmgr-1 3337 4000  [2018-06-22 22:51:48 260] - ThreadPool::createThreadPool: successfully(5), newThreadCount=5, normalMaxThreadCount=5, maxThreadCount=5
    INFO      dbmgr-1 3337 4000  [2018-06-22 22:51:48 364] - DBInterfaceMysql::query: successfully!
    INFO      dbmgr-1 3337 4000  [2018-06-22 22:51:48 367] - DBInterfaceMysql::query: successfully!
 WARNING      dbmgr-1 3337 4000  [2018-06-22 22:51:48 488] - c:\users\public\documents\workspace\kbe\kbengine-kbengine-v1.0.0\kbengine\kbe\src\server\dbmgr\dbmgr.cpp:293: Profile scriptCall took 1.32 seconds
    INFO      dbmgr-1 3337 4000  [2018-06-22 22:51:49 020] - ---- dbmgr is running ----
   DEBUG      dbmgr-1 3337 4000  [2018-06-22 22:51:49 020] - Components::process(): Request for the process of identity...
   DEBUG      dbmgr-1 3337 4000  [2018-06-22 22:51:48 259] - DBInterfaceMysql::attach: connect: localhost:3306 starting...
   DEBUG      dbmgr-1 3337 4000  [2018-06-22 22:51:48 259] - DBInterfaceMysql::attach: connect: localhost:3306 starting...
   DEBUG      dbmgr-1 3337 4000  [2018-06-22 22:51:48 260] - DBInterfaceMysql::attach: connect: localhost:3306 starting...
   DEBUG      dbmgr-1 3337 4000  [2018-06-22 22:51:48 261] - DBInterfaceMysql::attach: connect: localhost:3306 starting...
   DEBUG      dbmgr-1 3337 4000  [2018-06-22 22:51:48 261] - DBInterfaceMysql::attach: connect: localhost:3306 starting...
   DEBUG      dbmgr-1 3337 4000  [2018-06-22 22:51:48 267] - DBInterfaceMysql::attach: successfully! addr: localhost:3306
   DEBUG      dbmgr-1 3337 4000  [2018-06-22 22:51:48 268] - DBInterfaceMysql::attach: successfully! addr: localhost:3306
   DEBUG      dbmgr-1 3337 4000  [2018-06-22 22:51:48 268] - DBThread::onStart(): 0x254670!
   DEBUG      dbmgr-1 3337 4000  [2018-06-22 22:51:48 268] - DBThread::onStart(): 0x2545e8!
   DEBUG      dbmgr-1 3337 4000  [2018-06-22 22:51:48 269] - DBInterfaceMysql::attach: successfully! addr: localhost:3306
   DEBUG      dbmgr-1 3337 4000  [2018-06-22 22:51:48 269] - DBThread::onStart(): 0x2544d8!
   DEBUG      dbmgr-1 3337 4000  [2018-06-22 22:51:48 271] - DBInterfaceMysql::attach: successfully! addr: localhost:3306
   DEBUG      dbmgr-1 3337 4000  [2018-06-22 22:51:48 271] - DBInterfaceMysql::attach: successfully! addr: localhost:3306
   DEBUG      dbmgr-1 3337 4000  [2018-06-22 22:51:48 271] - DBThread::onStart(): 0x254560!
   DEBUG      dbmgr-1 3337 4000  [2018-06-22 22:51:48 271] - DBThread::onStart(): 0x2546f8!
    INFO      dbmgr-1 3337 4000  [2018-06-22 22:51:48 368] - DBInterfaceMysql::query: successfully!
    INFO      dbmgr-1 3337 4000  [2018-06-22 22:51:48 369] - DBInterfaceMysql::query: successfully!
    INFO      dbmgr-1 3337 4000  [2018-06-22 22:51:48 369] - DBInterfaceMysql::query: successfully!
    INFO      dbmgr-1 3337 4000  [2018-06-22 22:51:48 371] - DBInterfaceMysql::query: successfully!
    INFO      dbmgr-1 3337 4000  [2018-06-22 22:51:48 372] - DBInterfaceMysql::query: successfully!
    INFO      dbmgr-1 3337 4000  [2018-06-22 22:51:48 373] - DBInterfaceMysql::query: successfully!
    INFO      dbmgr-1 3337 4000  [2018-06-22 22:51:48 373] - DBInterfaceMysql::query: successfully!
    INFO      dbmgr-1 3337 4000  [2018-06-22 22:51:48 387] - DBInterfaceMysql::query: successfully!
    INFO      dbmgr-1 3337 4000  [2018-06-22 22:51:56 147] - Components::findComponents: find logger(1)...
    INFO      dbmgr-1 3337 4000  [2018-06-22 22:51:56 155] - Components::findComponents: found logger, addr:192.168.31.56:11017
    INFO      dbmgr-1 3337 4000  [2018-06-22 22:51:56 155] - Components::addComponent: reset orderLog, uid=3337!
    INFO      dbmgr-1 3337 4000  [2018-06-22 22:51:56 155] - Components::addComponent[logger], uid=3337, componentID=2000, globalorderid=1, grouporderid=1, totalcount=1
    INFO      dbmgr-1 3337 4000  [2018-06-22 22:51:56 186] - Components::process(): Found all the components!
    INFO      dbmgr-1 3337 4000  [2018-06-22 22:51:59 087] - ServerApp::onRegisterNewApp: uid:3337, username:, componentType:loginapp, componentID:9000, globalorderID=-1, grouporderID=-1, intaddr:192.168.31.56, intport:11012, extaddr:192.168.31.56, extport:20013,  from 192.168.31.56:11043/0/0/0.
    INFO      dbmgr-1 3337 4000  [2018-06-22 22:51:59 087] - Components::addComponent: reset orderLog, uid=3337!
    INFO      dbmgr-1 3337 4000  [2018-06-22 22:51:59 087] - Components::addComponent[loginapp], uid=3337, componentID=9000, globalorderid=1, grouporderid=1, totalcount=1
    INFO      dbmgr-1 3337 4000  [2018-06-22 22:51:59 627] - ServerApp::onRegisterNewApp: uid:3337, username:, componentType:cellappmgr, componentID:6000, globalorderID=-1, grouporderID=-1, intaddr:192.168.31.56, intport:11018, extaddr:nonsupport, extport:0,  from 192.168.31.56:11047/0/0/0.
    INFO      dbmgr-1 3337 4000  [2018-06-22 22:51:59 627] - Components::addComponent[cellappmgr], uid=3337, componentID=6000, globalorderid=2, grouporderid=1, totalcount=1
    INFO      dbmgr-1 3337 4000  [2018-06-22 22:51:59 907] - ServerApp::onRegisterNewApp: uid:3337, username:, componentType:baseappmgr, componentID:5000, globalorderID=-1, grouporderID=-1, intaddr:192.168.31.56, intport:11015, extaddr:nonsupport, extport:0,  from 192.168.31.56:11049/0/0/0.
    INFO      dbmgr-1 3337 4000  [2018-06-22 22:51:59 907] - Components::addComponent[baseappmgr], uid=3337, componentID=5000, globalorderid=3, grouporderid=1, totalcount=1
    INFO      dbmgr-1 3337 4000  [2018-06-22 22:52:01 427] - ServerApp::onRegisterNewApp: uid:3337, username:, componentType:baseapp, componentID:7001, globalorderID=-1, grouporderID=-1, intaddr:192.168.31.56, intport:11019, extaddr:192.168.31.56, extport:20015,  from 192.168.31.56:11051/0/0/0.
    INFO      dbmgr-1 3337 4000  [2018-06-22 22:52:01 427] - Components::addComponent[baseapp], uid=3337, componentID=7001, globalorderid=4, grouporderid=1, totalcount=1
    INFO      dbmgr-1 3337 4000  [2018-06-22 22:52:01 627] - ServerApp::onRegisterNewApp: uid:3337, username:, componentType:cellapp, componentID:8001, globalorderID=-1, grouporderID=-1, intaddr:192.168.31.56, intport:11013, extaddr:nonsupport, extport:0,  from 192.168.31.56:11054/0/0/0.
    INFO      dbmgr-1 3337 4000  [2018-06-22 22:52:01 627] - Components::addComponent[cellapp], uid=3337, componentID=8001, globalorderid=5, grouporderid=1, totalcount=1
    INFO      dbmgr-1 3337 4000  [2018-06-22 22:52:04 646] - IDServer::allocRange: 1-2001.
    INFO      dbmgr-1 3337 4000  [2018-06-22 22:52:04 646] - IDServer::allocRange: 2001-4001.
   DEBUG      dbmgr-1 3337 4000  [2018-06-22 22:52:04 646] - SyncAppDatasHandler::~SyncAppDatasHandler()
   DEBUG      dbmgr-1 3337 4000  [2018-06-22 23:00:33 266] - Dbmgr::onAccountLogin:loginName=lqt01, accountName=lqt01, success=0, componentID=0, entityID=0, dbid=2, flags=0, deadline=0.
   DEBUG      dbmgr-1 3337 4000  [2018-06-22 23:00:33 886] - Dbmgr::queryAccount: lqt01, success=1, flags=0, deadline=0.
   DEBUG      dbmgr-1 3337 4000  [2018-06-22 23:06:48 066] - Dbmgr::writeEntity: Account(2).
 WARNING      dbmgr-1 3337 4000  [2018-06-22 23:08:03 865] - DBTask::process(): took 0.36 seconds
sql:(update tbl_Account_CardList set sm_value=10000033 where id=50)
   DEBUG      dbmgr-1 3337 4000  [2018-06-22 23:08:03 985] - Dbmgr::writeEntity: Account(2).
    INFO      dbmgr-1 3337 4000  [2018-06-22 23:08:03 969] - Buffered_DBTasks::onFiniTask: Playing buffered task for entityID=0, dbid=2, dbid_tasks_size=1, entityid_tasks_size=0.
   DEBUG      dbmgr-1 3337 4000  [2018-06-22 23:08:04 025] - Dbmgr::onEntityOffline: 2, entityType=1.
   DEBUG      dbmgr-1 3337 4000  [2018-06-22 23:08:27 805] - Dbmgr::onAccountLogin:loginName=lqt01, accountName=lqt01, success=0, componentID=0, entityID=0, dbid=2, flags=0, deadline=0.
   DEBUG      dbmgr-1 3337 4000  [2018-06-22 23:08:28 325] - Dbmgr::queryAccount: lqt01, success=1, flags=0, deadline=0.
   DEBUG      dbmgr-1 3337 4000  [2018-06-22 23:09:26 345] - Dbmgr::writeEntity: Account(2).
    INFO      dbmgr-1 3337 4000  [2018-06-22 23:09:26 343] - Buffered_DBTasks::onFiniTask: Playing buffered task for entityID=0, dbid=2, dbid_tasks_size=1, entityid_tasks_size=0.
   DEBUG      dbmgr-1 3337 4000  [2018-06-22 23:09:26 406] - Dbmgr::onEntityOffline: 2, entityType=1.
