    INFO      dbmgr-1 2843 4000  [2018-06-25 14:55:57 234] - -----------------------------------------------------------------------------------------


    INFO      dbmgr-1 2843 4000  [2018-06-25 14:55:59 258] - Resmgr::initialize: KBE_ROOT=C:/Users/Public/Documents/workspace/kbe/kbengine-kbengine-v1.0.0/kbengine/
    INFO      dbmgr-1 2843 4000  [2018-06-25 14:55:59 259] - Resmgr::initialize: KBE_RES_PATH=C:/Users/Public/Documents/workspace/kbe/kbengine-kbengine-v1.0.0/kbengine/kbe/res/;C:/Users/Public/Documents/workspace/kbe/kbengine-kbengine-v1.0.0/kbengine/assets/;C:/Users/Public/Documents/workspace/kbe/kbengine-kbengine-v1.0.0/kbengine/assets/scripts/;C:/Users/Public/Documents/workspace/kbe/kbengine-kbengine-v1.0.0/kbengine/assets/res/
    INFO      dbmgr-1 2843 4000  [2018-06-25 14:55:59 259] - Resmgr::initialize: KBE_BIN_PATH=C:/Users/Public/Documents/workspace/kbe/kbengine-kbengine-v1.0.0/kbengine/kbe/bin/server/
    INFO      dbmgr-1 2843 4000  [2018-06-25 14:55:59 640] - NetworkInterface::recreateListeningSocket(INTERNAL): bound to all interfaces with default route interface on 192.168.31.56 ( 192.168.31.56:10556 )
    INFO      dbmgr-1 2843 4000  [2018-06-25 14:55:59 640] - NetworkInterface::recreateListeningSocket(INTERNAL): address 192.168.31.56:10556, SOMAXCONN=5.
    INFO      dbmgr-1 2843 4000  [2018-06-25 14:55:59 641] - server-configs:
    INFO      dbmgr-1 2843 4000  [2018-06-25 14:55:59 641] - 	internalAddr : 192.168.31.56:10556
    INFO      dbmgr-1 2843 4000  [2018-06-25 14:55:59 641] - 	componentID : 4000
    INFO      dbmgr-1 2843 4000  [2018-06-25 14:56:01 371] - ---- dbmgr Version: 1.0.0. ScriptVersion: 0.1.0. Protocol: 253D45E587CB031BFD545E02866042FC. Config: Debug X86. Built: 23:15:53 Jun 15 2018. AppID: 4000. UID: 2843. PID: 5272 ----
    INFO      dbmgr-1 2843 4000  [2018-06-25 14:56:01 371] - Server :        Intel(R) Core(TM) i5-2415M CPU @ 2.30GHz with 4194303kB RAM
    INFO      dbmgr-1 2843 4000  [2018-06-25 14:56:01 447] - ThreadPool::createThreadPool: creating  threadpool...
    INFO      dbmgr-1 2843 4000  [2018-06-25 14:56:01 447] - ThreadPool::createThreadPool: successfully(2), newThreadCount=1, normalMaxThreadCount=2, maxThreadCount=8
   DEBUG      dbmgr-1 2843 4000  [2018-06-25 14:56:05 828] - Script::install_py_dlls(): PyInit_pyexpat
   DEBUG      dbmgr-1 2843 4000  [2018-06-25 14:56:06 042] - Script::install_py_dlls(): PyInit__socket
   DEBUG      dbmgr-1 2843 4000  [2018-06-25 14:56:06 178] - Script::install_py_dlls(): PyInit__ssl
   DEBUG      dbmgr-1 2843 4000  [2018-06-25 14:56:07 681] - Script::install_py_dlls(): PyInit__hashlib
   DEBUG      dbmgr-1 2843 4000  [2018-06-25 14:56:07 807] - Script::install_py_dlls(): PyInit_select
   DEBUG      dbmgr-1 2843 4000  [2018-06-25 14:56:07 966] - Script::install_py_dlls(): PyInit__ctypes
   DEBUG      dbmgr-1 2843 4000  [2018-06-25 14:56:08 086] - Script::install_py_dlls(): PyInit__elementtree
   DEBUG      dbmgr-1 2843 4000  [2018-06-25 14:56:08 721] - Script::install_py_dlls(): PyInit_unicodedata
    INFO      dbmgr-1 2843 4000  [2018-06-25 14:56:09 994] - Script::install(): is successfully, Python=(3.4.2 (default, Jun 15 2018, 23:15:28) [MSC v.1913 32 bit (Intel)])!
    INFO      dbmgr-1 2843 4000  [2018-06-25 14:56:09 994] - Script::install(): KBExtra is successfully!
    INFO      dbmgr-1 2843 4000  [2018-06-25 14:56:10 748] - Dbmgr::initializeEnd: digest(E8616443B87DAD141506882EDDA1C70F)
  S_INFO      dbmgr-1 2843 4000  [2018-06-25 14:56:10 772] - onDBMgrReady: bootstrapGroupIndex=0, bootstrapGlobalIndex=0
    INFO      dbmgr-1 2843 4000  [2018-06-25 14:56:10 824] - TelnetServer server is running on port 32000
    INFO      dbmgr-1 2843 4000  [2018-06-25 14:56:10 852] - Dbmgr::initInterfacesHandler: interfaces addr(127.0.0.1:30099), accountType:(interfaces), chargeType:(interfaces).
 WARNING      dbmgr-1 2843 4000  [2018-06-25 14:56:12 133] - DBUtil::initialize: db(default) password is not encrypted!
please use password(rsa):
E819DF57D08BA80D7153D6902E59A5E4014DED68F7F9DA8C80004DE174E1F87784BB9610EEF2677024868559FDEAF38BF5DC6A18D2C81474F23590CB0BB258B518C8E05A11DE5EAA161FB84BA0C95CD69873662E6ABCE3A2C1A88E32B408DA5B6FC3AC7A5465E56B2B71C309DB91646FC3095558C32B179DD7DE24E9927E5E7B
   DEBUG      dbmgr-1 2843 4000  [2018-06-25 14:56:12 368] - DBInterfaceMysql::attach: connect: localhost:3306 starting...
   DEBUG      dbmgr-1 2843 4000  [2018-06-25 14:56:12 953] - DBInterfaceMysql::attach: successfully! addr: localhost:3306
    INFO      dbmgr-1 2843 4000  [2018-06-25 14:56:12 953] - DBUtil::createInterface[0x3cf378]: interface=default, dbtype=mysql, ip=localhost, port=3306, currdatabase=kbe1, username=kbe, connected=yes.

    INFO      dbmgr-1 2843 4000  [2018-06-25 14:56:12 991] - ThreadPool::createThreadPool: creating  threadpool...
    INFO      dbmgr-1 2843 4000  [2018-06-25 14:56:12 992] - ThreadPool::createThreadPool: successfully(5), newThreadCount=5, normalMaxThreadCount=5, maxThreadCount=5
    INFO      dbmgr-1 2843 4000  [2018-06-25 14:56:13 269] - DBInterfaceMysql::query: successfully!
    INFO      dbmgr-1 2843 4000  [2018-06-25 14:56:13 314] - DBInterfaceMysql::query: successfully!
 WARNING      dbmgr-1 2843 4000  [2018-06-25 14:56:14 305] - c:\users\public\documents\workspace\kbe\kbengine-kbengine-v1.0.0\kbengine\kbe\src\server\dbmgr\dbmgr.cpp:293: Profile scriptCall took 3.56 seconds
    INFO      dbmgr-1 2843 4000  [2018-06-25 14:56:14 860] - ---- dbmgr is running ----
   DEBUG      dbmgr-1 2843 4000  [2018-06-25 14:56:14 860] - Components::process(): Request for the process of identity...
   DEBUG      dbmgr-1 2843 4000  [2018-06-25 14:56:12 992] - DBInterfaceMysql::attach: connect: localhost:3306 starting...
   DEBUG      dbmgr-1 2843 4000  [2018-06-25 14:56:12 992] - DBInterfaceMysql::attach: connect: localhost:3306 starting...
   DEBUG      dbmgr-1 2843 4000  [2018-06-25 14:56:12 992] - DBInterfaceMysql::attach: connect: localhost:3306 starting...
   DEBUG      dbmgr-1 2843 4000  [2018-06-25 14:56:12 993] - DBInterfaceMysql::attach: connect: localhost:3306 starting...
   DEBUG      dbmgr-1 2843 4000  [2018-06-25 14:56:12 993] - DBInterfaceMysql::attach: connect: localhost:3306 starting...
   DEBUG      dbmgr-1 2843 4000  [2018-06-25 14:56:12 998] - DBInterfaceMysql::attach: successfully! addr: localhost:3306
   DEBUG      dbmgr-1 2843 4000  [2018-06-25 14:56:12 999] - DBInterfaceMysql::attach: successfully! addr: localhost:3306
   DEBUG      dbmgr-1 2843 4000  [2018-06-25 14:56:13 001] - DBThread::onStart(): 0x8334b0!
   DEBUG      dbmgr-1 2843 4000  [2018-06-25 14:56:13 001] - DBThread::onStart(): 0x833538!
   DEBUG      dbmgr-1 2843 4000  [2018-06-25 14:56:13 003] - DBInterfaceMysql::attach: successfully! addr: localhost:3306
   DEBUG      dbmgr-1 2843 4000  [2018-06-25 14:56:13 003] - DBThread::onStart(): 0x833648!
   DEBUG      dbmgr-1 2843 4000  [2018-06-25 14:56:13 003] - DBInterfaceMysql::attach: successfully! addr: localhost:3306
   DEBUG      dbmgr-1 2843 4000  [2018-06-25 14:56:13 004] - DBInterfaceMysql::attach: successfully! addr: localhost:3306
   DEBUG      dbmgr-1 2843 4000  [2018-06-25 14:56:13 004] - DBThread::onStart(): 0x8335c0!
   DEBUG      dbmgr-1 2843 4000  [2018-06-25 14:56:13 004] - DBThread::onStart(): 0x8336d0!
    INFO      dbmgr-1 2843 4000  [2018-06-25 14:56:13 740] - DBInterfaceMysql::query: successfully!
    INFO      dbmgr-1 2843 4000  [2018-06-25 14:56:13 740] - DBInterfaceMysql::query: successfully!
    INFO      dbmgr-1 2843 4000  [2018-06-25 14:56:13 740] - DBInterfaceMysql::query: successfully!
    INFO      dbmgr-1 2843 4000  [2018-06-25 14:56:13 740] - DBInterfaceMysql::query: successfully!
 WARNING      dbmgr-1 2843 4000  [2018-06-25 14:56:13 840] - DBTask::process(): took 0.43 seconds
sql:(CREATE TABLE IF NOT EXISTS kbe_accountinfos (`accountName` varchar(128) not null, PRIMARY KEY idKey (`accountName`),`password` varchar(255),`bindata` blob,`email` varchar(255) not null, UNIQUE KEY `email` (`email`),`entityDBID` bigint(20) unsigned not null DEFAULT 0, UNIQUE KEY `entityDBID` (`entityDBID`),`flags` int unsigned not null DEFAULT 0,`deadline` bigint(20) not null DEFAULT 0,`regtime` bigint(20) not null DEFAULT 0,`lasttime` bigint(20) not null DEFAULT 0,`numlogin` int unsigned not null DEFAULT 0)ENGINE=InnoDB)
 WARNING      dbmgr-1 2843 4000  [2018-06-25 14:56:14 066] - DBTask::process(): took 0.68 seconds
sql:(show index from tbl_Account_AvatarList_cardList)
 WARNING      dbmgr-1 2843 4000  [2018-06-25 14:56:14 088] - DBTask::process(): took 0.25 seconds
sql:(show index from tbl_Account_AvatarList)
 WARNING      dbmgr-1 2843 4000  [2018-06-25 14:56:14 230] - DBTask::process(): took 0.92 seconds
sql:(insert into kbe_serverlog (heartbeatTime, logger) values(1529909773,4000) ON DUPLICATE KEY UPDATE heartbeatTime=1529909773)
    INFO      dbmgr-1 2843 4000  [2018-06-25 14:56:14 283] - DBInterfaceMysql::query: successfully!
    INFO      dbmgr-1 2843 4000  [2018-06-25 14:56:14 283] - DBInterfaceMysql::query: successfully!
 WARNING      dbmgr-1 2843 4000  [2018-06-25 14:56:14 283] - DBTask::process(): took 0.97 seconds
sql:(delete from kbe_entitylog where logger in (4000))
    INFO      dbmgr-1 2843 4000  [2018-06-25 14:56:14 284] - DBInterfaceMysql::query: successfully!
    INFO      dbmgr-1 2843 4000  [2018-06-25 14:56:14 285] - DBInterfaceMysql::query: successfully!
 WARNING      dbmgr-1 2843 4000  [2018-06-25 14:56:14 285] - DBTask::process(): took 0.97 seconds
sql:(delete from kbe_email_verification where logtime<1529906174 and type=3)
    INFO      dbmgr-1 2843 4000  [2018-06-25 14:56:21 034] - ServerApp::onRegisterNewApp: uid:2843, username:, componentType:baseappmgr, componentID:5000, globalorderID=-1, grouporderID=-1, intaddr:192.168.31.56, intport:10551, extaddr:nonsupport, extport:0,  from 192.168.31.56:10582/0/0/0.
    INFO      dbmgr-1 2843 4000  [2018-06-25 14:56:21 036] - Components::addComponent: reset orderLog, uid=2843!
    INFO      dbmgr-1 2843 4000  [2018-06-25 14:56:21 036] - Components::addComponent[baseappmgr], uid=2843, componentID=5000, globalorderid=1, grouporderid=1, totalcount=1
    INFO      dbmgr-1 2843 4000  [2018-06-25 14:56:22 116] - Components::findComponents: find logger(1)...
    INFO      dbmgr-1 2843 4000  [2018-06-25 14:56:22 211] - Components::findComponents: found logger, addr:192.168.31.56:10555
    INFO      dbmgr-1 2843 4000  [2018-06-25 14:56:22 211] - Components::addComponent[logger], uid=2843, componentID=2000, globalorderid=2, grouporderid=1, totalcount=1
    INFO      dbmgr-1 2843 4000  [2018-06-25 14:56:22 248] - Components::process(): Found all the components!
    INFO      dbmgr-1 2843 4000  [2018-06-25 14:56:22 449] - ServerApp::onRegisterNewApp: uid:2843, username:, componentType:cellappmgr, componentID:6000, globalorderID=-1, grouporderID=-1, intaddr:192.168.31.56, intport:10553, extaddr:nonsupport, extport:0,  from 192.168.31.56:10586/0/0/0.
    INFO      dbmgr-1 2843 4000  [2018-06-25 14:56:22 449] - Components::addComponent[cellappmgr], uid=2843, componentID=6000, globalorderid=3, grouporderid=1, totalcount=1
    INFO      dbmgr-1 2843 4000  [2018-06-25 14:56:23 869] - ServerApp::onRegisterNewApp: uid:2843, username:, componentType:loginapp, componentID:9000, globalorderID=-1, grouporderID=-1, intaddr:192.168.31.56, intport:10557, extaddr:192.168.31.56, extport:20013,  from 192.168.31.56:10594/0/0/0.
    INFO      dbmgr-1 2843 4000  [2018-06-25 14:56:23 869] - Components::addComponent[loginapp], uid=2843, componentID=9000, globalorderid=4, grouporderid=1, totalcount=1
    INFO      dbmgr-1 2843 4000  [2018-06-25 14:56:26 349] - ServerApp::onRegisterNewApp: uid:2843, username:, componentType:cellapp, componentID:8001, globalorderID=-1, grouporderID=-1, intaddr:192.168.31.56, intport:10558, extaddr:nonsupport, extport:0,  from 192.168.31.56:10602/0/0/0.
    INFO      dbmgr-1 2843 4000  [2018-06-25 14:56:26 349] - Components::addComponent[cellapp], uid=2843, componentID=8001, globalorderid=5, grouporderid=1, totalcount=1
    INFO      dbmgr-1 2843 4000  [2018-06-25 14:56:26 369] - ServerApp::onRegisterNewApp: uid:2843, username:, componentType:baseapp, componentID:7001, globalorderID=-1, grouporderID=-1, intaddr:192.168.31.56, intport:10559, extaddr:192.168.31.56, extport:20015,  from 192.168.31.56:10603/0/0/0.
    INFO      dbmgr-1 2843 4000  [2018-06-25 14:56:26 369] - Components::addComponent[baseapp], uid=2843, componentID=7001, globalorderid=6, grouporderid=1, totalcount=1
    INFO      dbmgr-1 2843 4000  [2018-06-25 14:56:29 390] - IDServer::allocRange: 1-2001.
    INFO      dbmgr-1 2843 4000  [2018-06-25 14:56:29 390] - IDServer::allocRange: 2001-4001.
   DEBUG      dbmgr-1 2843 4000  [2018-06-25 14:56:29 417] - SyncAppDatasHandler::~SyncAppDatasHandler()
   DEBUG      dbmgr-1 2843 4000  [2018-06-25 15:01:12 315] - Dbmgr::onAccountLogin:loginName=lqt01, accountName=lqt01, success=0, componentID=0, entityID=0, dbid=2, flags=0, deadline=0.
   DEBUG      dbmgr-1 2843 4000  [2018-06-25 15:01:12 816] - Dbmgr::queryAccount: lqt01, success=1, flags=0, deadline=0.
   DEBUG      dbmgr-1 2843 4000  [2018-06-25 15:02:27 037] - Dbmgr::writeEntity: Account(2).
   DEBUG      dbmgr-1 2843 4000  [2018-06-25 15:02:27 117] - Dbmgr::onEntityOffline: 2, entityType=1.
    INFO      dbmgr-1 2843 4000  [2018-06-25 15:02:27 025] - Buffered_DBTasks::onFiniTask: Playing buffered task for entityID=0, dbid=2, dbid_tasks_size=1, entityid_tasks_size=0.
   DEBUG      dbmgr-1 2843 4000  [2018-06-25 15:13:59 972] - Dbmgr::onAccountLogin:loginName=lqt01, accountName=lqt01, success=0, componentID=0, entityID=0, dbid=2, flags=0, deadline=0.
   DEBUG      dbmgr-1 2843 4000  [2018-06-25 15:14:00 492] - Dbmgr::queryAccount: lqt01, success=1, flags=0, deadline=0.
   DEBUG      dbmgr-1 2843 4000  [2018-06-25 15:15:05 292] - Dbmgr::writeEntity: Account(2).
    INFO      dbmgr-1 2843 4000  [2018-06-25 15:15:05 289] - Buffered_DBTasks::onFiniTask: Playing buffered task for entityID=0, dbid=2, dbid_tasks_size=1, entityid_tasks_size=0.
   DEBUG      dbmgr-1 2843 4000  [2018-06-25 15:15:05 372] - Dbmgr::onEntityOffline: 2, entityType=1.
   DEBUG      dbmgr-1 2843 4000  [2018-06-25 15:56:14 485] - Dbmgr::DBTaskServerLog()
   DEBUG      dbmgr-1 2843 4000  [2018-06-25 16:02:48 932] - Dbmgr::onAccountLogin:loginName=lqt01, accountName=lqt01, success=0, componentID=0, entityID=0, dbid=2, flags=0, deadline=0.
   DEBUG      dbmgr-1 2843 4000  [2018-06-25 16:02:49 352] - Dbmgr::queryAccount: lqt01, success=1, flags=0, deadline=0.
   DEBUG      dbmgr-1 2843 4000  [2018-06-25 16:07:34 879] - Dbmgr::writeEntity: Account(2).
    INFO      dbmgr-1 2843 4000  [2018-06-25 16:07:34 866] - Buffered_DBTasks::onFiniTask: Playing buffered task for entityID=0, dbid=2, dbid_tasks_size=1, entityid_tasks_size=0.
   DEBUG      dbmgr-1 2843 4000  [2018-06-25 16:07:34 979] - Dbmgr::onEntityOffline: 2, entityType=1.
   DEBUG      dbmgr-1 2843 4000  [2018-06-25 16:08:48 340] - Dbmgr::onAccountLogin:loginName=lqt01, accountName=lqt01, success=0, componentID=0, entityID=0, dbid=2, flags=0, deadline=0.
   DEBUG      dbmgr-1 2843 4000  [2018-06-25 16:08:48 840] - Dbmgr::queryAccount: lqt01, success=1, flags=0, deadline=0.
   DEBUG      dbmgr-1 2843 4000  [2018-06-25 16:13:18 666] - Dbmgr::writeEntity: Account(2).
    INFO      dbmgr-1 2843 4000  [2018-06-25 16:13:18 653] - Buffered_DBTasks::onFiniTask: Playing buffered task for entityID=0, dbid=2, dbid_tasks_size=1, entityid_tasks_size=0.
   DEBUG      dbmgr-1 2843 4000  [2018-06-25 16:13:18 746] - Dbmgr::onEntityOffline: 2, entityType=1.
   DEBUG      dbmgr-1 2843 4000  [2018-06-25 16:14:10 347] - Dbmgr::onAccountLogin:loginName=lqt01, accountName=lqt01, success=0, componentID=0, entityID=0, dbid=2, flags=0, deadline=0.
   DEBUG      dbmgr-1 2843 4000  [2018-06-25 16:14:10 907] - Dbmgr::queryAccount: lqt01, success=1, flags=0, deadline=0.
   DEBUG      dbmgr-1 2843 4000  [2018-06-25 16:14:47 387] - Dbmgr::writeEntity: Account(2).
    INFO      dbmgr-1 2843 4000  [2018-06-25 16:14:47 377] - Buffered_DBTasks::onFiniTask: Playing buffered task for entityID=0, dbid=2, dbid_tasks_size=1, entityid_tasks_size=0.
   DEBUG      dbmgr-1 2843 4000  [2018-06-25 16:14:47 587] - Dbmgr::onEntityOffline: 2, entityType=1.
 WARNING      dbmgr-1 2843 4000  [2018-06-25 16:14:47 586] - DBTransaction::commit(): took 0.21 seconds
   DEBUG      dbmgr-1 2843 4000  [2018-06-25 16:15:50 329] - Dbmgr::onAccountLogin:loginName=lqt01, accountName=lqt01, success=0, componentID=0, entityID=0, dbid=2, flags=0, deadline=0.
   DEBUG      dbmgr-1 2843 4000  [2018-06-25 16:15:50 909] - Dbmgr::queryAccount: lqt01, success=1, flags=0, deadline=0.
   DEBUG      dbmgr-1 2843 4000  [2018-06-25 16:16:02 230] - Dbmgr::writeEntity: Account(2).
   DEBUG      dbmgr-1 2843 4000  [2018-06-25 16:16:02 310] - Dbmgr::onEntityOffline: 2, entityType=1.
    INFO      dbmgr-1 2843 4000  [2018-06-25 16:16:02 227] - Buffered_DBTasks::onFiniTask: Playing buffered task for entityID=0, dbid=2, dbid_tasks_size=1, entityid_tasks_size=0.
   DEBUG      dbmgr-1 2843 4000  [2018-06-25 16:18:07 052] - Dbmgr::onAccountLogin:loginName=lqt01, accountName=lqt01, success=0, componentID=0, entityID=0, dbid=2, flags=0, deadline=0.
   DEBUG      dbmgr-1 2843 4000  [2018-06-25 16:18:07 512] - Dbmgr::queryAccount: lqt01, success=1, flags=0, deadline=0.
   DEBUG      dbmgr-1 2843 4000  [2018-06-25 16:19:56 474] - Dbmgr::writeEntity: Account(2).
    INFO      dbmgr-1 2843 4000  [2018-06-25 16:19:56 467] - Buffered_DBTasks::onFiniTask: Playing buffered task for entityID=0, dbid=2, dbid_tasks_size=1, entityid_tasks_size=0.
   DEBUG      dbmgr-1 2843 4000  [2018-06-25 16:19:56 594] - Dbmgr::onEntityOffline: 2, entityType=1.
   DEBUG      dbmgr-1 2843 4000  [2018-06-25 16:20:59 076] - Dbmgr::onAccountLogin:loginName=lqt01, accountName=lqt01, success=0, componentID=0, entityID=0, dbid=2, flags=0, deadline=0.
   DEBUG      dbmgr-1 2843 4000  [2018-06-25 16:20:59 496] - Dbmgr::queryAccount: lqt01, success=1, flags=0, deadline=0.
   DEBUG      dbmgr-1 2843 4000  [2018-06-25 16:21:21 276] - Dbmgr::writeEntity: Account(2).
    INFO      dbmgr-1 2843 4000  [2018-06-25 16:21:21 268] - Buffered_DBTasks::onFiniTask: Playing buffered task for entityID=0, dbid=2, dbid_tasks_size=1, entityid_tasks_size=0.
   DEBUG      dbmgr-1 2843 4000  [2018-06-25 16:21:21 536] - Dbmgr::onEntityOffline: 2, entityType=1.
 WARNING      dbmgr-1 2843 4000  [2018-06-25 16:21:21 524] - DBTransaction::commit(): took 0.20 seconds
   DEBUG      dbmgr-1 2843 4000  [2018-06-25 16:35:12 193] - Dbmgr::onAccountLogin:loginName=lqt01, accountName=lqt01, success=0, componentID=0, entityID=0, dbid=2, flags=0, deadline=0.
   DEBUG      dbmgr-1 2843 4000  [2018-06-25 16:35:12 653] - Dbmgr::queryAccount: lqt01, success=1, flags=0, deadline=0.
   DEBUG      dbmgr-1 2843 4000  [2018-06-25 16:38:12 477] - Dbmgr::writeEntity: Account(2).
   DEBUG      dbmgr-1 2843 4000  [2018-06-25 16:38:12 517] - Dbmgr::onEntityOffline: 2, entityType=1.
    INFO      dbmgr-1 2843 4000  [2018-06-25 16:38:12 466] - Buffered_DBTasks::onFiniTask: Playing buffered task for entityID=0, dbid=2, dbid_tasks_size=1, entityid_tasks_size=0.
   DEBUG      dbmgr-1 2843 4000  [2018-06-25 16:45:47 807] - Dbmgr::onAccountLogin:loginName=lqt01, accountName=lqt01, success=0, componentID=0, entityID=0, dbid=2, flags=0, deadline=0.
   DEBUG      dbmgr-1 2843 4000  [2018-06-25 16:45:48 227] - Dbmgr::queryAccount: lqt01, success=1, flags=0, deadline=0.
   DEBUG      dbmgr-1 2843 4000  [2018-06-25 16:48:48 110] - Dbmgr::writeEntity: Account(2).
    INFO      dbmgr-1 2843 4000  [2018-06-25 16:48:48 090] - Buffered_DBTasks::onFiniTask: Playing buffered task for entityID=0, dbid=2, dbid_tasks_size=1, entityid_tasks_size=0.
   DEBUG      dbmgr-1 2843 4000  [2018-06-25 16:48:48 250] - Dbmgr::onEntityOffline: 2, entityType=1.
   DEBUG      dbmgr-1 2843 4000  [2018-06-25 16:56:14 540] - Dbmgr::DBTaskServerLog()
   DEBUG      dbmgr-1 2843 4000  [2018-06-25 17:56:14 614] - Dbmgr::DBTaskServerLog()
   DEBUG      dbmgr-1 2843 4000  [2018-06-25 18:19:53 605] - Dbmgr::onAccountLogin:loginName=lqt01, accountName=lqt01, success=0, componentID=0, entityID=0, dbid=2, flags=0, deadline=0.
   DEBUG      dbmgr-1 2843 4000  [2018-06-25 18:19:54 125] - Dbmgr::queryAccount: lqt01, success=1, flags=0, deadline=0.
   DEBUG      dbmgr-1 2843 4000  [2018-06-25 18:20:21 605] - Dbmgr::writeEntity: Account(2).
   DEBUG      dbmgr-1 2843 4000  [2018-06-25 18:20:21 645] - Dbmgr::onEntityOffline: 2, entityType=1.
    INFO      dbmgr-1 2843 4000  [2018-06-25 18:20:21 589] - Buffered_DBTasks::onFiniTask: Playing buffered task for entityID=0, dbid=2, dbid_tasks_size=1, entityid_tasks_size=0.
   DEBUG      dbmgr-1 2843 4000  [2018-06-25 18:21:09 666] - Dbmgr::onAccountLogin:loginName=lqt01, accountName=lqt01, success=0, componentID=0, entityID=0, dbid=2, flags=0, deadline=0.
   DEBUG      dbmgr-1 2843 4000  [2018-06-25 18:21:10 126] - Dbmgr::queryAccount: lqt01, success=1, flags=0, deadline=0.
   DEBUG      dbmgr-1 2843 4000  [2018-06-25 18:21:35 026] - Dbmgr::writeEntity: Account(2).
   DEBUG      dbmgr-1 2843 4000  [2018-06-25 18:21:35 046] - Dbmgr::onEntityOffline: 2, entityType=1.
    INFO      dbmgr-1 2843 4000  [2018-06-25 18:21:35 015] - Buffered_DBTasks::onFiniTask: Playing buffered task for entityID=0, dbid=2, dbid_tasks_size=1, entityid_tasks_size=0.
   DEBUG      dbmgr-1 2843 4000  [2018-06-25 18:22:28 187] - Dbmgr::onAccountLogin:loginName=lqt01, accountName=lqt01, success=0, componentID=0, entityID=0, dbid=2, flags=0, deadline=0.
   DEBUG      dbmgr-1 2843 4000  [2018-06-25 18:22:28 727] - Dbmgr::queryAccount: lqt01, success=1, flags=0, deadline=0.
   DEBUG      dbmgr-1 2843 4000  [2018-06-25 18:22:48 749] - Dbmgr::writeEntity: Account(2).
    INFO      dbmgr-1 2843 4000  [2018-06-25 18:22:48 742] - Buffered_DBTasks::onFiniTask: Playing buffered task for entityID=0, dbid=2, dbid_tasks_size=1, entityid_tasks_size=0.
   DEBUG      dbmgr-1 2843 4000  [2018-06-25 18:22:48 809] - Dbmgr::onEntityOffline: 2, entityType=1.
   DEBUG      dbmgr-1 2843 4000  [2018-06-25 18:24:37 491] - Dbmgr::onAccountLogin:loginName=lqt01, accountName=lqt01, success=0, componentID=0, entityID=0, dbid=2, flags=0, deadline=0.
   DEBUG      dbmgr-1 2843 4000  [2018-06-25 18:24:37 891] - Dbmgr::queryAccount: lqt01, success=1, flags=0, deadline=0.
   DEBUG      dbmgr-1 2843 4000  [2018-06-25 18:25:00 411] - Dbmgr::writeEntity: Account(2).
   DEBUG      dbmgr-1 2843 4000  [2018-06-25 18:25:00 471] - Dbmgr::onEntityOffline: 2, entityType=1.
    INFO      dbmgr-1 2843 4000  [2018-06-25 18:25:00 392] - Buffered_DBTasks::onFiniTask: Playing buffered task for entityID=0, dbid=2, dbid_tasks_size=1, entityid_tasks_size=0.
   DEBUG      dbmgr-1 2843 4000  [2018-06-25 18:29:42 597] - Dbmgr::onAccountLogin:loginName=lqt01, accountName=lqt01, success=0, componentID=0, entityID=0, dbid=2, flags=0, deadline=0.
   DEBUG      dbmgr-1 2843 4000  [2018-06-25 18:29:43 017] - Dbmgr::queryAccount: lqt01, success=1, flags=0, deadline=0.
   DEBUG      dbmgr-1 2843 4000  [2018-06-25 18:30:04 498] - Dbmgr::writeEntity: Account(2).
   DEBUG      dbmgr-1 2843 4000  [2018-06-25 18:30:04 578] - Dbmgr::onEntityOffline: 2, entityType=1.
    INFO      dbmgr-1 2843 4000  [2018-06-25 18:30:04 495] - Buffered_DBTasks::onFiniTask: Playing buffered task for entityID=0, dbid=2, dbid_tasks_size=1, entityid_tasks_size=0.
   DEBUG      dbmgr-1 2843 4000  [2018-06-25 18:37:24 287] - Dbmgr::onAccountLogin:loginName=lqt01, accountName=lqt01, success=0, componentID=0, entityID=0, dbid=2, flags=0, deadline=0.
   DEBUG      dbmgr-1 2843 4000  [2018-06-25 18:37:24 807] - Dbmgr::queryAccount: lqt01, success=1, flags=0, deadline=0.
   DEBUG      dbmgr-1 2843 4000  [2018-06-25 18:38:25 888] - Dbmgr::writeEntity: Account(2).
    INFO      dbmgr-1 2843 4000  [2018-06-25 18:38:25 876] - Buffered_DBTasks::onFiniTask: Playing buffered task for entityID=0, dbid=2, dbid_tasks_size=1, entityid_tasks_size=0.
   DEBUG      dbmgr-1 2843 4000  [2018-06-25 18:38:25 948] - Dbmgr::onEntityOffline: 2, entityType=1.
   DEBUG      dbmgr-1 2843 4000  [2018-06-25 18:38:54 209] - Dbmgr::onAccountLogin:loginName=lqt01, accountName=lqt01, success=0, componentID=0, entityID=0, dbid=2, flags=0, deadline=0.
   DEBUG      dbmgr-1 2843 4000  [2018-06-25 18:38:54 689] - Dbmgr::queryAccount: lqt01, success=1, flags=0, deadline=0.
   DEBUG      dbmgr-1 2843 4000  [2018-06-25 18:41:54 532] - Dbmgr::writeEntity: Account(2).
    INFO      dbmgr-1 2843 4000  [2018-06-25 18:41:54 521] - Buffered_DBTasks::onFiniTask: Playing buffered task for entityID=0, dbid=2, dbid_tasks_size=1, entityid_tasks_size=0.
   DEBUG      dbmgr-1 2843 4000  [2018-06-25 18:41:54 612] - Dbmgr::onEntityOffline: 2, entityType=1.
   DEBUG      dbmgr-1 2843 4000  [2018-06-25 18:42:23 093] - Dbmgr::onAccountLogin:loginName=lqt01, accountName=lqt01, success=0, componentID=0, entityID=0, dbid=2, flags=0, deadline=0.
   DEBUG      dbmgr-1 2843 4000  [2018-06-25 18:42:23 593] - Dbmgr::queryAccount: lqt01, success=1, flags=0, deadline=0.
   DEBUG      dbmgr-1 2843 4000  [2018-06-25 18:42:41 473] - Dbmgr::writeEntity: Account(2).
    INFO      dbmgr-1 2843 4000  [2018-06-25 18:42:41 455] - Buffered_DBTasks::onFiniTask: Playing buffered task for entityID=0, dbid=2, dbid_tasks_size=1, entityid_tasks_size=0.
   DEBUG      dbmgr-1 2843 4000  [2018-06-25 18:42:41 512] - Dbmgr::onEntityOffline: 2, entityType=1.
    INFO      dbmgr-1 9124 4000  [2018-06-25 21:02:14 270] - -----------------------------------------------------------------------------------------


    INFO      dbmgr-1 9124 4000  [2018-06-25 21:02:14 271] - Resmgr::initialize: KBE_ROOT=C:/Users/Public/Documents/workspace/kbe/kbengine-kbengine-v1.0.0/kbengine/
    INFO      dbmgr-1 9124 4000  [2018-06-25 21:02:14 272] - Resmgr::initialize: KBE_RES_PATH=C:/Users/Public/Documents/workspace/kbe/kbengine-kbengine-v1.0.0/kbengine/kbe/res/;C:/Users/Public/Documents/workspace/kbe/kbengine-kbengine-v1.0.0/kbengine/assets/;C:/Users/Public/Documents/workspace/kbe/kbengine-kbengine-v1.0.0/kbengine/assets/scripts/;C:/Users/Public/Documents/workspace/kbe/kbengine-kbengine-v1.0.0/kbengine/assets/res/
    INFO      dbmgr-1 9124 4000  [2018-06-25 21:02:14 272] - Resmgr::initialize: KBE_BIN_PATH=C:/Users/Public/Documents/workspace/kbe/kbengine-kbengine-v1.0.0/kbengine/kbe/bin/server/
    INFO      dbmgr-1 9124 4000  [2018-06-25 21:02:14 289] - NetworkInterface::recreateListeningSocket(INTERNAL): bound to all interfaces with default route interface on 192.168.31.56 ( 192.168.31.56:15745 )
    INFO      dbmgr-1 9124 4000  [2018-06-25 21:02:14 290] - NetworkInterface::recreateListeningSocket(INTERNAL): address 192.168.31.56:15745, SOMAXCONN=5.
    INFO      dbmgr-1 9124 4000  [2018-06-25 21:02:14 290] - server-configs:
    INFO      dbmgr-1 9124 4000  [2018-06-25 21:02:14 290] - 	internalAddr : 192.168.31.56:15745
    INFO      dbmgr-1 9124 4000  [2018-06-25 21:02:14 291] - 	componentID : 4000
 WARNING      dbmgr-1 9124 4000  [2018-06-25 21:02:14 603] - BundleBroadcast::BundleBroadcast: Cannot bind to port 20558, errorno=10048
    INFO      dbmgr-1 9124 4000  [2018-06-25 21:02:14 633] - ---- dbmgr Version: 1.0.0. ScriptVersion: 0.1.0. Protocol: 253D45E587CB031BFD545E02866042FC. Config: Debug X86. Built: 23:15:53 Jun 15 2018. AppID: 4000. UID: 9124. PID: 7092 ----
    INFO      dbmgr-1 9124 4000  [2018-06-25 21:02:14 634] - Server :        Intel(R) Core(TM) i5-2415M CPU @ 2.30GHz with 4194303kB RAM
    INFO      dbmgr-1 9124 4000  [2018-06-25 21:02:14 634] - ThreadPool::createThreadPool: creating  threadpool...
    INFO      dbmgr-1 9124 4000  [2018-06-25 21:02:14 635] - ThreadPool::createThreadPool: successfully(2), newThreadCount=1, normalMaxThreadCount=2, maxThreadCount=8
   DEBUG      dbmgr-1 9124 4000  [2018-06-25 21:02:14 830] - Script::install_py_dlls(): PyInit_pyexpat
   DEBUG      dbmgr-1 9124 4000  [2018-06-25 21:02:14 831] - Script::install_py_dlls(): PyInit__socket
   DEBUG      dbmgr-1 9124 4000  [2018-06-25 21:02:14 833] - Script::install_py_dlls(): PyInit__ssl
   DEBUG      dbmgr-1 9124 4000  [2018-06-25 21:02:14 840] - Script::install_py_dlls(): PyInit__hashlib
   DEBUG      dbmgr-1 9124 4000  [2018-06-25 21:02:14 841] - Script::install_py_dlls(): PyInit_select
   DEBUG      dbmgr-1 9124 4000  [2018-06-25 21:02:14 841] - Script::install_py_dlls(): PyInit__ctypes
   DEBUG      dbmgr-1 9124 4000  [2018-06-25 21:02:14 842] - Script::install_py_dlls(): PyInit__elementtree
   DEBUG      dbmgr-1 9124 4000  [2018-06-25 21:02:14 927] - Script::install_py_dlls(): PyInit_unicodedata
    INFO      dbmgr-1 9124 4000  [2018-06-25 21:02:15 010] - Script::install(): is successfully, Python=(3.4.2 (default, Jun 15 2018, 23:15:28) [MSC v.1913 32 bit (Intel)])!
    INFO      dbmgr-1 9124 4000  [2018-06-25 21:02:15 011] - Script::install(): KBExtra is successfully!
    INFO      dbmgr-1 9124 4000  [2018-06-25 21:02:15 028] - Dbmgr::initializeEnd: digest(6F4147BC4FA638ADED56BDF893CF10A0)
  S_INFO      dbmgr-1 9124 4000  [2018-06-25 21:02:15 029] - onDBMgrReady: bootstrapGroupIndex=0, bootstrapGlobalIndex=0
    INFO      dbmgr-1 9124 4000  [2018-06-25 21:02:15 030] - TelnetServer server is running on port 32000
    INFO      dbmgr-1 9124 4000  [2018-06-25 21:02:15 030] - Dbmgr::initInterfacesHandler: interfaces addr(127.0.0.1:30099), accountType:(interfaces), chargeType:(interfaces).
 WARNING      dbmgr-1 9124 4000  [2018-06-25 21:02:15 604] - DBUtil::initialize: db(default) password is not encrypted!
please use password(rsa):
DCCCFA9E2C6BE156364A45BF3190537CA6B3546FB2BDAB6C733AB10F0B4C3F6FF13E3414FB318D8BDBAD52CFF9CFA4D61FB8A42BA347CFEA5852F65146345433D0433B49C0882CC4FD6265C129FF82CB0CD58C14E54E1258546356ADDDEDEAED30BC018CF2EF08DF252E13E540899E8F8815D64A71070109515264B55E89669A
   DEBUG      dbmgr-1 9124 4000  [2018-06-25 21:02:15 606] - DBInterfaceMysql::attach: connect: localhost:3306 starting...
   DEBUG      dbmgr-1 9124 4000  [2018-06-25 21:02:15 616] - DBInterfaceMysql::attach: successfully! addr: localhost:3306
    INFO      dbmgr-1 9124 4000  [2018-06-25 21:02:15 617] - DBUtil::createInterface[0x2fef24]: interface=default, dbtype=mysql, ip=localhost, port=3306, currdatabase=kbe1, username=kbe, connected=yes.

    INFO      dbmgr-1 9124 4000  [2018-06-25 21:02:15 617] - ThreadPool::createThreadPool: creating  threadpool...
    INFO      dbmgr-1 9124 4000  [2018-06-25 21:02:15 618] - ThreadPool::createThreadPool: successfully(5), newThreadCount=5, normalMaxThreadCount=5, maxThreadCount=5
    INFO      dbmgr-1 9124 4000  [2018-06-25 21:02:15 721] - DBInterfaceMysql::query: successfully!
    INFO      dbmgr-1 9124 4000  [2018-06-25 21:02:15 724] - DBInterfaceMysql::query: successfully!
 WARNING      dbmgr-1 9124 4000  [2018-06-25 21:02:15 905] - c:\users\public\documents\workspace\kbe\kbengine-kbengine-v1.0.0\kbengine\kbe\src\server\dbmgr\dbmgr.cpp:293: Profile scriptCall took 0.88 seconds
    INFO      dbmgr-1 9124 4000  [2018-06-25 21:02:17 632] - ---- dbmgr is running ----
   DEBUG      dbmgr-1 9124 4000  [2018-06-25 21:02:17 632] - Components::process(): Request for the process of identity...
   DEBUG      dbmgr-1 9124 4000  [2018-06-25 21:02:15 618] - DBInterfaceMysql::attach: connect: localhost:3306 starting...
   DEBUG      dbmgr-1 9124 4000  [2018-06-25 21:02:15 618] - DBInterfaceMysql::attach: connect: localhost:3306 starting...
   DEBUG      dbmgr-1 9124 4000  [2018-06-25 21:02:15 618] - DBInterfaceMysql::attach: connect: localhost:3306 starting...
   DEBUG      dbmgr-1 9124 4000  [2018-06-25 21:02:15 619] - DBInterfaceMysql::attach: connect: localhost:3306 starting...
   DEBUG      dbmgr-1 9124 4000  [2018-06-25 21:02:15 619] - DBInterfaceMysql::attach: connect: localhost:3306 starting...
   DEBUG      dbmgr-1 9124 4000  [2018-06-25 21:02:15 624] - DBInterfaceMysql::attach: successfully! addr: localhost:3306
   DEBUG      dbmgr-1 9124 4000  [2018-06-25 21:02:15 625] - DBThread::onStart(): 0x7435c0!
   DEBUG      dbmgr-1 9124 4000  [2018-06-25 21:02:15 625] - DBInterfaceMysql::attach: successfully! addr: localhost:3306
   DEBUG      dbmgr-1 9124 4000  [2018-06-25 21:02:15 625] - DBThread::onStart(): 0x7436d0!
   DEBUG      dbmgr-1 9124 4000  [2018-06-25 21:02:15 625] - DBInterfaceMysql::attach: successfully! addr: localhost:3306
   DEBUG      dbmgr-1 9124 4000  [2018-06-25 21:02:15 625] - DBThread::onStart(): 0x7434b0!
   DEBUG      dbmgr-1 9124 4000  [2018-06-25 21:02:15 626] - DBInterfaceMysql::attach: successfully! addr: localhost:3306
   DEBUG      dbmgr-1 9124 4000  [2018-06-25 21:02:15 626] - DBThread::onStart(): 0x743648!
   DEBUG      dbmgr-1 9124 4000  [2018-06-25 21:02:15 626] - DBInterfaceMysql::attach: successfully! addr: localhost:3306
   DEBUG      dbmgr-1 9124 4000  [2018-06-25 21:02:15 626] - DBThread::onStart(): 0x743538!
    INFO      dbmgr-1 9124 4000  [2018-06-25 21:02:15 760] - DBInterfaceMysql::query: successfully!
    INFO      dbmgr-1 9124 4000  [2018-06-25 21:02:15 761] - DBInterfaceMysql::query: successfully!
    INFO      dbmgr-1 9124 4000  [2018-06-25 21:02:15 761] - DBInterfaceMysql::query: successfully!
    INFO      dbmgr-1 9124 4000  [2018-06-25 21:02:15 762] - DBInterfaceMysql::query: successfully!
    INFO      dbmgr-1 9124 4000  [2018-06-25 21:02:15 838] - DBInterfaceMysql::query: successfully!
    INFO      dbmgr-1 9124 4000  [2018-06-25 21:02:15 839] - DBInterfaceMysql::query: successfully!
    INFO      dbmgr-1 9124 4000  [2018-06-25 21:02:15 839] - DBInterfaceMysql::query: successfully!
    INFO      dbmgr-1 9124 4000  [2018-06-25 21:02:15 857] - DBInterfaceMysql::query: successfully!
    INFO      dbmgr-1 9124 4000  [2018-06-25 21:02:24 789] - Components::findComponents: find logger(1)...
 WARNING      dbmgr-1 9124 4000  [2018-06-25 21:02:25 100] - BundleBroadcast::BundleBroadcast: Cannot bind to port 20075, errorno=10048
    INFO      dbmgr-1 9124 4000  [2018-06-25 21:02:26 108] - Components::findComponents: find logger(2)...
    INFO      dbmgr-1 9124 4000  [2018-06-25 21:02:26 138] - Components::findComponents: found logger, addr:192.168.31.56:15744
    INFO      dbmgr-1 9124 4000  [2018-06-25 21:02:26 139] - Components::addComponent: reset orderLog, uid=9124!
    INFO      dbmgr-1 9124 4000  [2018-06-25 21:02:26 139] - Components::addComponent[logger], uid=9124, componentID=2000, globalorderid=1, grouporderid=1, totalcount=1
    INFO      dbmgr-1 9124 4000  [2018-06-25 21:02:26 169] - Components::process(): Found all the components!
    INFO      dbmgr-1 9124 4000  [2018-06-25 21:02:28 508] - ServerApp::onRegisterNewApp: uid:9124, username:, componentType:baseappmgr, componentID:5000, globalorderID=-1, grouporderID=-1, intaddr:192.168.31.56, intport:15746, extaddr:nonsupport, extport:0,  from 192.168.31.56:15769/0/0/0.
    INFO      dbmgr-1 9124 4000  [2018-06-25 21:02:28 508] - Components::addComponent: reset orderLog, uid=9124!
    INFO      dbmgr-1 9124 4000  [2018-06-25 21:02:28 508] - Components::addComponent[baseappmgr], uid=9124, componentID=5000, globalorderid=1, grouporderid=1, totalcount=1
    INFO      dbmgr-1 9124 4000  [2018-06-25 21:02:28 688] - ServerApp::onRegisterNewApp: uid:9124, username:, componentType:cellappmgr, componentID:6000, globalorderID=-1, grouporderID=-1, intaddr:192.168.31.56, intport:15743, extaddr:nonsupport, extport:0,  from 192.168.31.56:15771/0/0/0.
    INFO      dbmgr-1 9124 4000  [2018-06-25 21:02:28 688] - Components::addComponent[cellappmgr], uid=9124, componentID=6000, globalorderid=2, grouporderid=1, totalcount=1
    INFO      dbmgr-1 9124 4000  [2018-06-25 21:02:29 308] - ServerApp::onRegisterNewApp: uid:9124, username:, componentType:loginapp, componentID:9000, globalorderID=-1, grouporderID=-1, intaddr:192.168.31.56, intport:15739, extaddr:192.168.31.56, extport:20013,  from 192.168.31.56:15773/0/0/0.
    INFO      dbmgr-1 9124 4000  [2018-06-25 21:02:29 308] - Components::addComponent[loginapp], uid=9124, componentID=9000, globalorderid=3, grouporderid=1, totalcount=1
    INFO      dbmgr-1 9124 4000  [2018-06-25 21:02:31 308] - ServerApp::onRegisterNewApp: uid:9124, username:, componentType:cellapp, componentID:8001, globalorderID=-1, grouporderID=-1, intaddr:192.168.31.56, intport:15740, extaddr:nonsupport, extport:0,  from 192.168.31.56:15777/0/0/0.
    INFO      dbmgr-1 9124 4000  [2018-06-25 21:02:31 308] - Components::addComponent[cellapp], uid=9124, componentID=8001, globalorderid=4, grouporderid=1, totalcount=1
    INFO      dbmgr-1 9124 4000  [2018-06-25 21:02:31 688] - ServerApp::onRegisterNewApp: uid:9124, username:, componentType:baseapp, componentID:7001, globalorderID=-1, grouporderID=-1, intaddr:192.168.31.56, intport:15747, extaddr:192.168.31.56, extport:20015,  from 192.168.31.56:15780/0/0/0.
    INFO      dbmgr-1 9124 4000  [2018-06-25 21:02:31 688] - Components::addComponent[baseapp], uid=9124, componentID=7001, globalorderid=5, grouporderid=1, totalcount=1
    INFO      dbmgr-1 9124 4000  [2018-06-25 21:02:34 708] - IDServer::allocRange: 1-2001.
    INFO      dbmgr-1 9124 4000  [2018-06-25 21:02:34 708] - IDServer::allocRange: 2001-4001.
   DEBUG      dbmgr-1 9124 4000  [2018-06-25 21:02:34 708] - SyncAppDatasHandler::~SyncAppDatasHandler()
   DEBUG      dbmgr-1 9124 4000  [2018-06-25 21:02:59 628] - Dbmgr::onAccountLogin:loginName=lqt01, accountName=lqt01, success=0, componentID=0, entityID=0, dbid=2, flags=0, deadline=0.
   DEBUG      dbmgr-1 9124 4000  [2018-06-25 21:03:00 428] - Dbmgr::queryAccount: lqt01, success=1, flags=0, deadline=0.
   DEBUG      dbmgr-1 9124 4000  [2018-06-25 21:03:44 506] - Dbmgr::writeEntity: Account(2).
   DEBUG      dbmgr-1 9124 4000  [2018-06-25 21:03:44 566] - Dbmgr::onEntityOffline: 2, entityType=1.
    INFO      dbmgr-1 9124 4000  [2018-06-25 21:03:44 489] - Buffered_DBTasks::onFiniTask: Playing buffered task for entityID=0, dbid=2, dbid_tasks_size=1, entityid_tasks_size=0.
   DEBUG      dbmgr-1 9124 4000  [2018-06-25 21:10:15 138] - Dbmgr::onAccountLogin:loginName=lqt01, accountName=lqt01, success=0, componentID=0, entityID=0, dbid=2, flags=0, deadline=0.
   DEBUG      dbmgr-1 9124 4000  [2018-06-25 21:10:15 458] - Dbmgr::queryAccount: lqt01, success=1, flags=0, deadline=0.
   DEBUG      dbmgr-1 9124 4000  [2018-06-25 21:17:18 327] - Dbmgr::writeEntity: Account(2).
   DEBUG      dbmgr-1 9124 4000  [2018-06-25 22:02:15 963] - Dbmgr::DBTaskServerLog()
    INFO      dbmgr-1 32394 4000  [2018-06-25 23:01:00 501] - -----------------------------------------------------------------------------------------


    INFO      dbmgr-1 32394 4000  [2018-06-25 23:01:00 502] - Resmgr::initialize: KBE_ROOT=C:/Users/Public/Documents/workspace/kbe/kbengine-kbengine-v1.0.0/kbengine/
    INFO      dbmgr-1 32394 4000  [2018-06-25 23:01:00 503] - Resmgr::initialize: KBE_RES_PATH=C:/Users/Public/Documents/workspace/kbe/kbengine-kbengine-v1.0.0/kbengine/kbe/res/;C:/Users/Public/Documents/workspace/kbe/kbengine-kbengine-v1.0.0/kbengine/assets/;C:/Users/Public/Documents/workspace/kbe/kbengine-kbengine-v1.0.0/kbengine/assets/scripts/;C:/Users/Public/Documents/workspace/kbe/kbengine-kbengine-v1.0.0/kbengine/assets/res/
    INFO      dbmgr-1 32394 4000  [2018-06-25 23:01:00 504] - Resmgr::initialize: KBE_BIN_PATH=C:/Users/Public/Documents/workspace/kbe/kbengine-kbengine-v1.0.0/kbengine/kbe/bin/server/
    INFO      dbmgr-1 32394 4000  [2018-06-25 23:01:00 516] - NetworkInterface::recreateListeningSocket(INTERNAL): bound to all interfaces with default route interface on 192.168.31.56 ( 192.168.31.56:16164 )
    INFO      dbmgr-1 32394 4000  [2018-06-25 23:01:00 516] - NetworkInterface::recreateListeningSocket(INTERNAL): address 192.168.31.56:16164, SOMAXCONN=5.
    INFO      dbmgr-1 32394 4000  [2018-06-25 23:01:00 517] - server-configs:
    INFO      dbmgr-1 32394 4000  [2018-06-25 23:01:00 517] - 	internalAddr : 192.168.31.56:16164
    INFO      dbmgr-1 32394 4000  [2018-06-25 23:01:00 517] - 	componentID : 4000
    INFO      dbmgr-1 32394 4000  [2018-06-25 23:01:02 035] - ---- dbmgr Version: 1.0.0. ScriptVersion: 0.1.0. Protocol: 253D45E587CB031BFD545E02866042FC. Config: Debug X86. Built: 23:15:53 Jun 15 2018. AppID: 4000. UID: 32394. PID: 5488 ----
    INFO      dbmgr-1 32394 4000  [2018-06-25 23:01:02 036] - Server :        Intel(R) Core(TM) i5-2415M CPU @ 2.30GHz with 4194303kB RAM
    INFO      dbmgr-1 32394 4000  [2018-06-25 23:01:02 036] - ThreadPool::createThreadPool: creating  threadpool...
    INFO      dbmgr-1 32394 4000  [2018-06-25 23:01:02 037] - ThreadPool::createThreadPool: successfully(2), newThreadCount=1, normalMaxThreadCount=2, maxThreadCount=8
   DEBUG      dbmgr-1 32394 4000  [2018-06-25 23:01:02 226] - Script::install_py_dlls(): PyInit_pyexpat
   DEBUG      dbmgr-1 32394 4000  [2018-06-25 23:01:02 227] - Script::install_py_dlls(): PyInit__socket
   DEBUG      dbmgr-1 32394 4000  [2018-06-25 23:01:02 228] - Script::install_py_dlls(): PyInit__ssl
   DEBUG      dbmgr-1 32394 4000  [2018-06-25 23:01:02 239] - Script::install_py_dlls(): PyInit__hashlib
   DEBUG      dbmgr-1 32394 4000  [2018-06-25 23:01:02 240] - Script::install_py_dlls(): PyInit_select
   DEBUG      dbmgr-1 32394 4000  [2018-06-25 23:01:02 240] - Script::install_py_dlls(): PyInit__ctypes
   DEBUG      dbmgr-1 32394 4000  [2018-06-25 23:01:02 246] - Script::install_py_dlls(): PyInit__elementtree
   DEBUG      dbmgr-1 32394 4000  [2018-06-25 23:01:02 346] - Script::install_py_dlls(): PyInit_unicodedata
    INFO      dbmgr-1 32394 4000  [2018-06-25 23:01:02 446] - Script::install(): is successfully, Python=(3.4.2 (default, Jun 15 2018, 23:15:28) [MSC v.1913 32 bit (Intel)])!
    INFO      dbmgr-1 32394 4000  [2018-06-25 23:01:02 447] - Script::install(): KBExtra is successfully!
    INFO      dbmgr-1 32394 4000  [2018-06-25 23:01:02 480] - Dbmgr::initializeEnd: digest(98F82AC461515530D2BE72963465F5D5)
  S_INFO      dbmgr-1 32394 4000  [2018-06-25 23:01:02 480] - onDBMgrReady: bootstrapGroupIndex=0, bootstrapGlobalIndex=0
    INFO      dbmgr-1 32394 4000  [2018-06-25 23:01:02 482] - TelnetServer server is running on port 32000
    INFO      dbmgr-1 32394 4000  [2018-06-25 23:01:02 482] - Dbmgr::initInterfacesHandler: interfaces addr(127.0.0.1:30099), accountType:(interfaces), chargeType:(interfaces).
 WARNING      dbmgr-1 32394 4000  [2018-06-25 23:01:03 402] - DBUtil::initialize: db(default) password is not encrypted!
please use password(rsa):
A6A77A60308CD467D63ED149BD289D4017579DC207AC5EE74CFE2AC8A64D1D3115788A72227B1D929551198BB02379E1808292B8994662195681A71178B0D39369436779842E7BBD1FB5593697EEA41934F585262D583CB146F5413C71FDCB5CB1EB6E4F5D200260D6246EC732E719B8222087A1702CE16A0AED6D96373385D9
   DEBUG      dbmgr-1 32394 4000  [2018-06-25 23:01:03 408] - DBInterfaceMysql::attach: connect: localhost:3306 starting...
   DEBUG      dbmgr-1 32394 4000  [2018-06-25 23:01:03 421] - DBInterfaceMysql::attach: successfully! addr: localhost:3306
    INFO      dbmgr-1 32394 4000  [2018-06-25 23:01:03 422] - DBUtil::createInterface[0x1af034]: interface=default, dbtype=mysql, ip=localhost, port=3306, currdatabase=kbe1, username=kbe, connected=yes.

    INFO      dbmgr-1 32394 4000  [2018-06-25 23:01:03 422] - ThreadPool::createThreadPool: creating  threadpool...
    INFO      dbmgr-1 32394 4000  [2018-06-25 23:01:03 424] - ThreadPool::createThreadPool: successfully(5), newThreadCount=5, normalMaxThreadCount=5, maxThreadCount=5
    INFO      dbmgr-1 32394 4000  [2018-06-25 23:01:03 531] - DBInterfaceMysql::query: successfully!
    INFO      dbmgr-1 32394 4000  [2018-06-25 23:01:03 537] - DBInterfaceMysql::query: successfully!
 WARNING      dbmgr-1 32394 4000  [2018-06-25 23:01:05 058] - c:\users\public\documents\workspace\kbe\kbengine-kbengine-v1.0.0\kbengine\kbe\src\server\dbmgr\dbmgr.cpp:293: Profile scriptCall took 2.58 seconds
    INFO      dbmgr-1 32394 4000  [2018-06-25 23:01:05 634] - ---- dbmgr is running ----
   DEBUG      dbmgr-1 32394 4000  [2018-06-25 23:01:05 635] - Components::process(): Request for the process of identity...
   DEBUG      dbmgr-1 32394 4000  [2018-06-25 23:01:03 424] - DBInterfaceMysql::attach: connect: localhost:3306 starting...
   DEBUG      dbmgr-1 32394 4000  [2018-06-25 23:01:03 426] - DBInterfaceMysql::attach: connect: localhost:3306 starting...
   DEBUG      dbmgr-1 32394 4000  [2018-06-25 23:01:03 426] - DBInterfaceMysql::attach: connect: localhost:3306 starting...
   DEBUG      dbmgr-1 32394 4000  [2018-06-25 23:01:03 427] - DBInterfaceMysql::attach: connect: localhost:3306 starting...
   DEBUG      dbmgr-1 32394 4000  [2018-06-25 23:01:03 427] - DBInterfaceMysql::attach: connect: localhost:3306 starting...
   DEBUG      dbmgr-1 32394 4000  [2018-06-25 23:01:03 439] - DBInterfaceMysql::attach: successfully! addr: localhost:3306
   DEBUG      dbmgr-1 32394 4000  [2018-06-25 23:01:03 440] - DBThread::onStart(): 0x18f35c0!
   DEBUG      dbmgr-1 32394 4000  [2018-06-25 23:01:03 452] - DBInterfaceMysql::attach: successfully! addr: localhost:3306
   DEBUG      dbmgr-1 32394 4000  [2018-06-25 23:01:03 452] - DBThread::onStart(): 0x18f3538!
   DEBUG      dbmgr-1 32394 4000  [2018-06-25 23:01:03 459] - DBInterfaceMysql::attach: successfully! addr: localhost:3306
   DEBUG      dbmgr-1 32394 4000  [2018-06-25 23:01:03 460] - DBThread::onStart(): 0x18f36d0!
   DEBUG      dbmgr-1 32394 4000  [2018-06-25 23:01:03 461] - DBInterfaceMysql::attach: successfully! addr: localhost:3306
   DEBUG      dbmgr-1 32394 4000  [2018-06-25 23:01:03 461] - DBThread::onStart(): 0x18f34b0!
   DEBUG      dbmgr-1 32394 4000  [2018-06-25 23:01:03 464] - DBInterfaceMysql::attach: successfully! addr: localhost:3306
   DEBUG      dbmgr-1 32394 4000  [2018-06-25 23:01:03 465] - DBThread::onStart(): 0x18f3648!
    INFO      dbmgr-1 32394 4000  [2018-06-25 23:01:03 540] - DBInterfaceMysql::query: successfully!
    INFO      dbmgr-1 32394 4000  [2018-06-25 23:01:03 541] - DBInterfaceMysql::query: successfully!
    INFO      dbmgr-1 32394 4000  [2018-06-25 23:01:03 541] - DBInterfaceMysql::query: successfully!
    INFO      dbmgr-1 32394 4000  [2018-06-25 23:01:03 541] - DBInterfaceMysql::query: successfully!
    INFO      dbmgr-1 32394 4000  [2018-06-25 23:01:03 544] - DBInterfaceMysql::query: successfully!
    INFO      dbmgr-1 32394 4000  [2018-06-25 23:01:03 544] - DBInterfaceMysql::query: successfully!
    INFO      dbmgr-1 32394 4000  [2018-06-25 23:01:03 547] - DBInterfaceMysql::query: successfully!
    INFO      dbmgr-1 32394 4000  [2018-06-25 23:01:03 737] - DBInterfaceMysql::query: successfully!
   DEBUG      dbmgr-1 32394 4000  [2018-06-25 23:01:04 117] - syncToDB(): Hall->sm_autoLoad(tinyint not null DEFAULT 0).
    INFO      dbmgr-1 32394 4000  [2018-06-25 23:01:05 041] - DBInterfaceMysql::query: successfully!
 WARNING      dbmgr-1 32394 4000  [2018-06-25 23:01:05 042] - DBTask::process(): took 1.49 seconds
sql:(show index from tbl_Hall)
    INFO      dbmgr-1 32394 4000  [2018-06-25 23:01:12 804] - Components::findComponents: find logger(1)...
    INFO      dbmgr-1 32394 4000  [2018-06-25 23:01:12 817] - Components::findComponents: found logger, addr:192.168.31.56:16169
    INFO      dbmgr-1 32394 4000  [2018-06-25 23:01:12 817] - Components::addComponent: reset orderLog, uid=32394!
    INFO      dbmgr-1 32394 4000  [2018-06-25 23:01:12 817] - Components::addComponent[logger], uid=32394, componentID=2000, globalorderid=1, grouporderid=1, totalcount=1
    INFO      dbmgr-1 32394 4000  [2018-06-25 23:01:12 858] - Components::process(): Found all the components!
    INFO      dbmgr-1 32394 4000  [2018-06-25 23:01:13 539] - ServerApp::onRegisterNewApp: uid:32394, username:, componentType:cellappmgr, componentID:6000, globalorderID=-1, grouporderID=-1, intaddr:192.168.31.56, intport:16162, extaddr:nonsupport, extport:0,  from 192.168.31.56:16192/0/0/0.
    INFO      dbmgr-1 32394 4000  [2018-06-25 23:01:13 539] - Components::addComponent: reset orderLog, uid=32394!
    INFO      dbmgr-1 32394 4000  [2018-06-25 23:01:13 539] - Components::addComponent[cellappmgr], uid=32394, componentID=6000, globalorderid=1, grouporderid=1, totalcount=1
    INFO      dbmgr-1 32394 4000  [2018-06-25 23:01:14 479] - ServerApp::onRegisterNewApp: uid:32394, username:, componentType:baseappmgr, componentID:5000, globalorderID=-1, grouporderID=-1, intaddr:192.168.31.56, intport:16161, extaddr:nonsupport, extport:0,  from 192.168.31.56:16194/0/0/0.
    INFO      dbmgr-1 32394 4000  [2018-06-25 23:01:14 479] - Components::addComponent[baseappmgr], uid=32394, componentID=5000, globalorderid=2, grouporderid=1, totalcount=1
    INFO      dbmgr-1 32394 4000  [2018-06-25 23:01:15 779] - ServerApp::onRegisterNewApp: uid:32394, username:, componentType:loginapp, componentID:9000, globalorderID=-1, grouporderID=-1, intaddr:192.168.31.56, intport:16167, extaddr:192.168.31.56, extport:20013,  from 192.168.31.56:16196/0/0/0.
    INFO      dbmgr-1 32394 4000  [2018-06-25 23:01:15 779] - Components::addComponent[loginapp], uid=32394, componentID=9000, globalorderid=3, grouporderid=1, totalcount=1
    INFO      dbmgr-1 32394 4000  [2018-06-25 23:01:17 820] - ServerApp::onRegisterNewApp: uid:32394, username:, componentType:cellapp, componentID:8001, globalorderID=-1, grouporderID=-1, intaddr:192.168.31.56, intport:16166, extaddr:nonsupport, extport:0,  from 192.168.31.56:16198/0/0/0.
    INFO      dbmgr-1 32394 4000  [2018-06-25 23:01:17 820] - Components::addComponent[cellapp], uid=32394, componentID=8001, globalorderid=4, grouporderid=1, totalcount=1
    INFO      dbmgr-1 32394 4000  [2018-06-25 23:01:18 099] - ServerApp::onRegisterNewApp: uid:32394, username:, componentType:baseapp, componentID:7001, globalorderID=-1, grouporderID=-1, intaddr:192.168.31.56, intport:16163, extaddr:192.168.31.56, extport:20015,  from 192.168.31.56:16201/0/0/0.
    INFO      dbmgr-1 32394 4000  [2018-06-25 23:01:18 099] - Components::addComponent[baseapp], uid=32394, componentID=7001, globalorderid=5, grouporderid=1, totalcount=1
    INFO      dbmgr-1 32394 4000  [2018-06-25 23:01:21 104] - IDServer::allocRange: 1-2001.
    INFO      dbmgr-1 32394 4000  [2018-06-25 23:01:21 104] - IDServer::allocRange: 2001-4001.
   DEBUG      dbmgr-1 32394 4000  [2018-06-25 23:01:21 104] - SyncAppDatasHandler::~SyncAppDatasHandler()
    INFO      dbmgr-1 397 4000  [2018-06-25 23:04:56 295] - -----------------------------------------------------------------------------------------


    INFO      dbmgr-1 397 4000  [2018-06-25 23:04:56 298] - Resmgr::initialize: KBE_ROOT=C:/Users/Public/Documents/workspace/kbe/kbengine-kbengine-v1.0.0/kbengine/
    INFO      dbmgr-1 397 4000  [2018-06-25 23:04:56 299] - Resmgr::initialize: KBE_RES_PATH=C:/Users/Public/Documents/workspace/kbe/kbengine-kbengine-v1.0.0/kbengine/kbe/res/;C:/Users/Public/Documents/workspace/kbe/kbengine-kbengine-v1.0.0/kbengine/assets/;C:/Users/Public/Documents/workspace/kbe/kbengine-kbengine-v1.0.0/kbengine/assets/scripts/;C:/Users/Public/Documents/workspace/kbe/kbengine-kbengine-v1.0.0/kbengine/assets/res/
    INFO      dbmgr-1 397 4000  [2018-06-25 23:04:56 300] - Resmgr::initialize: KBE_BIN_PATH=C:/Users/Public/Documents/workspace/kbe/kbengine-kbengine-v1.0.0/kbengine/kbe/bin/server/
    INFO      dbmgr-1 397 4000  [2018-06-25 23:04:56 331] - NetworkInterface::recreateListeningSocket(INTERNAL): bound to all interfaces with default route interface on 192.168.31.56 ( 192.168.31.56:16221 )
    INFO      dbmgr-1 397 4000  [2018-06-25 23:04:56 331] - NetworkInterface::recreateListeningSocket(INTERNAL): address 192.168.31.56:16221, SOMAXCONN=5.
    INFO      dbmgr-1 397 4000  [2018-06-25 23:04:56 332] - server-configs:
    INFO      dbmgr-1 397 4000  [2018-06-25 23:04:56 332] - 	internalAddr : 192.168.31.56:16221
    INFO      dbmgr-1 397 4000  [2018-06-25 23:04:56 332] - 	componentID : 4000
    INFO      dbmgr-1 397 4000  [2018-06-25 23:04:57 854] - ---- dbmgr Version: 1.0.0. ScriptVersion: 0.1.0. Protocol: 253D45E587CB031BFD545E02866042FC. Config: Debug X86. Built: 23:15:53 Jun 15 2018. AppID: 4000. UID: 397. PID: 9056 ----
    INFO      dbmgr-1 397 4000  [2018-06-25 23:04:57 854] - Server :        Intel(R) Core(TM) i5-2415M CPU @ 2.30GHz with 4194303kB RAM
    INFO      dbmgr-1 397 4000  [2018-06-25 23:04:57 855] - ThreadPool::createThreadPool: creating  threadpool...
    INFO      dbmgr-1 397 4000  [2018-06-25 23:04:57 855] - ThreadPool::createThreadPool: successfully(2), newThreadCount=1, normalMaxThreadCount=2, maxThreadCount=8
   DEBUG      dbmgr-1 397 4000  [2018-06-25 23:04:58 012] - Script::install_py_dlls(): PyInit_pyexpat
   DEBUG      dbmgr-1 397 4000  [2018-06-25 23:04:58 013] - Script::install_py_dlls(): PyInit__socket
   DEBUG      dbmgr-1 397 4000  [2018-06-25 23:04:58 013] - Script::install_py_dlls(): PyInit__ssl
   DEBUG      dbmgr-1 397 4000  [2018-06-25 23:04:58 019] - Script::install_py_dlls(): PyInit__hashlib
   DEBUG      dbmgr-1 397 4000  [2018-06-25 23:04:58 020] - Script::install_py_dlls(): PyInit_select
   DEBUG      dbmgr-1 397 4000  [2018-06-25 23:04:58 020] - Script::install_py_dlls(): PyInit__ctypes
   DEBUG      dbmgr-1 397 4000  [2018-06-25 23:04:58 021] - Script::install_py_dlls(): PyInit__elementtree
   DEBUG      dbmgr-1 397 4000  [2018-06-25 23:04:58 082] - Script::install_py_dlls(): PyInit_unicodedata
    INFO      dbmgr-1 397 4000  [2018-06-25 23:04:58 149] - Script::install(): is successfully, Python=(3.4.2 (default, Jun 15 2018, 23:15:28) [MSC v.1913 32 bit (Intel)])!
    INFO      dbmgr-1 397 4000  [2018-06-25 23:04:58 149] - Script::install(): KBExtra is successfully!
    INFO      dbmgr-1 397 4000  [2018-06-25 23:04:58 172] - Dbmgr::initializeEnd: digest(98F82AC461515530D2BE72963465F5D5)
  S_INFO      dbmgr-1 397 4000  [2018-06-25 23:04:58 173] - onDBMgrReady: bootstrapGroupIndex=0, bootstrapGlobalIndex=0
    INFO      dbmgr-1 397 4000  [2018-06-25 23:04:58 174] - TelnetServer server is running on port 32000
    INFO      dbmgr-1 397 4000  [2018-06-25 23:04:58 174] - Dbmgr::initInterfacesHandler: interfaces addr(127.0.0.1:30099), accountType:(interfaces), chargeType:(interfaces).
 WARNING      dbmgr-1 397 4000  [2018-06-25 23:04:59 210] - DBUtil::initialize: db(default) password is not encrypted!
please use password(rsa):
C3B39E631298654BA200641B7382D09B0D2169D3692EB6B9F56ECE5918279D64D90832354DAC6AF1E6E5ABB351100A95828027A9DAE0111BC2F17ECE46F21219B1474F39A0BAEB74AC51DEEEEFC621E04FCB7706FEA7E83EE19F32FE582B0C55699F7DEF408FDBEFF5BEB4FE6C89CCA7DD1196667F16EEE79CE19A175C55B5FB
   DEBUG      dbmgr-1 397 4000  [2018-06-25 23:04:59 214] - DBInterfaceMysql::attach: connect: localhost:3306 starting...
   DEBUG      dbmgr-1 397 4000  [2018-06-25 23:04:59 261] - DBInterfaceMysql::attach: successfully! addr: localhost:3306
    INFO      dbmgr-1 397 4000  [2018-06-25 23:04:59 261] - DBUtil::createInterface[0x3cf488]: interface=default, dbtype=mysql, ip=localhost, port=3306, currdatabase=kbe1, username=kbe, connected=yes.

    INFO      dbmgr-1 397 4000  [2018-06-25 23:04:59 262] - ThreadPool::createThreadPool: creating  threadpool...
    INFO      dbmgr-1 397 4000  [2018-06-25 23:04:59 263] - ThreadPool::createThreadPool: successfully(5), newThreadCount=5, normalMaxThreadCount=5, maxThreadCount=5
    INFO      dbmgr-1 397 4000  [2018-06-25 23:04:59 368] - DBInterfaceMysql::query: successfully!
    INFO      dbmgr-1 397 4000  [2018-06-25 23:04:59 374] - DBInterfaceMysql::query: successfully!
 WARNING      dbmgr-1 397 4000  [2018-06-25 23:04:59 450] - c:\users\public\documents\workspace\kbe\kbengine-kbengine-v1.0.0\kbengine\kbe\src\server\dbmgr\dbmgr.cpp:293: Profile scriptCall took 1.28 seconds
    INFO      dbmgr-1 397 4000  [2018-06-25 23:05:00 430] - ---- dbmgr is running ----
   DEBUG      dbmgr-1 397 4000  [2018-06-25 23:05:00 430] - Components::process(): Request for the process of identity...
   DEBUG      dbmgr-1 397 4000  [2018-06-25 23:04:59 264] - DBInterfaceMysql::attach: connect: localhost:3306 starting...
   DEBUG      dbmgr-1 397 4000  [2018-06-25 23:04:59 267] - DBInterfaceMysql::attach: connect: localhost:3306 starting...
   DEBUG      dbmgr-1 397 4000  [2018-06-25 23:04:59 268] - DBInterfaceMysql::attach: successfully! addr: localhost:3306
   DEBUG      dbmgr-1 397 4000  [2018-06-25 23:04:59 268] - DBThread::onStart(): 0x4e3648!
   DEBUG      dbmgr-1 397 4000  [2018-06-25 23:04:59 272] - DBInterfaceMysql::attach: successfully! addr: localhost:3306
   DEBUG      dbmgr-1 397 4000  [2018-06-25 23:04:59 272] - DBThread::onStart(): 0x4e35c0!
   DEBUG      dbmgr-1 397 4000  [2018-06-25 23:04:59 274] - DBInterfaceMysql::attach: connect: localhost:3306 starting...
   DEBUG      dbmgr-1 397 4000  [2018-06-25 23:04:59 278] - DBInterfaceMysql::attach: connect: localhost:3306 starting...
   DEBUG      dbmgr-1 397 4000  [2018-06-25 23:04:59 279] - DBInterfaceMysql::attach: successfully! addr: localhost:3306
   DEBUG      dbmgr-1 397 4000  [2018-06-25 23:04:59 280] - DBThread::onStart(): 0x4e3538!
   DEBUG      dbmgr-1 397 4000  [2018-06-25 23:04:59 280] - DBInterfaceMysql::attach: connect: localhost:3306 starting...
   DEBUG      dbmgr-1 397 4000  [2018-06-25 23:04:59 285] - DBInterfaceMysql::attach: successfully! addr: localhost:3306
   DEBUG      dbmgr-1 397 4000  [2018-06-25 23:04:59 285] - DBThread::onStart(): 0x4e34b0!
   DEBUG      dbmgr-1 397 4000  [2018-06-25 23:04:59 287] - DBInterfaceMysql::attach: successfully! addr: localhost:3306
   DEBUG      dbmgr-1 397 4000  [2018-06-25 23:04:59 287] - DBThread::onStart(): 0x4e36d0!
    INFO      dbmgr-1 397 4000  [2018-06-25 23:04:59 378] - DBInterfaceMysql::query: successfully!
    INFO      dbmgr-1 397 4000  [2018-06-25 23:04:59 379] - DBInterfaceMysql::query: successfully!
    INFO      dbmgr-1 397 4000  [2018-06-25 23:04:59 379] - DBInterfaceMysql::query: successfully!
    INFO      dbmgr-1 397 4000  [2018-06-25 23:04:59 380] - DBInterfaceMysql::query: successfully!
    INFO      dbmgr-1 397 4000  [2018-06-25 23:04:59 380] - DBInterfaceMysql::query: successfully!
    INFO      dbmgr-1 397 4000  [2018-06-25 23:04:59 381] - DBInterfaceMysql::query: successfully!
    INFO      dbmgr-1 397 4000  [2018-06-25 23:04:59 381] - DBInterfaceMysql::query: successfully!
    INFO      dbmgr-1 397 4000  [2018-06-25 23:04:59 385] - DBInterfaceMysql::query: successfully!
    INFO      dbmgr-1 397 4000  [2018-06-25 23:05:07 533] - Components::findComponents: find logger(1)...
    INFO      dbmgr-1 397 4000  [2018-06-25 23:05:07 566] - Components::findComponents: found logger, addr:192.168.31.56:16226
    INFO      dbmgr-1 397 4000  [2018-06-25 23:05:07 566] - Components::addComponent: reset orderLog, uid=397!
    INFO      dbmgr-1 397 4000  [2018-06-25 23:05:07 566] - Components::addComponent[logger], uid=397, componentID=2000, globalorderid=1, grouporderid=1, totalcount=1
    INFO      dbmgr-1 397 4000  [2018-06-25 23:05:07 593] - Components::process(): Found all the components!
    INFO      dbmgr-1 397 4000  [2018-06-25 23:05:09 193] - ServerApp::onRegisterNewApp: uid:397, username:, componentType:cellappmgr, componentID:6000, globalorderID=-1, grouporderID=-1, intaddr:192.168.31.56, intport:16220, extaddr:nonsupport, extport:0,  from 192.168.31.56:16251/0/0/0.
    INFO      dbmgr-1 397 4000  [2018-06-25 23:05:09 193] - Components::addComponent: reset orderLog, uid=397!
    INFO      dbmgr-1 397 4000  [2018-06-25 23:05:09 193] - Components::addComponent[cellappmgr], uid=397, componentID=6000, globalorderid=1, grouporderid=1, totalcount=1
    INFO      dbmgr-1 397 4000  [2018-06-25 23:05:10 633] - ServerApp::onRegisterNewApp: uid:397, username:, componentType:baseappmgr, componentID:5000, globalorderID=-1, grouporderID=-1, intaddr:192.168.31.56, intport:16224, extaddr:nonsupport, extport:0,  from 192.168.31.56:16253/0/0/0.
    INFO      dbmgr-1 397 4000  [2018-06-25 23:05:10 633] - Components::addComponent[baseappmgr], uid=397, componentID=5000, globalorderid=2, grouporderid=1, totalcount=1
    INFO      dbmgr-1 397 4000  [2018-06-25 23:05:11 533] - ServerApp::onRegisterNewApp: uid:397, username:, componentType:loginapp, componentID:9000, globalorderID=-1, grouporderID=-1, intaddr:192.168.31.56, intport:16223, extaddr:192.168.31.56, extport:20013,  from 192.168.31.56:16255/0/0/0.
    INFO      dbmgr-1 397 4000  [2018-06-25 23:05:11 533] - Components::addComponent[loginapp], uid=397, componentID=9000, globalorderid=3, grouporderid=1, totalcount=1
    INFO      dbmgr-1 397 4000  [2018-06-25 23:05:13 132] - ServerApp::onRegisterNewApp: uid:397, username:, componentType:cellapp, componentID:8001, globalorderID=-1, grouporderID=-1, intaddr:192.168.31.56, intport:16219, extaddr:nonsupport, extport:0,  from 192.168.31.56:16257/0/0/0.
    INFO      dbmgr-1 397 4000  [2018-06-25 23:05:13 132] - Components::addComponent[cellapp], uid=397, componentID=8001, globalorderid=4, grouporderid=1, totalcount=1
    INFO      dbmgr-1 397 4000  [2018-06-25 23:05:13 912] - ServerApp::onRegisterNewApp: uid:397, username:, componentType:baseapp, componentID:7001, globalorderID=-1, grouporderID=-1, intaddr:192.168.31.56, intport:16222, extaddr:192.168.31.56, extport:20015,  from 192.168.31.56:16260/0/0/0.
    INFO      dbmgr-1 397 4000  [2018-06-25 23:05:13 912] - Components::addComponent[baseapp], uid=397, componentID=7001, globalorderid=5, grouporderid=1, totalcount=1
    INFO      dbmgr-1 397 4000  [2018-06-25 23:05:16 932] - IDServer::allocRange: 1-2001.
    INFO      dbmgr-1 397 4000  [2018-06-25 23:05:16 932] - IDServer::allocRange: 2001-4001.
   DEBUG      dbmgr-1 397 4000  [2018-06-25 23:05:16 932] - SyncAppDatasHandler::~SyncAppDatasHandler()
